=== Experiment on DelftBlue ===
Job ID:    9455293
Node:      gpu016
Partition: gpu-a100
Module:    src.approaches.fine_tuning.train_ft
Args:      --dataset thu-ep --task binary
Started:   Thu Mar 26 15:33:37 CET 2026

=== GPU ===
NVIDIA A100 80GB PCIe, 81920 MiB

=== Environment ===
Python:  Python 3.14.3
PyTorch: 2.9.1+cu128
CUDA:    True 12.8

=== Running: python -m src.approaches.fine_tuning.train_ft --dataset thu-ep --task binary ===


Dataset: thu-ep  |  subjects: 79
Device: cuda  |  task: binary  |  pooling: no  |  LoRA rank: 16  alpha: 16
Window: 10.0s (2000 pts)  Stride: 10.0s (2000 pts)  Mixup: True  AMP: True
LP: lr=0.005 epochs=20  |  FT: lr=0.0001 epochs=200
Loading REVE model from local path …
flash_attn not found, install it with `pip install flash_attn` if you want to use it
Loading REVE position bank from local path …
  Electrode positions cached for 30 channels.

#########################################################################################################
  Fold 1/10  |  thu-ep  |  task=binary  |  pooling=no  |  LoRA r=16  |  device=cuda
  train: 71 subjects  |  val: 8 subjects
#########################################################################################################
Building datasets ...  done in 8s  (train=5,091  val=576)

>>> Stage 1: LP warmup  |  trainable params: 508,930

─────────────────────────────────────────────────────────────────────────────────────────────────────────
  Stage: lp  |  lr=0.005  |  max_epochs=20  |  grad_clip=2.0
 Epoch   EpTime   Elapsed    TrLoss    TrAcc    VaAcc   VaBalAcc   VaAUROC    VaF1w          LR
─────────────────────────────────────────────────────────────────────────────────────────────────────────
     1       5s        5s    1.4321   0.4966   0.5000     0.5000    0.6081   0.3333    5.96e-04  (ETA 1m51s)
     2       5s       11s    6.0950   0.4858   0.5000     0.5000    0.5000   0.3333    1.93e-03  (ETA 1m40s)
     3       5s       16s   15.3570   0.5030   0.5000     0.5000    0.5000   0.3333    4.79e-03  (ETA 1m32s)
     4       5s       21s   10.0632   0.5038   0.5000     0.5000    0.6099   0.3333    4.79e-03  (ETA 1m26s)
     5       5s       26s    6.8263   0.4954   0.5000     0.5000    0.6926   0.3333    4.79e-03  (ETA 1m20s)
     6       5s       32s    6.2221   0.5021   0.5052     0.5052    0.6808   0.3448    4.79e-03  (ETA 1m15s)
     7       5s       37s    5.7772   0.5050   0.5347     0.5347    0.6454   0.4350    4.79e-03  (ETA 1m09s)
     8       5s       42s    5.4984   0.5123   0.5122     0.5122    0.6630   0.3598    4.79e-03  (ETA 1m04s)
     9       5s       48s    5.0038   0.5339   0.5174     0.5174    0.7008   0.3735    4.79e-03  (ETA 58s)
    10       5s       53s    4.5480   0.5569   0.5208     0.5208    0.7104   0.3833    4.79e-03  (ETA 53s)
    11       5s       58s    4.6638   0.5376   0.6181     0.6181    0.6983   0.5989    4.79e-03  (ETA 48s)
    12       5s     1m04s    4.3002   0.5520   0.5868     0.5868    0.7083   0.5289    4.79e-03  (ETA 42s)
    13       5s     1m09s    4.0961   0.5378   0.5382     0.5382    0.7148   0.4223    4.79e-03  (ETA 37s)
    14       5s     1m14s    3.9377   0.5496   0.5608     0.5608    0.7048   0.4731    4.79e-03  (ETA 31s)
    15       5s     1m19s    3.5659   0.5500   0.5851     0.5851    0.7296   0.5301    4.79e-03  (ETA 26s)
    16       5s     1m25s    3.5650   0.5692   0.6233     0.6233    0.7308   0.6027    4.79e-03  (ETA 21s)
    17       5s     1m30s    3.3853   0.5649   0.5642     0.5642    0.7680   0.4718    4.79e-03  (ETA 15s)
    18       5s     1m35s    3.1121   0.5714   0.5781     0.5781    0.7722   0.4956    4.79e-03  (ETA 10s)
    19       5s     1m41s    3.0019   0.5965   0.5903     0.5903    0.7602   0.5203    4.79e-03  (ETA 5s)
    20       5s     1m46s    2.7381   0.5914   0.5503     0.5503    0.7818   0.4386    4.79e-03  (done)
─────────────────────────────────────────────────────────────────────────────────────────────────────────
lp complete — 20 epochs | total: 1m46s | best epoch=16 val_acc=0.6233
─────────────────────────────────────────────────────────────────────────────────────────────────────────

>>> Stage 2: LoRA fine-tuning
  Parameters: 1,590,274 trainable / 70,779,906 total (2.25%)  |  LoRA: 1,081,344

─────────────────────────────────────────────────────────────────────────────────────────────────────────
  Stage: ft  |  lr=0.0001  |  max_epochs=200  |  grad_clip=2.0
 Epoch   EpTime   Elapsed    TrLoss    TrAcc    VaAcc   VaBalAcc   VaAUROC    VaF1w          LR
─────────────────────────────────────────────────────────────────────────────────────────────────────────
     1      15s       15s    2.3530   0.6070   0.6493     0.6493    0.7314   0.6141    6.10e-06  (ETA 49m50s)
     2      15s       30s    1.2690   0.6704   0.6667     0.6667    0.7413   0.6587    1.62e-05  (ETA 49m45s)
     3      15s       45s    1.0625   0.6836   0.6597     0.6597    0.7487   0.6597    3.21e-05  (ETA 49m27s)
     4      15s     1m00s    0.8972   0.6686   0.6319     0.6319    0.7469   0.6158    5.74e-05  (ETA 49m12s)
     5      15s     1m15s    0.8595   0.6724   0.6024     0.6024    0.7456   0.5498    9.75e-05  (ETA 48m56s)
     6      15s     1m30s    0.7358   0.6781   0.6319     0.6319    0.7485   0.6147    9.75e-05  (ETA 48m42s)
     7      15s     1m45s    0.6959   0.6602   0.6736     0.6736    0.7486   0.6695    9.75e-05  (ETA 48m28s)
     8      15s     2m00s    0.7713   0.6409   0.6771     0.6771    0.7520   0.6704    9.75e-05  (ETA 48m14s)
     9      15s     2m15s    0.8524   0.6405   0.6962     0.6962    0.7525   0.6961    9.75e-05  (ETA 48m00s)
    10      15s     2m30s    0.7974   0.6413   0.6649     0.6649    0.7502   0.6467    9.75e-05  (ETA 47m45s)
    11      15s     2m45s    0.7005   0.6513   0.6927     0.6927    0.7506   0.6923    9.75e-05  (ETA 47m29s)
    12      15s     3m00s    0.7084   0.6614   0.6736     0.6736    0.7500   0.6703    9.75e-05  (ETA 47m14s)
    13      15s     3m16s    0.6364   0.6722   0.6858     0.6858    0.7483   0.6849    9.75e-05  (ETA 46m59s)
    14      15s     3m31s    0.6745   0.6696   0.6458     0.6458    0.7510   0.6229    9.75e-05  (ETA 46m44s)
    15      15s     3m46s    0.6614   0.6523   0.6944     0.6944    0.7496   0.6941    9.75e-05  (ETA 46m28s)
    16      15s     4m01s    0.6470   0.6470   0.6649     0.6649    0.7423   0.6543    4.87e-05  (ETA 46m13s)
    17      15s     4m16s    0.5837   0.7020   0.6493     0.6493    0.7446   0.6417    4.87e-05  (ETA 45m58s)
    18      15s     4m31s    0.6226   0.6588   0.6424     0.6424    0.7459   0.6303    4.87e-05  (ETA 45m43s)
    19      15s     4m46s    0.5946   0.6930   0.6701     0.6701    0.7448   0.6660    4.87e-05  (ETA 45m28s)
    20      15s     5m01s    0.5660   0.6942   0.6823     0.6823    0.7417   0.6823    4.87e-05  (ETA 45m13s)
Early stopping at epoch 20 (patience=10)
─────────────────────────────────────────────────────────────────────────────────────────────────────────
ft complete — 20 epochs | total: 5m01s | best epoch=9 val_acc=0.6962
─────────────────────────────────────────────────────────────────────────────────────────────────────────
LoRA adapter saved → /home/apasinato/jade-mscthesis/outputs/ft_checkpoints/ft_thu-ep_binary_w10s10_pool_no_r16_fold_1/lora_adapter
Head weights saved → /home/apasinato/jade-mscthesis/outputs/ft_checkpoints/ft_thu-ep_binary_w10s10_pool_no_r16_fold_1/head_weights.pt

#########################################################################################################
  Fold 2/10  |  thu-ep  |  task=binary  |  pooling=no  |  LoRA r=16  |  device=cuda
  train: 71 subjects  |  val: 8 subjects
#########################################################################################################
Building datasets ...  done in 11s  (train=5,106  val=561)

>>> Stage 1: LP warmup  |  trainable params: 508,930

─────────────────────────────────────────────────────────────────────────────────────────────────────────
  Stage: lp  |  lr=0.005  |  max_epochs=20  |  grad_clip=2.0
 Epoch   EpTime   Elapsed    TrLoss    TrAcc    VaAcc   VaBalAcc   VaAUROC    VaF1w          LR
─────────────────────────────────────────────────────────────────────────────────────────────────────────
     1       6s        6s    1.4896   0.4884   0.5027     0.5000    0.5227   0.3363    5.96e-04  (ETA 2m03s)
     2       6s       12s    5.6251   0.5022   0.5027     0.5000    0.5679   0.3363    1.93e-03  (ETA 1m56s)
     3       6s       19s   14.3894   0.5029   0.5027     0.5000    0.5529   0.3363    4.79e-03  (ETA 1m49s)
     4       6s       25s   19.8410   0.4931   0.5027     0.5000    0.5163   0.3363    4.79e-03  (ETA 1m43s)
     5       6s       32s   16.1007   0.5067   0.5027     0.5000    0.5246   0.3363    4.79e-03  (ETA 1m36s)
     6       6s       38s   13.9233   0.4973   0.5027     0.5000    0.5411   0.3363    4.79e-03  (ETA 1m30s)
     7       6s       45s   11.5111   0.5010   0.5027     0.5000    0.5968   0.3363    4.79e-03  (ETA 1m23s)
     8       6s       51s    9.5141   0.5016   0.5027     0.5000    0.6033   0.3363    4.79e-03  (ETA 1m17s)
     9       6s       57s    7.7803   0.5020   0.5027     0.5000    0.5988   0.3363    4.79e-03  (ETA 1m10s)
    10       6s     1m04s    6.0816   0.5118   0.5009     0.4982    0.6021   0.3355    4.79e-03  (ETA 1m04s)
    11       6s     1m10s    4.8680   0.5096   0.5080     0.5058    0.5930   0.4025    4.79e-03  (ETA 57s)
    12       6s     1m17s    3.8178   0.5174   0.4955     0.4935    0.5930   0.4108    4.79e-03  (ETA 51s)
    13       6s     1m23s    3.1022   0.5307   0.5169     0.5144    0.6298   0.3811    4.79e-03  (ETA 45s)
    14       6s     1m30s    2.4399   0.5392   0.5062     0.5040    0.6414   0.3992    4.79e-03  (ETA 38s)
    15       6s     1m36s    1.9264   0.5541   0.5223     0.5204    0.6475   0.4530    4.79e-03  (ETA 32s)
    16       6s     1m43s    1.1902   0.6152   0.6239     0.6245    0.6507   0.6190    4.79e-03  (ETA 25s)
    17       6s     1m49s    0.9638   0.6126   0.6239     0.6240    0.6561   0.6237    4.79e-03  (ETA 19s)
    18       6s     1m56s    1.1601   0.5967   0.5258     0.5278    0.6201   0.4500    4.79e-03  (ETA 12s)
    19       6s     2m02s    1.1327   0.5909   0.5668     0.5651    0.6501   0.5129    4.79e-03  (ETA 6s)
    20       6s     2m09s    0.8547   0.6285   0.6043     0.6042    0.6588   0.6043    4.79e-03  (done)
─────────────────────────────────────────────────────────────────────────────────────────────────────────
lp complete — 20 epochs | total: 2m09s | best epoch=16 val_acc=0.6239
─────────────────────────────────────────────────────────────────────────────────────────────────────────

>>> Stage 2: LoRA fine-tuning
  Parameters: 1,590,274 trainable / 70,779,906 total (2.25%)  |  LoRA: 1,081,344

─────────────────────────────────────────────────────────────────────────────────────────────────────────
  Stage: ft  |  lr=0.0001  |  max_epochs=200  |  grad_clip=2.0
 Epoch   EpTime   Elapsed    TrLoss    TrAcc    VaAcc   VaBalAcc   VaAUROC    VaF1w          LR
─────────────────────────────────────────────────────────────────────────────────────────────────────────
     1      15s       15s    1.3765   0.6528   0.6132     0.6138    0.6523   0.6088    6.10e-06  (ETA 50m12s)
     2      15s       30s    0.9898   0.6633   0.6310     0.6314    0.6562   0.6290    1.62e-05  (ETA 49m56s)
     3      15s       45s    0.8665   0.6769   0.6435     0.6434    0.6660   0.6433    3.21e-05  (ETA 49m43s)
     4      15s     1m00s    0.7625   0.6976   0.6292     0.6297    0.6662   0.6260    5.74e-05  (ETA 49m27s)
     5      15s     1m15s    0.6789   0.6688   0.6381     0.6385    0.6605   0.6367    9.75e-05  (ETA 49m12s)
     6      15s     1m31s    0.5978   0.6784   0.5490     0.5472    0.6557   0.4873    9.75e-05  (ETA 49m06s)
     7      15s     1m46s    0.6074   0.6629   0.6328     0.6333    0.6620   0.6293    9.75e-05  (ETA 48m49s)
     8      15s     2m01s    0.6087   0.6796   0.6381     0.6385    0.6603   0.6367    9.75e-05  (ETA 48m33s)
     9      15s     2m16s    0.5732   0.6900   0.6275     0.6271    0.6566   0.6257    9.75e-05  (ETA 48m17s)
    10      15s     2m31s    0.5579   0.6739   0.5936     0.5923    0.6639   0.5699    9.75e-05  (ETA 48m01s)
    11      15s     2m46s    0.5756   0.6772   0.6096     0.6088    0.6599   0.5992    9.75e-05  (ETA 47m45s)
    12      15s     3m02s    0.5305   0.7058   0.6132     0.6123    0.6613   0.6028    9.75e-05  (ETA 47m33s)
    13      15s     3m17s    0.5361   0.6878   0.6381     0.6381    0.6615   0.6381    9.75e-05  (ETA 47m17s)
    14      15s     3m32s    0.5158   0.6812   0.6346     0.6342    0.6583   0.6325    9.75e-05  (ETA 47m01s)
Early stopping at epoch 14 (patience=10)
─────────────────────────────────────────────────────────────────────────────────────────────────────────
ft complete — 14 epochs | total: 3m32s | best epoch=3 val_acc=0.6435
─────────────────────────────────────────────────────────────────────────────────────────────────────────
LoRA adapter saved → /home/apasinato/jade-mscthesis/outputs/ft_checkpoints/ft_thu-ep_binary_w10s10_pool_no_r16_fold_2/lora_adapter
Head weights saved → /home/apasinato/jade-mscthesis/outputs/ft_checkpoints/ft_thu-ep_binary_w10s10_pool_no_r16_fold_2/head_weights.pt

#########################################################################################################
  Fold 3/10  |  thu-ep  |  task=binary  |  pooling=no  |  LoRA r=16  |  device=cuda
  train: 71 subjects  |  val: 8 subjects
#########################################################################################################
Building datasets ...  done in 2s  (train=5,091  val=576)

>>> Stage 1: LP warmup  |  trainable params: 508,930

─────────────────────────────────────────────────────────────────────────────────────────────────────────
  Stage: lp  |  lr=0.005  |  max_epochs=20  |  grad_clip=2.0
 Epoch   EpTime   Elapsed    TrLoss    TrAcc    VaAcc   VaBalAcc   VaAUROC    VaF1w          LR
─────────────────────────────────────────────────────────────────────────────────────────────────────────
     1       6s        6s    1.4647   0.5040   0.5000     0.5000    0.5117   0.3333    5.96e-04  (ETA 2m04s)
     2       6s       12s    5.7730   0.5001   0.5000     0.5000    0.5187   0.3333    1.93e-03  (ETA 1m56s)
     3       6s       19s   14.7709   0.4956   0.5000     0.5000    0.5125   0.3333    4.79e-03  (ETA 1m49s)
     4       6s       25s   20.2742   0.4962   0.5000     0.5000    0.5146   0.3333    4.79e-03  (ETA 1m43s)
     5       6s       32s   17.2856   0.4983   0.5000     0.5000    0.5710   0.3333    4.79e-03  (ETA 1m36s)
     6       6s       38s   14.5611   0.5066   0.5000     0.5000    0.6019   0.3333    4.79e-03  (ETA 1m30s)
     7       6s       45s   12.2461   0.5087   0.5000     0.5000    0.6064   0.3333    4.79e-03  (ETA 1m23s)
     8       6s       51s   10.4492   0.5137   0.5226     0.5226    0.5955   0.4677    4.79e-03  (ETA 1m17s)
     9       6s       57s    8.6201   0.5133   0.5278     0.5278    0.6080   0.4522    4.79e-03  (ETA 1m10s)
    10       6s     1m04s    7.4242   0.5237   0.5382     0.5382    0.6280   0.4642    4.79e-03  (ETA 1m04s)
    11       6s     1m10s    6.2443   0.5364   0.5330     0.5330    0.6394   0.4697    4.79e-03  (ETA 57s)
    12       6s     1m17s    5.3188   0.5300   0.5833     0.5833    0.6236   0.5670    4.79e-03  (ETA 51s)
    13       6s     1m24s    4.6607   0.5470   0.5868     0.5868    0.6498   0.5616    4.79e-03  (ETA 45s)
    14       6s     1m30s    3.7359   0.5687   0.5399     0.5399    0.6284   0.4605    4.79e-03  (ETA 38s)
    15       6s     1m36s    3.4525   0.5690   0.5625     0.5625    0.6464   0.4878    4.79e-03  (ETA 32s)
    16       6s     1m43s    2.1923   0.6062   0.6128     0.6128    0.6537   0.6050    4.79e-03  (ETA 25s)
    17       6s     1m49s    1.9213   0.6040   0.6042     0.6042    0.6768   0.5933    4.79e-03  (ETA 19s)
    18       6s     1m56s    2.2704   0.5975   0.4983     0.4983    0.6455   0.3356    4.79e-03  (ETA 12s)
    19       6s     2m02s    1.1203   0.6413   0.6250     0.6250    0.7129   0.6086    4.79e-03  (ETA 6s)
    20       6s     2m09s    1.2211   0.6559   0.5035     0.5035    0.6852   0.3410    4.79e-03  (done)
─────────────────────────────────────────────────────────────────────────────────────────────────────────
lp complete — 20 epochs | total: 2m09s | best epoch=19 val_acc=0.6250
─────────────────────────────────────────────────────────────────────────────────────────────────────────

>>> Stage 2: LoRA fine-tuning
  Parameters: 1,590,274 trainable / 70,779,906 total (2.25%)  |  LoRA: 1,081,344

─────────────────────────────────────────────────────────────────────────────────────────────────────────
  Stage: ft  |  lr=0.0001  |  max_epochs=200  |  grad_clip=2.0
 Epoch   EpTime   Elapsed    TrLoss    TrAcc    VaAcc   VaBalAcc   VaAUROC    VaF1w          LR
─────────────────────────────────────────────────────────────────────────────────────────────────────────
     1      15s       15s    0.9767   0.6983   0.6424     0.6424    0.7152   0.6406    6.20e-06  (ETA 50m05s)
     2      15s       30s    0.7478   0.7052   0.6389     0.6389    0.7174   0.6332    1.63e-05  (ETA 49m48s)
     3      15s       45s    0.6869   0.7032   0.6615     0.6615    0.7160   0.6615    3.24e-05  (ETA 49m36s)
     4      15s     1m00s    0.6258   0.7115   0.6441     0.6441    0.7117   0.6438    5.78e-05  (ETA 49m20s)
     5      16s     1m16s    0.6104   0.6879   0.6632     0.6632    0.7132   0.6587    9.81e-05  (ETA 49m52s)
     6      15s     1m31s    0.5665   0.7111   0.6354     0.6354    0.7135   0.6306    9.81e-05  (ETA 49m32s)
     7      15s     1m47s    0.5317   0.7122   0.6337     0.6337    0.7156   0.6211    9.81e-05  (ETA 49m13s)
     8      15s     2m02s    0.7108   0.6865   0.6424     0.6424    0.7142   0.6346    9.81e-05  (ETA 48m54s)
     9      15s     2m17s    0.5375   0.7435   0.6406     0.6406    0.7165   0.6406    9.81e-05  (ETA 48m35s)
    10      15s     2m32s    0.5414   0.7256   0.6424     0.6424    0.7157   0.6424    9.81e-05  (ETA 48m20s)
    11      15s     2m47s    0.5232   0.6898   0.6476     0.6476    0.7156   0.6452    9.81e-05  (ETA 48m03s)
    12      15s     3m02s    0.4986   0.7462   0.6476     0.6476    0.7177   0.6408    9.81e-05  (ETA 47m46s)
    13      15s     3m18s    0.5047   0.6957   0.6580     0.6580    0.7157   0.6579    9.81e-05  (ETA 47m29s)
    14      15s     3m33s    0.5122   0.7044   0.6476     0.6476    0.7163   0.6468    9.81e-05  (ETA 47m12s)
    15      15s     3m48s    0.4755   0.7197   0.6458     0.6458    0.7156   0.6378    9.81e-05  (ETA 46m56s)
    16      15s     4m03s    0.4746   0.7065   0.6562     0.6562    0.7188   0.6562    9.81e-05  (ETA 46m39s)
Early stopping at epoch 16 (patience=10)
─────────────────────────────────────────────────────────────────────────────────────────────────────────
ft complete — 16 epochs | total: 4m03s | best epoch=5 val_acc=0.6632
─────────────────────────────────────────────────────────────────────────────────────────────────────────
LoRA adapter saved → /home/apasinato/jade-mscthesis/outputs/ft_checkpoints/ft_thu-ep_binary_w10s10_pool_no_r16_fold_3/lora_adapter
Head weights saved → /home/apasinato/jade-mscthesis/outputs/ft_checkpoints/ft_thu-ep_binary_w10s10_pool_no_r16_fold_3/head_weights.pt

#########################################################################################################
  Fold 4/10  |  thu-ep  |  task=binary  |  pooling=no  |  LoRA r=16  |  device=cuda
  train: 71 subjects  |  val: 8 subjects
#########################################################################################################
Building datasets ...  done in 0s  (train=5,091  val=576)

>>> Stage 1: LP warmup  |  trainable params: 508,930

─────────────────────────────────────────────────────────────────────────────────────────────────────────
  Stage: lp  |  lr=0.005  |  max_epochs=20  |  grad_clip=2.0
 Epoch   EpTime   Elapsed    TrLoss    TrAcc    VaAcc   VaBalAcc   VaAUROC    VaF1w          LR
─────────────────────────────────────────────────────────────────────────────────────────────────────────
     1       6s        6s    2.1272   0.4899   0.5000     0.5000    0.4957   0.3333    5.96e-04  (ETA 2m04s)
     2       6s       13s    8.7390   0.4932   0.5000     0.5000    0.5017   0.3333    1.93e-03  (ETA 1m57s)
     3       6s       19s   21.5131   0.5064   0.5000     0.5000    0.5000   0.3333    4.79e-03  (ETA 1m50s)
     4       6s       25s   27.4638   0.4977   0.5000     0.5000    0.5000   0.3333    4.79e-03  (ETA 1m43s)
     5       6s       32s   20.8368   0.4997   0.5000     0.5000    0.5000   0.3333    4.79e-03  (ETA 1m37s)
     6       6s       38s   16.5517   0.4899   0.5052     0.5052    0.5144   0.3535    4.79e-03  (ETA 1m30s)
     7       6s       45s   11.6409   0.5115   0.5052     0.5052    0.5381   0.3448    4.79e-03  (ETA 1m24s)
     8       6s       51s    8.5071   0.5060   0.5000     0.5000    0.6332   0.3333    4.79e-03  (ETA 1m17s)
     9       6s       58s    5.9151   0.5099   0.5087     0.5087    0.6309   0.3523    4.79e-03  (ETA 1m11s)
    10       6s     1m04s    2.8825   0.5394   0.5955     0.5955    0.6623   0.5639    4.79e-03  (ETA 1m04s)
    11       6s     1m11s    2.1896   0.5453   0.6250     0.6250    0.7119   0.6062    4.79e-03  (ETA 58s)
    12       6s     1m17s    1.5548   0.5610   0.6215     0.6215    0.6942   0.6107    4.79e-03  (ETA 51s)
    13       6s     1m24s    1.4696   0.5616   0.6233     0.6233    0.6938   0.6118    4.79e-03  (ETA 45s)
    14       6s     1m30s    0.8943   0.6421   0.6094     0.6094    0.6894   0.6043    4.79e-03  (ETA 38s)
    15       6s     1m37s    0.7403   0.6415   0.6493     0.6493    0.7067   0.6437    4.79e-03  (ETA 32s)
    16       6s     1m43s    0.8430   0.6343   0.5799     0.5799    0.7078   0.5155    4.79e-03  (ETA 25s)
    17       6s     1m49s    0.7713   0.6431   0.6875     0.6875    0.7344   0.6873    4.79e-03  (ETA 19s)
    18       6s     1m56s    0.6545   0.6578   0.5938     0.5938    0.7273   0.5368    4.79e-03  (ETA 12s)
    19       6s     2m02s    0.5958   0.6757   0.6441     0.6441    0.7128   0.6328    4.79e-03  (ETA 6s)
    20       6s     2m09s    0.8086   0.6472   0.5538     0.5538    0.7012   0.4591    4.79e-03  (done)
─────────────────────────────────────────────────────────────────────────────────────────────────────────
lp complete — 20 epochs | total: 2m09s | best epoch=17 val_acc=0.6875
─────────────────────────────────────────────────────────────────────────────────────────────────────────

>>> Stage 2: LoRA fine-tuning
  Parameters: 1,590,274 trainable / 70,779,906 total (2.25%)  |  LoRA: 1,081,344

─────────────────────────────────────────────────────────────────────────────────────────────────────────
  Stage: ft  |  lr=0.0001  |  max_epochs=200  |  grad_clip=2.0
 Epoch   EpTime   Elapsed    TrLoss    TrAcc    VaAcc   VaBalAcc   VaAUROC    VaF1w          LR
─────────────────────────────────────────────────────────────────────────────────────────────────────────
     1      15s       15s    0.9220   0.6451   0.6597     0.6597    0.6870   0.6575    6.20e-06  (ETA 50m07s)
     2      15s       30s    0.6586   0.6853   0.6389     0.6389    0.6898   0.6388    1.63e-05  (ETA 49m48s)
     3      15s       45s    0.5608   0.6944   0.6528     0.6528    0.7063   0.6527    3.24e-05  (ETA 49m34s)
     4      15s     1m00s    0.5159   0.7118   0.6667     0.6667    0.7171   0.6611    5.78e-05  (ETA 49m23s)
     5      15s     1m15s    0.4868   0.7344   0.6319     0.6319    0.7256   0.6200    9.81e-05  (ETA 49m07s)
     6      15s     1m30s    0.4931   0.7156   0.6875     0.6875    0.7290   0.6843    9.81e-05  (ETA 48m53s)
     7      15s     1m45s    0.4769   0.7260   0.6823     0.6823    0.7340   0.6765    9.81e-05  (ETA 48m40s)
     8      15s     2m01s    0.4923   0.7093   0.6684     0.6684    0.7442   0.6667    9.81e-05  (ETA 48m25s)
     9      15s     2m16s    0.4924   0.7134   0.6892     0.6892    0.7442   0.6881    9.81e-05  (ETA 48m10s)
    10      15s     2m31s    0.4803   0.7116   0.6910     0.6910    0.7359   0.6871    9.81e-05  (ETA 47m57s)
    11      15s     2m46s    0.4761   0.7391   0.6701     0.6701    0.7293   0.6699    9.81e-05  (ETA 47m41s)
    12      15s     3m01s    0.4714   0.7219   0.6771     0.6771    0.7319   0.6707    9.81e-05  (ETA 47m26s)
    13      15s     3m16s    0.4745   0.7201   0.6840     0.6840    0.7346   0.6768    9.81e-05  (ETA 47m11s)
    14      15s     3m31s    0.4734   0.7380   0.6788     0.6788    0.7287   0.6744    9.81e-05  (ETA 46m56s)
    15      15s     3m47s    0.4618   0.7050   0.6493     0.6493    0.7333   0.6413    9.81e-05  (ETA 46m41s)
    16      15s     4m02s    0.4589   0.7393   0.6788     0.6788    0.7297   0.6773    9.81e-05  (ETA 46m25s)
    17      15s     4m17s    0.4476   0.7122   0.6649     0.6649    0.7262   0.6649    4.90e-05  (ETA 46m10s)
    18      15s     4m32s    0.4300   0.7278   0.6753     0.6753    0.7337   0.6749    4.90e-05  (ETA 45m55s)
    19      15s     4m47s    0.4256   0.7280   0.6667     0.6667    0.7364   0.6656    4.90e-05  (ETA 45m40s)
    20      15s     5m02s    0.4336   0.7588   0.6649     0.6649    0.7322   0.6649    4.90e-05  (ETA 45m24s)
    21      15s     5m17s    0.4354   0.7696   0.6823     0.6823    0.7328   0.6765    4.90e-05  (ETA 45m09s)
Early stopping at epoch 21 (patience=10)
─────────────────────────────────────────────────────────────────────────────────────────────────────────
ft complete — 21 epochs | total: 5m17s | best epoch=10 val_acc=0.6910
─────────────────────────────────────────────────────────────────────────────────────────────────────────
LoRA adapter saved → /home/apasinato/jade-mscthesis/outputs/ft_checkpoints/ft_thu-ep_binary_w10s10_pool_no_r16_fold_4/lora_adapter
Head weights saved → /home/apasinato/jade-mscthesis/outputs/ft_checkpoints/ft_thu-ep_binary_w10s10_pool_no_r16_fold_4/head_weights.pt

#########################################################################################################
  Fold 5/10  |  thu-ep  |  task=binary  |  pooling=no  |  LoRA r=16  |  device=cuda
  train: 71 subjects  |  val: 8 subjects
#########################################################################################################
Building datasets ...  done in 1s  (train=5,091  val=576)

>>> Stage 1: LP warmup  |  trainable params: 508,930

─────────────────────────────────────────────────────────────────────────────────────────────────────────
  Stage: lp  |  lr=0.005  |  max_epochs=20  |  grad_clip=2.0
 Epoch   EpTime   Elapsed    TrLoss    TrAcc    VaAcc   VaBalAcc   VaAUROC    VaF1w          LR
─────────────────────────────────────────────────────────────────────────────────────────────────────────
     1       6s        6s    1.0342   0.4850   0.5573     0.5573    0.5586   0.4856    5.96e-04  (ETA 2m05s)
     2       6s       13s    1.9835   0.4932   0.5000     0.5000    0.6500   0.3333    1.93e-03  (ETA 1m57s)
     3       6s       19s    5.3281   0.4899   0.5000     0.5000    0.5230   0.3333    4.79e-03  (ETA 1m50s)
     4       6s       25s    7.5338   0.5032   0.5000     0.5000    0.6676   0.3333    4.79e-03  (ETA 1m43s)
     5       6s       32s    7.0088   0.5005   0.5434     0.5434    0.5687   0.4364    4.79e-03  (ETA 1m37s)
     6       6s       38s    6.7492   0.4981   0.5451     0.5451    0.5980   0.4869    4.79e-03  (ETA 1m30s)
     7       6s       45s    6.2666   0.5085   0.5017     0.5017    0.6459   0.3402    4.79e-03  (ETA 1m24s)
     8       6s       51s    5.6487   0.5229   0.5017     0.5017    0.6093   0.3372    4.79e-03  (ETA 1m17s)
     9       6s       58s    5.3107   0.5046   0.5434     0.5434    0.6354   0.4405    4.79e-03  (ETA 1m11s)
    10       6s     1m04s    5.2887   0.5103   0.5365     0.5365    0.6300   0.4341    4.79e-03  (ETA 1m04s)
    11       6s     1m11s    4.9997   0.5152   0.5000     0.5000    0.6307   0.3333    4.79e-03  (ETA 58s)
    12       6s     1m17s    4.6389   0.5133   0.5278     0.5278    0.6209   0.4046    4.79e-03  (ETA 51s)
Early stopping at epoch 12 (patience=10)
─────────────────────────────────────────────────────────────────────────────────────────────────────────
lp complete — 12 epochs | total: 1m17s | best epoch=1 val_acc=0.5573
─────────────────────────────────────────────────────────────────────────────────────────────────────────

>>> Stage 2: LoRA fine-tuning
  Parameters: 1,590,274 trainable / 70,779,906 total (2.25%)  |  LoRA: 1,081,344

─────────────────────────────────────────────────────────────────────────────────────────────────────────
  Stage: ft  |  lr=0.0001  |  max_epochs=200  |  grad_clip=2.0
 Epoch   EpTime   Elapsed    TrLoss    TrAcc    VaAcc   VaBalAcc   VaAUROC    VaF1w          LR
─────────────────────────────────────────────────────────────────────────────────────────────────────────
     1      15s       15s    0.7463   0.5245   0.5538     0.5538    0.5780   0.5366    6.20e-06  (ETA 50m22s)
     2      15s       30s    0.7041   0.5235   0.5069     0.5069    0.6044   0.3758    1.63e-05  (ETA 49m55s)
     3      15s       45s    0.7034   0.5235   0.5035     0.5035    0.6191   0.3410    3.24e-05  (ETA 49m38s)
     4      15s     1m00s    0.7717   0.5213   0.5278     0.5278    0.6235   0.4419    5.74e-05  (ETA 49m21s)
     5      15s     1m15s    0.7989   0.5290   0.6337     0.6337    0.6777   0.6280    9.75e-05  (ETA 49m10s)
     6      15s     1m30s    0.8327   0.5353   0.5434     0.5434    0.6610   0.4465    9.75e-05  (ETA 48m54s)
     7      15s     1m45s    0.7620   0.5274   0.5573     0.5573    0.6709   0.4776    9.75e-05  (ETA 48m38s)
     8      15s     2m01s    0.6934   0.5651   0.6372     0.6372    0.7078   0.6306    9.75e-05  (ETA 48m25s)
     9      15s     2m16s    0.6558   0.6085   0.5347     0.5347    0.7377   0.4086    9.75e-05  (ETA 48m10s)
    10      15s     2m31s    0.6383   0.6291   0.6667     0.6667    0.7538   0.6536    9.75e-05  (ETA 47m56s)
    11      15s     2m46s    0.5346   0.6590   0.6962     0.6962    0.7422   0.6960    9.75e-05  (ETA 47m42s)
    12      15s     3m01s    0.5736   0.6407   0.6753     0.6753    0.7438   0.6737    9.75e-05  (ETA 47m27s)
    13      15s     3m16s    0.5628   0.6951   0.6458     0.6458    0.7406   0.6319    9.75e-05  (ETA 47m12s)
    14      15s     3m32s    0.4708   0.7193   0.6198     0.6198    0.7320   0.5941    9.75e-05  (ETA 46m57s)
    15      15s     3m47s    0.5001   0.7052   0.6649     0.6649    0.7472   0.6560    9.75e-05  (ETA 46m41s)
    16      15s     4m02s    0.4407   0.7162   0.6806     0.6806    0.7398   0.6797    9.75e-05  (ETA 46m26s)
    17      15s     4m17s    0.4477   0.7246   0.6806     0.6806    0.7346   0.6799    9.75e-05  (ETA 46m11s)
    18      16s     4m34s    0.4125   0.7568   0.6580     0.6580    0.7419   0.6462    4.87e-05  (ETA 46m12s)
    19      15s     4m49s    0.4029   0.7450   0.6736     0.6736    0.7411   0.6662    4.87e-05  (ETA 45m56s)
    20      15s     5m04s    0.3957   0.7138   0.6597     0.6597    0.7350   0.6458    4.87e-05  (ETA 45m42s)
    21      16s     5m20s    0.3911   0.7115   0.6771     0.6771    0.7377   0.6755    4.87e-05  (ETA 45m33s)
    22      15s     5m36s    0.3765   0.7421   0.6788     0.6788    0.7307   0.6772    4.87e-05  (ETA 45m19s)
Early stopping at epoch 22 (patience=10)
─────────────────────────────────────────────────────────────────────────────────────────────────────────
ft complete — 22 epochs | total: 5m36s | best epoch=11 val_acc=0.6962
─────────────────────────────────────────────────────────────────────────────────────────────────────────
LoRA adapter saved → /home/apasinato/jade-mscthesis/outputs/ft_checkpoints/ft_thu-ep_binary_w10s10_pool_no_r16_fold_5/lora_adapter
Head weights saved → /home/apasinato/jade-mscthesis/outputs/ft_checkpoints/ft_thu-ep_binary_w10s10_pool_no_r16_fold_5/head_weights.pt

#########################################################################################################
  Fold 6/10  |  thu-ep  |  task=binary  |  pooling=no  |  LoRA r=16  |  device=cuda
  train: 71 subjects  |  val: 8 subjects
#########################################################################################################
Building datasets ...  done in 0s  (train=5,097  val=570)

>>> Stage 1: LP warmup  |  trainable params: 508,930

─────────────────────────────────────────────────────────────────────────────────────────────────────────
  Stage: lp  |  lr=0.005  |  max_epochs=20  |  grad_clip=2.0
 Epoch   EpTime   Elapsed    TrLoss    TrAcc    VaAcc   VaBalAcc   VaAUROC    VaF1w          LR
─────────────────────────────────────────────────────────────────────────────────────────────────────────
     1       6s        6s    0.9498   0.5221   0.5877     0.5874    0.6145   0.5873    5.96e-04  (ETA 2m04s)
     2       6s       13s    4.1304   0.5097   0.4947     0.5000    0.6916   0.3275    1.93e-03  (ETA 1m57s)
     3       6s       19s   11.1550   0.5232   0.4947     0.5000    0.5000   0.3275    4.79e-03  (ETA 1m50s)
     4       6s       25s   16.4721   0.5213   0.5018     0.5068    0.5813   0.3516    4.79e-03  (ETA 1m43s)
     5       6s       32s   16.5789   0.5519   0.5053     0.5000    0.6526   0.3392    4.79e-03  (ETA 1m37s)
     6       6s       38s   28.0120   0.5297   0.5053     0.5000    0.7038   0.3392    4.79e-03  (ETA 1m30s)
     7       6s       45s   24.6030   0.5329   0.5105     0.5053    0.7397   0.3508    4.79e-03  (ETA 1m24s)
     8       6s       51s   20.6257   0.5715   0.5140     0.5089    0.7429   0.3584    4.79e-03  (ETA 1m17s)
     9       6s       58s   15.1884   0.6045   0.6474     0.6455    0.7141   0.6352    4.79e-03  (ETA 1m11s)
    10       6s     1m04s    8.1454   0.6390   0.6614     0.6615    0.7075   0.6614    4.79e-03  (ETA 1m04s)
    11       6s     1m11s    8.0913   0.6647   0.6754     0.6739    0.7271   0.6679    4.79e-03  (ETA 58s)
    12       6s     1m17s    7.9126   0.6537   0.6596     0.6574    0.7283   0.6436    4.79e-03  (ETA 51s)
    13       6s     1m24s    6.0075   0.6749   0.5772     0.5809    0.6325   0.5194    4.79e-03  (ETA 45s)
    14       6s     1m30s    5.3939   0.6894   0.6175     0.6202    0.6691   0.5912    4.79e-03  (ETA 38s)
    15       6s     1m37s    5.5231   0.6553   0.6491     0.6480    0.7152   0.6451    4.79e-03  (ETA 32s)
    16       6s     1m43s    5.4738   0.7000   0.6456     0.6454    0.7118   0.6454    4.79e-03  (ETA 25s)
    17       6s     1m50s    6.8153   0.6812   0.6404     0.6414    0.6887   0.6371    4.79e-03  (ETA 19s)
    18       6s     1m56s    5.8230   0.6775   0.6526     0.6539    0.6888   0.6475    2.40e-03  (ETA 12s)
    19       6s     2m03s    5.1821   0.7028   0.6491     0.6493    0.7016   0.6490    2.40e-03  (ETA 6s)
    20       6s     2m09s    4.5602   0.7049   0.6281     0.6254    0.7254   0.6030    2.40e-03  (done)
─────────────────────────────────────────────────────────────────────────────────────────────────────────
lp complete — 20 epochs | total: 2m09s | best epoch=11 val_acc=0.6754
─────────────────────────────────────────────────────────────────────────────────────────────────────────

>>> Stage 2: LoRA fine-tuning
  Parameters: 1,590,274 trainable / 70,779,906 total (2.25%)  |  LoRA: 1,081,344

─────────────────────────────────────────────────────────────────────────────────────────────────────────
  Stage: ft  |  lr=0.0001  |  max_epochs=200  |  grad_clip=2.0
 Epoch   EpTime   Elapsed    TrLoss    TrAcc    VaAcc   VaBalAcc   VaAUROC    VaF1w          LR
─────────────────────────────────────────────────────────────────────────────────────────────────────────
     1      15s       15s    2.2720   0.6178   0.5877     0.5877    0.6173   0.5877    6.20e-06  (ETA 50m14s)
     2      15s       30s    1.7167   0.6259   0.5842     0.5852    0.6344   0.5807    1.63e-05  (ETA 49m55s)
     3      15s       45s    1.3870   0.6390   0.5965     0.5973    0.6398   0.5942    3.24e-05  (ETA 49m58s)
     4      15s     1m00s    1.2429   0.6370   0.6175     0.6174    0.6451   0.6174    5.78e-05  (ETA 49m44s)
     5      15s     1m16s    1.1558   0.6449   0.5772     0.5794    0.6532   0.5583    9.81e-05  (ETA 49m25s)
     6      15s     1m31s    1.1131   0.6272   0.6281     0.6276    0.6626   0.6274    9.81e-05  (ETA 49m09s)
     7      15s     1m46s    1.0561   0.6380   0.6333     0.6321    0.6658   0.6280    9.81e-05  (ETA 48m54s)
     8      15s     2m01s    0.9630   0.6376   0.5351     0.5388    0.6674   0.4686    9.81e-05  (ETA 48m37s)
     9      15s     2m16s    1.1708   0.6178   0.5123     0.5167    0.6686   0.4067    9.81e-05  (ETA 48m21s)
    10      15s     2m31s    1.0448   0.6282   0.6263     0.6241    0.6722   0.6083    9.81e-05  (ETA 48m05s)
    11      15s     2m47s    1.0045   0.6251   0.6228     0.6242    0.6786   0.6160    9.81e-05  (ETA 47m49s)
    12      15s     3m02s    1.0772   0.6149   0.5491     0.5525    0.6723   0.4981    9.81e-05  (ETA 47m34s)
    13      15s     3m17s    0.9661   0.6537   0.6281     0.6264    0.6799   0.6188    9.81e-05  (ETA 47m26s)
    14      15s     3m33s    0.9219   0.6606   0.6316     0.6296    0.6795   0.6181    4.90e-05  (ETA 47m14s)
    15      15s     3m48s    0.8999   0.6539   0.6491     0.6495    0.6860   0.6488    4.90e-05  (ETA 46m58s)
    16      15s     4m03s    0.8142   0.6735   0.6351     0.6362    0.6853   0.6312    4.90e-05  (ETA 46m42s)
    17      15s     4m18s    0.8414   0.6433   0.6018     0.6040    0.6861   0.5833    4.90e-05  (ETA 46m26s)
    18      15s     4m33s    0.8622   0.6596   0.6298     0.6311    0.6871   0.6248    4.90e-05  (ETA 46m10s)
    19      15s     4m49s    0.8153   0.6545   0.6035     0.6058    0.6894   0.5849    4.90e-05  (ETA 45m53s)
    20      15s     5m04s    0.8233   0.6555   0.6491     0.6480    0.6941   0.6451    4.90e-05  (ETA 45m38s)
    21      15s     5m19s    0.7892   0.6480   0.6544     0.6548    0.6930   0.6539    4.90e-05  (ETA 45m22s)
    22      15s     5m34s    0.7634   0.6873   0.5982     0.6005    0.6936   0.5783    4.90e-05  (ETA 45m07s)
    23      15s     5m49s    0.7717   0.6631   0.6368     0.6380    0.6909   0.6328    4.90e-05  (ETA 44m51s)
    24      15s     6m04s    0.8373   0.6712   0.6684     0.6675    0.6947   0.6656    4.90e-05  (ETA 44m36s)
    25      15s     6m20s    0.7710   0.6696   0.6544     0.6548    0.6912   0.6540    4.90e-05  (ETA 44m20s)
    26      15s     6m35s    0.7854   0.6955   0.6211     0.6225    0.6930   0.6140    4.90e-05  (ETA 44m04s)
    27      15s     6m50s    0.7944   0.6665   0.6596     0.6586    0.6955   0.6562    4.90e-05  (ETA 43m49s)
    28      15s     7m05s    0.7785   0.6690   0.6614     0.6616    0.6958   0.6613    4.90e-05  (ETA 43m33s)
    29      15s     7m20s    0.7671   0.6665   0.6667     0.6660    0.6972   0.6654    4.90e-05  (ETA 43m18s)
    30      15s     7m35s    0.7387   0.6735   0.6526     0.6513    0.7002   0.6465    4.90e-05  (ETA 43m03s)
    31      15s     7m51s    0.8525   0.6826   0.6561     0.6570    0.7021   0.6538    2.45e-05  (ETA 42m47s)
    32      15s     8m06s    0.7521   0.6810   0.6737     0.6733    0.7029   0.6732    2.45e-05  (ETA 42m32s)
    33      15s     8m21s    0.7300   0.6822   0.6614     0.6623    0.7070   0.6592    2.45e-05  (ETA 42m17s)
    34      15s     8m36s    0.7026   0.7088   0.6614     0.6625    0.7068   0.6579    2.45e-05  (ETA 42m01s)
    35      15s     8m51s    0.7266   0.6600   0.6579     0.6587    0.7050   0.6560    2.45e-05  (ETA 41m46s)
    36      15s     9m06s    0.6826   0.6649   0.6614     0.6619    0.7016   0.6608    2.45e-05  (ETA 41m31s)
    37      15s     9m21s    0.6867   0.6759   0.6667     0.6667    0.7063   0.6667    2.45e-05  (ETA 41m15s)
    38      15s     9m37s    0.6722   0.6904   0.6737     0.6736    0.7065   0.6736    2.45e-05  (ETA 41m00s)
    39      15s     9m52s    0.6824   0.6610   0.6772     0.6771    0.7091   0.6772    2.45e-05  (ETA 40m45s)
    40      15s    10m07s    0.6882   0.7010   0.6509     0.6517    0.7077   0.6490    2.45e-05  (ETA 40m30s)
    41      15s    10m22s    0.6800   0.6784   0.6211     0.6229    0.7089   0.6098    2.45e-05  (ETA 40m14s)
    42      15s    10m38s    0.6611   0.6916   0.6544     0.6549    0.7086   0.6536    2.45e-05  (ETA 40m00s)
    43      15s    10m53s    0.6760   0.7083   0.6614     0.6618    0.7096   0.6611    2.45e-05  (ETA 39m45s)
    44      15s    11m08s    0.6763   0.6983   0.6561     0.6567    0.7075   0.6554    2.45e-05  (ETA 39m30s)
    45      15s    11m23s    0.7358   0.6661   0.6614     0.6618    0.7095   0.6609    2.45e-05  (ETA 39m14s)
    46      15s    11m38s    0.6730   0.6694   0.6702     0.6698    0.7088   0.6696    1.23e-05  (ETA 38m59s)
    47      15s    11m54s    0.6495   0.6857   0.6702     0.6705    0.7103   0.6698    1.23e-05  (ETA 38m44s)
    48      15s    12m09s    0.6812   0.6786   0.6719     0.6715    0.7096   0.6714    1.23e-05  (ETA 38m29s)
    49      15s    12m24s    0.6826   0.6859   0.6579     0.6589    0.7095   0.6546    1.23e-05  (ETA 38m13s)
    50      15s    12m39s    0.6793   0.6957   0.6579     0.6586    0.7107   0.6565    1.23e-05  (ETA 37m58s)
Early stopping at epoch 50 (patience=10)
─────────────────────────────────────────────────────────────────────────────────────────────────────────
ft complete — 50 epochs | total: 12m39s | best epoch=39 val_acc=0.6772
─────────────────────────────────────────────────────────────────────────────────────────────────────────
LoRA adapter saved → /home/apasinato/jade-mscthesis/outputs/ft_checkpoints/ft_thu-ep_binary_w10s10_pool_no_r16_fold_6/lora_adapter
Head weights saved → /home/apasinato/jade-mscthesis/outputs/ft_checkpoints/ft_thu-ep_binary_w10s10_pool_no_r16_fold_6/head_weights.pt

#########################################################################################################
  Fold 7/10  |  thu-ep  |  task=binary  |  pooling=no  |  LoRA r=16  |  device=cuda
  train: 71 subjects  |  val: 8 subjects
#########################################################################################################
Building datasets ...  done in 7s  (train=5,091  val=576)

>>> Stage 1: LP warmup  |  trainable params: 508,930

─────────────────────────────────────────────────────────────────────────────────────────────────────────
  Stage: lp  |  lr=0.005  |  max_epochs=20  |  grad_clip=2.0
 Epoch   EpTime   Elapsed    TrLoss    TrAcc    VaAcc   VaBalAcc   VaAUROC    VaF1w          LR
─────────────────────────────────────────────────────────────────────────────────────────────────────────
     1       6s        6s    1.1637   0.5146   0.5000     0.5000    0.6028   0.3333    5.96e-04  (ETA 2m05s)
     2       6s       13s    4.0530   0.5030   0.5000     0.5000    0.5403   0.3333    1.93e-03  (ETA 1m57s)
     3       6s       19s   10.0025   0.4987   0.5000     0.5000    0.5000   0.3333    4.79e-03  (ETA 1m51s)
     4       6s       26s   11.3532   0.5093   0.5330     0.5330    0.5903   0.4359    4.79e-03  (ETA 1m44s)
     5       6s       32s    5.9301   0.5038   0.5382     0.5382    0.5805   0.5194    4.79e-03  (ETA 1m37s)
     6       6s       39s    5.3960   0.5054   0.5017     0.5017    0.5953   0.3372    4.79e-03  (ETA 1m31s)
     7       6s       45s    4.9511   0.5074   0.5000     0.5000    0.6575   0.3333    4.79e-03  (ETA 1m24s)
     8       6s       52s    4.6647   0.5058   0.5330     0.5330    0.6449   0.4213    4.79e-03  (ETA 1m18s)
     9       6s       58s    4.3369   0.5129   0.5330     0.5330    0.6577   0.4278    4.79e-03  (ETA 1m11s)
    10       6s     1m05s    4.0507   0.5140   0.5330     0.5330    0.6401   0.4668    4.79e-03  (ETA 1m05s)
    11       6s     1m11s    3.7546   0.5239   0.5573     0.5573    0.6351   0.5064    4.79e-03  (ETA 58s)
    12       6s     1m18s    3.5790   0.5193   0.5399     0.5399    0.6427   0.4499    4.79e-03  (ETA 52s)
    13       6s     1m24s    3.3935   0.5309   0.5573     0.5573    0.6600   0.5111    4.79e-03  (ETA 45s)
    14       6s     1m31s    2.9574   0.5618   0.5573     0.5573    0.6348   0.5111    4.79e-03  (ETA 39s)
    15       6s     1m37s    2.9025   0.5716   0.5590     0.5590    0.6267   0.5241    4.79e-03  (ETA 32s)
    16       6s     1m44s    2.7314   0.5665   0.5747     0.5747    0.6323   0.5459    4.79e-03  (ETA 26s)
    17       6s     1m50s    2.5541   0.5775   0.5781     0.5781    0.6570   0.5414    4.79e-03  (ETA 19s)
    18       6s     1m57s    2.3924   0.5863   0.5851     0.5851    0.6584   0.5685    4.79e-03  (ETA 13s)
    19       6s     2m03s    2.3302   0.6030   0.5660     0.5660    0.6578   0.5224    4.79e-03  (ETA 6s)
    20       6s     2m10s    2.1735   0.5973   0.5781     0.5781    0.6510   0.5496    4.79e-03  (done)
─────────────────────────────────────────────────────────────────────────────────────────────────────────
lp complete — 20 epochs | total: 2m10s | best epoch=18 val_acc=0.5851
─────────────────────────────────────────────────────────────────────────────────────────────────────────

>>> Stage 2: LoRA fine-tuning
  Parameters: 1,590,274 trainable / 70,779,906 total (2.25%)  |  LoRA: 1,081,344

─────────────────────────────────────────────────────────────────────────────────────────────────────────
  Stage: ft  |  lr=0.0001  |  max_epochs=200  |  grad_clip=2.0
 Epoch   EpTime   Elapsed    TrLoss    TrAcc    VaAcc   VaBalAcc   VaAUROC    VaF1w          LR
─────────────────────────────────────────────────────────────────────────────────────────────────────────
     1      15s       15s    1.9205   0.6433   0.5868     0.5868    0.6275   0.5816    6.10e-06  (ETA 50m12s)
     2      15s       30s    1.6206   0.6682   0.5903     0.5903    0.6407   0.5894    1.62e-05  (ETA 50m30s)
     3      15s       45s    1.3389   0.6728   0.6042     0.6042    0.6372   0.6007    3.21e-05  (ETA 50m05s)
     4      15s     1m00s    1.1322   0.6388   0.5816     0.5816    0.6229   0.5810    5.74e-05  (ETA 49m44s)
     5      15s     1m16s    0.9309   0.6362   0.5955     0.5955    0.6258   0.5928    9.75e-05  (ETA 49m26s)
     6      15s     1m31s    1.0485   0.6470   0.5868     0.5868    0.6275   0.5601    9.75e-05  (ETA 49m08s)
     7      15s     1m46s    0.9880   0.6553   0.5278     0.5278    0.6270   0.4266    9.75e-05  (ETA 48m52s)
     8      15s     2m01s    0.8831   0.6549   0.6059     0.6059    0.6310   0.5918    9.75e-05  (ETA 48m37s)
     9      15s     2m16s    0.7755   0.6476   0.6076     0.6076    0.6310   0.5928    9.75e-05  (ETA 48m22s)
    10      15s     2m31s    0.7336   0.6675   0.5833     0.5833    0.6357   0.5663    9.75e-05  (ETA 48m06s)
    11      15s     2m47s    0.8789   0.6394   0.5972     0.5972    0.6372   0.5783    9.75e-05  (ETA 47m50s)
    12      15s     3m02s    0.6875   0.6535   0.6076     0.6076    0.6384   0.6067    9.75e-05  (ETA 47m35s)
    13      15s     3m17s    0.8431   0.6370   0.6146     0.6146    0.6414   0.6109    9.75e-05  (ETA 47m20s)
    14      15s     3m32s    0.7257   0.6625   0.5851     0.5851    0.6448   0.5678    9.75e-05  (ETA 47m04s)
    15      15s     3m47s    0.7816   0.6568   0.5990     0.5990    0.6448   0.5829    9.75e-05  (ETA 46m49s)
    16      15s     4m02s    0.7025   0.6759   0.6146     0.6146    0.6451   0.6144    9.75e-05  (ETA 46m34s)
    17      15s     4m18s    0.7032   0.6698   0.5781     0.5781    0.6451   0.5394    9.75e-05  (ETA 46m19s)
    18      15s     4m33s    0.6825   0.6466   0.6094     0.6094    0.6456   0.6074    9.75e-05  (ETA 46m04s)
    19      15s     4m48s    0.8059   0.6470   0.6042     0.6042    0.6459   0.6009    9.75e-05  (ETA 45m48s)
    20      15s     5m03s    0.6649   0.6922   0.6094     0.6094    0.6477   0.6091    4.87e-05  (ETA 45m33s)
    21      15s     5m18s    0.5766   0.6765   0.5990     0.5990    0.6477   0.5749    4.87e-05  (ETA 45m18s)
    22      15s     5m34s    0.5729   0.6928   0.6042     0.6042    0.6477   0.5914    4.87e-05  (ETA 45m02s)
    23      15s     5m49s    0.5889   0.6879   0.5920     0.5920    0.6462   0.5820    4.87e-05  (ETA 44m46s)
    24      15s     6m04s    0.5626   0.6855   0.6111     0.6111    0.6476   0.6068    4.87e-05  (ETA 44m31s)
Early stopping at epoch 24 (patience=10)
─────────────────────────────────────────────────────────────────────────────────────────────────────────
ft complete — 24 epochs | total: 6m04s | best epoch=13 val_acc=0.6146
─────────────────────────────────────────────────────────────────────────────────────────────────────────
LoRA adapter saved → /home/apasinato/jade-mscthesis/outputs/ft_checkpoints/ft_thu-ep_binary_w10s10_pool_no_r16_fold_7/lora_adapter
Head weights saved → /home/apasinato/jade-mscthesis/outputs/ft_checkpoints/ft_thu-ep_binary_w10s10_pool_no_r16_fold_7/head_weights.pt

#########################################################################################################
  Fold 8/10  |  thu-ep  |  task=binary  |  pooling=no  |  LoRA r=16  |  device=cuda
  train: 71 subjects  |  val: 8 subjects
#########################################################################################################
Building datasets ...  done in 0s  (train=5,091  val=576)

>>> Stage 1: LP warmup  |  trainable params: 508,930

─────────────────────────────────────────────────────────────────────────────────────────────────────────
  Stage: lp  |  lr=0.005  |  max_epochs=20  |  grad_clip=2.0
 Epoch   EpTime   Elapsed    TrLoss    TrAcc    VaAcc   VaBalAcc   VaAUROC    VaF1w          LR
─────────────────────────────────────────────────────────────────────────────────────────────────────────
     1       6s        6s    1.4010   0.5025   0.5000     0.5000    0.5129   0.3333    5.96e-04  (ETA 2m05s)
     2       6s       13s    5.4647   0.4956   0.5000     0.5000    0.5671   0.3333    1.93e-03  (ETA 1m58s)
     3       6s       19s   13.9180   0.4950   0.5000     0.5000    0.4936   0.3333    4.79e-03  (ETA 1m51s)
     4       6s       26s   18.7412   0.4871   0.5052     0.5052    0.4941   0.3535    4.79e-03  (ETA 1m44s)
     5       6s       32s   15.3557   0.5028   0.5035     0.5035    0.5753   0.3410    4.79e-03  (ETA 1m38s)
     6       6s       39s   12.6976   0.5140   0.5174     0.5174    0.5469   0.3814    4.79e-03  (ETA 1m31s)
     7       6s       45s   10.5997   0.4981   0.5191     0.5191    0.5707   0.3824    4.79e-03  (ETA 1m24s)
     8       6s       52s    8.7279   0.5017   0.5052     0.5052    0.6482   0.3448    4.79e-03  (ETA 1m18s)
     9       6s       58s    7.0966   0.5048   0.5000     0.5000    0.6552   0.3333    4.79e-03  (ETA 1m11s)
    10       6s     1m05s    5.6119   0.5019   0.5451     0.5451    0.5873   0.5401    4.79e-03  (ETA 1m05s)
    11       6s     1m11s    4.3979   0.5172   0.5000     0.5000    0.6936   0.3333    4.79e-03  (ETA 58s)
    12       6s     1m18s    5.8608   0.5011   0.5000     0.5000    0.6938   0.3333    4.79e-03  (ETA 52s)
    13       6s     1m24s    4.1875   0.5040   0.5000     0.5000    0.6940   0.3333    4.79e-03  (ETA 45s)
    14       6s     1m31s    2.8920   0.5280   0.5017     0.5017    0.6961   0.3372    4.79e-03  (ETA 39s)
    15       6s     1m37s    1.9391   0.5445   0.5990     0.5990    0.6860   0.5668    4.79e-03  (ETA 32s)
    16       6s     1m44s    0.7576   0.6433   0.5764     0.5764    0.7066   0.4993    4.79e-03  (ETA 26s)
    17       6s     1m50s    0.9654   0.5987   0.6441     0.6441    0.7191   0.6434    4.79e-03  (ETA 19s)
    18       6s     1m57s    0.7676   0.6386   0.6493     0.6493    0.7295   0.6472    4.79e-03  (ETA 13s)
    19       6s     2m04s    0.7112   0.6673   0.6354     0.6354    0.7367   0.6216    4.79e-03  (ETA 6s)
    20       6s     2m10s    0.5785   0.6871   0.6510     0.6510    0.7195   0.6510    4.79e-03  (done)
─────────────────────────────────────────────────────────────────────────────────────────────────────────
lp complete — 20 epochs | total: 2m10s | best epoch=20 val_acc=0.6510
─────────────────────────────────────────────────────────────────────────────────────────────────────────

>>> Stage 2: LoRA fine-tuning
  Parameters: 1,590,274 trainable / 70,779,906 total (2.25%)  |  LoRA: 1,081,344

─────────────────────────────────────────────────────────────────────────────────────────────────────────
  Stage: ft  |  lr=0.0001  |  max_epochs=200  |  grad_clip=2.0
 Epoch   EpTime   Elapsed    TrLoss    TrAcc    VaAcc   VaBalAcc   VaAUROC    VaF1w          LR
─────────────────────────────────────────────────────────────────────────────────────────────────────────
     1      15s       15s    1.4949   0.6180   0.6128     0.6128    0.6489   0.6121    6.10e-06  (ETA 50m23s)
     2      15s       30s    0.8802   0.6849   0.6163     0.6163    0.6668   0.6149    1.62e-05  (ETA 50m08s)
     3      15s       45s    0.7918   0.6936   0.6372     0.6372    0.6942   0.6369    3.21e-05  (ETA 49m53s)
     4      15s     1m00s    0.6867   0.6934   0.6615     0.6615    0.7140   0.6612    5.74e-05  (ETA 49m40s)
     5      15s     1m16s    0.5844   0.7307   0.6701     0.6701    0.7285   0.6660    9.75e-05  (ETA 49m27s)
     6      15s     1m31s    0.5471   0.6643   0.6684     0.6684    0.7305   0.6651    9.75e-05  (ETA 49m10s)
     7      15s     1m46s    0.5001   0.6944   0.6684     0.6684    0.7292   0.6614    9.75e-05  (ETA 48m54s)
     8      15s     2m01s    0.4940   0.7372   0.6788     0.6788    0.7325   0.6775    9.75e-05  (ETA 48m39s)
     9      15s     2m16s    0.4965   0.7338   0.6476     0.6476    0.7316   0.6450    9.75e-05  (ETA 48m22s)
    10      15s     2m31s    0.4784   0.7211   0.6354     0.6354    0.7341   0.6267    9.75e-05  (ETA 48m07s)
    11      15s     2m47s    0.4905   0.7274   0.6632     0.6632    0.7310   0.6627    9.75e-05  (ETA 47m51s)
    12      15s     3m02s    0.4764   0.7107   0.6701     0.6701    0.7274   0.6700    9.75e-05  (ETA 47m36s)
    13      15s     3m17s    0.4551   0.7437   0.6719     0.6719    0.7300   0.6679    9.75e-05  (ETA 47m20s)
    14      15s     3m32s    0.5554   0.7236   0.6684     0.6684    0.7334   0.6682    9.75e-05  (ETA 47m05s)
    15      15s     3m47s    0.5024   0.6885   0.6510     0.6510    0.7355   0.6481    4.87e-05  (ETA 46m49s)
    16      15s     4m02s    0.4705   0.7374   0.6788     0.6788    0.7334   0.6768    4.87e-05  (ETA 46m34s)
    17      15s     4m18s    0.4563   0.7252   0.6753     0.6753    0.7353   0.6752    4.87e-05  (ETA 46m18s)
    18      15s     4m33s    0.4491   0.6948   0.6840     0.6840    0.7342   0.6814    4.87e-05  (ETA 46m04s)
    19      15s     4m48s    0.4631   0.7287   0.6615     0.6615    0.7336   0.6612    4.87e-05  (ETA 45m48s)
    20      15s     5m03s    0.4348   0.7242   0.6389     0.6389    0.7334   0.6286    4.87e-05  (ETA 45m33s)
    21      15s     5m18s    0.4481   0.7162   0.6458     0.6458    0.7319   0.6399    4.87e-05  (ETA 45m18s)
    22      15s     5m34s    0.4522   0.7354   0.6736     0.6736    0.7314   0.6735    4.87e-05  (ETA 45m03s)
    23      15s     5m49s    0.4446   0.7223   0.6632     0.6632    0.7337   0.6630    4.87e-05  (ETA 44m47s)
    24      15s     6m04s    0.4645   0.7010   0.6736     0.6736    0.7323   0.6693    4.87e-05  (ETA 44m32s)
    25      15s     6m19s    0.4375   0.7226   0.6684     0.6684    0.7310   0.6683    2.44e-05  (ETA 44m17s)
    26      15s     6m34s    0.4248   0.7240   0.6736     0.6736    0.7306   0.6690    2.44e-05  (ETA 44m01s)
    27      15s     6m49s    0.4530   0.7134   0.6840     0.6840    0.7317   0.6825    2.44e-05  (ETA 43m46s)
    28      15s     7m05s    0.4367   0.7672   0.6701     0.6701    0.7320   0.6701    2.44e-05  (ETA 43m31s)
    29      15s     7m20s    0.4331   0.7578   0.6753     0.6753    0.7315   0.6751    2.44e-05  (ETA 43m15s)
Early stopping at epoch 29 (patience=10)
─────────────────────────────────────────────────────────────────────────────────────────────────────────
ft complete — 29 epochs | total: 7m20s | best epoch=18 val_acc=0.6840
─────────────────────────────────────────────────────────────────────────────────────────────────────────
LoRA adapter saved → /home/apasinato/jade-mscthesis/outputs/ft_checkpoints/ft_thu-ep_binary_w10s10_pool_no_r16_fold_8/lora_adapter
Head weights saved → /home/apasinato/jade-mscthesis/outputs/ft_checkpoints/ft_thu-ep_binary_w10s10_pool_no_r16_fold_8/head_weights.pt

#########################################################################################################
  Fold 9/10  |  thu-ep  |  task=binary  |  pooling=no  |  LoRA r=16  |  device=cuda
  train: 71 subjects  |  val: 8 subjects
#########################################################################################################
Building datasets ...  done in 1s  (train=5,091  val=576)

>>> Stage 1: LP warmup  |  trainable params: 508,930

─────────────────────────────────────────────────────────────────────────────────────────────────────────
  Stage: lp  |  lr=0.005  |  max_epochs=20  |  grad_clip=2.0
 Epoch   EpTime   Elapsed    TrLoss    TrAcc    VaAcc   VaBalAcc   VaAUROC    VaF1w          LR
─────────────────────────────────────────────────────────────────────────────────────────────────────────
     1       6s        6s    1.0153   0.4970   0.5000     0.5000    0.5974   0.3333    5.96e-04  (ETA 2m05s)
     2       6s       13s    3.4907   0.4801   0.5000     0.5000    0.5595   0.3333    1.93e-03  (ETA 1m58s)
     3       6s       19s    8.9648   0.4836   0.5000     0.5000    0.5000   0.3333    4.79e-03  (ETA 1m51s)
     4       6s       26s   12.0754   0.5119   0.5000     0.5000    0.5193   0.3333    4.79e-03  (ETA 1m44s)
     5       6s       32s   10.9768   0.5070   0.5000     0.5000    0.5406   0.3333    4.79e-03  (ETA 1m38s)
     6       6s       39s    9.6080   0.5109   0.5000     0.5000    0.5273   0.3333    4.79e-03  (ETA 1m31s)
     7       6s       45s    8.8087   0.5105   0.5000     0.5000    0.5493   0.3333    4.79e-03  (ETA 1m25s)
     8       6s       52s    8.2523   0.4940   0.5017     0.5017    0.5451   0.3826    4.79e-03  (ETA 1m18s)
     9       6s       58s    7.4622   0.4997   0.5000     0.5000    0.5938   0.3333    4.79e-03  (ETA 1m11s)
    10       6s     1m05s    6.7394   0.4981   0.5017     0.5017    0.7209   0.3372    4.79e-03  (ETA 1m05s)
    11       6s     1m11s    5.9540   0.5087   0.5608     0.5608    0.6349   0.5026    4.79e-03  (ETA 58s)
    12       6s     1m18s    5.1443   0.5195   0.5000     0.5000    0.5680   0.3333    4.79e-03  (ETA 52s)
    13       6s     1m24s    4.8785   0.5072   0.5625     0.5625    0.6154   0.5152    4.79e-03  (ETA 45s)
    14       6s     1m31s    4.3613   0.5150   0.5590     0.5590    0.6658   0.4958    4.79e-03  (ETA 39s)
    15       6s     1m38s    3.9600   0.5144   0.5017     0.5017    0.6379   0.3372    4.79e-03  (ETA 32s)
    16       6s     1m44s    3.4016   0.5384   0.5312     0.5312    0.7760   0.4017    4.79e-03  (ETA 26s)
    17       6s     1m51s    3.0067   0.5374   0.5590     0.5590    0.7664   0.4587    4.79e-03  (ETA 19s)
    18       6s     1m57s    2.7433   0.5370   0.5122     0.5122    0.7205   0.3598    4.79e-03  (ETA 13s)
    19       6s     2m04s    2.4921   0.5541   0.5920     0.5920    0.7713   0.5216    4.79e-03  (ETA 6s)
    20       6s     2m10s    2.1283   0.5722   0.5885     0.5885    0.6964   0.5498    4.79e-03  (done)
─────────────────────────────────────────────────────────────────────────────────────────────────────────
lp complete — 20 epochs | total: 2m10s | best epoch=19 val_acc=0.5920
─────────────────────────────────────────────────────────────────────────────────────────────────────────

>>> Stage 2: LoRA fine-tuning
  Parameters: 1,590,274 trainable / 70,779,906 total (2.25%)  |  LoRA: 1,081,344

─────────────────────────────────────────────────────────────────────────────────────────────────────────
  Stage: ft  |  lr=0.0001  |  max_epochs=200  |  grad_clip=2.0
 Epoch   EpTime   Elapsed    TrLoss    TrAcc    VaAcc   VaBalAcc   VaAUROC    VaF1w          LR
─────────────────────────────────────────────────────────────────────────────────────────────────────────
     1      15s       15s    2.2540   0.6297   0.6562     0.6562    0.7165   0.6560    6.20e-06  (ETA 50m25s)
     2      15s       30s    1.9698   0.6346   0.6858     0.6858    0.7457   0.6847    1.63e-05  (ETA 50m11s)
     3      15s       45s    1.4519   0.6726   0.6667     0.6667    0.7599   0.6625    3.24e-05  (ETA 49m51s)
     4      15s     1m00s    1.1597   0.6590   0.6771     0.6771    0.7561   0.6720    5.78e-05  (ETA 49m34s)
     5      15s     1m15s    0.8258   0.6533   0.6684     0.6684    0.7443   0.6680    9.81e-05  (ETA 49m19s)
     6      15s     1m31s    0.8288   0.6582   0.6806     0.6806    0.7454   0.6790    9.81e-05  (ETA 49m06s)
     7      15s     1m46s    0.7864   0.6498   0.6545     0.6545    0.7427   0.6529    9.81e-05  (ETA 49m02s)
     8      15s     2m01s    0.7721   0.6258   0.6354     0.6354    0.7429   0.6231    9.81e-05  (ETA 48m47s)
     9      15s     2m17s    0.6736   0.6606   0.5729     0.5729    0.7410   0.4952    9.81e-05  (ETA 48m30s)
    10      15s     2m32s    0.7639   0.6423   0.6076     0.6076    0.7407   0.5631    9.81e-05  (ETA 48m13s)
    11      15s     2m47s    0.6673   0.6592   0.6372     0.6372    0.7421   0.6154    9.81e-05  (ETA 47m57s)
    12      15s     3m02s    0.6628   0.6447   0.6719     0.6719    0.7419   0.6707    9.81e-05  (ETA 47m41s)
    13      15s     3m17s    0.6438   0.6535   0.6424     0.6424    0.7433   0.6308    9.81e-05  (ETA 47m26s)
Early stopping at epoch 13 (patience=10)
─────────────────────────────────────────────────────────────────────────────────────────────────────────
ft complete — 13 epochs | total: 3m17s | best epoch=2 val_acc=0.6858
─────────────────────────────────────────────────────────────────────────────────────────────────────────
LoRA adapter saved → /home/apasinato/jade-mscthesis/outputs/ft_checkpoints/ft_thu-ep_binary_w10s10_pool_no_r16_fold_9/lora_adapter
Head weights saved → /home/apasinato/jade-mscthesis/outputs/ft_checkpoints/ft_thu-ep_binary_w10s10_pool_no_r16_fold_9/head_weights.pt

#########################################################################################################
  Fold 10/10  |  thu-ep  |  task=binary  |  pooling=no  |  LoRA r=16  |  device=cuda
  train: 72 subjects  |  val: 7 subjects
#########################################################################################################
Building datasets ...  done in 1s  (train=5,163  val=504)

>>> Stage 1: LP warmup  |  trainable params: 508,930

─────────────────────────────────────────────────────────────────────────────────────────────────────────
  Stage: lp  |  lr=0.005  |  max_epochs=20  |  grad_clip=2.0
 Epoch   EpTime   Elapsed    TrLoss    TrAcc    VaAcc   VaBalAcc   VaAUROC    VaF1w          LR
─────────────────────────────────────────────────────────────────────────────────────────────────────────
     1       6s        6s    0.9938   0.5007   0.5238     0.5238    0.5332   0.5234    5.97e-04  (ETA 2m06s)
     2       6s       13s    1.9905   0.5057   0.5000     0.5000    0.5691   0.3333    1.93e-03  (ETA 1m59s)
     3       6s       19s    5.2423   0.5001   0.5000     0.5000    0.5536   0.3333    4.79e-03  (ETA 1m52s)
     4       6s       26s    7.6285   0.5067   0.5159     0.5159    0.5456   0.4968    4.79e-03  (ETA 1m45s)
     5       6s       32s   20.7785   0.5119   0.5000     0.5000    0.5041   0.3368    4.79e-03  (ETA 1m38s)
     6       6s       39s   20.6323   0.5038   0.5000     0.5000    0.5000   0.3333    4.79e-03  (ETA 1m31s)
     7       6s       45s   18.4248   0.5049   0.5000     0.5000    0.5020   0.3333    4.79e-03  (ETA 1m25s)
     8       6s       52s   17.0338   0.5206   0.5060     0.5060    0.5331   0.3464    4.79e-03  (ETA 1m18s)
     9       6s       59s   15.4054   0.5032   0.5000     0.5000    0.6037   0.3333    4.79e-03  (ETA 1m12s)
    10       6s     1m05s   13.6443   0.5152   0.5000     0.5000    0.6208   0.3333    4.79e-03  (ETA 1m05s)
    11       6s     1m12s   12.6538   0.5094   0.5000     0.5000    0.6328   0.3333    4.79e-03  (ETA 59s)
    12       8s     1m21s   11.6989   0.5053   0.5972     0.5972    0.6317   0.5775    4.79e-03  (ETA 54s)
    13       6s     1m27s   10.0033   0.5301   0.5238     0.5238    0.5636   0.4142    4.79e-03  (ETA 47s)
    14       6s     1m34s    9.3399   0.5249   0.5060     0.5060    0.5509   0.3464    4.79e-03  (ETA 40s)
    15       6s     1m40s    8.3160   0.5286   0.5099     0.5099    0.5467   0.3550    4.79e-03  (ETA 33s)
    16       6s     1m47s    7.4680   0.5398   0.5377     0.5377    0.6452   0.4543    4.79e-03  (ETA 26s)
    17       7s     1m54s    6.8620   0.5443   0.5377     0.5377    0.6725   0.4372    4.79e-03  (ETA 20s)
    18       6s     2m01s    6.2717   0.5431   0.5397     0.5397    0.6965   0.4289    4.79e-03  (ETA 13s)
    19       6s     2m07s    5.8516   0.5605   0.5357     0.5357    0.7017   0.4163    2.40e-03  (ETA 6s)
    20       6s     2m14s    2.7671   0.6314   0.5655     0.5655    0.6906   0.4961    2.40e-03  (done)
─────────────────────────────────────────────────────────────────────────────────────────────────────────
lp complete — 20 epochs | total: 2m14s | best epoch=12 val_acc=0.5972
─────────────────────────────────────────────────────────────────────────────────────────────────────────

>>> Stage 2: LoRA fine-tuning
  Parameters: 1,590,274 trainable / 70,779,906 total (2.25%)  |  LoRA: 1,081,344

─────────────────────────────────────────────────────────────────────────────────────────────────────────
  Stage: ft  |  lr=0.0001  |  max_epochs=200  |  grad_clip=2.0
 Epoch   EpTime   Elapsed    TrLoss    TrAcc    VaAcc   VaBalAcc   VaAUROC    VaF1w          LR
─────────────────────────────────────────────────────────────────────────────────────────────────────────
     1      15s       15s    3.9459   0.5909   0.5556     0.5556    0.6292   0.5148    6.10e-06  (ETA 50m41s)
     2      15s       30s    2.8751   0.6033   0.5833     0.5833    0.6287   0.5720    1.62e-05  (ETA 50m28s)
     3      15s       45s    2.0170   0.6332   0.5774     0.5774    0.6427   0.5550    3.21e-05  (ETA 50m08s)
     4      15s     1m01s    1.3371   0.6140   0.6151     0.6151    0.6582   0.6135    5.74e-05  (ETA 49m56s)
     5      15s     1m16s    0.9962   0.6024   0.6111     0.6111    0.6619   0.5971    9.75e-05  (ETA 49m39s)
     6      15s     1m31s    0.9443   0.6204   0.6111     0.6111    0.6664   0.6078    9.75e-05  (ETA 49m24s)
     7      15s     1m46s    0.8829   0.5989   0.5258     0.5258    0.6681   0.3969    9.75e-05  (ETA 49m09s)
     8      15s     2m02s    1.0147   0.5778   0.5734     0.5734    0.6720   0.5053    9.75e-05  (ETA 48m53s)
     9      15s     2m17s    0.9122   0.5954   0.5337     0.5337    0.6742   0.4177    9.75e-05  (ETA 48m38s)
    10      15s     2m32s    0.9017   0.6074   0.5337     0.5337    0.6776   0.4151    9.75e-05  (ETA 48m23s)
    11      15s     2m48s    0.9657   0.5904   0.6131     0.6131    0.6787   0.5941    9.75e-05  (ETA 48m07s)
    12      15s     3m03s    0.9669   0.5948   0.6230     0.6230    0.6779   0.6128    9.75e-05  (ETA 47m53s)
    13      15s     3m18s    0.8960   0.6074   0.5615     0.5615    0.6779   0.4824    9.75e-05  (ETA 47m38s)
    14      15s     3m34s    0.9040   0.5822   0.5417     0.5417    0.6775   0.4326    9.75e-05  (ETA 47m23s)
    15      15s     3m49s    0.9482   0.5907   0.6190     0.6190    0.6805   0.6124    9.75e-05  (ETA 47m08s)
    16      15s     4m04s    0.7946   0.5987   0.6091     0.6091    0.6789   0.5914    9.75e-05  (ETA 46m53s)
    17      15s     4m19s    0.7602   0.6155   0.6230     0.6230    0.6791   0.6230    9.75e-05  (ETA 46m37s)
    18      15s     4m35s    0.7585   0.5989   0.5913     0.5913    0.6814   0.5504    9.75e-05  (ETA 46m22s)
    19      15s     4m50s    0.7968   0.6134   0.5575     0.5575    0.6836   0.4719    4.88e-05  (ETA 46m07s)
    20      15s     5m05s    0.7977   0.6078   0.6171     0.6171    0.6836   0.6164    4.88e-05  (ETA 45m52s)
    21      15s     5m21s    0.7441   0.6078   0.6310     0.6310    0.6863   0.6309    4.88e-05  (ETA 45m37s)
    22      15s     5m36s    0.7322   0.6215   0.6151     0.6151    0.6841   0.6030    4.88e-05  (ETA 45m22s)
    23      15s     5m51s    0.7253   0.6229   0.6230     0.6230    0.6843   0.6206    4.88e-05  (ETA 45m06s)
    24      15s     6m06s    0.7104   0.6113   0.5794     0.5794    0.6871   0.5309    4.88e-05  (ETA 44m51s)
    25      15s     6m22s    0.7834   0.5956   0.5536     0.5536    0.6847   0.4543    4.88e-05  (ETA 44m35s)
    26      15s     6m37s    0.7264   0.6107   0.6151     0.6151    0.6864   0.6088    4.88e-05  (ETA 44m20s)
    27      15s     6m52s    0.7030   0.6310   0.6052     0.6052    0.6902   0.5835    4.88e-05  (ETA 44m05s)
    28      15s     7m08s    0.7280   0.6134   0.6131     0.6131    0.6859   0.5934    2.44e-05  (ETA 43m49s)
    29      15s     7m23s    0.6556   0.6248   0.6270     0.6270    0.6909   0.6266    2.44e-05  (ETA 43m34s)
    30      15s     7m38s    0.6800   0.6227   0.6091     0.6091    0.6926   0.5899    2.44e-05  (ETA 43m18s)
    31      15s     7m53s    0.7091   0.6304   0.6210     0.6210    0.6924   0.6161    2.44e-05  (ETA 43m03s)
    32      15s     8m09s    0.6557   0.6417   0.6389     0.6389    0.6927   0.6350    2.44e-05  (ETA 42m48s)
    33      15s     8m24s    0.6646   0.6314   0.6190     0.6190    0.6913   0.6139    2.44e-05  (ETA 42m32s)
    34      15s     8m39s    0.6923   0.6483   0.6210     0.6210    0.6900   0.6142    2.44e-05  (ETA 42m17s)
    35      15s     8m55s    0.6387   0.6366   0.6310     0.6310    0.6898   0.6309    2.44e-05  (ETA 42m02s)
    36      18s     9m14s    0.6499   0.6208   0.6389     0.6389    0.6902   0.6356    2.44e-05  (ETA 42m03s)
    37      15s     9m29s    0.6556   0.6384   0.6151     0.6151    0.6922   0.6071    2.44e-05  (ETA 41m49s)
    38      15s     9m44s    0.6465   0.6506   0.6290     0.6290    0.6917   0.6257    2.44e-05  (ETA 41m33s)
    39      15s    10m00s    0.6761   0.6314   0.6488     0.6488    0.6930   0.6485    2.44e-05  (ETA 41m19s)
    40      15s    10m15s    0.6402   0.6514   0.6190     0.6190    0.6911   0.6132    2.44e-05  (ETA 41m03s)
    41      15s    10m31s    0.6232   0.6403   0.6230     0.6230    0.6933   0.6160    2.44e-05  (ETA 40m47s)
    42      15s    10m46s    0.6429   0.6533   0.6429     0.6429    0.6979   0.6410    2.44e-05  (ETA 40m31s)
    43      15s    11m01s    0.6067   0.6492   0.6369     0.6369    0.6970   0.6355    2.44e-05  (ETA 40m15s)
    44      15s    11m17s    0.6735   0.6477   0.6190     0.6190    0.6939   0.6136    2.44e-05  (ETA 40m00s)
    45      15s    11m32s    0.6527   0.6512   0.6171     0.6171    0.6949   0.6074    2.44e-05  (ETA 39m44s)
    46      15s    11m47s    0.6312   0.6703   0.6448     0.6448    0.6962   0.6441    1.22e-05  (ETA 39m29s)
    47      15s    12m02s    0.6331   0.6465   0.6190     0.6190    0.6970   0.6102    1.22e-05  (ETA 39m13s)
    48      15s    12m18s    0.6215   0.6457   0.6131     0.6131    0.6962   0.5962    1.22e-05  (ETA 38m57s)
    49      15s    12m33s    0.6380   0.6516   0.6250     0.6250    0.6965   0.6187    1.22e-05  (ETA 38m42s)
    50      15s    12m48s    0.6347   0.6487   0.6329     0.6329    0.6953   0.6302    1.22e-05  (ETA 38m26s)
Early stopping at epoch 50 (patience=10)
─────────────────────────────────────────────────────────────────────────────────────────────────────────
ft complete — 50 epochs | total: 12m48s | best epoch=39 val_acc=0.6488
─────────────────────────────────────────────────────────────────────────────────────────────────────────
LoRA adapter saved → /home/apasinato/jade-mscthesis/outputs/ft_checkpoints/ft_thu-ep_binary_w10s10_pool_no_r16_fold_10/lora_adapter
Head weights saved → /home/apasinato/jade-mscthesis/outputs/ft_checkpoints/ft_thu-ep_binary_w10s10_pool_no_r16_fold_10/head_weights.pt

==========================================================================================
  CROSS-FOLD SUMMARY  (10 folds  |  thu-ep  |  task=binary  |  pool_no  |  LoRA r=16)
==========================================================================================
 Fold    ValAcc   ValBalAcc   ValAUROC    ValF1w   Epochs   BestEp
------------------------------------------------------------------
    1    0.6962      0.6962     0.7525    0.6961        0        9
    2    0.6435      0.6434     0.6660    0.6433        0        3
    3    0.6632      0.6632     0.7132    0.6587        0        5
    4    0.6910      0.6910     0.7359    0.6871        0       10
    5    0.6962      0.6962     0.7422    0.6960        0       11
    6    0.6772      0.6771     0.7091    0.6772        0       39
    7    0.6146      0.6146     0.6414    0.6109        0       13
    8    0.6840      0.6840     0.7342    0.6814        0       18
    9    0.6858      0.6858     0.7457    0.6847        0        2
   10    0.6488      0.6488     0.6930    0.6485        0       39
------------------------------------------------------------------
 Mean    0.6700      0.6700     0.7133    0.6684
  Std    0.0270      0.0270     0.0368    0.0275
==========================================================================================
Aggregate results saved -> /home/apasinato/jade-mscthesis/outputs/ft_checkpoints/summary_thu-ep_binary_w10s10_pool_no_r16.json

All folds complete.

=== Complete ===
Exit code: 0
Finished:  Thu Mar 26 17:01:03 CET 2026
