=== Experiment on DelftBlue ===
Job ID:    9455265
Node:      gpu018
Partition: gpu-a100
Module:    src.approaches.fine_tuning.train_ft
Args:      --dataset faced --task binary
Started:   Thu Mar 26 15:20:31 CET 2026

=== GPU ===
NVIDIA A100 80GB PCIe, 81920 MiB

=== Environment ===
Python:  Python 3.14.3
PyTorch: 2.9.1+cu128
CUDA:    True 12.8

=== Running: python -m src.approaches.fine_tuning.train_ft --dataset faced --task binary ===


Dataset: faced  |  subjects: 123
Device: cuda  |  task: binary  |  pooling: no  |  LoRA rank: 16  alpha: 16
Window: 10.0s (2000 pts)  Stride: 10.0s (2000 pts)  Mixup: True  AMP: True
LP: lr=0.005 epochs=20  |  FT: lr=0.0001 epochs=200
Loading REVE model from local path …
flash_attn not found, install it with `pip install flash_attn` if you want to use it
Loading REVE position bank from local path …
  Electrode positions cached for 32 channels.

#########################################################################################################
  Fold 1/10  |  faced  |  task=binary  |  pooling=no  |  LoRA r=16  |  device=cuda
  train: 110 subjects  |  val: 13 subjects
#########################################################################################################
Building datasets ...  done in 16s  (train=7,920  val=936)

>>> Stage 1: LP warmup  |  trainable params: 542,722

─────────────────────────────────────────────────────────────────────────────────────────────────────────
  Stage: lp  |  lr=0.005  |  max_epochs=20  |  grad_clip=2.0
 Epoch   EpTime   Elapsed    TrLoss    TrAcc    VaAcc   VaBalAcc   VaAUROC    VaF1w          LR
─────────────────────────────────────────────────────────────────────────────────────────────────────────
     1      14s       14s    1.1176   0.5066   0.5000     0.5000    0.6807   0.3333    6.12e-04  (ETA 4m31s)
     2       8s       22s    3.7615   0.5082   0.5000     0.5000    0.6805   0.3333    1.96e-03  (ETA 3m26s)
     3       8s       31s    9.8569   0.5001   0.5278     0.5278    0.6170   0.4000    4.86e-03  (ETA 2m59s)
     4       8s       40s   13.3801   0.5202   0.5160     0.5160    0.6202   0.3680    4.86e-03  (ETA 2m41s)
     5       8s       48s   11.4599   0.5255   0.5064     0.5064    0.7649   0.3528    4.86e-03  (ETA 2m26s)
     6       8s       57s    9.3599   0.5253   0.6944     0.6944    0.7788   0.6884    4.86e-03  (ETA 2m14s)
     7       8s     1m06s    8.5941   0.5462   0.5887     0.5887    0.7527   0.5291    4.86e-03  (ETA 2m03s)
     8       8s     1m15s    7.2679   0.5591   0.5684     0.5684    0.7701   0.4766    4.86e-03  (ETA 1m52s)
     9       8s     1m23s    7.1012   0.5573   0.6229     0.6229    0.7985   0.5712    4.86e-03  (ETA 1m42s)
    10       8s     1m32s    5.9541   0.5663   0.5673     0.5673    0.7072   0.5088    4.86e-03  (ETA 1m32s)
    11       8s     1m41s    5.2616   0.5888   0.6464     0.6464    0.7510   0.6285    4.86e-03  (ETA 1m22s)
    12       8s     1m50s    3.4691   0.6049   0.6827     0.6827    0.7828   0.6709    4.86e-03  (ETA 1m13s)
    13       8s     1m59s    3.1828   0.6092   0.6506     0.6506    0.7452   0.6445    2.43e-03  (ETA 1m04s)
    14       8s     2m07s    3.6793   0.6126   0.6421     0.6421    0.7776   0.6225    2.43e-03  (ETA 54s)
    15       8s     2m16s    2.6439   0.6391   0.5876     0.5876    0.7386   0.5477    2.43e-03  (ETA 45s)
    16       9s     2m25s    2.7252   0.6001   0.6699     0.6699    0.7982   0.6447    2.43e-03  (ETA 36s)
    17       9s     2m35s    2.4881   0.6299   0.5983     0.5983    0.7551   0.5451    2.43e-03  (ETA 27s)
Early stopping at epoch 17 (patience=10)
─────────────────────────────────────────────────────────────────────────────────────────────────────────
lp complete — 17 epochs | total: 2m35s | best epoch=6 val_acc=0.6944
─────────────────────────────────────────────────────────────────────────────────────────────────────────

>>> Stage 2: LoRA fine-tuning
  Parameters: 1,624,066 trainable / 70,813,698 total (2.29%)  |  LoRA: 1,081,344

─────────────────────────────────────────────────────────────────────────────────────────────────────────
  Stage: ft  |  lr=0.0001  |  max_epochs=200  |  grad_clip=2.0
 Epoch   EpTime   Elapsed    TrLoss    TrAcc    VaAcc   VaBalAcc   VaAUROC    VaF1w          LR
─────────────────────────────────────────────────────────────────────────────────────────────────────────
     1      26s       26s    3.6953   0.6203   0.7051     0.7051    0.7835   0.7051    6.24e-06  (ETA 1h29m11s)
     2      28s       54s    3.3112   0.6326   0.7179     0.7179    0.7913   0.7171    1.64e-05  (ETA 1h30m40s)
     3      27s     1m22s    2.5907   0.6294   0.7179     0.7179    0.7961   0.7171    3.25e-05  (ETA 1h30m13s)
     4      28s     1m50s    1.8064   0.6270   0.7105     0.7105    0.7847   0.7095    5.80e-05  (ETA 1h30m18s)
     5      28s     2m19s    1.2898   0.6246   0.6688     0.6688    0.7726   0.6509    9.84e-05  (ETA 1h30m38s)
     6      27s     2m47s    1.0891   0.5972   0.6870     0.6870    0.7634   0.6856    9.84e-05  (ETA 1h30m09s)
     7      29s     3m16s    1.0105   0.6092   0.6058     0.6058    0.7530   0.5603    9.84e-05  (ETA 1h30m14s)
     8      27s     3m44s    0.9509   0.6134   0.6816     0.6816    0.7606   0.6813    9.84e-05  (ETA 1h29m42s)
     9      28s     4m13s    1.0080   0.6087   0.5823     0.5823    0.7635   0.5166    9.84e-05  (ETA 1h29m33s)
    10      28s     4m41s    0.9346   0.6126   0.6357     0.6357    0.7614   0.5961    9.84e-05  (ETA 1h29m07s)
    11      30s     5m12s    0.9263   0.6003   0.6688     0.6688    0.7573   0.6530    9.84e-05  (ETA 1h29m24s)
    12      29s     5m41s    0.9302   0.6208   0.6902     0.6902    0.7651   0.6884    9.84e-05  (ETA 1h29m11s)
    13      28s     6m09s    0.8830   0.6211   0.6955     0.6955    0.7574   0.6955    9.84e-05  (ETA 1h28m38s)
Early stopping at epoch 13 (patience=10)
─────────────────────────────────────────────────────────────────────────────────────────────────────────
ft complete — 13 epochs | total: 6m09s | best epoch=2 val_acc=0.7179
─────────────────────────────────────────────────────────────────────────────────────────────────────────
LoRA adapter saved → /home/apasinato/jade-mscthesis/outputs/ft_checkpoints/ft_faced_binary_w10s10_pool_no_r16_fold_1/lora_adapter
Head weights saved → /home/apasinato/jade-mscthesis/outputs/ft_checkpoints/ft_faced_binary_w10s10_pool_no_r16_fold_1/head_weights.pt

#########################################################################################################
  Fold 2/10  |  faced  |  task=binary  |  pooling=no  |  LoRA r=16  |  device=cuda
  train: 110 subjects  |  val: 13 subjects
#########################################################################################################
Building datasets ...  done in 1s  (train=7,920  val=936)

>>> Stage 1: LP warmup  |  trainable params: 542,722

─────────────────────────────────────────────────────────────────────────────────────────────────────────
  Stage: lp  |  lr=0.005  |  max_epochs=20  |  grad_clip=2.0
 Epoch   EpTime   Elapsed    TrLoss    TrAcc    VaAcc   VaBalAcc   VaAUROC    VaF1w          LR
─────────────────────────────────────────────────────────────────────────────────────────────────────────
     1      12s       12s    1.1341   0.5056   0.5000     0.5000    0.6615   0.3333    6.12e-04  (ETA 4m05s)
     2      12s       25s    3.7231   0.5201   0.6421     0.6421    0.7027   0.6391    1.96e-03  (ETA 3m49s)
     3      12s       37s   12.6916   0.4958   0.5000     0.5000    0.6754   0.3333    4.86e-03  (ETA 3m32s)
     4      11s       49s   22.5245   0.5024   0.5000     0.5000    0.5063   0.3371    4.86e-03  (ETA 3m17s)
     5      12s     1m01s   19.6877   0.5097   0.5011     0.5011    0.6750   0.3394    4.86e-03  (ETA 3m05s)
     6      12s     1m14s   16.2416   0.5258   0.5053     0.5053    0.5367   0.3540    4.86e-03  (ETA 2m53s)
     7      12s     1m26s   14.1427   0.5301   0.5214     0.5214    0.7419   0.3808    4.86e-03  (ETA 2m40s)
     8      11s     1m38s   11.6035   0.5313   0.5438     0.5438    0.6533   0.4361    4.86e-03  (ETA 2m27s)
     9      12s     1m51s    8.8603   0.5606   0.5833     0.5833    0.6913   0.5297    4.86e-03  (ETA 2m15s)
    10      12s     2m03s    9.2489   0.5436   0.5310     0.5310    0.7362   0.4092    4.86e-03  (ETA 2m03s)
    11      12s     2m16s    6.9591   0.5648   0.5256     0.5256    0.7295   0.3911    4.86e-03  (ETA 1m51s)
    12      12s     2m28s    4.5969   0.5885   0.6197     0.6197    0.7003   0.5999    4.86e-03  (ETA 1m39s)
    13      12s     2m40s    4.4478   0.6131   0.6613     0.6613    0.7657   0.6394    4.86e-03  (ETA 1m26s)
    14      14s     2m54s    5.6900   0.5750   0.5684     0.5684    0.7610   0.4719    4.86e-03  (ETA 1m14s)
    15      13s     3m08s    6.1844   0.5427   0.6303     0.6303    0.7762   0.5946    4.86e-03  (ETA 1m02s)
    16      12s     3m20s    5.0708   0.5705   0.6271     0.6271    0.7806   0.5774    4.86e-03  (ETA 50s)
    17      11s     3m32s    4.4002   0.5760   0.6635     0.6635    0.7760   0.6479    4.86e-03  (ETA 37s)
    18      12s     3m44s    2.9218   0.6260   0.5919     0.5919    0.7673   0.5323    4.86e-03  (ETA 24s)
    19      13s     3m57s    2.4715   0.6369   0.6944     0.6944    0.7548   0.6933    4.86e-03  (ETA 12s)
    20      11s     4m09s    2.9629   0.6321   0.5385     0.5385    0.7625   0.4164    4.86e-03  (done)
─────────────────────────────────────────────────────────────────────────────────────────────────────────
lp complete — 20 epochs | total: 4m09s | best epoch=19 val_acc=0.6944
─────────────────────────────────────────────────────────────────────────────────────────────────────────

>>> Stage 2: LoRA fine-tuning
  Parameters: 1,624,066 trainable / 70,813,698 total (2.29%)  |  LoRA: 1,081,344

─────────────────────────────────────────────────────────────────────────────────────────────────────────
  Stage: ft  |  lr=0.0001  |  max_epochs=200  |  grad_clip=2.0
 Epoch   EpTime   Elapsed    TrLoss    TrAcc    VaAcc   VaBalAcc   VaAUROC    VaF1w          LR
─────────────────────────────────────────────────────────────────────────────────────────────────────────
     1      28s       28s    2.1646   0.6717   0.6795     0.6795    0.7495   0.6703    6.24e-06  (ETA 1h35m54s)
     2      29s       58s    1.6432   0.7139   0.6902     0.6902    0.7627   0.6866    1.64e-05  (ETA 1h36m00s)
     3      30s     1m28s    1.4783   0.7107   0.7030     0.7030    0.7754   0.7015    3.25e-05  (ETA 1h37m08s)
     4      27s     1m56s    1.2952   0.7091   0.6998     0.6998    0.7806   0.6904    5.80e-05  (ETA 1h35m20s)
     5      28s     2m25s    1.0634   0.6696   0.6528     0.6528    0.7761   0.6156    9.84e-05  (ETA 1h34m15s)
     6      28s     2m53s    0.9387   0.6784   0.6699     0.6699    0.7805   0.6477    9.84e-05  (ETA 1h33m29s)
     7      29s     3m23s    0.8977   0.6845   0.7115     0.7115    0.7805   0.7081    9.84e-05  (ETA 1h33m19s)
     8      29s     3m52s    0.8149   0.6881   0.7019     0.7019    0.7753   0.6935    9.84e-05  (ETA 1h32m53s)
     9      28s     4m20s    0.8435   0.6692   0.7051     0.7051    0.7755   0.6988    9.84e-05  (ETA 1h32m10s)
    10      27s     4m48s    0.7763   0.6760   0.7073     0.7073    0.7808   0.7067    9.84e-05  (ETA 1h31m17s)
    11      28s     5m16s    0.7657   0.6938   0.6891     0.6891    0.7830   0.6753    9.84e-05  (ETA 1h30m46s)
    12      29s     5m46s    0.7964   0.6797   0.6271     0.6271    0.7780   0.5822    9.84e-05  (ETA 1h30m33s)
    13      28s     6m15s    0.7518   0.6869   0.7158     0.7158    0.7814   0.7138    9.84e-05  (ETA 1h30m02s)
    14      28s     6m43s    0.7112   0.6995   0.7019     0.7019    0.7817   0.6924    9.84e-05  (ETA 1h29m22s)
    15      28s     7m12s    0.7338   0.7001   0.7030     0.7030    0.7754   0.7029    9.84e-05  (ETA 1h28m52s)
    16      29s     7m41s    0.7053   0.7096   0.7147     0.7147    0.7802   0.7127    9.84e-05  (ETA 1h28m30s)
    17      27s     8m09s    0.6744   0.7196   0.7062     0.7062    0.7780   0.7050    9.84e-05  (ETA 1h27m47s)
    18      30s     8m40s    0.7010   0.6850   0.7073     0.7073    0.7837   0.7072    9.84e-05  (ETA 1h27m39s)
    19      27s     9m07s    0.6452   0.7109   0.7147     0.7147    0.7870   0.7147    9.84e-05  (ETA 1h26m58s)
    20      30s     9m38s    0.6767   0.6889   0.6731     0.6731    0.7802   0.6509    4.92e-05  (ETA 1h26m45s)
    21      27s    10m06s    0.6115   0.6846   0.7137     0.7137    0.7843   0.7137    4.92e-05  (ETA 1h26m06s)
    22      28s    10m34s    0.5814   0.7176   0.7073     0.7073    0.7833   0.7000    4.92e-05  (ETA 1h25m34s)
    23      28s    11m03s    0.6477   0.7054   0.7126     0.7126    0.7842   0.7120    4.92e-05  (ETA 1h25m03s)
    24      27s    11m31s    0.5950   0.7100   0.7019     0.7019    0.7847   0.6933    4.92e-05  (ETA 1h24m27s)
Early stopping at epoch 24 (patience=10)
─────────────────────────────────────────────────────────────────────────────────────────────────────────
ft complete — 24 epochs | total: 11m31s | best epoch=13 val_acc=0.7158
─────────────────────────────────────────────────────────────────────────────────────────────────────────
LoRA adapter saved → /home/apasinato/jade-mscthesis/outputs/ft_checkpoints/ft_faced_binary_w10s10_pool_no_r16_fold_2/lora_adapter
Head weights saved → /home/apasinato/jade-mscthesis/outputs/ft_checkpoints/ft_faced_binary_w10s10_pool_no_r16_fold_2/head_weights.pt

#########################################################################################################
  Fold 3/10  |  faced  |  task=binary  |  pooling=no  |  LoRA r=16  |  device=cuda
  train: 110 subjects  |  val: 13 subjects
#########################################################################################################
Building datasets ...  done in 13s  (train=7,920  val=936)

>>> Stage 1: LP warmup  |  trainable params: 542,722

─────────────────────────────────────────────────────────────────────────────────────────────────────────
  Stage: lp  |  lr=0.005  |  max_epochs=20  |  grad_clip=2.0
 Epoch   EpTime   Elapsed    TrLoss    TrAcc    VaAcc   VaBalAcc   VaAUROC    VaF1w          LR
─────────────────────────────────────────────────────────────────────────────────────────────────────────
     1      11s       11s    1.1731   0.4987   0.5043     0.5043    0.6281   0.3535    6.12e-04  (ETA 3m35s)
     2      11s       23s    3.7441   0.4975   0.4968     0.4968    0.5966   0.3338    1.96e-03  (ETA 3m29s)
     3      11s       35s    9.5954   0.4973   0.5000     0.5000    0.5000   0.3333    4.86e-03  (ETA 3m18s)
     4      11s       46s   13.2906   0.5003   0.4989     0.4989    0.6214   0.3403    4.86e-03  (ETA 3m07s)
     5      12s       59s   11.1723   0.5117   0.5385     0.5385    0.6304   0.4193    4.86e-03  (ETA 2m57s)
     6      12s     1m11s    9.7396   0.5047   0.5053     0.5053    0.5267   0.3707    4.86e-03  (ETA 2m46s)
     7      11s     1m23s    8.2929   0.5144   0.5203     0.5203    0.6594   0.4085    4.86e-03  (ETA 2m34s)
     8      12s     1m35s    7.2953   0.5230   0.5278     0.5278    0.6633   0.4029    4.86e-03  (ETA 2m23s)
     9      12s     1m47s    6.3658   0.5130   0.5139     0.5139    0.5610   0.3846    4.86e-03  (ETA 2m11s)
    10      12s     2m00s    4.2992   0.5611   0.5011     0.5011    0.6812   0.3570    4.86e-03  (ETA 2m00s)
    11      11s     2m12s    3.2428   0.5306   0.5278     0.5278    0.6869   0.4346    4.86e-03  (ETA 1m48s)
    12      11s     2m23s    2.6819   0.5523   0.5310     0.5310    0.6967   0.4469    2.43e-03  (ETA 1m35s)
    13      12s     2m36s    2.1109   0.6117   0.6378     0.6378    0.6889   0.6244    2.43e-03  (ETA 1m24s)
    14      13s     2m49s    2.3159   0.5551   0.5064     0.5064    0.6918   0.3790    2.43e-03  (ETA 1m12s)
    15      12s     3m01s    2.1693   0.5545   0.5694     0.5694    0.6930   0.5343    2.43e-03  (ETA 1m00s)
    16      12s     3m13s    2.0429   0.5602   0.5662     0.5662    0.6930   0.5180    2.43e-03  (ETA 48s)
    17      11s     3m25s    1.9180   0.5670   0.5246     0.5246    0.7028   0.4216    2.43e-03  (ETA 36s)
    18      11s     3m37s    2.0152   0.5670   0.5951     0.5951    0.6993   0.5604    2.43e-03  (ETA 24s)
    19      12s     3m49s    1.7952   0.5909   0.5438     0.5438    0.6946   0.4795    2.43e-03  (ETA 12s)
    20      12s     4m01s    1.8056   0.5710   0.5791     0.5791    0.6926   0.5323    1.22e-03  (done)
─────────────────────────────────────────────────────────────────────────────────────────────────────────
lp complete — 20 epochs | total: 4m01s | best epoch=13 val_acc=0.6378
─────────────────────────────────────────────────────────────────────────────────────────────────────────

>>> Stage 2: LoRA fine-tuning
  Parameters: 1,624,066 trainable / 70,813,698 total (2.29%)  |  LoRA: 1,081,344

─────────────────────────────────────────────────────────────────────────────────────────────────────────
  Stage: ft  |  lr=0.0001  |  max_epochs=200  |  grad_clip=2.0
 Epoch   EpTime   Elapsed    TrLoss    TrAcc    VaAcc   VaBalAcc   VaAUROC    VaF1w          LR
─────────────────────────────────────────────────────────────────────────────────────────────────────────
     1      28s       28s    2.1531   0.6418   0.6303     0.6303    0.6655   0.6264    6.17e-06  (ETA 1h34m23s)
     2      28s       57s    1.8609   0.6644   0.6400     0.6400    0.6770   0.6392    1.63e-05  (ETA 1h34m25s)
     3      29s     1m26s    1.6332   0.6867   0.6538     0.6538    0.6818   0.6538    3.23e-05  (ETA 1h34m52s)
     4      27s     1m54s    1.3805   0.6794   0.6282     0.6282    0.6677   0.6261    5.77e-05  (ETA 1h33m22s)
     5      30s     2m24s    0.9782   0.6650   0.6378     0.6378    0.6597   0.6377    9.80e-05  (ETA 1h33m50s)
     6      27s     2m51s    0.9899   0.6456   0.6314     0.6314    0.6613   0.6301    9.80e-05  (ETA 1h32m38s)
     7      28s     3m20s    0.8628   0.6413   0.6368     0.6368    0.6579   0.6367    9.80e-05  (ETA 1h32m05s)
     8      29s     3m49s    0.7333   0.6615   0.6239     0.6239    0.6555   0.6181    9.80e-05  (ETA 1h31m52s)
     9      28s     4m18s    0.7901   0.6543   0.5748     0.5748    0.6577   0.5268    9.80e-05  (ETA 1h31m29s)
    10      27s     4m46s    0.7244   0.6593   0.6453     0.6453    0.6613   0.6449    9.80e-05  (ETA 1h30m40s)
    11      29s     5m15s    0.7144   0.6636   0.5972     0.5972    0.6609   0.5691    9.80e-05  (ETA 1h30m27s)
    12      27s     5m43s    0.7135   0.6620   0.6335     0.6335    0.6608   0.6299    9.80e-05  (ETA 1h29m47s)
    13      27s     6m11s    0.6884   0.6770   0.6271     0.6271    0.6601   0.6208    9.80e-05  (ETA 1h29m06s)
    14      29s     6m41s    0.7214   0.6539   0.6218     0.6218    0.6625   0.6129    9.80e-05  (ETA 1h28m51s)
Early stopping at epoch 14 (patience=10)
─────────────────────────────────────────────────────────────────────────────────────────────────────────
ft complete — 14 epochs | total: 6m41s | best epoch=3 val_acc=0.6538
─────────────────────────────────────────────────────────────────────────────────────────────────────────
LoRA adapter saved → /home/apasinato/jade-mscthesis/outputs/ft_checkpoints/ft_faced_binary_w10s10_pool_no_r16_fold_3/lora_adapter
Head weights saved → /home/apasinato/jade-mscthesis/outputs/ft_checkpoints/ft_faced_binary_w10s10_pool_no_r16_fold_3/head_weights.pt

#########################################################################################################
  Fold 4/10  |  faced  |  task=binary  |  pooling=no  |  LoRA r=16  |  device=cuda
  train: 111 subjects  |  val: 12 subjects
#########################################################################################################
Building datasets ...  done in 2s  (train=7,992  val=864)

>>> Stage 1: LP warmup  |  trainable params: 542,722

─────────────────────────────────────────────────────────────────────────────────────────────────────────
  Stage: lp  |  lr=0.005  |  max_epochs=20  |  grad_clip=2.0
 Epoch   EpTime   Elapsed    TrLoss    TrAcc    VaAcc   VaBalAcc   VaAUROC    VaF1w          LR
─────────────────────────────────────────────────────────────────────────────────────────────────────────
     1      11s       11s    1.1209   0.4984   0.5000     0.5000    0.6417   0.3333    6.12e-04  (ETA 3m39s)
     2      11s       23s    3.7877   0.5006   0.5069     0.5069    0.6202   0.3544    1.96e-03  (ETA 3m29s)
     3      12s       35s    9.5904   0.5021   0.5000     0.5000    0.6529   0.3333    4.87e-03  (ETA 3m22s)
     4      12s       47s   12.8884   0.5039   0.5000     0.5000    0.6300   0.3333    4.87e-03  (ETA 3m11s)
     5      12s     1m00s   10.8345   0.5171   0.5185     0.5185    0.6553   0.4015    4.87e-03  (ETA 3m00s)
     6      12s     1m12s    9.9673   0.5180   0.5984     0.5984    0.6937   0.5437    4.87e-03  (ETA 2m48s)
     7      14s     1m26s    7.9404   0.5432   0.5729     0.5729    0.7001   0.4826    4.87e-03  (ETA 2m40s)
     8      12s     1m39s    7.2472   0.5324   0.6042     0.6042    0.7109   0.5457    4.87e-03  (ETA 2m28s)
     9      11s     1m50s    6.3282   0.5455   0.5903     0.5903    0.7290   0.5406    4.87e-03  (ETA 2m15s)
    10      11s     2m02s    5.6443   0.5494   0.5185     0.5185    0.7391   0.3786    4.87e-03  (ETA 2m02s)
    11      11s     2m14s    5.3042   0.5679   0.5185     0.5185    0.7480   0.3732    4.87e-03  (ETA 1m50s)
    12      13s     2m27s    5.2352   0.5702   0.6481     0.6481    0.7719   0.6238    4.87e-03  (ETA 1m38s)
    13      13s     2m40s    4.7667   0.5714   0.5405     0.5405    0.7207   0.4237    4.87e-03  (ETA 1m26s)
    14      12s     2m53s    4.4278   0.5599   0.5255     0.5255    0.7495   0.3993    4.87e-03  (ETA 1m14s)
    15      11s     3m05s    3.8405   0.5812   0.5775     0.5775    0.7638   0.4996    4.87e-03  (ETA 1m01s)
    16      11s     3m16s    3.5775   0.5903   0.6458     0.6458    0.7744   0.6162    4.87e-03  (ETA 49s)
    17      12s     3m28s    2.9702   0.6147   0.5984     0.5984    0.6910   0.5580    4.87e-03  (ETA 36s)
    18      12s     3m41s    3.5662   0.5846   0.5694     0.5694    0.7494   0.4814    4.87e-03  (ETA 24s)
    19      12s     3m53s    2.8708   0.5908   0.5880     0.5880    0.7605   0.5145    2.43e-03  (ETA 12s)
    20      12s     4m06s    2.9923   0.5878   0.6759     0.6759    0.7504   0.6737    2.43e-03  (done)
─────────────────────────────────────────────────────────────────────────────────────────────────────────
lp complete — 20 epochs | total: 4m06s | best epoch=20 val_acc=0.6759
─────────────────────────────────────────────────────────────────────────────────────────────────────────

>>> Stage 2: LoRA fine-tuning
  Parameters: 1,624,066 trainable / 70,813,698 total (2.29%)  |  LoRA: 1,081,344

─────────────────────────────────────────────────────────────────────────────────────────────────────────
  Stage: ft  |  lr=0.0001  |  max_epochs=200  |  grad_clip=2.0
 Epoch   EpTime   Elapsed    TrLoss    TrAcc    VaAcc   VaBalAcc   VaAUROC    VaF1w          LR
─────────────────────────────────────────────────────────────────────────────────────────────────────────
     1      28s       28s    1.9823   0.6533   0.6829     0.6829    0.7394   0.6829    6.24e-06  (ETA 1h34m04s)
     2      29s       58s    1.4065   0.7121   0.6921     0.6921    0.7479   0.6920    1.64e-05  (ETA 1h36m18s)
     3      27s     1m26s    1.2765   0.6981   0.6898     0.6898    0.7506   0.6889    3.25e-05  (ETA 1h34m23s)
     4      28s     1m54s    1.0907   0.6887   0.6690     0.6690    0.7344   0.6677    5.80e-05  (ETA 1h33m32s)
     5      28s     2m22s    0.9135   0.7010   0.6400     0.6400    0.7319   0.6305    9.84e-05  (ETA 1h32m49s)
     6      29s     2m52s    0.8911   0.6751   0.6597     0.6597    0.7217   0.6594    9.84e-05  (ETA 1h32m54s)
     7      28s     3m21s    0.8999   0.6791   0.6620     0.6620    0.7324   0.6618    9.84e-05  (ETA 1h32m27s)
     8      29s     3m50s    0.7631   0.6859   0.6713     0.6713    0.7269   0.6709    9.84e-05  (ETA 1h32m17s)
     9      28s     4m19s    0.7488   0.6787   0.6644     0.6644    0.7301   0.6605    9.84e-05  (ETA 1h31m42s)
    10      28s     4m47s    0.7173   0.6927   0.6505     0.6505    0.7331   0.6451    9.84e-05  (ETA 1h30m58s)
    11      30s     5m17s    0.7338   0.6674   0.6632     0.6632    0.7345   0.6609    9.84e-05  (ETA 1h30m51s)
    12      27s     5m45s    0.7837   0.6713   0.6748     0.6748    0.7336   0.6748    9.84e-05  (ETA 1h30m06s)
    13      29s     6m14s    0.7284   0.7021   0.6690     0.6690    0.7350   0.6689    9.84e-05  (ETA 1h29m50s)
Early stopping at epoch 13 (patience=10)
─────────────────────────────────────────────────────────────────────────────────────────────────────────
ft complete — 13 epochs | total: 6m14s | best epoch=2 val_acc=0.6921
─────────────────────────────────────────────────────────────────────────────────────────────────────────
LoRA adapter saved → /home/apasinato/jade-mscthesis/outputs/ft_checkpoints/ft_faced_binary_w10s10_pool_no_r16_fold_4/lora_adapter
Head weights saved → /home/apasinato/jade-mscthesis/outputs/ft_checkpoints/ft_faced_binary_w10s10_pool_no_r16_fold_4/head_weights.pt

#########################################################################################################
  Fold 5/10  |  faced  |  task=binary  |  pooling=no  |  LoRA r=16  |  device=cuda
  train: 111 subjects  |  val: 12 subjects
#########################################################################################################
Building datasets ...  done in 1s  (train=7,992  val=864)

>>> Stage 1: LP warmup  |  trainable params: 542,722

─────────────────────────────────────────────────────────────────────────────────────────────────────────
  Stage: lp  |  lr=0.005  |  max_epochs=20  |  grad_clip=2.0
 Epoch   EpTime   Elapsed    TrLoss    TrAcc    VaAcc   VaBalAcc   VaAUROC    VaF1w          LR
─────────────────────────────────────────────────────────────────────────────────────────────────────────
     1      11s       11s    0.8709   0.4970   0.4988     0.4988    0.6521   0.3328    6.12e-04  (ETA 3m39s)
     2      12s       24s    2.0485   0.4951   0.5012     0.5012    0.6480   0.3359    1.96e-03  (ETA 3m37s)
     3      13s       37s    5.1858   0.5140   0.5116     0.5116    0.6524   0.3642    4.87e-03  (ETA 3m33s)
     4      12s       49s    7.6225   0.5128   0.5567     0.5567    0.6601   0.4578    4.87e-03  (ETA 3m19s)
     5      11s     1m01s    6.8674   0.5280   0.5127     0.5127    0.6590   0.3666    4.87e-03  (ETA 3m05s)
     6      11s     1m13s    6.4151   0.5422   0.5556     0.5556    0.6983   0.4659    4.87e-03  (ETA 2m51s)
     7      12s     1m25s    5.9258   0.5325   0.5891     0.5891    0.7241   0.5382    4.87e-03  (ETA 2m39s)
     8      12s     1m38s    5.2339   0.5569   0.6377     0.6377    0.7352   0.6187    4.87e-03  (ETA 2m27s)
     9      13s     1m51s    4.9476   0.5749   0.6146     0.6146    0.7372   0.5815    4.87e-03  (ETA 2m16s)
    10      12s     2m04s    4.6934   0.5683   0.6759     0.6759    0.7524   0.6656    4.87e-03  (ETA 2m04s)
    11      11s     2m15s    4.3623   0.5852   0.6111     0.6111    0.7688   0.5655    4.87e-03  (ETA 1m51s)
    12      11s     2m27s    5.1537   0.5828   0.5093     0.5093    0.6980   0.3536    4.87e-03  (ETA 1m38s)
    13      12s     2m40s    8.1722   0.5405   0.5405     0.5405    0.6271   0.4206    4.87e-03  (ETA 1m26s)
    14      12s     2m52s    6.6416   0.5551   0.6169     0.6169    0.7276   0.5784    4.87e-03  (ETA 1m13s)
    15      11s     3m03s    5.4676   0.5862   0.6157     0.6157    0.7380   0.5891    4.87e-03  (ETA 1m01s)
    16      12s     3m16s    6.7327   0.5811   0.6030     0.6030    0.7236   0.5645    4.87e-03  (ETA 49s)
    17      12s     3m28s    3.7474   0.6303   0.6366     0.6366    0.7593   0.6022    2.43e-03  (ETA 36s)
    18      12s     3m41s    2.3450   0.6683   0.6296     0.6296    0.7629   0.6014    2.43e-03  (ETA 24s)
    19      12s     3m53s    1.6890   0.6883   0.6771     0.6771    0.7548   0.6666    2.43e-03  (ETA 12s)
    20      12s     4m05s    3.1312   0.6319   0.5417     0.5417    0.7208   0.4332    2.43e-03  (done)
─────────────────────────────────────────────────────────────────────────────────────────────────────────
lp complete — 20 epochs | total: 4m05s | best epoch=19 val_acc=0.6771
─────────────────────────────────────────────────────────────────────────────────────────────────────────

>>> Stage 2: LoRA fine-tuning
  Parameters: 1,624,066 trainable / 70,813,698 total (2.29%)  |  LoRA: 1,081,344

─────────────────────────────────────────────────────────────────────────────────────────────────────────
  Stage: ft  |  lr=0.0001  |  max_epochs=200  |  grad_clip=2.0
 Epoch   EpTime   Elapsed    TrLoss    TrAcc    VaAcc   VaBalAcc   VaAUROC    VaF1w          LR
─────────────────────────────────────────────────────────────────────────────────────────────────────────
     1      28s       28s    2.2103   0.6490   0.6852     0.6852    0.7493   0.6851    6.18e-06  (ETA 1h34m37s)
     2      27s       56s    1.2659   0.6991   0.6840     0.6840    0.7569   0.6829    1.63e-05  (ETA 1h33m04s)
     3      29s     1m26s    1.2334   0.7096   0.6921     0.6921    0.7564   0.6917    3.23e-05  (ETA 1h34m10s)
     4      28s     1m54s    1.0097   0.6767   0.6817     0.6817    0.7483   0.6814    5.77e-05  (ETA 1h33m11s)
     5      28s     2m23s    1.0261   0.6977   0.6771     0.6771    0.7521   0.6731    9.80e-05  (ETA 1h33m00s)
     6      28s     2m51s    0.8800   0.7043   0.6840     0.6840    0.7611   0.6816    9.80e-05  (ETA 1h32m27s)
     7      30s     3m21s    0.8500   0.6989   0.6898     0.6898    0.7502   0.6898    9.80e-05  (ETA 1h32m41s)
     8      29s     3m50s    0.8710   0.6972   0.6991     0.6991    0.7517   0.6989    9.80e-05  (ETA 1h32m22s)
     9      28s     4m18s    0.8645   0.6702   0.6644     0.6644    0.7584   0.6441    9.80e-05  (ETA 1h31m35s)
    10      28s     4m46s    0.8403   0.6725   0.6806     0.6806    0.7540   0.6778    9.80e-05  (ETA 1h30m52s)
    11      27s     5m14s    0.8440   0.6622   0.6979     0.6979    0.7582   0.6977    9.80e-05  (ETA 1h30m08s)
    12      29s     5m44s    0.8734   0.6766   0.6817     0.6817    0.7587   0.6773    9.80e-05  (ETA 1h29m49s)
    13      28s     6m12s    0.7877   0.6957   0.6528     0.6528    0.7551   0.6401    9.80e-05  (ETA 1h29m12s)
    14      28s     6m41s    0.8060   0.6908   0.6644     0.6644    0.7580   0.6469    9.80e-05  (ETA 1h28m48s)
    15      28s     7m09s    0.8402   0.6757   0.6782     0.6782    0.7609   0.6729    4.90e-05  (ETA 1h28m22s)
    16      29s     7m39s    0.7848   0.7142   0.6736     0.6736    0.7600   0.6661    4.90e-05  (ETA 1h28m06s)
    17      28s     8m07s    0.7142   0.7045   0.6921     0.6921    0.7573   0.6906    4.90e-05  (ETA 1h27m32s)
    18      29s     8m37s    0.6596   0.7040   0.6944     0.6944    0.7604   0.6930    4.90e-05  (ETA 1h27m08s)
    19      28s     9m05s    0.6134   0.6710   0.6944     0.6944    0.7587   0.6936    4.90e-05  (ETA 1h26m33s)
Early stopping at epoch 19 (patience=10)
─────────────────────────────────────────────────────────────────────────────────────────────────────────
ft complete — 19 epochs | total: 9m05s | best epoch=8 val_acc=0.6991
─────────────────────────────────────────────────────────────────────────────────────────────────────────
LoRA adapter saved → /home/apasinato/jade-mscthesis/outputs/ft_checkpoints/ft_faced_binary_w10s10_pool_no_r16_fold_5/lora_adapter
Head weights saved → /home/apasinato/jade-mscthesis/outputs/ft_checkpoints/ft_faced_binary_w10s10_pool_no_r16_fold_5/head_weights.pt

#########################################################################################################
  Fold 6/10  |  faced  |  task=binary  |  pooling=no  |  LoRA r=16  |  device=cuda
  train: 111 subjects  |  val: 12 subjects
#########################################################################################################
Building datasets ...  done in 4s  (train=7,992  val=864)

>>> Stage 1: LP warmup  |  trainable params: 542,722

─────────────────────────────────────────────────────────────────────────────────────────────────────────
  Stage: lp  |  lr=0.005  |  max_epochs=20  |  grad_clip=2.0
 Epoch   EpTime   Elapsed    TrLoss    TrAcc    VaAcc   VaBalAcc   VaAUROC    VaF1w          LR
─────────────────────────────────────────────────────────────────────────────────────────────────────────
     1      11s       11s    1.0956   0.4990   0.6019     0.6019    0.6349   0.6018    6.12e-04  (ETA 3m38s)
     2      12s       23s    5.6695   0.5174   0.5081     0.5081    0.6443   0.3678    1.96e-03  (ETA 3m33s)
     3      13s       37s   13.9399   0.5060   0.4965     0.4965    0.6281   0.3529    4.87e-03  (ETA 3m31s)
     4      12s       49s    5.0600   0.5156   0.5058     0.5058    0.6830   0.3538    4.87e-03  (ETA 3m19s)
     5      11s     1m01s    3.7422   0.5049   0.5046     0.5046    0.6939   0.3779    4.87e-03  (ETA 3m05s)
     6      12s     1m13s    3.4047   0.5183   0.5359     0.5359    0.7091   0.4194    4.87e-03  (ETA 2m52s)
     7      13s     1m27s    3.5155   0.5372   0.5764     0.5764    0.7126   0.5183    4.87e-03  (ETA 2m41s)
     8      12s     1m39s    3.2137   0.5393   0.5799     0.5799    0.7097   0.5317    4.87e-03  (ETA 2m29s)
     9      12s     1m51s    2.9966   0.5506   0.5035     0.5035    0.7281   0.3508    4.87e-03  (ETA 2m16s)
    10      11s     2m03s    2.9084   0.5449   0.6435     0.6435    0.7290   0.6142    4.87e-03  (ETA 2m03s)
    11      12s     2m15s    2.7334   0.5567   0.5822     0.5822    0.7298   0.5366    4.87e-03  (ETA 1m51s)
    12      12s     2m28s    2.5843   0.5532   0.5255     0.5255    0.7461   0.4040    4.87e-03  (ETA 1m39s)
    13      19s     2m47s    2.7878   0.5536   0.5787     0.5787    0.7438   0.5127    4.87e-03  (ETA 1m30s)
    14      11s     2m59s    2.4695   0.5543   0.6088     0.6088    0.7485   0.5718    4.87e-03  (ETA 1m16s)
    15      12s     3m12s    2.3878   0.5623   0.5764     0.5764    0.7488   0.5061    4.87e-03  (ETA 1m04s)
    16      12s     3m24s    2.7003   0.5692   0.5417     0.5417    0.6894   0.4346    4.87e-03  (ETA 51s)
    17      12s     3m36s    5.0858   0.5265   0.6065     0.6065    0.7290   0.5646    2.43e-03  (ETA 38s)
    18      11s     3m48s    2.1045   0.5936   0.5799     0.5799    0.7391   0.5201    2.43e-03  (ETA 25s)
    19      12s     4m01s    1.9437   0.5895   0.5775     0.5775    0.7457   0.5156    2.43e-03  (ETA 12s)
    20      12s     4m13s    1.9349   0.5997   0.6076     0.6076    0.7538   0.5627    2.43e-03  (done)
─────────────────────────────────────────────────────────────────────────────────────────────────────────
lp complete — 20 epochs | total: 4m13s | best epoch=10 val_acc=0.6435
─────────────────────────────────────────────────────────────────────────────────────────────────────────

>>> Stage 2: LoRA fine-tuning
  Parameters: 1,624,066 trainable / 70,813,698 total (2.29%)  |  LoRA: 1,081,344

─────────────────────────────────────────────────────────────────────────────────────────────────────────
  Stage: ft  |  lr=0.0001  |  max_epochs=200  |  grad_clip=2.0
 Epoch   EpTime   Elapsed    TrLoss    TrAcc    VaAcc   VaBalAcc   VaAUROC    VaF1w          LR
─────────────────────────────────────────────────────────────────────────────────────────────────────────
     1      28s       28s    2.1328   0.6355   0.6562     0.6562    0.7331   0.6509    6.24e-06  (ETA 1h34m46s)
     2      29s       57s    1.7393   0.6463   0.6516     0.6516    0.7425   0.6412    1.64e-05  (ETA 1h35m05s)
     3      28s     1m26s    1.4878   0.6502   0.6655     0.6655    0.7551   0.6550    3.25e-05  (ETA 1h34m36s)
     4      29s     1m55s    1.2833   0.6563   0.6319     0.6319    0.7554   0.5983    5.80e-05  (ETA 1h34m43s)
     5      27s     2m23s    1.1028   0.6451   0.6435     0.6435    0.7524   0.6158    9.84e-05  (ETA 1h33m32s)
     6      31s     2m54s    1.0458   0.6220   0.6701     0.6701    0.7537   0.6583    9.84e-05  (ETA 1h34m15s)
     7      28s     3m23s    0.8693   0.6715   0.6898     0.6898    0.7480   0.6898    9.84e-05  (ETA 1h33m26s)
     8      29s     3m52s    0.7864   0.6525   0.6968     0.6968    0.7482   0.6967    9.84e-05  (ETA 1h32m59s)
     9      29s     4m21s    0.7878   0.6286   0.6007     0.6007    0.7548   0.5519    9.84e-05  (ETA 1h32m30s)
    10      29s     4m50s    0.9080   0.6204   0.6898     0.6898    0.7591   0.6861    9.84e-05  (ETA 1h32m06s)
    11      29s     5m20s    0.8663   0.6451   0.5613     0.5613    0.7582   0.4770    9.84e-05  (ETA 1h31m38s)
    12      31s     5m51s    0.9969   0.6165   0.6771     0.6771    0.7594   0.6663    9.84e-05  (ETA 1h31m40s)
    13      29s     6m20s    0.8264   0.6466   0.5741     0.5741    0.7524   0.5013    9.84e-05  (ETA 1h31m17s)
    14      28s     6m49s    0.7074   0.6779   0.6933     0.6933    0.7557   0.6922    9.84e-05  (ETA 1h30m37s)
    15      29s     7m19s    0.7462   0.6598   0.6736     0.6736    0.7550   0.6682    4.92e-05  (ETA 1h30m15s)
    16      30s     7m49s    0.6551   0.6709   0.6887     0.6887    0.7557   0.6832    4.92e-05  (ETA 1h30m01s)
    17      30s     8m20s    0.6752   0.6540   0.6898     0.6898    0.7571   0.6826    4.92e-05  (ETA 1h29m46s)
    18      29s     8m49s    0.6161   0.6690   0.6875     0.6875    0.7543   0.6805    4.92e-05  (ETA 1h29m13s)
    19      29s     9m19s    0.6091   0.6858   0.7002     0.7002    0.7575   0.6986    4.92e-05  (ETA 1h28m46s)
    20      30s     9m49s    0.6191   0.6587   0.7025     0.7025    0.7593   0.7025    4.92e-05  (ETA 1h28m26s)
    21      29s    10m18s    0.6386   0.6857   0.6968     0.6968    0.7569   0.6966    4.92e-05  (ETA 1h27m56s)
    22      29s    10m47s    0.6498   0.6712   0.6366     0.6366    0.7563   0.6094    4.92e-05  (ETA 1h27m22s)
    23      28s    11m16s    0.6055   0.7092   0.6979     0.6979    0.7512   0.6979    4.92e-05  (ETA 1h26m47s)
    24      29s    11m46s    0.5999   0.6974   0.6979     0.6979    0.7560   0.6969    4.92e-05  (ETA 1h26m22s)
    25      29s    12m16s    0.6112   0.6660   0.6968     0.6968    0.7547   0.6921    4.92e-05  (ETA 1h25m55s)
    26      28s    12m45s    0.5822   0.6872   0.6632     0.6632    0.7548   0.6504    4.92e-05  (ETA 1h25m22s)
    27      29s    13m14s    0.5769   0.6968   0.6956     0.6956    0.7528   0.6919    2.46e-05  (ETA 1h24m51s)
    28      30s    13m45s    0.5903   0.6861   0.6620     0.6620    0.7548   0.6481    2.46e-05  (ETA 1h24m30s)
    29      28s    14m13s    0.5762   0.6939   0.7014     0.7014    0.7554   0.7012    2.46e-05  (ETA 1h23m54s)
    30      29s    14m43s    0.5786   0.7110   0.6748     0.6748    0.7556   0.6656    2.46e-05  (ETA 1h23m25s)
    31      30s    15m14s    0.5649   0.6987   0.6898     0.6898    0.7515   0.6889    2.46e-05  (ETA 1h23m04s)
Early stopping at epoch 31 (patience=10)
─────────────────────────────────────────────────────────────────────────────────────────────────────────
ft complete — 31 epochs | total: 15m14s | best epoch=20 val_acc=0.7025
─────────────────────────────────────────────────────────────────────────────────────────────────────────
LoRA adapter saved → /home/apasinato/jade-mscthesis/outputs/ft_checkpoints/ft_faced_binary_w10s10_pool_no_r16_fold_6/lora_adapter
Head weights saved → /home/apasinato/jade-mscthesis/outputs/ft_checkpoints/ft_faced_binary_w10s10_pool_no_r16_fold_6/head_weights.pt

#########################################################################################################
  Fold 7/10  |  faced  |  task=binary  |  pooling=no  |  LoRA r=16  |  device=cuda
  train: 111 subjects  |  val: 12 subjects
#########################################################################################################
Building datasets ...  done in 1s  (train=7,992  val=864)

>>> Stage 1: LP warmup  |  trainable params: 542,722

─────────────────────────────────────────────────────────────────────────────────────────────────────────
  Stage: lp  |  lr=0.005  |  max_epochs=20  |  grad_clip=2.0
 Epoch   EpTime   Elapsed    TrLoss    TrAcc    VaAcc   VaBalAcc   VaAUROC    VaF1w          LR
─────────────────────────────────────────────────────────────────────────────────────────────────────────
     1      11s       11s    1.5937   0.5005   0.5000     0.5000    0.6304   0.3333    6.12e-04  (ETA 3m42s)
     2      12s       23s    6.1096   0.4894   0.5000     0.5000    0.5805   0.3333    1.96e-03  (ETA 3m34s)
     3      12s       36s   14.7237   0.5126   0.5000     0.5000    0.5000   0.3333    4.87e-03  (ETA 3m24s)
     4      13s       49s   19.3435   0.4916   0.5000     0.5000    0.6374   0.3333    4.87e-03  (ETA 3m16s)
     5      13s     1m02s   14.6064   0.5106   0.5012     0.5012    0.6174   0.3478    4.87e-03  (ETA 3m08s)
     6      12s     1m15s   11.1666   0.5121   0.5012     0.5012    0.5705   0.3359    4.87e-03  (ETA 2m56s)
     7      12s     1m27s    8.8490   0.5118   0.5058     0.5058    0.6846   0.3461    4.87e-03  (ETA 2m43s)
     8      12s     1m39s    4.8163   0.5502   0.5683     0.5683    0.7432   0.4830    4.87e-03  (ETA 2m29s)
     9      11s     1m51s    2.6347   0.5721   0.5602     0.5602    0.7463   0.4678    4.87e-03  (ETA 2m16s)
    10      12s     2m04s    2.1254   0.5811   0.5845     0.5845    0.7574   0.5110    4.87e-03  (ETA 2m04s)
    11      13s     2m17s    1.8716   0.5887   0.6400     0.6400    0.7663   0.6045    4.87e-03  (ETA 1m52s)
    12      15s     2m32s    1.8993   0.5967   0.5613     0.5613    0.7686   0.4622    4.87e-03  (ETA 1m41s)
    13      12s     2m45s    3.0789   0.5926   0.5116     0.5116    0.7611   0.3604    4.87e-03  (ETA 1m29s)
    14      12s     2m57s    2.3092   0.6324   0.5775     0.5775    0.7620   0.5017    4.87e-03  (ETA 1m16s)
    15      12s     3m09s    1.3726   0.6356   0.6435     0.6435    0.7739   0.6153    4.87e-03  (ETA 1m03s)
    16      12s     3m22s    1.7099   0.6435   0.5104     0.5104    0.7526   0.3561    4.87e-03  (ETA 50s)
    17      12s     3m34s    2.0242   0.5861   0.6030     0.6030    0.7602   0.5357    4.87e-03  (ETA 37s)
    18      12s     3m47s    1.7868   0.6076   0.6366     0.6366    0.7649   0.6034    4.87e-03  (ETA 25s)
    19      12s     4m00s    1.6038   0.6224   0.6192     0.6192    0.7699   0.5749    4.87e-03  (ETA 12s)
    20      13s     4m13s    1.3149   0.6679   0.6632     0.6632    0.7474   0.6569    4.87e-03  (done)
─────────────────────────────────────────────────────────────────────────────────────────────────────────
lp complete — 20 epochs | total: 4m13s | best epoch=20 val_acc=0.6632
─────────────────────────────────────────────────────────────────────────────────────────────────────────

>>> Stage 2: LoRA fine-tuning
  Parameters: 1,624,066 trainable / 70,813,698 total (2.29%)  |  LoRA: 1,081,344

─────────────────────────────────────────────────────────────────────────────────────────────────────────
  Stage: ft  |  lr=0.0001  |  max_epochs=200  |  grad_clip=2.0
 Epoch   EpTime   Elapsed    TrLoss    TrAcc    VaAcc   VaBalAcc   VaAUROC    VaF1w          LR
─────────────────────────────────────────────────────────────────────────────────────────────────────────
     1      28s       28s    1.7740   0.6441   0.6887     0.6887    0.7426   0.6883    6.31e-06  (ETA 1h35m33s)
     2      30s       59s    1.5270   0.6881   0.6887     0.6887    0.7530   0.6884    1.65e-05  (ETA 1h37m34s)
     3      31s     1m30s    1.3622   0.6878   0.7095     0.7095    0.7675   0.7088    3.26e-05  (ETA 1h38m54s)
     4      29s     1m59s    1.1363   0.6934   0.6968     0.6968    0.7690   0.6967    5.82e-05  (ETA 1h37m54s)
     5      28s     2m28s    0.9347   0.6923   0.7037     0.7037    0.7679   0.6981    9.88e-05  (ETA 1h36m41s)
     6      30s     2m58s    0.7559   0.7048   0.6944     0.6944    0.7611   0.6944    9.88e-05  (ETA 1h36m27s)
     7      29s     3m28s    0.6690   0.7153   0.6898     0.6898    0.7603   0.6863    9.88e-05  (ETA 1h35m49s)
     8      28s     3m57s    0.6912   0.7132   0.6748     0.6748    0.7551   0.6729    9.88e-05  (ETA 1h34m58s)
     9      29s     4m26s    0.6415   0.7150   0.6863     0.6863    0.7588   0.6803    9.88e-05  (ETA 1h34m25s)
    10      29s     4m55s    0.6181   0.7171   0.6794     0.6794    0.7552   0.6770    9.88e-05  (ETA 1h33m43s)
    11      29s     5m25s    0.6678   0.7346   0.6898     0.6898    0.7608   0.6887    9.88e-05  (ETA 1h33m14s)
    12      30s     5m55s    0.5643   0.7321   0.6840     0.6840    0.7598   0.6840    9.88e-05  (ETA 1h32m52s)
    13      29s     6m25s    0.6051   0.7240   0.6701     0.6701    0.7548   0.6629    9.88e-05  (ETA 1h32m18s)
    14      29s     6m54s    0.5525   0.7395   0.6829     0.6829    0.7586   0.6815    4.94e-05  (ETA 1h31m49s)
Early stopping at epoch 14 (patience=10)
─────────────────────────────────────────────────────────────────────────────────────────────────────────
ft complete — 14 epochs | total: 6m54s | best epoch=3 val_acc=0.7095
─────────────────────────────────────────────────────────────────────────────────────────────────────────
LoRA adapter saved → /home/apasinato/jade-mscthesis/outputs/ft_checkpoints/ft_faced_binary_w10s10_pool_no_r16_fold_7/lora_adapter
Head weights saved → /home/apasinato/jade-mscthesis/outputs/ft_checkpoints/ft_faced_binary_w10s10_pool_no_r16_fold_7/head_weights.pt

#########################################################################################################
  Fold 8/10  |  faced  |  task=binary  |  pooling=no  |  LoRA r=16  |  device=cuda
  train: 111 subjects  |  val: 12 subjects
#########################################################################################################
Building datasets ...  done in 11s  (train=7,992  val=864)

>>> Stage 1: LP warmup  |  trainable params: 542,722

─────────────────────────────────────────────────────────────────────────────────────────────────────────
  Stage: lp  |  lr=0.005  |  max_epochs=20  |  grad_clip=2.0
 Epoch   EpTime   Elapsed    TrLoss    TrAcc    VaAcc   VaBalAcc   VaAUROC    VaF1w          LR
─────────────────────────────────────────────────────────────────────────────────────────────────────────
     1      11s       11s    1.0911   0.5084   0.5023     0.5023    0.6282   0.3385    6.12e-04  (ETA 3m34s)
     2      11s       22s    3.6708   0.5059   0.5000     0.5000    0.6183   0.3333    1.96e-03  (ETA 3m26s)
     3      12s       35s    9.6922   0.4937   0.5035     0.5035    0.5493   0.3410    4.87e-03  (ETA 3m18s)
     4      12s       47s   12.8953   0.5118   0.5405     0.5405    0.6414   0.4394    4.87e-03  (ETA 3m10s)
     5      13s     1m00s   11.1998   0.5241   0.5127     0.5127    0.6846   0.3666    4.87e-03  (ETA 3m02s)
     6      12s     1m13s    9.4196   0.5427   0.5104     0.5104    0.7320   0.3599    4.87e-03  (ETA 2m52s)
     7      12s     1m26s    8.6299   0.5322   0.5440     0.5440    0.6885   0.4288    4.87e-03  (ETA 2m40s)
     8      12s     1m38s    8.7062   0.5328   0.5000     0.5000    0.7300   0.3333    4.87e-03  (ETA 2m27s)
     9      12s     1m50s   11.2635   0.5226   0.5081     0.5081    0.5897   0.3530    4.87e-03  (ETA 2m14s)
    10      14s     2m04s    7.5846   0.5553   0.6806     0.6806    0.7699   0.6732    4.87e-03  (ETA 2m04s)
    11      12s     2m17s    5.8593   0.5594   0.6100     0.6100    0.7909   0.5527    4.87e-03  (ETA 1m52s)
    12      12s     2m29s    6.5495   0.5624   0.5012     0.5012    0.5630   0.3359    4.87e-03  (ETA 1m39s)
    13      12s     2m41s    5.4192   0.5696   0.6528     0.6528    0.7752   0.6287    4.87e-03  (ETA 1m27s)
    14      13s     2m54s    2.5735   0.6222   0.6030     0.6030    0.8014   0.5430    4.87e-03  (ETA 1m14s)
    15      12s     3m06s    2.5514   0.6229   0.6331     0.6331    0.7783   0.5937    4.87e-03  (ETA 1m02s)
    16      12s     3m18s    2.2336   0.6237   0.6481     0.6481    0.7889   0.6208    4.87e-03  (ETA 49s)
    17      12s     3m31s    2.4818   0.6212   0.5671     0.5671    0.7640   0.4737    2.43e-03  (ETA 37s)
    18      13s     3m45s    3.8814   0.5933   0.5174     0.5174    0.7755   0.3726    2.43e-03  (ETA 25s)
    19      13s     3m58s    3.8216   0.5658   0.7269     0.7269    0.7888   0.7252    2.43e-03  (ETA 12s)
    20      12s     4m11s    1.6820   0.6572   0.6528     0.6528    0.7947   0.6253    2.43e-03  (done)
─────────────────────────────────────────────────────────────────────────────────────────────────────────
lp complete — 20 epochs | total: 4m11s | best epoch=19 val_acc=0.7269
─────────────────────────────────────────────────────────────────────────────────────────────────────────

>>> Stage 2: LoRA fine-tuning
  Parameters: 1,624,066 trainable / 70,813,698 total (2.29%)  |  LoRA: 1,081,344

─────────────────────────────────────────────────────────────────────────────────────────────────────────
  Stage: ft  |  lr=0.0001  |  max_epochs=200  |  grad_clip=2.0
 Epoch   EpTime   Elapsed    TrLoss    TrAcc    VaAcc   VaBalAcc   VaAUROC    VaF1w          LR
─────────────────────────────────────────────────────────────────────────────────────────────────────────
     1      32s       32s    1.4493   0.6819   0.7014     0.7014    0.7772   0.6995    6.31e-06  (ETA 1h46m46s)
     2      27s     1m00s    1.3136   0.7098   0.7141     0.7141    0.7828   0.7128    1.65e-05  (ETA 1h39m02s)
     3      30s     1m30s    1.0292   0.7192   0.7002     0.7002    0.7890   0.6973    3.26e-05  (ETA 1h38m32s)
     4      30s     2m00s    0.8859   0.6993   0.7188     0.7188    0.7854   0.7163    5.82e-05  (ETA 1h38m05s)
     5      28s     2m28s    0.7424   0.6944   0.7106     0.7106    0.7806   0.7078    9.88e-05  (ETA 1h36m31s)
     6      33s     3m02s    0.7144   0.6933   0.6782     0.6782    0.7799   0.6682    9.88e-05  (ETA 1h38m11s)
     7      28s     3m31s    0.7657   0.7095   0.6412     0.6412    0.7790   0.6112    9.88e-05  (ETA 1h36m59s)
     8      29s     4m01s    0.7678   0.6987   0.7245     0.7245    0.7806   0.7240    9.88e-05  (ETA 1h36m25s)
     9      31s     4m32s    0.6563   0.7165   0.7176     0.7176    0.7812   0.7164    9.88e-05  (ETA 1h36m24s)
    10      28s     5m00s    0.6826   0.6961   0.7164     0.7164    0.7885   0.7142    9.88e-05  (ETA 1h35m12s)
    11      30s     5m31s    0.7031   0.6783   0.7234     0.7234    0.7874   0.7231    9.88e-05  (ETA 1h34m54s)
    12      29s     6m01s    0.6673   0.7165   0.7350     0.7350    0.7852   0.7347    9.88e-05  (ETA 1h34m21s)
    13      30s     6m32s    0.6507   0.6953   0.7303     0.7303    0.7810   0.7300    9.88e-05  (ETA 1h34m04s)
    14      29s     7m02s    0.7130   0.6871   0.7141     0.7141    0.7847   0.7105    9.88e-05  (ETA 1h33m29s)
    15      29s     7m32s    0.6442   0.6723   0.7338     0.7338    0.7860   0.7331    9.88e-05  (ETA 1h32m57s)
    16      31s     8m03s    0.6164   0.7037   0.7269     0.7269    0.7901   0.7255    9.88e-05  (ETA 1h32m40s)
    17      28s     8m32s    0.6160   0.6902   0.7106     0.7106    0.7851   0.7093    9.88e-05  (ETA 1h31m52s)
    18      30s     9m02s    0.5717   0.7067   0.7060     0.7060    0.7917   0.7040    9.88e-05  (ETA 1h31m22s)
    19      28s     9m30s    0.6196   0.7082   0.6863     0.6863    0.7878   0.6759    4.94e-05  (ETA 1h30m37s)
    20      30s    10m01s    0.5823   0.7243   0.7072     0.7072    0.7851   0.7063    4.94e-05  (ETA 1h30m15s)
    21      28s    10m30s    0.5537   0.7031   0.6887     0.6887    0.7869   0.6809    4.94e-05  (ETA 1h29m31s)
    22      31s    11m01s    0.5574   0.7520   0.7292     0.7292    0.7853   0.7285    4.94e-05  (ETA 1h29m15s)
    23      28s    11m30s    0.5272   0.7075   0.7211     0.7211    0.7869   0.7191    4.94e-05  (ETA 1h28m32s)
Early stopping at epoch 23 (patience=10)
─────────────────────────────────────────────────────────────────────────────────────────────────────────
ft complete — 23 epochs | total: 11m30s | best epoch=12 val_acc=0.7350
─────────────────────────────────────────────────────────────────────────────────────────────────────────
LoRA adapter saved → /home/apasinato/jade-mscthesis/outputs/ft_checkpoints/ft_faced_binary_w10s10_pool_no_r16_fold_8/lora_adapter
Head weights saved → /home/apasinato/jade-mscthesis/outputs/ft_checkpoints/ft_faced_binary_w10s10_pool_no_r16_fold_8/head_weights.pt

#########################################################################################################
  Fold 9/10  |  faced  |  task=binary  |  pooling=no  |  LoRA r=16  |  device=cuda
  train: 111 subjects  |  val: 12 subjects
#########################################################################################################
Building datasets ...  done in 6s  (train=7,992  val=864)

>>> Stage 1: LP warmup  |  trainable params: 542,722

─────────────────────────────────────────────────────────────────────────────────────────────────────────
  Stage: lp  |  lr=0.005  |  max_epochs=20  |  grad_clip=2.0
 Epoch   EpTime   Elapsed    TrLoss    TrAcc    VaAcc   VaBalAcc   VaAUROC    VaF1w          LR
─────────────────────────────────────────────────────────────────────────────────────────────────────────
     1      11s       11s    0.9376   0.4967   0.5023     0.5023    0.5776   0.3798    6.12e-04  (ETA 3m47s)
     2      12s       23s    2.0757   0.4932   0.5012     0.5012    0.5738   0.3710    1.96e-03  (ETA 3m35s)
     3      11s       35s    5.2321   0.5001   0.5023     0.5023    0.5738   0.3444    4.87e-03  (ETA 3m23s)
     4      12s       48s    7.3453   0.4990   0.5139     0.5139    0.5785   0.4198    4.87e-03  (ETA 3m13s)
     5      12s     1m01s    6.6689   0.5149   0.5046     0.5046    0.6017   0.3746    4.87e-03  (ETA 3m04s)
     6      12s     1m13s    6.1533   0.5196   0.5706     0.5706    0.6039   0.5245    4.87e-03  (ETA 2m52s)
     7      12s     1m25s    5.7072   0.5246   0.5093     0.5093    0.6158   0.3931    4.87e-03  (ETA 2m39s)
     8      12s     1m38s    5.0783   0.5295   0.5278     0.5278    0.6567   0.4413    4.87e-03  (ETA 2m27s)
     9      13s     1m51s    4.8870   0.5275   0.6042     0.6042    0.6744   0.5717    4.87e-03  (ETA 2m16s)
    10      13s     2m04s    6.7607   0.5378   0.5069     0.5069    0.5012   0.3775    4.87e-03  (ETA 2m04s)
    11      12s     2m17s   14.2776   0.5278   0.5081     0.5081    0.7261   0.3731    4.87e-03  (ETA 1m52s)
    12      12s     2m29s   19.5469   0.5039   0.5058     0.5058    0.5055   0.3735    4.87e-03  (ETA 1m39s)
    13      13s     2m42s   15.8934   0.5104   0.5081     0.5081    0.6682   0.3765    4.87e-03  (ETA 1m27s)
    14      12s     2m55s   12.6855   0.5168   0.5069     0.5069    0.5156   0.3758    4.87e-03  (ETA 1m15s)
    15      12s     3m07s    9.9959   0.5252   0.5197     0.5197    0.6405   0.4022    4.87e-03  (ETA 1m02s)
    16      11s     3m19s    5.2704   0.5558   0.5081     0.5081    0.6083   0.3814    2.43e-03  (ETA 49s)
    17      12s     3m31s    2.3190   0.6044   0.6435     0.6435    0.6966   0.6435    2.43e-03  (ETA 37s)
    18      12s     3m44s    1.6072   0.6251   0.6736     0.6736    0.7197   0.6700    2.43e-03  (ETA 24s)
    19      13s     3m57s    1.9760   0.6135   0.5556     0.5556    0.6851   0.4946    2.43e-03  (ETA 12s)
    20      12s     4m09s    2.2127   0.5861   0.5347     0.5347    0.7101   0.4396    2.43e-03  (done)
─────────────────────────────────────────────────────────────────────────────────────────────────────────
lp complete — 20 epochs | total: 4m09s | best epoch=18 val_acc=0.6736
─────────────────────────────────────────────────────────────────────────────────────────────────────────

>>> Stage 2: LoRA fine-tuning
  Parameters: 1,624,066 trainable / 70,813,698 total (2.29%)  |  LoRA: 1,081,344

─────────────────────────────────────────────────────────────────────────────────────────────────────────
  Stage: ft  |  lr=0.0001  |  max_epochs=200  |  grad_clip=2.0
 Epoch   EpTime   Elapsed    TrLoss    TrAcc    VaAcc   VaBalAcc   VaAUROC    VaF1w          LR
─────────────────────────────────────────────────────────────────────────────────────────────────────────
     1      28s       28s    2.0154   0.6544   0.6898     0.6898    0.7370   0.6898    6.24e-06  (ETA 1h34m24s)
     2      29s       58s    1.7616   0.6679   0.6759     0.6759    0.7360   0.6750    1.64e-05  (ETA 1h35m55s)
     3      28s     1m27s    1.4868   0.6699   0.6759     0.6759    0.7259   0.6759    3.25e-05  (ETA 1h35m14s)
     4      29s     1m56s    1.2687   0.6542   0.6412     0.6412    0.7129   0.6281    5.80e-05  (ETA 1h35m05s)
     5      29s     2m25s    1.0508   0.6804   0.6551     0.6551    0.6935   0.6550    9.84e-05  (ETA 1h34m39s)
     6      28s     2m54s    0.9436   0.6582   0.6134     0.6134    0.6913   0.5979    9.84e-05  (ETA 1h33m54s)
     7      29s     3m24s    0.7697   0.6896   0.5833     0.5833    0.6887   0.5432    9.84e-05  (ETA 1h33m45s)
     8      29s     3m53s    0.8273   0.6773   0.6516     0.6516    0.6829   0.6516    9.84e-05  (ETA 1h33m23s)
     9      27s     4m21s    0.7870   0.6448   0.6562     0.6562    0.6910   0.6562    9.84e-05  (ETA 1h32m23s)
    10      30s     4m51s    0.7622   0.6633   0.6065     0.6065    0.6910   0.5842    9.84e-05  (ETA 1h32m20s)
    11      28s     5m19s    0.7352   0.6804   0.6377     0.6377    0.6802   0.6278    9.84e-05  (ETA 1h31m37s)
    12      28s     5m48s    0.7448   0.6458   0.6620     0.6620    0.6881   0.6607    9.84e-05  (ETA 1h31m06s)
Early stopping at epoch 12 (patience=10)
─────────────────────────────────────────────────────────────────────────────────────────────────────────
ft complete — 12 epochs | total: 5m48s | best epoch=1 val_acc=0.6898
─────────────────────────────────────────────────────────────────────────────────────────────────────────
LoRA adapter saved → /home/apasinato/jade-mscthesis/outputs/ft_checkpoints/ft_faced_binary_w10s10_pool_no_r16_fold_9/lora_adapter
Head weights saved → /home/apasinato/jade-mscthesis/outputs/ft_checkpoints/ft_faced_binary_w10s10_pool_no_r16_fold_9/head_weights.pt

#########################################################################################################
  Fold 10/10  |  faced  |  task=binary  |  pooling=no  |  LoRA r=16  |  device=cuda
  train: 111 subjects  |  val: 12 subjects
#########################################################################################################
Building datasets ...  done in 12s  (train=7,992  val=864)

>>> Stage 1: LP warmup  |  trainable params: 542,722

─────────────────────────────────────────────────────────────────────────────────────────────────────────
  Stage: lp  |  lr=0.005  |  max_epochs=20  |  grad_clip=2.0
 Epoch   EpTime   Elapsed    TrLoss    TrAcc    VaAcc   VaBalAcc   VaAUROC    VaF1w          LR
─────────────────────────────────────────────────────────────────────────────────────────────────────────
     1      10s       10s    1.4922   0.5068   0.5000     0.5000    0.6001   0.3333    6.12e-04  (ETA 3m27s)
     2      14s       25s    6.0840   0.5095   0.5000     0.5000    0.5023   0.3333    1.96e-03  (ETA 3m51s)
     3      12s       37s   15.7200   0.5055   0.5000     0.5000    0.6349   0.3333    4.87e-03  (ETA 3m35s)
     4      12s       50s   20.4859   0.5105   0.5093     0.5093    0.5822   0.4155    4.87e-03  (ETA 3m20s)
     5      11s     1m02s   15.5151   0.5262   0.5093     0.5093    0.5998   0.3991    4.87e-03  (ETA 3m06s)
     6      12s     1m14s   12.8440   0.5284   0.5139     0.5139    0.7006   0.3672    4.87e-03  (ETA 2m53s)
     7      12s     1m26s   10.3975   0.5363   0.5023     0.5023    0.5479   0.3385    4.87e-03  (ETA 2m41s)
     8      13s     1m40s    6.3577   0.5632   0.6331     0.6331    0.7268   0.5981    4.87e-03  (ETA 2m30s)
     9      12s     1m52s    5.6152   0.5886   0.5914     0.5914    0.6589   0.5782    4.87e-03  (ETA 2m17s)
    10      12s     2m05s    5.8838   0.5636   0.5243     0.5243    0.5962   0.4625    4.87e-03  (ETA 2m05s)
    11      12s     2m18s    7.8551   0.5566   0.5000     0.5000    0.6867   0.3333    4.87e-03  (ETA 1m53s)
    12      12s     2m30s    9.3553   0.5329   0.5116     0.5116    0.6979   0.3604    4.87e-03  (ETA 1m40s)
    13      12s     2m42s    9.2371   0.5395   0.5023     0.5023    0.5569   0.3385    4.87e-03  (ETA 1m27s)
    14      12s     2m55s    5.3503   0.5828   0.6192     0.6192    0.7405   0.5871    4.87e-03  (ETA 1m15s)
    15      12s     3m07s    3.3699   0.6341   0.6354     0.6354    0.7365   0.6187    4.87e-03  (ETA 1m02s)
    16      11s     3m19s    2.4720   0.6468   0.6192     0.6192    0.7488   0.5690    4.87e-03  (ETA 49s)
    17      12s     3m32s    2.9301   0.6176   0.6424     0.6424    0.7067   0.6357    4.87e-03  (ETA 37s)
    18      12s     3m44s    2.5639   0.6291   0.5475     0.5475    0.6668   0.4382    4.87e-03  (ETA 24s)
    19      13s     3m58s    2.8089   0.6301   0.5671     0.5671    0.7383   0.4774    4.87e-03  (ETA 12s)
    20      12s     4m10s    2.1330   0.6305   0.6655     0.6655    0.7381   0.6593    4.87e-03  (done)
─────────────────────────────────────────────────────────────────────────────────────────────────────────
lp complete — 20 epochs | total: 4m10s | best epoch=20 val_acc=0.6655
─────────────────────────────────────────────────────────────────────────────────────────────────────────

>>> Stage 2: LoRA fine-tuning
  Parameters: 1,624,066 trainable / 70,813,698 total (2.29%)  |  LoRA: 1,081,344

─────────────────────────────────────────────────────────────────────────────────────────────────────────
  Stage: ft  |  lr=0.0001  |  max_epochs=200  |  grad_clip=2.0
 Epoch   EpTime   Elapsed    TrLoss    TrAcc    VaAcc   VaBalAcc   VaAUROC    VaF1w          LR
─────────────────────────────────────────────────────────────────────────────────────────────────────────
     1      29s       29s    1.3927   0.6719   0.6736     0.6736    0.7409   0.6713    6.24e-06  (ETA 1h37m36s)
     2      30s     1m00s    1.1286   0.6923   0.6956     0.6956    0.7593   0.6951    1.64e-05  (ETA 1h39m00s)
     3      27s     1m27s    0.9562   0.6962   0.6968     0.6968    0.7642   0.6963    3.25e-05  (ETA 1h36m16s)
     4      30s     1m58s    0.8907   0.7285   0.7049     0.7049    0.7639   0.7043    5.80e-05  (ETA 1h36m45s)
     5      28s     2m26s    0.8662   0.6961   0.7002     0.7002    0.7701   0.7001    9.84e-05  (ETA 1h35m30s)
     6      30s     2m57s    0.7962   0.6929   0.7025     0.7025    0.7721   0.7021    9.84e-05  (ETA 1h35m26s)
     7      28s     3m25s    0.7327   0.6979   0.6644     0.6644    0.7731   0.6461    9.84e-05  (ETA 1h34m19s)
     8      31s     3m56s    0.7456   0.6972   0.6887     0.6887    0.7746   0.6847    9.84e-05  (ETA 1h34m46s)
     9      28s     4m25s    0.7322   0.7306   0.7037     0.7037    0.7805   0.7017    9.84e-05  (ETA 1h34m03s)
    10      28s     4m54s    0.6965   0.6883   0.6991     0.6991    0.7735   0.6991    9.84e-05  (ETA 1h33m23s)
    11      31s     5m26s    0.6973   0.7037   0.7002     0.7002    0.7744   0.6987    9.84e-05  (ETA 1h33m31s)
    12      30s     5m56s    0.6845   0.7065   0.6910     0.6910    0.7680   0.6889    9.84e-05  (ETA 1h33m07s)
    13      28s     6m25s    0.7250   0.7020   0.7118     0.7118    0.7735   0.7118    9.84e-05  (ETA 1h32m21s)
    14      29s     6m55s    0.6738   0.7197   0.6991     0.6991    0.7728   0.6978    9.84e-05  (ETA 1h31m56s)
    15      29s     7m24s    0.6491   0.7319   0.7083     0.7083    0.7772   0.7077    9.84e-05  (ETA 1h31m19s)
    16      30s     7m54s    0.5536   0.6959   0.6991     0.6991    0.7785   0.6981    9.84e-05  (ETA 1h30m54s)
    17      28s     8m23s    0.6370   0.7048   0.6933     0.6933    0.7758   0.6849    9.84e-05  (ETA 1h30m16s)
    18      29s     8m53s    0.6257   0.7156   0.7037     0.7037    0.7749   0.7035    9.84e-05  (ETA 1h29m50s)
    19      29s     9m22s    0.6348   0.7185   0.6829     0.6829    0.7793   0.6748    9.84e-05  (ETA 1h29m19s)
    20      30s     9m52s    0.5747   0.7161   0.7025     0.7025    0.7803   0.7021    4.92e-05  (ETA 1h28m55s)
    21      30s    10m22s    0.5893   0.7162   0.6979     0.6979    0.7794   0.6901    4.92e-05  (ETA 1h28m28s)
    22      28s    10m51s    0.5848   0.7267   0.7072     0.7072    0.7813   0.7066    4.92e-05  (ETA 1h27m52s)
    23      29s    11m21s    0.5764   0.7351   0.7014     0.7014    0.7801   0.6994    4.92e-05  (ETA 1h27m21s)
    24      29s    11m50s    0.5325   0.7315   0.7014     0.7014    0.7776   0.7013    4.92e-05  (ETA 1h26m47s)
Early stopping at epoch 24 (patience=10)
─────────────────────────────────────────────────────────────────────────────────────────────────────────
ft complete — 24 epochs | total: 11m50s | best epoch=13 val_acc=0.7118
─────────────────────────────────────────────────────────────────────────────────────────────────────────
LoRA adapter saved → /home/apasinato/jade-mscthesis/outputs/ft_checkpoints/ft_faced_binary_w10s10_pool_no_r16_fold_10/lora_adapter
Head weights saved → /home/apasinato/jade-mscthesis/outputs/ft_checkpoints/ft_faced_binary_w10s10_pool_no_r16_fold_10/head_weights.pt

==========================================================================================
  CROSS-FOLD SUMMARY  (10 folds  |  faced  |  task=binary  |  pool_no  |  LoRA r=16)
==========================================================================================
 Fold    ValAcc   ValBalAcc   ValAUROC    ValF1w   Epochs   BestEp
------------------------------------------------------------------
    1    0.7179      0.7179     0.7913    0.7171        0        2
    2    0.7158      0.7158     0.7814    0.7138        0       13
    3    0.6538      0.6538     0.6818    0.6538        0        3
    4    0.6921      0.6921     0.7479    0.6920        0        2
    5    0.6991      0.6991     0.7517    0.6989        0        8
    6    0.7025      0.7025     0.7593    0.7025        0       20
    7    0.7095      0.7095     0.7675    0.7088        0        3
    8    0.7350      0.7350     0.7852    0.7347        0       12
    9    0.6898      0.6898     0.7370    0.6898        0        1
   10    0.7118      0.7118     0.7735    0.7118        0       13
------------------------------------------------------------------
 Mean    0.7027      0.7027     0.7577    0.7023
  Std    0.0217      0.0217     0.0318    0.0215
==========================================================================================
Aggregate results saved -> /home/apasinato/jade-mscthesis/outputs/ft_checkpoints/summary_faced_binary_w10s10_pool_no_r16.json

All folds complete.

=== Complete ===
Exit code: 0
Finished:  Thu Mar 26 17:35:47 CET 2026
