=== Experiment on DelftBlue ===
Job ID:    9455290
Node:      gpu019
Partition: gpu-a100
Module:    src.approaches.fine_tuning.train_ft
Args:      --dataset faced --task 9-class
Started:   Thu Mar 26 15:28:32 CET 2026

=== GPU ===
NVIDIA A100 80GB PCIe, 81920 MiB

=== Environment ===
Python:  Python 3.14.3
PyTorch: 2.9.1+cu128
CUDA:    True 12.8

=== Running: python -m src.approaches.fine_tuning.train_ft --dataset faced --task 9-class ===


Dataset: faced  |  subjects: 123
Device: cuda  |  task: 9-class  |  pooling: no  |  LoRA rank: 16  alpha: 16
Window: 10.0s (2000 pts)  Stride: 10.0s (2000 pts)  Mixup: True  AMP: True
LP: lr=0.005 epochs=20  |  FT: lr=0.0001 epochs=200
Loading REVE model from local path …
flash_attn not found, install it with `pip install flash_attn` if you want to use it
Loading REVE position bank from local path …
  Electrode positions cached for 32 channels.

#########################################################################################################
  Fold 1/10  |  faced  |  task=9-class  |  pooling=no  |  LoRA r=16  |  device=cuda
  train: 110 subjects  |  val: 13 subjects
#########################################################################################################
Building datasets ...  done in 18s  (train=9,240  val=1,092)

>>> Stage 1: LP warmup  |  trainable params: 1,807,881

─────────────────────────────────────────────────────────────────────────────────────────────────────────
  Stage: lp  |  lr=0.005  |  max_epochs=20  |  grad_clip=2.0
 Epoch   EpTime   Elapsed    TrLoss    TrAcc    VaAcc   VaBalAcc   VaAUROC    VaF1w          LR
─────────────────────────────────────────────────────────────────────────────────────────────────────────
     1      10s       10s    3.1039   0.1182   0.1676     0.1738    0.6883   0.0962    6.16e-04  (ETA 3m22s)
     2       9s       20s   12.3154   0.1275   0.1218     0.1263    0.5930   0.0451    1.96e-03  (ETA 3m05s)
     3       9s       30s   39.2166   0.1236   0.1117     0.1159    0.6407   0.0369    4.85e-03  (ETA 2m52s)
     4      11s       42s   35.7511   0.1412   0.1886     0.1693    0.7063   0.0864    4.85e-03  (ETA 2m49s)
     5      34s     1m17s   16.4668   0.1797   0.2399     0.2486    0.7599   0.1545    4.85e-03  (ETA 3m51s)
     6      34s     1m52s   10.2328   0.2354   0.2903     0.2754    0.7630   0.2546    4.85e-03  (ETA 4m21s)
     7      23s     2m15s    6.7901   0.2749   0.3361     0.3321    0.7962   0.3155    4.85e-03  (ETA 4m12s)
     8      10s     2m25s    4.6520   0.3063   0.4130     0.4150    0.7990   0.4056    4.85e-03  (ETA 3m38s)
     9      10s     2m35s    4.6851   0.3132   0.4002     0.3943    0.8172   0.3604    4.85e-03  (ETA 3m10s)
    10      10s     2m46s    3.6234   0.3534   0.4020     0.3906    0.8239   0.3902    4.85e-03  (ETA 2m46s)
    11      18s     3m04s    3.3227   0.3922   0.4002     0.4017    0.8093   0.3714    4.85e-03  (ETA 2m31s)
    12      16s     3m20s    3.0397   0.4039   0.3883     0.3936    0.8178   0.3653    4.85e-03  (ETA 2m13s)
    13      10s     3m30s    2.4814   0.4247   0.4588     0.4696    0.8275   0.4486    4.85e-03  (ETA 1m53s)
    14      10s     3m40s    2.1478   0.4521   0.4707     0.4758    0.8360   0.4602    4.85e-03  (ETA 1m34s)
    15      10s     3m50s    1.9072   0.4771   0.4725     0.4729    0.8435   0.4672    4.85e-03  (ETA 1m16s)
    16      13s     4m04s    1.8349   0.4736   0.4799     0.4774    0.8220   0.4813    4.85e-03  (ETA 1m01s)
    17      10s     4m14s    1.6725   0.4711   0.4606     0.4561    0.8275   0.4511    4.85e-03  (ETA 44s)
    18      10s     4m24s    1.5702   0.4911   0.5046     0.4967    0.8424   0.5083    4.85e-03  (ETA 29s)
    19      10s     4m34s    1.4548   0.5254   0.4954     0.4907    0.8519   0.4915    4.85e-03  (ETA 14s)
    20      10s     4m44s    1.3767   0.4877   0.5055     0.5062    0.8501   0.5067    4.85e-03  (done)
─────────────────────────────────────────────────────────────────────────────────────────────────────────
lp complete — 20 epochs | total: 4m44s | best epoch=20 val_acc=0.5055
─────────────────────────────────────────────────────────────────────────────────────────────────────────

>>> Stage 2: LoRA fine-tuning
  Parameters: 2,889,225 trainable / 72,078,857 total (4.01%)  |  LoRA: 1,081,344

─────────────────────────────────────────────────────────────────────────────────────────────────────────
  Stage: ft  |  lr=0.0001  |  max_epochs=200  |  grad_clip=2.0
 Epoch   EpTime   Elapsed    TrLoss    TrAcc    VaAcc   VaBalAcc   VaAUROC    VaF1w          LR
─────────────────────────────────────────────────────────────────────────────────────────────────────────
     1      28s       28s    1.3161   0.5482   0.5220     0.5242    0.8539   0.5208    6.44e-06  (ETA 1h34m39s)
     2      28s       57s    1.3316   0.5566   0.5229     0.5237    0.8568   0.5224    1.66e-05  (ETA 1h34m11s)
     3      28s     1m25s    1.3113   0.5672   0.5293     0.5311    0.8605   0.5287    3.28e-05  (ETA 1h33m48s)
     4      42s     2m07s    1.2255   0.5056   0.5302     0.5330    0.8616   0.5324    5.86e-05  (ETA 1h44m20s)
     5      49s     2m57s    1.2109   0.5829   0.5321     0.5351    0.8679   0.5306    9.93e-05  (ETA 1h55m25s)
     6      44s     3m42s    1.0896   0.5726   0.5192     0.5226    0.8655   0.5173    9.93e-05  (ETA 1h59m49s)
     7      28s     4m10s    1.0956   0.5420   0.5366     0.5423    0.8672   0.5328    9.93e-05  (ETA 1h55m18s)
     8      40s     4m51s    1.1111   0.5276   0.5302     0.5332    0.8626   0.5277    9.93e-05  (ETA 1h56m34s)
     9      46s     5m37s    0.9618   0.5592   0.5293     0.5340    0.8666   0.5287    9.93e-05  (ETA 1h59m22s)
    10      28s     6m05s    1.0868   0.5019   0.5137     0.5173    0.8650   0.5094    9.93e-05  (ETA 1h55m53s)
    11      39s     6m45s    0.9865   0.5159   0.5247     0.5275    0.8650   0.5257    9.93e-05  (ETA 1h56m02s)
    12      43s     7m28s    1.0116   0.5426   0.5394     0.5370    0.8634   0.5390    9.93e-05  (ETA 1h57m08s)
    13      53s     8m22s    0.9655   0.4927   0.5339     0.5358    0.8678   0.5352    9.93e-05  (ETA 2h00m26s)
    14      50s     9m12s    1.0029   0.5731   0.5174     0.5211    0.8658   0.5140    9.93e-05  (ETA 2h02m22s)
    15      45s     9m58s    0.9848   0.5639   0.5330     0.5344    0.8644   0.5294    9.93e-05  (ETA 2h02m56s)
    16      28s    10m26s    1.0106   0.5620   0.5110     0.5145    0.8637   0.5108    9.93e-05  (ETA 2h00m05s)
    17      28s    10m55s    0.9579   0.5351   0.5220     0.5256    0.8670   0.5185    9.93e-05  (ETA 1h57m32s)
    18      37s    11m33s    0.9396   0.5877   0.5311     0.5313    0.8670   0.5336    9.93e-05  (ETA 1h56m47s)
    19      54s    12m27s    0.9024   0.5525   0.5266     0.5299    0.8687   0.5269    4.96e-05  (ETA 1h58m40s)
    20      47s    13m14s    0.9347   0.5593   0.5330     0.5347    0.8681   0.5329    4.96e-05  (ETA 1h59m14s)
    21      54s    14m09s    0.9111   0.5290   0.5293     0.5318    0.8673   0.5294    4.96e-05  (ETA 2h00m43s)
    22      28s    14m38s    0.8985   0.5478   0.5339     0.5356    0.8697   0.5350    4.96e-05  (ETA 1h58m26s)
    23      40s    15m19s    0.9157   0.5077   0.5247     0.5237    0.8637   0.5300    4.96e-05  (ETA 1h57m52s)
Early stopping at epoch 23 (patience=10)
─────────────────────────────────────────────────────────────────────────────────────────────────────────
ft complete — 23 epochs | total: 15m19s | best epoch=12 val_acc=0.5394
─────────────────────────────────────────────────────────────────────────────────────────────────────────
LoRA adapter saved → /home/apasinato/jade-mscthesis/outputs/ft_checkpoints/ft_faced_9-class_w10s10_pool_no_r16_fold_1/lora_adapter
Head weights saved → /home/apasinato/jade-mscthesis/outputs/ft_checkpoints/ft_faced_9-class_w10s10_pool_no_r16_fold_1/head_weights.pt

#########################################################################################################
  Fold 2/10  |  faced  |  task=9-class  |  pooling=no  |  LoRA r=16  |  device=cuda
  train: 110 subjects  |  val: 13 subjects
#########################################################################################################
Building datasets ...  done in 3s  (train=9,240  val=1,092)

>>> Stage 1: LP warmup  |  trainable params: 1,807,881

─────────────────────────────────────────────────────────────────────────────────────────────────────────
  Stage: lp  |  lr=0.005  |  max_epochs=20  |  grad_clip=2.0
 Epoch   EpTime   Elapsed    TrLoss    TrAcc    VaAcc   VaBalAcc   VaAUROC    VaF1w          LR
─────────────────────────────────────────────────────────────────────────────────────────────────────────
     1      39s       39s    2.9535   0.1233   0.1264     0.1311    0.6692   0.0467    6.16e-04  (ETA 12m38s)
     2      25s     1m05s   14.5974   0.1216   0.1190     0.1204    0.6488   0.0400    1.96e-03  (ETA 9m49s)
     3      12s     1m17s   41.0365   0.1222   0.1218     0.1263    0.6235   0.0446    4.85e-03  (ETA 7m19s)
     4      12s     1m29s   36.7742   0.1365   0.1108     0.1149    0.7077   0.0280    4.85e-03  (ETA 5m58s)
     5      12s     1m41s   14.9262   0.1878   0.3031     0.2896    0.7734   0.2586    4.85e-03  (ETA 5m04s)
     6      22s     2m03s    9.7621   0.2332   0.2940     0.3034    0.8065   0.2131    4.85e-03  (ETA 4m49s)
     7      23s     2m27s    5.8061   0.2782   0.3581     0.3597    0.8242   0.3166    4.85e-03  (ETA 4m34s)
     8      12s     2m40s    4.3807   0.3197   0.3004     0.3103    0.8278   0.2734    4.85e-03  (ETA 4m00s)
     9      12s     2m52s    3.5015   0.3622   0.3471     0.3559    0.8206   0.3211    4.85e-03  (ETA 3m30s)
    10      12s     3m04s    3.1295   0.3959   0.4405     0.4326    0.8301   0.4288    4.85e-03  (ETA 3m04s)
    11      12s     3m16s    2.8955   0.4071   0.4625     0.4632    0.8284   0.4572    4.85e-03  (ETA 2m40s)
    12      12s     3m28s    2.4585   0.4662   0.4240     0.4138    0.8310   0.4105    4.85e-03  (ETA 2m19s)
    13      12s     3m41s    2.2016   0.4713   0.3663     0.3483    0.8274   0.3534    4.85e-03  (ETA 1m59s)
    14      12s     3m53s    1.9179   0.5212   0.4808     0.4779    0.8443   0.4849    4.85e-03  (ETA 1m39s)
    15      17s     4m10s    1.7198   0.4961   0.4780     0.4777    0.8465   0.4668    4.85e-03  (ETA 1m23s)
    16      25s     4m36s    1.5050   0.5241   0.4679     0.4805    0.8413   0.4526    4.85e-03  (ETA 1m09s)
    17      12s     4m48s    1.4536   0.5120   0.4661     0.4653    0.8432   0.4642    4.85e-03  (ETA 50s)
    18      12s     5m00s    1.3257   0.5218   0.4844     0.4812    0.8490   0.4757    4.85e-03  (ETA 33s)
    19      12s     5m12s    1.3145   0.5476   0.4863     0.4886    0.8451   0.4867    4.85e-03  (ETA 16s)
    20      12s     5m24s    1.2374   0.5397   0.4570     0.4618    0.8488   0.4543    4.85e-03  (done)
─────────────────────────────────────────────────────────────────────────────────────────────────────────
lp complete — 20 epochs | total: 5m24s | best epoch=19 val_acc=0.4863
─────────────────────────────────────────────────────────────────────────────────────────────────────────

>>> Stage 2: LoRA fine-tuning
  Parameters: 2,889,225 trainable / 72,078,857 total (4.01%)  |  LoRA: 1,081,344

─────────────────────────────────────────────────────────────────────────────────────────────────────────
  Stage: ft  |  lr=0.0001  |  max_epochs=200  |  grad_clip=2.0
 Epoch   EpTime   Elapsed    TrLoss    TrAcc    VaAcc   VaBalAcc   VaAUROC    VaF1w          LR
─────────────────────────────────────────────────────────────────────────────────────────────────────────
     1      31s       31s    1.4411   0.5328   0.4918     0.4926    0.8401   0.4947    6.39e-06  (ETA 1h46m05s)
     2      45s     1m17s    1.3566   0.5119   0.5073     0.5074    0.8484   0.5081    1.66e-05  (ETA 2h08m28s)
     3      38s     1m56s    1.1715   0.5089   0.5156     0.5180    0.8564   0.5167    3.28e-05  (ETA 2h07m47s)
     4      54s     2m51s    1.1536   0.5344   0.5046     0.5071    0.8578   0.5051    5.86e-05  (ETA 2h20m07s)
     5      28s     3m20s    1.1577   0.5222   0.5110     0.5154    0.8584   0.5117    9.93e-05  (ETA 2h10m02s)
     6      38s     3m58s    1.0842   0.5540   0.5220     0.5275    0.8590   0.5197    9.93e-05  (ETA 2h08m20s)
     7      53s     4m52s    1.0127   0.5575   0.5092     0.5121    0.8577   0.5095    9.93e-05  (ETA 2h14m13s)
     8      41s     5m33s    1.0193   0.5142   0.5174     0.5180    0.8587   0.5155    9.93e-05  (ETA 2h13m35s)
     9      36s     6m10s    0.9478   0.5868   0.5101     0.5114    0.8593   0.5100    9.93e-05  (ETA 2h11m04s)
    10      51s     7m01s    0.9948   0.5056   0.5046     0.5066    0.8597   0.5049    9.93e-05  (ETA 2h13m32s)
    11      49s     7m51s    1.0149   0.5254   0.5147     0.5202    0.8596   0.5084    9.93e-05  (ETA 2h15m03s)
    12      28s     8m20s    0.9282   0.5656   0.5174     0.5235    0.8592   0.5164    9.93e-05  (ETA 2h10m35s)
    13      42s     9m03s    0.9437   0.5631   0.5101     0.5112    0.8576   0.5098    9.93e-05  (ETA 2h10m11s)
    14      49s     9m52s    0.9880   0.5216   0.5256     0.5264    0.8591   0.5258    9.93e-05  (ETA 2h11m17s)
    15      33s    10m26s    0.9218   0.5673   0.5311     0.5328    0.8612   0.5327    9.93e-05  (ETA 2h08m41s)
    16      36s    11m02s    0.9711   0.5177   0.5156     0.5176    0.8591   0.5139    9.93e-05  (ETA 2h06m58s)
    17      32s    11m34s    0.9537   0.5227   0.5174     0.5176    0.8597   0.5204    9.93e-05  (ETA 2h04m37s)
    18      28s    12m03s    0.9252   0.5578   0.5165     0.5178    0.8614   0.5197    9.93e-05  (ETA 2h01m51s)
    19      28s    12m31s    0.8817   0.5474   0.5220     0.5252    0.8623   0.5207    9.93e-05  (ETA 1h59m20s)
    20      42s    13m13s    0.8709   0.6197   0.5247     0.5275    0.8621   0.5227    9.93e-05  (ETA 1h59m05s)
    21      49s    14m03s    0.9089   0.6290   0.5238     0.5256    0.8620   0.5243    9.93e-05  (ETA 1h59m52s)
    22      41s    14m45s    0.8730   0.5748   0.5256     0.5247    0.8619   0.5267    4.96e-05  (ETA 1h59m27s)
    23      28s    15m14s    0.8573   0.5502   0.5348     0.5368    0.8625   0.5347    4.96e-05  (ETA 1h57m17s)
    24      42s    15m56s    0.8949   0.5738   0.5183     0.5183    0.8631   0.5189    4.96e-05  (ETA 1h56m55s)
    25      49s    16m46s    0.8130   0.5514   0.5128     0.5126    0.8645   0.5166    4.96e-05  (ETA 1h57m25s)
    26      49s    17m36s    0.8480   0.5274   0.5247     0.5280    0.8638   0.5256    4.96e-05  (ETA 1h57m49s)
    27      32s    18m08s    0.8943   0.5392   0.5311     0.5332    0.8643   0.5308    4.96e-05  (ETA 1h56m14s)
    28      41s    18m50s    0.8335   0.6045   0.5348     0.5377    0.8648   0.5332    4.96e-05  (ETA 1h55m43s)
    29      52s    19m42s    0.8531   0.5211   0.5174     0.5178    0.8643   0.5209    4.96e-05  (ETA 1h56m13s)
    30      41s    20m24s    0.8703   0.5620   0.5256     0.5273    0.8634   0.5244    2.48e-05  (ETA 1h55m39s)
    31      28s    20m53s    0.8923   0.5260   0.5302     0.5316    0.8634   0.5325    2.48e-05  (ETA 1h53m52s)
    32      28s    21m21s    0.8545   0.5093   0.5220     0.5230    0.8646   0.5249    2.48e-05  (ETA 1h52m09s)
    33      30s    21m52s    0.8007   0.5500   0.5247     0.5256    0.8647   0.5270    2.48e-05  (ETA 1h50m43s)
    34      28s    22m21s    0.8696   0.5602   0.5229     0.5230    0.8646   0.5261    2.48e-05  (ETA 1h49m08s)
Early stopping at epoch 34 (patience=10)
─────────────────────────────────────────────────────────────────────────────────────────────────────────
ft complete — 34 epochs | total: 22m21s | best epoch=23 val_acc=0.5348
─────────────────────────────────────────────────────────────────────────────────────────────────────────
LoRA adapter saved → /home/apasinato/jade-mscthesis/outputs/ft_checkpoints/ft_faced_9-class_w10s10_pool_no_r16_fold_2/lora_adapter
Head weights saved → /home/apasinato/jade-mscthesis/outputs/ft_checkpoints/ft_faced_9-class_w10s10_pool_no_r16_fold_2/head_weights.pt

#########################################################################################################
  Fold 3/10  |  faced  |  task=9-class  |  pooling=no  |  LoRA r=16  |  device=cuda
  train: 110 subjects  |  val: 13 subjects
#########################################################################################################
Building datasets ...  done in 1s  (train=9,240  val=1,092)

>>> Stage 1: LP warmup  |  trainable params: 1,807,881

─────────────────────────────────────────────────────────────────────────────────────────────────────────
  Stage: lp  |  lr=0.005  |  max_epochs=20  |  grad_clip=2.0
 Epoch   EpTime   Elapsed    TrLoss    TrAcc    VaAcc   VaBalAcc   VaAUROC    VaF1w          LR
─────────────────────────────────────────────────────────────────────────────────────────────────────────
     1      12s       12s    3.0658   0.1145   0.1117     0.1149    0.6776   0.0310    6.16e-04  (ETA 3m50s)
     2      17s       29s   13.8721   0.1201   0.1438     0.1180    0.6159   0.0574    1.96e-03  (ETA 4m28s)
     3      39s     1m09s   38.4718   0.1238   0.1090     0.1123    0.6500   0.0274    4.85e-03  (ETA 6m34s)
     4      16s     1m26s   35.2620   0.1265   0.1996     0.2066    0.7230   0.1329    4.85e-03  (ETA 5m45s)
     5      12s     1m38s   18.8600   0.1724   0.2537     0.2581    0.7513   0.2211    4.85e-03  (ETA 4m55s)
     6      12s     1m50s    6.6063   0.2578   0.2454     0.2486    0.7266   0.2099    4.85e-03  (ETA 4m17s)
     7      23s     2m13s    5.1743   0.3392   0.2857     0.2873    0.7749   0.2488    4.85e-03  (ETA 4m08s)
     8      39s     2m53s    3.7367   0.3639   0.3507     0.3564    0.7607   0.3313    4.85e-03  (ETA 4m20s)
     9      20s     3m14s    2.8977   0.4348   0.3782     0.3670    0.7868   0.3480    4.85e-03  (ETA 3m57s)
    10      12s     3m26s    2.7129   0.4386   0.2738     0.2766    0.7748   0.2352    4.85e-03  (ETA 3m26s)
    11      12s     3m38s    2.5319   0.4356   0.3617     0.3692    0.7823   0.3359    4.85e-03  (ETA 2m58s)
    12      12s     3m50s    2.1858   0.4687   0.3965     0.3972    0.7875   0.3886    4.85e-03  (ETA 2m33s)
    13      23s     4m13s    1.7819   0.4517   0.3874     0.3853    0.7826   0.3656    4.85e-03  (ETA 2m16s)
    14      39s     4m53s    1.5185   0.5400   0.3745     0.3770    0.7877   0.3738    4.85e-03  (ETA 2m05s)
    15      39s     5m33s    1.4972   0.5064   0.3168     0.3132    0.7691   0.3031    4.85e-03  (ETA 1m51s)
    16      12s     5m45s    1.4175   0.5284   0.4002     0.3970    0.7841   0.3970    4.85e-03  (ETA 1m26s)
    17      12s     5m57s    1.2741   0.5475   0.4121     0.4167    0.7815   0.4058    4.85e-03  (ETA 1m03s)
    18      12s     6m09s    1.1844   0.5440   0.4185     0.4183    0.7854   0.4165    4.85e-03  (ETA 41s)
    19      31s     6m41s    1.1311   0.5689   0.4231     0.4243    0.7912   0.4237    4.85e-03  (ETA 21s)
    20      39s     7m21s    1.0930   0.5348   0.4130     0.4145    0.7909   0.4138    4.85e-03  (done)
─────────────────────────────────────────────────────────────────────────────────────────────────────────
lp complete — 20 epochs | total: 7m21s | best epoch=19 val_acc=0.4231
─────────────────────────────────────────────────────────────────────────────────────────────────────────

>>> Stage 2: LoRA fine-tuning
  Parameters: 2,889,225 trainable / 72,078,857 total (4.01%)  |  LoRA: 1,081,344

─────────────────────────────────────────────────────────────────────────────────────────────────────────
  Stage: ft  |  lr=0.0001  |  max_epochs=200  |  grad_clip=2.0
 Epoch   EpTime   Elapsed    TrLoss    TrAcc    VaAcc   VaBalAcc   VaAUROC    VaF1w          LR
─────────────────────────────────────────────────────────────────────────────────────────────────────────
     1      50s       50s    1.5740   0.4562   0.4423     0.4447    0.7818   0.4419    6.39e-06  (ETA 2h48m30s)
     2      28s     1m19s    1.2676   0.5115   0.4386     0.4402    0.7864   0.4397    1.66e-05  (ETA 2h10m55s)
     3      40s     1m59s    1.2177   0.5128   0.4414     0.4425    0.7900   0.4432    3.28e-05  (ETA 2h10m54s)
     4      37s     2m36s    1.1286   0.5857   0.4469     0.4471    0.7927   0.4466    5.86e-05  (ETA 2h07m56s)
     5      28s     3m05s    1.0253   0.5794   0.4533     0.4516    0.7964   0.4524    9.93e-05  (ETA 2h00m22s)
     6      41s     3m46s    0.9958   0.5413   0.4478     0.4454    0.7951   0.4469    9.93e-05  (ETA 2h01m57s)
     7      37s     4m23s    0.9879   0.5485   0.4322     0.4326    0.7938   0.4311    9.93e-05  (ETA 2h01m03s)
     8      28s     4m51s    0.8710   0.5759   0.4350     0.4371    0.7952   0.4350    9.93e-05  (ETA 1h56m46s)
     9      28s     5m20s    0.8800   0.5630   0.4451     0.4485    0.7963   0.4431    9.93e-05  (ETA 1h53m21s)
    10      28s     5m49s    0.8746   0.5754   0.4304     0.4323    0.7934   0.4336    9.93e-05  (ETA 1h50m33s)
    11      37s     6m26s    0.9314   0.5583   0.4322     0.4333    0.7949   0.4281    9.93e-05  (ETA 1h50m36s)
    12      38s     7m04s    0.8774   0.5540   0.4441     0.4433    0.7941   0.4458    9.93e-05  (ETA 1h50m46s)
    13      35s     7m40s    0.9283   0.5371   0.4313     0.4333    0.7962   0.4318    9.93e-05  (ETA 1h50m19s)
    14      32s     8m12s    0.8607   0.6187   0.4560     0.4518    0.7941   0.4568    9.93e-05  (ETA 1h49m01s)
    15      28s     8m40s    0.8309   0.5768   0.4478     0.4475    0.7977   0.4475    9.93e-05  (ETA 1h47m04s)
    16      28s     9m09s    0.8217   0.5218   0.4377     0.4399    0.7973   0.4377    9.93e-05  (ETA 1h45m20s)
    17      32s     9m41s    0.8025   0.5437   0.4396     0.4397    0.7967   0.4417    9.93e-05  (ETA 1h44m24s)
    18      38s    10m20s    0.8280   0.5287   0.4505     0.4487    0.7955   0.4513    9.93e-05  (ETA 1h44m34s)
    19      42s    11m02s    0.8415   0.5824   0.4386     0.4416    0.7975   0.4395    9.93e-05  (ETA 1h45m13s)
    20      28s    11m31s    0.8209   0.6082   0.4322     0.4359    0.7974   0.4315    9.93e-05  (ETA 1h43m41s)
    21      32s    12m03s    0.8697   0.5287   0.4350     0.4357    0.7965   0.4371    4.96e-05  (ETA 1h42m49s)
    22      28s    12m32s    0.7753   0.5453   0.4332     0.4328    0.7968   0.4342    4.96e-05  (ETA 1h41m27s)
    23      39s    13m12s    0.8296   0.5297   0.4377     0.4387    0.7968   0.4402    4.96e-05  (ETA 1h41m36s)
    24      54s    14m06s    0.8171   0.5345   0.4396     0.4418    0.7980   0.4405    4.96e-05  (ETA 1h43m30s)
    25      35s    14m42s    0.8523   0.4850   0.4478     0.4490    0.7972   0.4482    4.96e-05  (ETA 1h42m59s)
Early stopping at epoch 25 (patience=10)
─────────────────────────────────────────────────────────────────────────────────────────────────────────
ft complete — 25 epochs | total: 14m42s | best epoch=14 val_acc=0.4560
─────────────────────────────────────────────────────────────────────────────────────────────────────────
LoRA adapter saved → /home/apasinato/jade-mscthesis/outputs/ft_checkpoints/ft_faced_9-class_w10s10_pool_no_r16_fold_3/lora_adapter
Head weights saved → /home/apasinato/jade-mscthesis/outputs/ft_checkpoints/ft_faced_9-class_w10s10_pool_no_r16_fold_3/head_weights.pt

#########################################################################################################
  Fold 4/10  |  faced  |  task=9-class  |  pooling=no  |  LoRA r=16  |  device=cuda
  train: 111 subjects  |  val: 12 subjects
#########################################################################################################
Building datasets ...  done in 1s  (train=9,324  val=1,008)

>>> Stage 1: LP warmup  |  trainable params: 1,807,881

─────────────────────────────────────────────────────────────────────────────────────────────────────────
  Stage: lp  |  lr=0.005  |  max_epochs=20  |  grad_clip=2.0
 Epoch   EpTime   Elapsed    TrLoss    TrAcc    VaAcc   VaBalAcc   VaAUROC    VaF1w          LR
─────────────────────────────────────────────────────────────────────────────────────────────────────────
     1      22s       22s    3.0808   0.1237   0.1498     0.1553    0.6891   0.0529    6.16e-04  (ETA 7m02s)
     2      15s       38s   15.4739   0.1237   0.1091     0.1129    0.6514   0.0247    1.96e-03  (ETA 5m42s)
     3      12s       50s   34.7627   0.1173   0.1101     0.1134    0.6848   0.0266    4.86e-03  (ETA 4m44s)
     4      12s     1m02s   42.6171   0.1244   0.2500     0.2482    0.7325   0.1907    4.86e-03  (ETA 4m09s)
     5      12s     1m14s   13.7321   0.1826   0.2827     0.2662    0.7957   0.1930    4.86e-03  (ETA 3m44s)
     6      23s     1m38s    9.8785   0.2209   0.3254     0.3169    0.8025   0.2490    4.86e-03  (ETA 3m50s)
     7      38s     2m17s    5.3007   0.3187   0.4157     0.4074    0.8436   0.3527    4.86e-03  (ETA 4m15s)
     8      12s     2m29s    3.8549   0.3736   0.3859     0.3845    0.8326   0.3696    4.86e-03  (ETA 3m44s)
     9      12s     2m41s    3.2514   0.3889   0.3988     0.4097    0.8272   0.3655    4.86e-03  (ETA 3m17s)
    10      12s     2m53s    3.0189   0.4241   0.3968     0.4072    0.8193   0.3718    4.86e-03  (ETA 2m53s)
    11      17s     3m11s    2.4619   0.4787   0.4256     0.4249    0.8426   0.3994    4.86e-03  (ETA 2m36s)
    12      17s     3m28s    2.0478   0.4218   0.4504     0.4516    0.8368   0.4307    4.86e-03  (ETA 2m19s)
    13      12s     3m40s    1.9207   0.4675   0.4256     0.4205    0.8292   0.4120    4.86e-03  (ETA 1m58s)
    14      12s     3m53s    1.7699   0.5163   0.4028     0.3920    0.8234   0.3892    4.86e-03  (ETA 1m39s)
    15      12s     4m05s    1.5242   0.4959   0.4444     0.4483    0.8308   0.4454    4.86e-03  (ETA 1m21s)
    16      12s     4m17s    1.4299   0.5370   0.4494     0.4542    0.8355   0.4470    4.86e-03  (ETA 1m04s)
    17      12s     4m29s    1.4504   0.4584   0.4415     0.4378    0.8384   0.4361    4.86e-03  (ETA 47s)
    18      12s     4m41s    1.3856   0.5051   0.4742     0.4769    0.8379   0.4726    4.86e-03  (ETA 31s)
    19      18s     5m00s    1.2059   0.5588   0.4831     0.4866    0.8428   0.4782    4.86e-03  (ETA 15s)
    20      34s     5m35s    1.2478   0.5217   0.4534     0.4468    0.8409   0.4453    4.86e-03  (done)
─────────────────────────────────────────────────────────────────────────────────────────────────────────
lp complete — 20 epochs | total: 5m35s | best epoch=19 val_acc=0.4831
─────────────────────────────────────────────────────────────────────────────────────────────────────────

>>> Stage 2: LoRA fine-tuning
  Parameters: 2,889,225 trainable / 72,078,857 total (4.01%)  |  LoRA: 1,081,344

─────────────────────────────────────────────────────────────────────────────────────────────────────────
  Stage: ft  |  lr=0.0001  |  max_epochs=200  |  grad_clip=2.0
 Epoch   EpTime   Elapsed    TrLoss    TrAcc    VaAcc   VaBalAcc   VaAUROC    VaF1w          LR
─────────────────────────────────────────────────────────────────────────────────────────────────────────
     1      42s       42s    1.4762   0.5004   0.4722     0.4763    0.8429   0.4689    6.33e-06  (ETA 2h19m38s)
     2      28s     1m10s    1.3230   0.5268   0.4762     0.4802    0.8456   0.4740    1.65e-05  (ETA 1h56m54s)
     3      32s     1m43s    1.2257   0.5189   0.4762     0.4776    0.8456   0.4752    3.27e-05  (ETA 1h53m07s)
     4      30s     2m14s    1.1324   0.5120   0.4821     0.4828    0.8434   0.4821    5.83e-05  (ETA 1h49m30s)
     5      55s     3m09s    1.1232   0.5157   0.4692     0.4660    0.8381   0.4724    9.90e-05  (ETA 2h03m21s)
     6      42s     3m51s    1.0858   0.4689   0.4821     0.4820    0.8390   0.4829    9.90e-05  (ETA 2h05m00s)
     7      45s     4m37s    1.0215   0.5608   0.4633     0.4684    0.8384   0.4660    9.90e-05  (ETA 2h07m40s)
     8      42s     5m20s    0.9877   0.5916   0.4643     0.4637    0.8366   0.4648    9.90e-05  (ETA 2h08m00s)
     9      28s     5m48s    0.9510   0.5656   0.4782     0.4817    0.8387   0.4811    9.90e-05  (ETA 2h03m20s)
    10      28s     6m17s    1.0001   0.5166   0.4831     0.4846    0.8407   0.4850    9.90e-05  (ETA 1h59m33s)
    11      28s     6m46s    0.9359   0.5494   0.4583     0.4588    0.8382   0.4615    9.90e-05  (ETA 1h56m21s)
    12      36s     7m22s    0.8655   0.5473   0.4583     0.4576    0.8390   0.4589    9.90e-05  (ETA 1h55m30s)
    13      54s     8m17s    0.9342   0.5966   0.4683     0.4715    0.8373   0.4690    9.90e-05  (ETA 1h59m10s)
    14      39s     8m56s    0.9697   0.5406   0.4663     0.4663    0.8385   0.4682    9.90e-05  (ETA 1h58m44s)
    15      42s     9m38s    0.9383   0.5996   0.4802     0.4789    0.8408   0.4816    9.90e-05  (ETA 1h58m55s)
    16      28s    10m07s    0.9416   0.5796   0.4762     0.4792    0.8398   0.4771    9.90e-05  (ETA 1h56m24s)
    17      37s    10m44s    0.8944   0.5493   0.4772     0.4781    0.8413   0.4780    4.95e-05  (ETA 1h55m38s)
    18      28s    11m13s    0.9008   0.5344   0.4712     0.4730    0.8393   0.4745    4.95e-05  (ETA 1h53m28s)
    19      40s    11m53s    0.9068   0.5702   0.4504     0.4498    0.8381   0.4526    4.95e-05  (ETA 1h53m15s)
    20      42s    12m35s    0.8644   0.5646   0.4692     0.4704    0.8407   0.4704    4.95e-05  (ETA 1h53m20s)
    21      28s    13m04s    0.8582   0.5975   0.4712     0.4733    0.8405   0.4712    4.95e-05  (ETA 1h51m24s)
Early stopping at epoch 21 (patience=10)
─────────────────────────────────────────────────────────────────────────────────────────────────────────
ft complete — 21 epochs | total: 13m04s | best epoch=10 val_acc=0.4831
─────────────────────────────────────────────────────────────────────────────────────────────────────────
LoRA adapter saved → /home/apasinato/jade-mscthesis/outputs/ft_checkpoints/ft_faced_9-class_w10s10_pool_no_r16_fold_4/lora_adapter
Head weights saved → /home/apasinato/jade-mscthesis/outputs/ft_checkpoints/ft_faced_9-class_w10s10_pool_no_r16_fold_4/head_weights.pt

#########################################################################################################
  Fold 5/10  |  faced  |  task=9-class  |  pooling=no  |  LoRA r=16  |  device=cuda
  train: 111 subjects  |  val: 12 subjects
#########################################################################################################
Building datasets ...  done in 1s  (train=9,324  val=1,008)

>>> Stage 1: LP warmup  |  trainable params: 1,807,881

─────────────────────────────────────────────────────────────────────────────────────────────────────────
  Stage: lp  |  lr=0.005  |  max_epochs=20  |  grad_clip=2.0
 Epoch   EpTime   Elapsed    TrLoss    TrAcc    VaAcc   VaBalAcc   VaAUROC    VaF1w          LR
─────────────────────────────────────────────────────────────────────────────────────────────────────────
     1      12s       12s    3.1023   0.1164   0.1091     0.1132    0.6447   0.0247    6.16e-04  (ETA 3m51s)
     2      12s       24s   14.5686   0.1188   0.1558     0.1615    0.6609   0.0583    1.96e-03  (ETA 3m39s)
     3      12s       36s   42.1783   0.1183   0.1121     0.1163    0.5820   0.0298    4.86e-03  (ETA 3m27s)
     4      12s       48s   37.9963   0.1338   0.1389     0.1440    0.6922   0.0564    4.86e-03  (ETA 3m15s)
     5      12s     1m01s   14.0008   0.1885   0.2113     0.1878    0.7332   0.1222    4.86e-03  (ETA 3m03s)
     6      12s     1m13s    6.7604   0.2476   0.2768     0.2870    0.7754   0.2115    4.86e-03  (ETA 2m50s)
     7      12s     1m25s    4.7885   0.2935   0.2907     0.3014    0.8068   0.2285    4.86e-03  (ETA 2m38s)
     8      12s     1m37s    3.4711   0.3975   0.3998     0.4038    0.8255   0.3923    4.86e-03  (ETA 2m26s)
     9      12s     1m49s    3.2921   0.4136   0.3155     0.3143    0.7957   0.2644    4.86e-03  (ETA 2m14s)
    10      12s     2m01s    2.6722   0.4112   0.3929     0.4007    0.8197   0.3728    4.86e-03  (ETA 2m01s)
    11      12s     2m14s    2.4489   0.4363   0.3929     0.3915    0.8144   0.3835    4.86e-03  (ETA 1m49s)
    12      12s     2m26s    2.4847   0.4287   0.3998     0.3930    0.8100   0.3997    4.86e-03  (ETA 1m37s)
    13      12s     2m38s    1.7657   0.5153   0.4087     0.4038    0.8179   0.4004    4.86e-03  (ETA 1m25s)
    14      12s     2m50s    1.6768   0.5301   0.4196     0.4174    0.8225   0.4148    4.86e-03  (ETA 1m13s)
    15      12s     3m03s    1.6104   0.5266   0.4127     0.4208    0.8263   0.4120    4.86e-03  (ETA 1m01s)
    16      12s     3m15s    1.3523   0.5066   0.4296     0.4285    0.8198   0.4256    4.86e-03  (ETA 48s)
    17      12s     3m27s    1.3486   0.5166   0.4157     0.4123    0.8213   0.4145    4.86e-03  (ETA 36s)
    18      12s     3m39s    1.2836   0.5402   0.4117     0.4059    0.8125   0.4152    4.86e-03  (ETA 24s)
    19      25s     4m04s    1.2260   0.5848   0.4216     0.4252    0.8197   0.4031    4.86e-03  (ETA 12s)
    20      24s     4m29s    1.2096   0.5360   0.4246     0.4257    0.8256   0.4205    4.86e-03  (done)
─────────────────────────────────────────────────────────────────────────────────────────────────────────
lp complete — 20 epochs | total: 4m29s | best epoch=16 val_acc=0.4296
─────────────────────────────────────────────────────────────────────────────────────────────────────────

>>> Stage 2: LoRA fine-tuning
  Parameters: 2,889,225 trainable / 72,078,857 total (4.01%)  |  LoRA: 1,081,344

─────────────────────────────────────────────────────────────────────────────────────────────────────────
  Stage: ft  |  lr=0.0001  |  max_epochs=200  |  grad_clip=2.0
 Epoch   EpTime   Elapsed    TrLoss    TrAcc    VaAcc   VaBalAcc   VaAUROC    VaF1w          LR
─────────────────────────────────────────────────────────────────────────────────────────────────────────
     1      46s       46s    2.1322   0.4324   0.4018     0.3997    0.8026   0.3949    6.33e-06  (ETA 2h32m52s)
     2      37s     1m23s    1.5071   0.5024   0.4306     0.4285    0.8163   0.4317    1.65e-05  (ETA 2h17m32s)
     3      28s     1m52s    1.4260   0.5425   0.4633     0.4642    0.8277   0.4625    3.27e-05  (ETA 2h02m40s)
     4      28s     2m20s    1.3105   0.5232   0.4454     0.4452    0.8272   0.4502    5.83e-05  (ETA 1h55m03s)
     5      28s     2m49s    1.2413   0.5289   0.4474     0.4470    0.8291   0.4475    9.90e-05  (ETA 1h50m16s)
     6      37s     3m27s    1.0928   0.5279   0.4435     0.4437    0.8287   0.4373    9.90e-05  (ETA 1h51m47s)
     7      49s     4m17s    1.0398   0.5873   0.4534     0.4547    0.8298   0.4505    9.90e-05  (ETA 1h58m13s)
     8      40s     4m57s    1.0979   0.5125   0.4325     0.4300    0.8256   0.4349    9.90e-05  (ETA 1h59m08s)
     9      54s     5m52s    0.9957   0.5308   0.4325     0.4300    0.8265   0.4334    9.90e-05  (ETA 2h04m42s)
    10      42s     6m34s    1.0644   0.5879   0.4395     0.4396    0.8266   0.4396    9.90e-05  (ETA 2h05m01s)
    11      41s     7m16s    1.0643   0.5447   0.4345     0.4372    0.8289   0.4306    9.90e-05  (ETA 2h05m00s)
    12      54s     8m11s    0.9953   0.5150   0.4355     0.4349    0.8268   0.4338    9.90e-05  (ETA 2h08m17s)
    13      37s     8m48s    1.0070   0.4765   0.4345     0.4342    0.8284   0.4362    9.90e-05  (ETA 2h06m43s)
    14      28s     9m17s    0.9822   0.6000   0.4375     0.4380    0.8283   0.4416    4.95e-05  (ETA 2h03m23s)
Early stopping at epoch 14 (patience=10)
─────────────────────────────────────────────────────────────────────────────────────────────────────────
ft complete — 14 epochs | total: 9m17s | best epoch=3 val_acc=0.4633
─────────────────────────────────────────────────────────────────────────────────────────────────────────
LoRA adapter saved → /home/apasinato/jade-mscthesis/outputs/ft_checkpoints/ft_faced_9-class_w10s10_pool_no_r16_fold_5/lora_adapter
Head weights saved → /home/apasinato/jade-mscthesis/outputs/ft_checkpoints/ft_faced_9-class_w10s10_pool_no_r16_fold_5/head_weights.pt

#########################################################################################################
  Fold 6/10  |  faced  |  task=9-class  |  pooling=no  |  LoRA r=16  |  device=cuda
  train: 111 subjects  |  val: 12 subjects
#########################################################################################################
Building datasets ...  done in 1s  (train=9,324  val=1,008)

>>> Stage 1: LP warmup  |  trainable params: 1,807,881

─────────────────────────────────────────────────────────────────────────────────────────────────────────
  Stage: lp  |  lr=0.005  |  max_epochs=20  |  grad_clip=2.0
 Epoch   EpTime   Elapsed    TrLoss    TrAcc    VaAcc   VaBalAcc   VaAUROC    VaF1w          LR
─────────────────────────────────────────────────────────────────────────────────────────────────────────
     1      12s       12s    3.0584   0.1215   0.1687     0.1749    0.6967   0.0718    6.16e-04  (ETA 3m51s)
     2      12s       24s   14.8898   0.1213   0.1081     0.1121    0.6449   0.0227    1.96e-03  (ETA 3m40s)
     3      12s       36s   39.2083   0.1234   0.1518     0.1574    0.5944   0.0694    4.86e-03  (ETA 3m27s)
     4      12s       48s   37.9054   0.1369   0.2103     0.1844    0.7249   0.1248    4.86e-03  (ETA 3m15s)
     5      12s     1m01s   17.0642   0.1789   0.2222     0.2052    0.7512   0.1281    4.86e-03  (ETA 3m03s)
     6      18s     1m19s    8.5881   0.2503   0.3155     0.3202    0.8015   0.2574    4.86e-03  (ETA 3m05s)
     7      19s     1m39s    5.9139   0.2881   0.2758     0.2847    0.8039   0.2319    4.86e-03  (ETA 3m04s)
     8      14s     1m54s    4.4833   0.3405   0.4077     0.4144    0.8345   0.4033    4.86e-03  (ETA 2m51s)
     9      15s     2m10s    3.4724   0.3653   0.3175     0.3202    0.8119   0.3073    4.86e-03  (ETA 2m38s)
    10      12s     2m22s    3.2957   0.4126   0.3849     0.3889    0.8326   0.3638    4.86e-03  (ETA 2m22s)
    11      12s     2m34s    2.8744   0.4284   0.4484     0.4506    0.8319   0.4414    4.86e-03  (ETA 2m06s)
    12      12s     2m46s    2.5091   0.4650   0.4950     0.4943    0.8453   0.4984    4.86e-03  (ETA 1m51s)
    13      12s     2m58s    2.2347   0.4301   0.4464     0.4522    0.8397   0.4184    4.86e-03  (ETA 1m36s)
    14      12s     3m11s    1.8918   0.4563   0.4643     0.4630    0.8516   0.4561    4.86e-03  (ETA 1m21s)
    15      12s     3m23s    1.8791   0.5275   0.5050     0.5098    0.8465   0.5027    4.86e-03  (ETA 1m07s)
    16      12s     3m35s    1.6020   0.4860   0.5079     0.5098    0.8509   0.5087    4.86e-03  (ETA 53s)
    17      12s     3m47s    1.5602   0.4803   0.5040     0.5057    0.8492   0.5027    4.86e-03  (ETA 40s)
    18      12s     3m59s    1.3945   0.4605   0.4940     0.4954    0.8511   0.4865    4.86e-03  (ETA 26s)
    19      12s     4m12s    1.3809   0.5199   0.5278     0.5257    0.8543   0.5279    4.86e-03  (ETA 13s)
    20      22s     4m34s    1.2987   0.4663   0.5000     0.4990    0.8492   0.4951    4.86e-03  (done)
─────────────────────────────────────────────────────────────────────────────────────────────────────────
lp complete — 20 epochs | total: 4m34s | best epoch=19 val_acc=0.5278
─────────────────────────────────────────────────────────────────────────────────────────────────────────

>>> Stage 2: LoRA fine-tuning
  Parameters: 2,889,225 trainable / 72,078,857 total (4.01%)  |  LoRA: 1,081,344

─────────────────────────────────────────────────────────────────────────────────────────────────────────
  Stage: ft  |  lr=0.0001  |  max_epochs=200  |  grad_clip=2.0
 Epoch   EpTime   Elapsed    TrLoss    TrAcc    VaAcc   VaBalAcc   VaAUROC    VaF1w          LR
─────────────────────────────────────────────────────────────────────────────────────────────────────────
     1      45s       45s    1.5696   0.4618   0.4871     0.4905    0.8418   0.4848    6.39e-06  (ETA 2h31m54s)
     2      38s     1m24s    1.2734   0.5090   0.5179     0.5211    0.8553   0.5168    1.66e-05  (ETA 2h19m49s)
     3      42s     2m06s    1.2212   0.5665   0.5367     0.5394    0.8599   0.5356    3.28e-05  (ETA 2h18m57s)
     4      28s     2m35s    1.0947   0.5230   0.5060     0.5136    0.8589   0.4960    5.86e-05  (ETA 2h07m10s)
     5      28s     3m04s    1.0750   0.5682   0.5020     0.5075    0.8562   0.4935    9.93e-05  (ETA 1h59m57s)
     6      28s     3m33s    1.0642   0.5639   0.5050     0.5085    0.8542   0.4972    9.93e-05  (ETA 1h54m57s)
     7      43s     4m16s    0.9745   0.5528   0.5119     0.5180    0.8561   0.5100    9.93e-05  (ETA 1h57m59s)
     8      54s     5m11s    1.0034   0.5039   0.5010     0.5075    0.8547   0.4968    9.93e-05  (ETA 2h04m35s)
     9      37s     5m48s    1.0616   0.5623   0.4940     0.4969    0.8554   0.4890    9.93e-05  (ETA 2h03m21s)
    10      28s     6m17s    0.9813   0.5951   0.5179     0.5229    0.8562   0.5174    9.93e-05  (ETA 1h59m31s)
    11      28s     6m46s    0.9479   0.5575   0.5089     0.5141    0.8587   0.5062    9.93e-05  (ETA 1h56m19s)
    12      28s     7m15s    0.9624   0.5380   0.4990     0.5049    0.8548   0.4904    9.93e-05  (ETA 1h53m35s)
    13      28s     7m43s    0.9781   0.5834   0.5149     0.5170    0.8574   0.5126    9.93e-05  (ETA 1h51m11s)
    14      28s     8m12s    0.9521   0.6046   0.4960     0.5033    0.8559   0.4926    9.93e-05  (ETA 1h49m03s)
Early stopping at epoch 14 (patience=10)
─────────────────────────────────────────────────────────────────────────────────────────────────────────
ft complete — 14 epochs | total: 8m12s | best epoch=3 val_acc=0.5367
─────────────────────────────────────────────────────────────────────────────────────────────────────────
LoRA adapter saved → /home/apasinato/jade-mscthesis/outputs/ft_checkpoints/ft_faced_9-class_w10s10_pool_no_r16_fold_6/lora_adapter
Head weights saved → /home/apasinato/jade-mscthesis/outputs/ft_checkpoints/ft_faced_9-class_w10s10_pool_no_r16_fold_6/head_weights.pt

#########################################################################################################
  Fold 7/10  |  faced  |  task=9-class  |  pooling=no  |  LoRA r=16  |  device=cuda
  train: 111 subjects  |  val: 12 subjects
#########################################################################################################
Building datasets ...  done in 1s  (train=9,324  val=1,008)

>>> Stage 1: LP warmup  |  trainable params: 1,807,881

─────────────────────────────────────────────────────────────────────────────────────────────────────────
  Stage: lp  |  lr=0.005  |  max_epochs=20  |  grad_clip=2.0
 Epoch   EpTime   Elapsed    TrLoss    TrAcc    VaAcc   VaBalAcc   VaAUROC    VaF1w          LR
─────────────────────────────────────────────────────────────────────────────────────────────────────────
     1      35s       35s    3.0152   0.1183   0.1607     0.1296    0.7273   0.0634    6.16e-04  (ETA 11m12s)
     2      34s     1m10s   16.4083   0.1236   0.1121     0.1163    0.6028   0.0318    1.96e-03  (ETA 10m32s)
     3      15s     1m26s   47.1296   0.1210   0.1339     0.1389    0.6718   0.0617    4.86e-03  (ETA 8m07s)
     4      12s     1m38s   36.5122   0.1325   0.1528     0.1574    0.7433   0.0822    4.86e-03  (ETA 6m32s)
     5      12s     1m50s   12.9563   0.1932   0.2242     0.2274    0.7767   0.1582    4.86e-03  (ETA 5m31s)
     6      12s     2m02s    8.8348   0.2323   0.3016     0.3128    0.8062   0.2570    4.86e-03  (ETA 4m45s)
     7      12s     2m14s    5.5253   0.2935   0.3859     0.3750    0.8362   0.3382    4.86e-03  (ETA 4m10s)
     8      12s     2m26s    4.1748   0.3178   0.3284     0.3320    0.8197   0.3205    4.86e-03  (ETA 3m40s)
     9      12s     2m39s    3.8441   0.3468   0.4385     0.4264    0.8357   0.4016    4.86e-03  (ETA 3m14s)
    10      12s     2m51s    3.4170   0.4004   0.4970     0.5023    0.8439   0.4943    4.86e-03  (ETA 2m51s)
    11      12s     3m03s    2.9183   0.4204   0.4296     0.4370    0.8477   0.4268    4.86e-03  (ETA 2m30s)
    12      12s     3m15s    2.5410   0.4869   0.4524     0.4558    0.8459   0.4372    4.86e-03  (ETA 2m10s)
    13      18s     3m33s    2.3019   0.4526   0.4831     0.4851    0.8530   0.4753    4.86e-03  (ETA 1m55s)
    14      39s     4m13s    2.0124   0.5541   0.4484     0.4645    0.8475   0.4191    4.86e-03  (ETA 1m48s)
    15      35s     4m49s    1.7782   0.5167   0.5010     0.4990    0.8505   0.4971    4.86e-03  (ETA 1m36s)
    16      39s     5m28s    1.4804   0.5215   0.4554     0.4588    0.8495   0.4477    4.86e-03  (ETA 1m22s)
    17      25s     5m54s    1.4360   0.5218   0.4940     0.5000    0.8565   0.4895    4.86e-03  (ETA 1m02s)
    18      12s     6m06s    1.3898   0.5779   0.5020     0.5008    0.8573   0.4986    4.86e-03  (ETA 40s)
    19      13s     6m19s    1.4009   0.4912   0.4663     0.4748    0.8473   0.4530    4.86e-03  (ETA 19s)
    20      35s     6m55s    1.1963   0.5472   0.5228     0.5309    0.8589   0.5180    4.86e-03  (done)
─────────────────────────────────────────────────────────────────────────────────────────────────────────
lp complete — 20 epochs | total: 6m55s | best epoch=20 val_acc=0.5228
─────────────────────────────────────────────────────────────────────────────────────────────────────────

>>> Stage 2: LoRA fine-tuning
  Parameters: 2,889,225 trainable / 72,078,857 total (4.01%)  |  LoRA: 1,081,344

─────────────────────────────────────────────────────────────────────────────────────────────────────────
  Stage: ft  |  lr=0.0001  |  max_epochs=200  |  grad_clip=2.0
 Epoch   EpTime   Elapsed    TrLoss    TrAcc    VaAcc   VaBalAcc   VaAUROC    VaF1w          LR
─────────────────────────────────────────────────────────────────────────────────────────────────────────
     1      39s       39s    2.0401   0.3953   0.4792     0.4807    0.8421   0.4651    6.39e-06  (ETA 2h09m46s)
     2      53s     1m32s    1.2474   0.5378   0.5317     0.5345    0.8592   0.5311    1.66e-05  (ETA 2h33m20s)
     3      54s     2m27s    1.1273   0.5470   0.5228     0.5262    0.8633   0.5222    3.28e-05  (ETA 2h41m33s)
     4      50s     3m17s    1.1067   0.5950   0.5397     0.5437    0.8631   0.5397    5.86e-05  (ETA 2h41m32s)
     5      43s     4m01s    1.0815   0.5603   0.5327     0.5378    0.8631   0.5319    9.93e-05  (ETA 2h37m03s)
     6      36s     4m37s    0.9910   0.5453   0.5268     0.5288    0.8645   0.5279    9.93e-05  (ETA 2h29m45s)
     7      51s     5m29s    1.0197   0.5207   0.5337     0.5388    0.8637   0.5339    9.93e-05  (ETA 2h31m33s)
     8      37s     6m07s    0.9435   0.5309   0.5308     0.5319    0.8632   0.5267    9.93e-05  (ETA 2h26m53s)
     9      54s     7m02s    0.9549   0.5354   0.5387     0.5396    0.8634   0.5387    9.93e-05  (ETA 2h29m16s)
    10      44s     7m46s    0.9222   0.5354   0.5337     0.5327    0.8637   0.5334    9.93e-05  (ETA 2h27m38s)
    11      45s     8m32s    0.9307   0.5497   0.5317     0.5365    0.8636   0.5324    9.93e-05  (ETA 2h26m40s)
    12      34s     9m06s    0.9737   0.5323   0.5308     0.5309    0.8628   0.5308    9.93e-05  (ETA 2h22m40s)
    13      33s     9m40s    0.8988   0.5215   0.5446     0.5502    0.8652   0.5442    9.93e-05  (ETA 2h19m05s)
    14      42s    10m22s    0.8921   0.5738   0.5288     0.5322    0.8645   0.5288    9.93e-05  (ETA 2h17m56s)
    15      33s    10m56s    0.9802   0.5587   0.5437     0.5435    0.8641   0.5455    9.93e-05  (ETA 2h15m00s)
    16      50s    11m46s    0.8974   0.5904   0.5327     0.5358    0.8629   0.5307    9.93e-05  (ETA 2h15m30s)
    17      49s    12m36s    0.9545   0.5843   0.5377     0.5424    0.8635   0.5391    9.93e-05  (ETA 2h15m47s)
    18      39s    13m16s    0.8985   0.5164   0.5188     0.5201    0.8647   0.5207    9.93e-05  (ETA 2h14m10s)
    19      39s    13m56s    0.8683   0.5521   0.5248     0.5280    0.8641   0.5254    9.93e-05  (ETA 2h12m45s)
    20      42s    14m39s    0.9188   0.5143   0.5337     0.5381    0.8646   0.5294    4.97e-05  (ETA 2h11m52s)
    21      42s    15m21s    0.8806   0.5385   0.5298     0.5329    0.8643   0.5307    4.97e-05  (ETA 2h10m55s)
    22      48s    16m10s    0.8828   0.5887   0.5278     0.5306    0.8638   0.5278    4.97e-05  (ETA 2h10m52s)
    23      34s    16m44s    0.9384   0.4980   0.5427     0.5466    0.8648   0.5403    4.97e-05  (ETA 2h08m54s)
    24      42s    17m27s    0.8556   0.5809   0.5397     0.5417    0.8631   0.5393    4.97e-05  (ETA 2h08m00s)
Early stopping at epoch 24 (patience=10)
─────────────────────────────────────────────────────────────────────────────────────────────────────────
ft complete — 24 epochs | total: 17m27s | best epoch=13 val_acc=0.5446
─────────────────────────────────────────────────────────────────────────────────────────────────────────
LoRA adapter saved → /home/apasinato/jade-mscthesis/outputs/ft_checkpoints/ft_faced_9-class_w10s10_pool_no_r16_fold_7/lora_adapter
Head weights saved → /home/apasinato/jade-mscthesis/outputs/ft_checkpoints/ft_faced_9-class_w10s10_pool_no_r16_fold_7/head_weights.pt

#########################################################################################################
  Fold 8/10  |  faced  |  task=9-class  |  pooling=no  |  LoRA r=16  |  device=cuda
  train: 111 subjects  |  val: 12 subjects
#########################################################################################################
Building datasets ...  done in 1s  (train=9,324  val=1,008)

>>> Stage 1: LP warmup  |  trainable params: 1,807,881

─────────────────────────────────────────────────────────────────────────────────────────────────────────
  Stage: lp  |  lr=0.005  |  max_epochs=20  |  grad_clip=2.0
 Epoch   EpTime   Elapsed    TrLoss    TrAcc    VaAcc   VaBalAcc   VaAUROC    VaF1w          LR
─────────────────────────────────────────────────────────────────────────────────────────────────────────
     1      23s       23s    3.0749   0.1211   0.1151     0.1173    0.7008   0.0347    6.16e-04  (ETA 7m27s)
     2      34s       58s   13.8595   0.1244   0.1240     0.1286    0.6928   0.0447    1.96e-03  (ETA 8m45s)
     3      24s     1m22s   39.3480   0.1216   0.1171     0.1191    0.6339   0.0385    4.86e-03  (ETA 7m47s)
     4      22s     1m45s   42.1143   0.1363   0.2123     0.1842    0.6859   0.1252    4.86e-03  (ETA 7m01s)
     5      12s     1m57s   14.7645   0.1954   0.3026     0.3138    0.8017   0.2326    4.86e-03  (ETA 5m52s)
     6      12s     2m09s    9.5493   0.2341   0.2867     0.2971    0.8067   0.2408    4.86e-03  (ETA 5m02s)
     7      12s     2m21s    5.6618   0.3064   0.2837     0.2878    0.8250   0.2263    4.86e-03  (ETA 4m23s)
     8      12s     2m34s    3.7634   0.3855   0.4058     0.3891    0.8384   0.3995    4.86e-03  (ETA 3m51s)
     9      12s     2m46s    3.5586   0.4113   0.3502     0.3516    0.8197   0.3438    4.86e-03  (ETA 3m23s)
    10      12s     2m58s    3.1396   0.4040   0.2887     0.2991    0.8079   0.2716    4.86e-03  (ETA 2m58s)
    11      12s     3m10s    2.7211   0.4259   0.4395     0.4324    0.8455   0.4181    4.86e-03  (ETA 2m36s)
    12      12s     3m23s    2.4542   0.4438   0.4187     0.4272    0.8378   0.4001    4.86e-03  (ETA 2m15s)
    13      12s     3m35s    2.0963   0.5252   0.4435     0.4362    0.8365   0.4252    4.86e-03  (ETA 1m55s)
    14      12s     3m47s    1.7305   0.4817   0.4315     0.4252    0.8407   0.4276    4.86e-03  (ETA 1m37s)
    15      12s     3m59s    1.6805   0.4884   0.4673     0.4725    0.8429   0.4656    4.86e-03  (ETA 1m19s)
    16      22s     4m22s    1.4210   0.4688   0.4167     0.4072    0.8347   0.3981    4.86e-03  (ETA 1m05s)
    17      35s     4m58s    1.4331   0.5231   0.4732     0.4779    0.8438   0.4688    4.86e-03  (ETA 52s)
    18      30s     5m29s    1.3742   0.5286   0.4216     0.4079    0.8452   0.4100    4.86e-03  (ETA 36s)
    19      12s     5m41s    1.1659   0.5072   0.4355     0.4311    0.8471   0.4113    4.86e-03  (ETA 17s)
    20      25s     6m06s    1.1355   0.5748   0.4821     0.4784    0.8514   0.4810    4.86e-03  (done)
─────────────────────────────────────────────────────────────────────────────────────────────────────────
lp complete — 20 epochs | total: 6m06s | best epoch=20 val_acc=0.4821
─────────────────────────────────────────────────────────────────────────────────────────────────────────

>>> Stage 2: LoRA fine-tuning
  Parameters: 2,889,225 trainable / 72,078,857 total (4.01%)  |  LoRA: 1,081,344

─────────────────────────────────────────────────────────────────────────────────────────────────────────
  Stage: ft  |  lr=0.0001  |  max_epochs=200  |  grad_clip=2.0
 Epoch   EpTime   Elapsed    TrLoss    TrAcc    VaAcc   VaBalAcc   VaAUROC    VaF1w          LR
─────────────────────────────────────────────────────────────────────────────────────────────────────────
     1      50s       50s    1.7138   0.4260   0.4673     0.4658    0.8349   0.4607    6.33e-06  (ETA 2h46m25s)
     2      42s     1m32s    1.1819   0.5027   0.4881     0.4869    0.8495   0.4838    1.65e-05  (ETA 2h32m30s)
     3      42s     2m14s    1.1355   0.5293   0.4960     0.4979    0.8557   0.4937    3.27e-05  (ETA 2h27m08s)
     4      46s     3m00s    1.0592   0.5571   0.4980     0.4961    0.8544   0.4948    5.83e-05  (ETA 2h27m26s)
     5      37s     3m37s    1.0673   0.5493   0.4821     0.4815    0.8555   0.4746    9.90e-05  (ETA 2h21m38s)
     6      31s     4m09s    0.9799   0.5875   0.4851     0.4838    0.8571   0.4760    9.90e-05  (ETA 2h14m20s)
     7      44s     4m54s    0.9581   0.5129   0.5040     0.5059    0.8589   0.5009    9.90e-05  (ETA 2h15m11s)
     8      50s     5m44s    0.9174   0.5295   0.4980     0.4920    0.8584   0.4925    9.90e-05  (ETA 2h17m58s)
     9      39s     6m24s    0.9217   0.5518   0.4891     0.4910    0.8589   0.4793    9.90e-05  (ETA 2h16m04s)
    10      43s     7m08s    0.9673   0.5469   0.4831     0.4807    0.8578   0.4762    9.90e-05  (ETA 2h15m43s)
    11      35s     7m43s    0.9007   0.5505   0.4931     0.4943    0.8573   0.4891    9.90e-05  (ETA 2h12m47s)
    12      42s     8m25s    0.9182   0.5380   0.4802     0.4769    0.8552   0.4776    9.90e-05  (ETA 2h12m06s)
    13      36s     9m02s    0.8743   0.6092   0.4921     0.4892    0.8582   0.4884    9.90e-05  (ETA 2h09m57s)
    14      39s     9m41s    0.8774   0.5598   0.4921     0.4859    0.8568   0.4870    4.95e-05  (ETA 2h08m45s)
    15      54s    10m36s    0.9198   0.5651   0.5040     0.5046    0.8573   0.5005    4.95e-05  (ETA 2h10m46s)
    16      32s    11m08s    0.9237   0.5501   0.4921     0.4892    0.8566   0.4882    4.95e-05  (ETA 2h08m08s)
    17      34s    11m42s    0.8580   0.5400   0.4911     0.4892    0.8584   0.4866    4.95e-05  (ETA 2h06m03s)
    18      44s    12m27s    0.8910   0.5745   0.4931     0.4892    0.8574   0.4893    4.95e-05  (ETA 2h05m57s)
Early stopping at epoch 18 (patience=10)
─────────────────────────────────────────────────────────────────────────────────────────────────────────
ft complete — 18 epochs | total: 12m27s | best epoch=7 val_acc=0.5040
─────────────────────────────────────────────────────────────────────────────────────────────────────────
LoRA adapter saved → /home/apasinato/jade-mscthesis/outputs/ft_checkpoints/ft_faced_9-class_w10s10_pool_no_r16_fold_8/lora_adapter
Head weights saved → /home/apasinato/jade-mscthesis/outputs/ft_checkpoints/ft_faced_9-class_w10s10_pool_no_r16_fold_8/head_weights.pt

#########################################################################################################
  Fold 9/10  |  faced  |  task=9-class  |  pooling=no  |  LoRA r=16  |  device=cuda
  train: 111 subjects  |  val: 12 subjects
#########################################################################################################
Building datasets ...  done in 17s  (train=9,324  val=1,008)

>>> Stage 1: LP warmup  |  trainable params: 1,807,881

─────────────────────────────────────────────────────────────────────────────────────────────────────────
  Stage: lp  |  lr=0.005  |  max_epochs=20  |  grad_clip=2.0
 Epoch   EpTime   Elapsed    TrLoss    TrAcc    VaAcc   VaBalAcc   VaAUROC    VaF1w          LR
─────────────────────────────────────────────────────────────────────────────────────────────────────────
     1      19s       19s    2.9811   0.1193   0.1339     0.1389    0.6484   0.0683    6.16e-04  (ETA 6m01s)
     2      25s       44s   13.4527   0.1283   0.1329     0.1379    0.6293   0.0528    1.96e-03  (ETA 6m42s)
     3      12s       56s   41.7509   0.1231   0.1181     0.1222    0.6289   0.0453    4.86e-03  (ETA 5m22s)
     4      14s     1m11s   37.3772   0.1399   0.1667     0.1628    0.7005   0.1037    4.86e-03  (ETA 4m45s)
     5      12s     1m23s   12.4170   0.1914   0.1528     0.1548    0.7240   0.0937    4.86e-03  (ETA 4m10s)
     6      22s     1m46s    7.7176   0.2768   0.3522     0.3611    0.7694   0.3275    4.86e-03  (ETA 4m07s)
     7      38s     2m25s    4.2853   0.3279   0.3155     0.3171    0.7630   0.2794    4.86e-03  (ETA 4m29s)
     8      39s     3m04s    3.4777   0.3888   0.3472     0.3560    0.7645   0.3235    4.86e-03  (ETA 4m37s)
     9      23s     3m28s    2.9264   0.4176   0.3651     0.3737    0.7691   0.3410    4.86e-03  (ETA 4m14s)
    10      12s     3m40s    2.8118   0.4343   0.3393     0.3359    0.7606   0.2973    4.86e-03  (ETA 3m40s)
    11      12s     3m52s    2.4473   0.4395   0.3591     0.3681    0.7723   0.3236    4.86e-03  (ETA 3m10s)
    12      35s     4m27s    2.4186   0.4336   0.4306     0.4342    0.7734   0.4265    4.86e-03  (ETA 2m58s)
    13      27s     4m55s    2.1824   0.4591   0.3581     0.3544    0.7730   0.3502    4.86e-03  (ETA 2m38s)
    14      21s     5m17s    1.7967   0.4725   0.4256     0.4272    0.7742   0.4102    4.86e-03  (ETA 2m15s)
    15      17s     5m34s    1.5495   0.4837   0.4187     0.4290    0.7694   0.4020    4.86e-03  (ETA 1m51s)
    16      24s     5m59s    1.4693   0.5357   0.3899     0.3976    0.7691   0.3738    4.86e-03  (ETA 1m29s)
    17      25s     6m25s    1.3963   0.5962   0.4226     0.4275    0.7674   0.4232    4.86e-03  (ETA 1m08s)
    18      13s     6m38s    1.2062   0.5294   0.4067     0.4141    0.7646   0.4069    4.86e-03  (ETA 44s)
    19      39s     7m18s    1.1742   0.5638   0.3780     0.3858    0.7620   0.3704    2.43e-03  (ETA 23s)
    20      29s     7m48s    1.0902   0.5002   0.4167     0.4210    0.7717   0.4121    2.43e-03  (done)
─────────────────────────────────────────────────────────────────────────────────────────────────────────
lp complete — 20 epochs | total: 7m48s | best epoch=12 val_acc=0.4306
─────────────────────────────────────────────────────────────────────────────────────────────────────────

>>> Stage 2: LoRA fine-tuning
  Parameters: 2,889,225 trainable / 72,078,857 total (4.01%)  |  LoRA: 1,081,344

─────────────────────────────────────────────────────────────────────────────────────────────────────────
  Stage: ft  |  lr=0.0001  |  max_epochs=200  |  grad_clip=2.0
 Epoch   EpTime   Elapsed    TrLoss    TrAcc    VaAcc   VaBalAcc   VaAUROC    VaF1w          LR
─────────────────────────────────────────────────────────────────────────────────────────────────────────
     1      42s       42s    2.7532   0.4023   0.4196     0.4190    0.7605   0.4062    6.33e-06  (ETA 2h19m55s)
     2      38s     1m21s    1.7839   0.4795   0.4464     0.4491    0.7728   0.4439    1.65e-05  (ETA 2h13m46s)
     3      41s     2m02s    1.6902   0.5106   0.4544     0.4540    0.7790   0.4520    3.27e-05  (ETA 2h14m19s)
     4      42s     2m44s    1.3902   0.4928   0.4405     0.4450    0.7748   0.4340    5.83e-05  (ETA 2h14m39s)
     5      28s     3m13s    1.3869   0.4915   0.3929     0.3987    0.7679   0.3843    9.90e-05  (ETA 2h05m56s)
     6      40s     3m53s    1.2782   0.5405   0.4187     0.4192    0.7694   0.4165    9.90e-05  (ETA 2h06m02s)
     7      53s     4m47s    1.2901   0.5223   0.4246     0.4306    0.7731   0.4190    9.90e-05  (ETA 2h12m10s)
     8      44s     5m32s    1.2002   0.5231   0.4206     0.4254    0.7723   0.4191    9.90e-05  (ETA 2h12m59s)
     9      41s     6m13s    1.2237   0.6068   0.4097     0.4108    0.7708   0.4046    9.90e-05  (ETA 2h12m15s)
    10      29s     6m43s    1.1671   0.5306   0.4246     0.4267    0.7738   0.4228    9.90e-05  (ETA 2h07m39s)
    11      49s     7m32s    1.1464   0.5706   0.4365     0.4388    0.7757   0.4354    9.90e-05  (ETA 2h09m32s)
    12      44s     8m17s    1.1827   0.5056   0.4415     0.4483    0.7768   0.4344    9.90e-05  (ETA 2h09m49s)
    13      42s     8m59s    1.1426   0.5493   0.4325     0.4367    0.7760   0.4319    9.90e-05  (ETA 2h09m16s)
    14      51s     9m50s    1.1375   0.5293   0.4296     0.4360    0.7780   0.4280    9.90e-05  (ETA 2h10m46s)
Early stopping at epoch 14 (patience=10)
─────────────────────────────────────────────────────────────────────────────────────────────────────────
ft complete — 14 epochs | total: 9m50s | best epoch=3 val_acc=0.4544
─────────────────────────────────────────────────────────────────────────────────────────────────────────
LoRA adapter saved → /home/apasinato/jade-mscthesis/outputs/ft_checkpoints/ft_faced_9-class_w10s10_pool_no_r16_fold_9/lora_adapter
Head weights saved → /home/apasinato/jade-mscthesis/outputs/ft_checkpoints/ft_faced_9-class_w10s10_pool_no_r16_fold_9/head_weights.pt

#########################################################################################################
  Fold 10/10  |  faced  |  task=9-class  |  pooling=no  |  LoRA r=16  |  device=cuda
  train: 111 subjects  |  val: 12 subjects
#########################################################################################################
Building datasets ...  done in 1s  (train=9,324  val=1,008)

>>> Stage 1: LP warmup  |  trainable params: 1,807,881

─────────────────────────────────────────────────────────────────────────────────────────────────────────
  Stage: lp  |  lr=0.005  |  max_epochs=20  |  grad_clip=2.0
 Epoch   EpTime   Elapsed    TrLoss    TrAcc    VaAcc   VaBalAcc   VaAUROC    VaF1w          LR
─────────────────────────────────────────────────────────────────────────────────────────────────────────
     1      13s       13s    2.7946   0.1264   0.1081     0.1121    0.7068   0.0279    6.16e-04  (ETA 4m14s)
     2      13s       27s   15.3604   0.1277   0.1101     0.1139    0.6152   0.0293    1.96e-03  (ETA 4m05s)
     3      25s       53s   41.7194   0.1144   0.1071     0.1111    0.6467   0.0207    4.86e-03  (ETA 5m00s)
     4      13s     1m06s   40.5592   0.1395   0.1101     0.1139    0.7203   0.0267    4.86e-03  (ETA 4m27s)
     5      21s     1m28s   16.6827   0.1722   0.2242     0.2325    0.7690   0.1288    4.86e-03  (ETA 4m25s)
     6      13s     1m42s    7.7718   0.2428   0.3512     0.3552    0.8110   0.3252    4.86e-03  (ETA 3m59s)
     7      39s     2m22s    4.6326   0.2903   0.3909     0.3848    0.8182   0.3666    4.86e-03  (ETA 4m24s)
     8      29s     2m52s    3.6769   0.3330   0.4107     0.4079    0.8360   0.3871    4.86e-03  (ETA 4m18s)
     9      12s     3m04s    3.1343   0.3734   0.3383     0.3480    0.8099   0.3039    4.86e-03  (ETA 3m45s)
    10      12s     3m16s    3.1419   0.3576   0.4315     0.4419    0.8408   0.4286    4.86e-03  (ETA 3m16s)
    11      12s     3m28s    2.5711   0.4375   0.4554     0.4493    0.8394   0.4404    4.86e-03  (ETA 2m50s)
    12      12s     3m40s    2.1681   0.4841   0.4315     0.4234    0.8407   0.4290    4.86e-03  (ETA 2m27s)
    13      12s     3m53s    1.8377   0.4278   0.4772     0.4722    0.8456   0.4730    4.86e-03  (ETA 2m05s)
    14      12s     4m05s    1.5747   0.5197   0.4782     0.4797    0.8471   0.4702    4.86e-03  (ETA 1m45s)
    15      12s     4m17s    1.5216   0.5426   0.4851     0.4864    0.8525   0.4792    4.86e-03  (ETA 1m25s)
    16      12s     4m29s    1.4500   0.4868   0.4722     0.4779    0.8481   0.4788    4.86e-03  (ETA 1m07s)
    17      12s     4m41s    1.5189   0.5028   0.4990     0.5008    0.8507   0.5001    4.86e-03  (ETA 49s)
    18      12s     4m54s    1.3335   0.5354   0.4980     0.5044    0.8535   0.4930    4.86e-03  (ETA 32s)
    19      12s     5m06s    1.3500   0.5543   0.4980     0.4979    0.8470   0.5003    4.86e-03  (ETA 16s)
    20      12s     5m18s    1.2761   0.5387   0.5079     0.5090    0.8583   0.5068    4.86e-03  (done)
─────────────────────────────────────────────────────────────────────────────────────────────────────────
lp complete — 20 epochs | total: 5m18s | best epoch=20 val_acc=0.5079
─────────────────────────────────────────────────────────────────────────────────────────────────────────

>>> Stage 2: LoRA fine-tuning
  Parameters: 2,889,225 trainable / 72,078,857 total (4.01%)  |  LoRA: 1,081,344

─────────────────────────────────────────────────────────────────────────────────────────────────────────
  Stage: ft  |  lr=0.0001  |  max_epochs=200  |  grad_clip=2.0
 Epoch   EpTime   Elapsed    TrLoss    TrAcc    VaAcc   VaBalAcc   VaAUROC    VaF1w          LR
─────────────────────────────────────────────────────────────────────────────────────────────────────────
     1      28s       28s    1.8625   0.3889   0.4792     0.4820    0.8396   0.4765    6.39e-06  (ETA 1h35m18s)
     2      28s       57s    1.2959   0.5518   0.5010     0.5021    0.8564   0.5001    1.66e-05  (ETA 1h34m51s)
     3      28s     1m26s    1.1928   0.5861   0.5129     0.5121    0.8588   0.5188    3.28e-05  (ETA 1h34m23s)
     4      28s     1m54s    1.1504   0.5458   0.5159     0.5149    0.8593   0.5166    5.86e-05  (ETA 1h33m54s)
     5      28s     2m23s    1.0736   0.4928   0.5119     0.5105    0.8571   0.5139    9.93e-05  (ETA 1h33m24s)
     6      28s     2m52s    1.0179   0.5253   0.5258     0.5291    0.8580   0.5263    9.93e-05  (ETA 1h32m57s)
     7      28s     3m21s    1.0407   0.5663   0.5079     0.5064    0.8570   0.5091    9.93e-05  (ETA 1h32m27s)
     8      28s     3m49s    0.9960   0.5469   0.5159     0.5144    0.8570   0.5166    9.93e-05  (ETA 1h31m57s)
     9      28s     4m18s    0.9990   0.5355   0.5198     0.5154    0.8549   0.5235    9.93e-05  (ETA 1h31m28s)
    10      28s     4m47s    0.9213   0.5298   0.5198     0.5177    0.8561   0.5195    9.93e-05  (ETA 1h30m59s)
    11      28s     5m16s    0.9060   0.5458   0.5149     0.5149    0.8569   0.5153    9.93e-05  (ETA 1h30m30s)
    12      28s     5m44s    0.8833   0.5053   0.5208     0.5221    0.8580   0.5221    9.93e-05  (ETA 1h30m01s)
    13      28s     6m13s    0.9760   0.5545   0.5169     0.5136    0.8548   0.5198    9.93e-05  (ETA 1h29m32s)
    14      28s     6m42s    0.9479   0.5809   0.5139     0.5105    0.8552   0.5163    9.93e-05  (ETA 1h29m03s)
    15      28s     7m10s    0.9278   0.5743   0.5218     0.5229    0.8565   0.5211    9.93e-05  (ETA 1h28m34s)
    16      28s     7m39s    0.9064   0.5750   0.5169     0.5162    0.8563   0.5192    9.93e-05  (ETA 1h28m05s)
    17      28s     8m08s    0.9020   0.5844   0.5208     0.5175    0.8553   0.5254    9.93e-05  (ETA 1h27m36s)
Early stopping at epoch 17 (patience=10)
─────────────────────────────────────────────────────────────────────────────────────────────────────────
ft complete — 17 epochs | total: 8m08s | best epoch=6 val_acc=0.5258
─────────────────────────────────────────────────────────────────────────────────────────────────────────
LoRA adapter saved → /home/apasinato/jade-mscthesis/outputs/ft_checkpoints/ft_faced_9-class_w10s10_pool_no_r16_fold_10/lora_adapter
Head weights saved → /home/apasinato/jade-mscthesis/outputs/ft_checkpoints/ft_faced_9-class_w10s10_pool_no_r16_fold_10/head_weights.pt

==========================================================================================
  CROSS-FOLD SUMMARY  (10 folds  |  faced  |  task=9-class  |  pool_no  |  LoRA r=16)
==========================================================================================
 Fold    ValAcc   ValBalAcc   ValAUROC    ValF1w   Epochs   BestEp
------------------------------------------------------------------
    1    0.5394      0.5370     0.8634    0.5390        0       12
    2    0.5348      0.5368     0.8625    0.5347        0       23
    3    0.4560      0.4518     0.7941    0.4568        0       14
    4    0.4831      0.4846     0.8407    0.4850        0       10
    5    0.4633      0.4642     0.8277    0.4625        0        3
    6    0.5367      0.5394     0.8599    0.5356        0        3
    7    0.5446      0.5502     0.8652    0.5442        0       13
    8    0.5040      0.5059     0.8589    0.5009        0        7
    9    0.4544      0.4540     0.7790    0.4520        0        3
   10    0.5258      0.5291     0.8580    0.5263        0        6
------------------------------------------------------------------
 Mean    0.5042      0.5053     0.8409    0.5037
  Std    0.0369      0.0385     0.0312    0.0370
==========================================================================================
Aggregate results saved -> /home/apasinato/jade-mscthesis/outputs/ft_checkpoints/summary_faced_9-class_w10s10_pool_no_r16.json

All folds complete.

=== Complete ===
Exit code: 0
Finished:  Thu Mar 26 18:41:01 CET 2026
