[rank: 0] Seed set to 42
`torch_dtype` is deprecated! Use `dtype` instead!
wandb: WARNING Using a boolean value for 'reinit' is deprecated. Use 'return_previous' or 'finish_previous' instead.
wandb: Tracking run with wandb version 0.25.0
wandb: W&B syncing is set to `offline` in this directory. Run `wandb online` or set WANDB_MODE=online to enable cloud syncing.
wandb: Run data is saved locally in /home/apasinato/jade-mscthesis/wandb/offline-run-20260326_153349-x36kpj3i
wandb: 
wandb: Run history:
wandb:     best/val_acc ▁
wandb:   best/val_auroc ▁
wandb: best/val_bal_acc ▁
wandb:      best/val_f1 ▁
wandb:               lr ▂▄███████████▄▄▄▄▄▄▄▁▁▁▁▁▁▁▁▁▁▁▁▁▁
wandb:            stage ▁▁▁▁▁▁▁▁▁▁▁▁▁▁▁▁▁▁▁▁██████████████
wandb:        train/acc ▁▂▂▂▂▂▃▃▄▄▄▄▄▄▃▃▄▆▃▃██▇▇█▆▆▇▆▆▇▆▇▆
wandb:       train/loss ▁▂▅█▇▇▆▆▅▅▅▅▇▅▇▆▅▄▇▆▂▂▂▂▁▁▁▁▁▁▁▁▁▁
wandb:          val/acc ▂▁▁▁▅▇▇▅▄▂▆▅▅▆▁▆█▅▃▄▇██▇▆▃▇▆▆▅▃▅▆▆
wandb:        val/auroc ▆▅▄▇▆█▇█▄▃▇▆▄▆▁▇▄▅▅▃▄▄▅▆▅▄▄▃▃▃▃▄▃▃
wandb:               +3 ...
wandb: 
wandb: Run summary:
wandb:     best/val_acc 0.58654
wandb:   best/val_auroc 0.60657
wandb: best/val_bal_acc 0.58654
wandb:      best/val_f1 0.585
wandb:               lr 5e-05
wandb:            stage 1
wandb:        train/acc 0.6517
wandb:       train/loss 0.99822
wandb:          val/acc 0.55449
wandb:        val/auroc 0.58298
wandb:               +3 ...
wandb: 
wandb: You can sync this run to the cloud by running:
wandb: wandb sync /home/apasinato/jade-mscthesis/wandb/offline-run-20260326_153349-x36kpj3i
wandb: Find logs at: ./wandb/offline-run-20260326_153349-x36kpj3i/logs
wandb: Tracking run with wandb version 0.25.0
wandb: W&B syncing is set to `offline` in this directory. Run `wandb online` or set WANDB_MODE=online to enable cloud syncing.
wandb: Run data is saved locally in /home/apasinato/jade-mscthesis/wandb/offline-run-20260326_153939-8gs0bvn9
/home/apasinato/jade-mscthesis/.venv/lib/python3.14/site-packages/peft/mapping_func.py:72: UserWarning: You are trying to modify a model with PEFT for a second time. If you want to reload the model with a different config, make sure to call `.unload()` before.
  warnings.warn(
/home/apasinato/jade-mscthesis/.venv/lib/python3.14/site-packages/peft/tuners/tuners_utils.py:285: UserWarning: Already found a `peft_config` attribute in the model. This will lead to having multiple adapters in the model. Make sure to know what you are doing!
  warnings.warn(
wandb: 
wandb: Run history:
wandb:     best/val_acc ▁
wandb:   best/val_auroc ▁
wandb: best/val_bal_acc ▁
wandb:      best/val_f1 ▁
wandb:               lr ▂▄████████████████▄▁▁▁▁▁▁▁▁▁▁▁▁▁▁▁▁▁▁▁▁▁
wandb:            stage ▁▁▁▁▁▁▁▁▁▁▁▁▁▁▁▁▁▁▁█████████████████████
wandb:        train/acc ▁▁▁▁▁▁▁▂▂▃▃▃▃▃▂▂▃▂▃▅▆▇▆▅▆▅▆▆▅▅▆▆▆▆▆▆▅▇▇█
wandb:       train/loss ▁▃▇█▆▆▅▅▅▄▄▄▄▆█▇▆▆▅▃▂▂▂▁▁▁▁▁▁▁▁▁▁▁▁▁▁▁▁▁
wandb:          val/acc ▂▂▂▂▃▅▄▄▃▆▃▇▅▁▄▆▂▃▅▇▆██▄▃▆▂▃▆▄▅▅▃▂▆▆▃▅▇▆
wandb:        val/auroc ▆▁▅▄▄▆█▇▆▆▆▆▆▃▄▇▆▆▅▆▆▆▅▄▄▄▄▄▄▄▄▄▄▄▄▄▄▄▄▄
wandb:               +3 ...
wandb: 
wandb: Run summary:
wandb:     best/val_acc 0.5609
wandb:   best/val_auroc 0.54851
wandb: best/val_bal_acc 0.5609
wandb:      best/val_f1 0.52388
wandb:               lr 5e-05
wandb:            stage 1
wandb:        train/acc 0.72973
wandb:       train/loss 0.61867
wandb:          val/acc 0.54167
wandb:        val/auroc 0.5482
wandb:               +3 ...
wandb: 
wandb: You can sync this run to the cloud by running:
wandb: wandb sync /home/apasinato/jade-mscthesis/wandb/offline-run-20260326_153939-8gs0bvn9
wandb: Find logs at: ./wandb/offline-run-20260326_153939-8gs0bvn9/logs
wandb: Tracking run with wandb version 0.25.0
wandb: W&B syncing is set to `offline` in this directory. Run `wandb online` or set WANDB_MODE=online to enable cloud syncing.
wandb: Run data is saved locally in /home/apasinato/jade-mscthesis/wandb/offline-run-20260326_154823-0goobjnd
/home/apasinato/jade-mscthesis/.venv/lib/python3.14/site-packages/peft/mapping_func.py:72: UserWarning: You are trying to modify a model with PEFT for a second time. If you want to reload the model with a different config, make sure to call `.unload()` before.
  warnings.warn(
/home/apasinato/jade-mscthesis/.venv/lib/python3.14/site-packages/peft/tuners/tuners_utils.py:285: UserWarning: Already found a `peft_config` attribute in the model. This will lead to having multiple adapters in the model. Make sure to know what you are doing!
  warnings.warn(
wandb: 
wandb: Run history:
wandb:     best/val_acc ▁
wandb:   best/val_auroc ▁
wandb: best/val_bal_acc ▁
wandb:      best/val_f1 ▁
wandb:               lr ▂▄██████████████████▁▁▁▁▁▁▁▁▁▁▁▁▁▁▁
wandb:            stage ▁▁▁▁▁▁▁▁▁▁▁▁▁▁▁▁▁▁▁▁███████████████
wandb:        train/acc ▁▁▁▁▂▁▁▁▁▂▂▂▂▂▂▃▂▃▄▅▇▇▆█▆▆▆▆▆▇▇▇▇▇▇
wandb:       train/loss ▁▃▆█▄▃▃▃▂▂▂▂▂▂▂▂▂▂▁▁▁▁▁▁▁▁▁▁▁▁▁▁▁▁▁
wandb:          val/acc ▂▂▂▂▂▃▃▃▂▃▂▃▃▄▃▃▃▁▁▂▇▇▇█▇▆▇▅▄▄▅▄▃▄▃
wandb:        val/auroc ▁▁▃▃▁▄▄▄▄▅▃▄▅▇▅▃▄▄▄▄▇▇▇█▇▆▆▅▃▄▅▄▃▄▄
wandb:               +3 ...
wandb: 
wandb: Run summary:
wandb:     best/val_acc 0.58654
wandb:   best/val_auroc 0.63034
wandb: best/val_bal_acc 0.58654
wandb:      best/val_f1 0.58602
wandb:               lr 5e-05
wandb:            stage 1
wandb:        train/acc 0.67803
wandb:       train/loss 0.65855
wandb:          val/acc 0.50962
wandb:        val/auroc 0.54814
wandb:               +3 ...
wandb: 
wandb: You can sync this run to the cloud by running:
wandb: wandb sync /home/apasinato/jade-mscthesis/wandb/offline-run-20260326_154823-0goobjnd
wandb: Find logs at: ./wandb/offline-run-20260326_154823-0goobjnd/logs
wandb: Tracking run with wandb version 0.25.0
wandb: W&B syncing is set to `offline` in this directory. Run `wandb online` or set WANDB_MODE=online to enable cloud syncing.
wandb: Run data is saved locally in /home/apasinato/jade-mscthesis/wandb/offline-run-20260326_155442-f41uxa5q
/home/apasinato/jade-mscthesis/.venv/lib/python3.14/site-packages/peft/mapping_func.py:72: UserWarning: You are trying to modify a model with PEFT for a second time. If you want to reload the model with a different config, make sure to call `.unload()` before.
  warnings.warn(
/home/apasinato/jade-mscthesis/.venv/lib/python3.14/site-packages/peft/tuners/tuners_utils.py:285: UserWarning: Already found a `peft_config` attribute in the model. This will lead to having multiple adapters in the model. Make sure to know what you are doing!
  warnings.warn(
wandb: 
wandb: Run history:
wandb:     best/val_acc ▁
wandb:   best/val_auroc ▁
wandb: best/val_bal_acc ▁
wandb:      best/val_f1 ▁
wandb:               lr ▂▄██████████████████▁▁▁▁▁▁▁▁▁▁▁▁▁▁
wandb:            stage ▁▁▁▁▁▁▁▁▁▁▁▁▁▁▁▁▁▁▁▁██████████████
wandb:        train/acc ▂▁▁▁▁▂▂▂▂▂▃▃▃▃▄▃▅▃▄▄▆▇█▇█▇▇▆▆▇███▇
wandb:       train/loss ▁▃▆█▇▄▄▄▃▃▃▃▃▃▂▂▂▃▂▂▂▂▁▁▁▁▁▁▁▁▁▁▁▁
wandb:          val/acc ▂▃▂▂▂▂▂▅▂▂▅▄▅▄▅▇▁▄▄▃█▇██▅▆▇▄▇▁▇█▆▆
wandb:        val/auroc ▄▂▂▁▅▄▇▇▇█▆▆▇▆▅▆▃▅▄▄▇▇▇▆▅▄▅▅▅▅▅▅▄▄
wandb:               +3 ...
wandb: 
wandb: Run summary:
wandb:     best/val_acc 0.57292
wandb:   best/val_auroc 0.60176
wandb: best/val_bal_acc 0.57292
wandb:      best/val_f1 0.56318
wandb:               lr 0.0001
wandb:            stage 1
wandb:        train/acc 0.66479
wandb:       train/loss 0.92016
wandb:          val/acc 0.54861
wandb:        val/auroc 0.56204
wandb:               +3 ...
wandb: 
wandb: You can sync this run to the cloud by running:
wandb: wandb sync /home/apasinato/jade-mscthesis/wandb/offline-run-20260326_155442-f41uxa5q
wandb: Find logs at: ./wandb/offline-run-20260326_155442-f41uxa5q/logs
wandb: Tracking run with wandb version 0.25.0
wandb: W&B syncing is set to `offline` in this directory. Run `wandb online` or set WANDB_MODE=online to enable cloud syncing.
wandb: Run data is saved locally in /home/apasinato/jade-mscthesis/wandb/offline-run-20260326_160048-rkp093ec
/home/apasinato/jade-mscthesis/.venv/lib/python3.14/site-packages/peft/mapping_func.py:72: UserWarning: You are trying to modify a model with PEFT for a second time. If you want to reload the model with a different config, make sure to call `.unload()` before.
  warnings.warn(
/home/apasinato/jade-mscthesis/.venv/lib/python3.14/site-packages/peft/tuners/tuners_utils.py:285: UserWarning: Already found a `peft_config` attribute in the model. This will lead to having multiple adapters in the model. Make sure to know what you are doing!
  warnings.warn(
wandb: 
wandb: Run history:
wandb:     best/val_acc ▁
wandb:   best/val_auroc ▁
wandb: best/val_bal_acc ▁
wandb:      best/val_f1 ▁
wandb:               lr ▂▄██████████████████▁▁▁▁▁▁▁▁▁▁▁▁
wandb:            stage ▁▁▁▁▁▁▁▁▁▁▁▁▁▁▁▁▁▁▁▁████████████
wandb:        train/acc ▂▂▁▁▂▂▃▃▄▂▂▂▃▆▆▅▆▄▅▅▆▇██▇▇▇▇▆▆▇▇
wandb:       train/loss ▁▂▄▆▅▅▄▄▄██▆▅▃▃▂▂▂▂▂▂▂▂▁▁▁▁▁▁▁▁▁
wandb:          val/acc ▃▃▃▃▂▁▄▁▃▃▄▇▅▄▇▄▄▃▆▅█▇▆▅▅▅▂▇▂▂▆▂
wandb:        val/auroc ▃▄▁▃▅▃▅▄▄▂▇█▆▄▇▂▄▄▄▄█▇▅▄▃▃▂▂▂▂▂▂
wandb:               +3 ...
wandb: 
wandb: Run summary:
wandb:     best/val_acc 0.5625
wandb:   best/val_auroc 0.56327
wandb: best/val_bal_acc 0.5625
wandb:      best/val_f1 0.56242
wandb:               lr 0.0001
wandb:            stage 1
wandb:        train/acc 0.66141
wandb:       train/loss 1.03631
wandb:          val/acc 0.47917
wandb:        val/auroc 0.49368
wandb:               +3 ...
wandb: 
wandb: You can sync this run to the cloud by running:
wandb: wandb sync /home/apasinato/jade-mscthesis/wandb/offline-run-20260326_160048-rkp093ec
wandb: Find logs at: ./wandb/offline-run-20260326_160048-rkp093ec/logs
wandb: Tracking run with wandb version 0.25.0
wandb: W&B syncing is set to `offline` in this directory. Run `wandb online` or set WANDB_MODE=online to enable cloud syncing.
wandb: Run data is saved locally in /home/apasinato/jade-mscthesis/wandb/offline-run-20260326_160629-9n79zaui
/home/apasinato/jade-mscthesis/.venv/lib/python3.14/site-packages/peft/mapping_func.py:72: UserWarning: You are trying to modify a model with PEFT for a second time. If you want to reload the model with a different config, make sure to call `.unload()` before.
  warnings.warn(
/home/apasinato/jade-mscthesis/.venv/lib/python3.14/site-packages/peft/tuners/tuners_utils.py:285: UserWarning: Already found a `peft_config` attribute in the model. This will lead to having multiple adapters in the model. Make sure to know what you are doing!
  warnings.warn(
wandb: 
wandb: Run history:
wandb:     best/val_acc ▁
wandb:   best/val_auroc ▁
wandb: best/val_bal_acc ▁
wandb:      best/val_f1 ▁
wandb:               lr ▂▄██████████▄▄▄▄▄▁▁▁▁▁▁▁▁▁▁▁▁▁▁▁
wandb:            stage ▁▁▁▁▁▁▁▁▁▁▁▁▁▁▁▁▁███████████████
wandb:        train/acc ▁▁▁▂▃▃▃▃▄▄▅▅▅█▆▆▆▆▇███▇▇█▇▆▆▇▇█▆
wandb:       train/loss ▁▂▆██▇▇▆▆▅▅▅▅▄▄▄▄▄▃▂▂▁▁▁▁▁▁▁▁▁▁▁
wandb:          val/acc ▂▂▄▂▂█▅▆▅▅▄▄▄▃▃▂▂▅▆▅▆▁▅▅▂▄▆▅▃▃▄▅
wandb:        val/auroc █▄▁▃▄▆▅▅▇▆▅▆▆▄▄▄▃▆▆▆▅▄▄▄▃▄▃▃▃▃▃▃
wandb:               +3 ...
wandb: 
wandb: Run summary:
wandb:     best/val_acc 0.56597
wandb:   best/val_auroc 0.57523
wandb: best/val_bal_acc 0.56597
wandb:      best/val_f1 0.56445
wandb:               lr 0.0001
wandb:            stage 1
wandb:        train/acc 0.60023
wandb:       train/loss 1.16495
wandb:          val/acc 0.54167
wandb:        val/auroc 0.55136
wandb:               +3 ...
wandb: 
wandb: You can sync this run to the cloud by running:
wandb: wandb sync /home/apasinato/jade-mscthesis/wandb/offline-run-20260326_160629-9n79zaui
wandb: Find logs at: ./wandb/offline-run-20260326_160629-9n79zaui/logs
wandb: Tracking run with wandb version 0.25.0
wandb: W&B syncing is set to `offline` in this directory. Run `wandb online` or set WANDB_MODE=online to enable cloud syncing.
wandb: Run data is saved locally in /home/apasinato/jade-mscthesis/wandb/offline-run-20260326_161233-3gpvln5n
/home/apasinato/jade-mscthesis/.venv/lib/python3.14/site-packages/peft/mapping_func.py:72: UserWarning: You are trying to modify a model with PEFT for a second time. If you want to reload the model with a different config, make sure to call `.unload()` before.
  warnings.warn(
/home/apasinato/jade-mscthesis/.venv/lib/python3.14/site-packages/peft/tuners/tuners_utils.py:285: UserWarning: Already found a `peft_config` attribute in the model. This will lead to having multiple adapters in the model. Make sure to know what you are doing!
  warnings.warn(
wandb: 
wandb: Run history:
wandb:     best/val_acc ▁
wandb:   best/val_auroc ▁
wandb: best/val_bal_acc ▁
wandb:      best/val_f1 ▁
wandb:               lr ▂▄█████████████▄▄▄▄▄▁▁▁▁▁▁▁▁▁▁▁▁
wandb:            stage ▁▁▁▁▁▁▁▁▁▁▁▁▁▁▁▁▁▁▁▁████████████
wandb:        train/acc ▁▁▁▁▂▂▂▂▃▄▃▄▄▂▃▃▅▆▅▆▅████▇█▇▇▇▇▇
wandb:       train/loss ▁▂▅▇▇▆▆▅▅▄▄▄▆█▇▆▅▃▃▃▄▃▃▂▂▁▁▁▁▁▁▁
wandb:          val/acc ▂▂▁▂▁▁▂▁▄▁▃▃▁▂▂▂▇▄▆▂█▇▆▆▆▆▅▅▆▆▅▅
wandb:        val/auroc ▅▅▄▁▃▂▇▅▇▅▆▆▆▆██▇▅▅▄███▇▆▅▃▃▄▄▃▃
wandb:               +3 ...
wandb: 
wandb: Run summary:
wandb:     best/val_acc 0.61458
wandb:   best/val_auroc 0.63561
wandb: best/val_bal_acc 0.61458
wandb:      best/val_f1 0.61436
wandb:               lr 0.0001
wandb:            stage 1
wandb:        train/acc 0.66291
wandb:       train/loss 0.93735
wandb:          val/acc 0.5625
wandb:        val/auroc 0.5658
wandb:               +3 ...
wandb: 
wandb: You can sync this run to the cloud by running:
wandb: wandb sync /home/apasinato/jade-mscthesis/wandb/offline-run-20260326_161233-3gpvln5n
wandb: Find logs at: ./wandb/offline-run-20260326_161233-3gpvln5n/logs
wandb: Tracking run with wandb version 0.25.0
wandb: W&B syncing is set to `offline` in this directory. Run `wandb online` or set WANDB_MODE=online to enable cloud syncing.
wandb: Run data is saved locally in /home/apasinato/jade-mscthesis/wandb/offline-run-20260326_161814-38iz4fwo
/home/apasinato/jade-mscthesis/.venv/lib/python3.14/site-packages/peft/mapping_func.py:72: UserWarning: You are trying to modify a model with PEFT for a second time. If you want to reload the model with a different config, make sure to call `.unload()` before.
  warnings.warn(
/home/apasinato/jade-mscthesis/.venv/lib/python3.14/site-packages/peft/tuners/tuners_utils.py:285: UserWarning: Already found a `peft_config` attribute in the model. This will lead to having multiple adapters in the model. Make sure to know what you are doing!
  warnings.warn(
wandb: 
wandb: Run history:
wandb:     best/val_acc ▁
wandb:   best/val_auroc ▁
wandb: best/val_bal_acc ▁
wandb:      best/val_f1 ▁
wandb:               lr ▂▄██████████████████▁▁▁▁▁▁▁▁▁▁▁▁▁▁▁
wandb:            stage ▁▁▁▁▁▁▁▁▁▁▁▁▁▁▁▁▁▁▁▁███████████████
wandb:        train/acc ▁▁▁▁▂▂▂▃▃▃▅▃▃▃▃▃▆▄▅▅▇▇█▇▆▇▆▆▆▇▇▆▆▇▇
wandb:       train/loss ▁▃▆█▇▆▆▅▅▄▃▅▄▇▆▅▃▅▃▄▂▂▂▁▁▁▁▁▁▁▁▁▁▁▁
wandb:          val/acc ▁▂▂▂▅▅▄▅▇▄▂▄▂▁▂█▇▅▁▅▇▇▇█▆▅▃▅▆▅▄▆▆▆▅
wandb:        val/auroc ▅▅▃▂▅▆▇█▇▆▆▅▇▁██▆▇▃▇████▇▆▆▆▆▆▆▆▆▇▇
wandb:               +3 ...
wandb: 
wandb: Run summary:
wandb:     best/val_acc 0.625
wandb:   best/val_auroc 0.66028
wandb: best/val_bal_acc 0.625
wandb:      best/val_f1 0.62493
wandb:               lr 0.0001
wandb:            stage 1
wandb:        train/acc 0.66592
wandb:       train/loss 0.85094
wandb:          val/acc 0.57292
wandb:        val/auroc 0.63874
wandb:               +3 ...
wandb: 
wandb: You can sync this run to the cloud by running:
wandb: wandb sync /home/apasinato/jade-mscthesis/wandb/offline-run-20260326_161814-38iz4fwo
wandb: Find logs at: ./wandb/offline-run-20260326_161814-38iz4fwo/logs
wandb: Tracking run with wandb version 0.25.0
wandb: W&B syncing is set to `offline` in this directory. Run `wandb online` or set WANDB_MODE=online to enable cloud syncing.
wandb: Run data is saved locally in /home/apasinato/jade-mscthesis/wandb/offline-run-20260326_162436-gsh57qk9
/home/apasinato/jade-mscthesis/.venv/lib/python3.14/site-packages/peft/mapping_func.py:72: UserWarning: You are trying to modify a model with PEFT for a second time. If you want to reload the model with a different config, make sure to call `.unload()` before.
  warnings.warn(
/home/apasinato/jade-mscthesis/.venv/lib/python3.14/site-packages/peft/tuners/tuners_utils.py:285: UserWarning: Already found a `peft_config` attribute in the model. This will lead to having multiple adapters in the model. Make sure to know what you are doing!
  warnings.warn(
wandb: 
wandb: Run history:
wandb:     best/val_acc ▁
wandb:   best/val_auroc ▁
wandb: best/val_bal_acc ▁
wandb:      best/val_f1 ▁
wandb:               lr ▂▄█████████████████▄▁▁▁▁▁▁▁▁▁▁▁▁▁▁
wandb:            stage ▁▁▁▁▁▁▁▁▁▁▁▁▁▁▁▁▁▁▁▁██████████████
wandb:        train/acc ▁▁▁▂▂▃▂▃▃▃▄▃▄▄▄▄▅▅▆▇▃█▇█▇█▇▇▇▇▇▇▇▇
wandb:       train/loss ▁▃▆█▇▆▆▅▅▄▄▄▃▃▃▃▃▃▂▂▅▂▂▁▁▁▁▁▁▁▁▁▁▁
wandb:          val/acc ▂▁▄▂▂▃▃▃▄▃▃▃▇▄▄▃▅▂▃▄▇▇█▇▇▇▆▅▆▅▅▆▅▅
wandb:        val/auroc ▄▆▁▁▁▄▂▄▇▇▇██▇▇▇██▆▅███▇▇▇▇▆▆▅▅▅▅▅
wandb:               +3 ...
wandb: 
wandb: Run summary:
wandb:     best/val_acc 0.61458
wandb:   best/val_auroc 0.63298
wandb: best/val_bal_acc 0.61458
wandb:      best/val_f1 0.61421
wandb:               lr 0.0001
wandb:            stage 1
wandb:        train/acc 0.6631
wandb:       train/loss 0.76801
wandb:          val/acc 0.55903
wandb:        val/auroc 0.59392
wandb:               +3 ...
wandb: 
wandb: You can sync this run to the cloud by running:
wandb: wandb sync /home/apasinato/jade-mscthesis/wandb/offline-run-20260326_162436-gsh57qk9
wandb: Find logs at: ./wandb/offline-run-20260326_162436-gsh57qk9/logs
wandb: Tracking run with wandb version 0.25.0
wandb: W&B syncing is set to `offline` in this directory. Run `wandb online` or set WANDB_MODE=online to enable cloud syncing.
wandb: Run data is saved locally in /home/apasinato/jade-mscthesis/wandb/offline-run-20260326_163057-tiq1fiv5
/home/apasinato/jade-mscthesis/.venv/lib/python3.14/site-packages/peft/mapping_func.py:72: UserWarning: You are trying to modify a model with PEFT for a second time. If you want to reload the model with a different config, make sure to call `.unload()` before.
  warnings.warn(
/home/apasinato/jade-mscthesis/.venv/lib/python3.14/site-packages/peft/tuners/tuners_utils.py:285: UserWarning: Already found a `peft_config` attribute in the model. This will lead to having multiple adapters in the model. Make sure to know what you are doing!
  warnings.warn(
wandb: 
wandb: Run history:
wandb:     best/val_acc ▁
wandb:   best/val_auroc ▁
wandb: best/val_bal_acc ▁
wandb:      best/val_f1 ▁
wandb:               lr ▂▄█████████████████▁▁▁▁▁▁▁▁▁▁▁▁▁▁▁▁▁▁▁▁▁
wandb:            stage ▁▁▁▁▁▁▁▁▁▁▁▁▁▁▁▁▁▁▁█████████████████████
wandb:        train/acc ▁▁▁▂▂▂▂▃▃▃▃▄▃▅▅▄▆▆▆▇▇▇█▇▆▆▇▇▆▇▆▇▇▇▇▇█▇▇█
wandb:       train/loss ▁▄█▇▇▆▅▄▃▃▃▂▃▂▂▃▂▂▂▂▁▁▁▁▁▁▁▁▁▁▁▁▁▁▁▁▁▁▁▁
wandb:          val/acc ▁▁▁▁▁▁▁▃▂▁▂▂▆▄▅▆▃▃▄██▇▇▆▄▄▄▆██▄▄▇▇▅▇▆█▆▇
wandb:        val/auroc ▃▁▃▁▅▁▆██▇█▇▇▅▆▇▆▅▅▇▇▇█▇▇▇▇▇▇▇▇▇▆▇▇▆▇▇▇▇
wandb:               +3 ...
wandb: 
wandb: Run summary:
wandb:     best/val_acc 0.62153
wandb:   best/val_auroc 0.64378
wandb: best/val_bal_acc 0.62153
wandb:      best/val_f1 0.62149
wandb:               lr 5e-05
wandb:            stage 1
wandb:        train/acc 0.71002
wandb:       train/loss 0.83856
wandb:          val/acc 0.60417
wandb:        val/auroc 0.62961
wandb:               +3 ...
wandb: 
wandb: You can sync this run to the cloud by running:
wandb: wandb sync /home/apasinato/jade-mscthesis/wandb/offline-run-20260326_163057-tiq1fiv5
wandb: Find logs at: ./wandb/offline-run-20260326_163057-tiq1fiv5/logs
wandb: Tracking run with wandb version 0.25.0
wandb: W&B syncing is set to `offline` in this directory. Run `wandb online` or set WANDB_MODE=online to enable cloud syncing.
wandb: Run data is saved locally in /home/apasinato/jade-mscthesis/wandb/offline-run-20260326_163942-8ud4lk55
/home/apasinato/jade-mscthesis/.venv/lib/python3.14/site-packages/peft/mapping_func.py:72: UserWarning: You are trying to modify a model with PEFT for a second time. If you want to reload the model with a different config, make sure to call `.unload()` before.
  warnings.warn(
/home/apasinato/jade-mscthesis/.venv/lib/python3.14/site-packages/peft/tuners/tuners_utils.py:285: UserWarning: Already found a `peft_config` attribute in the model. This will lead to having multiple adapters in the model. Make sure to know what you are doing!
  warnings.warn(
wandb: 
wandb: Run history:
wandb:     best/val_acc ▁
wandb:   best/val_auroc ▁
wandb: best/val_bal_acc ▁
wandb:      best/val_f1 ▁
wandb:               lr ▂▄██████████▄▄▄▄▄▁▁▁▁▁▁▁▁▁▁▁▁▁▁▁▁▁▁▁
wandb:            stage ▁▁▁▁▁▁▁▁▁▁▁▁▁▁▁▁▁███████████████████
wandb:        train/acc ▁▁▁▂▁▁▂▂▃▃▃▃▃▅▄▄▆▄▅▅▅▇▆▄▅▆▆▆▆▆▆▇▇█▇█
wandb:       train/loss ▁▃▇█▆▄▂▂▂▂▂▂▁▁▁▁▁▂▁▁▁▁▁▁▁▁▁▁▁▁▁▁▁▁▁▁
wandb:          val/acc ▁▁▁▁▁▆▆▂▆▂▄▂▂▃▁▁▄▆█▆▆▇▂▅██▆▅▃▄▅▇▇▇▇▅
wandb:        val/auroc ▆▇▁▇▆▇███▇▇█▇▆██▆███▇▇▇▆▆▆▆▆▆▅▆▆▅▆▅▅
wandb:               +3 ...
wandb: 
wandb: Run summary:
wandb:     best/val_acc 0.59295
wandb:   best/val_auroc 0.60185
wandb: best/val_bal_acc 0.59295
wandb:      best/val_f1 0.5835
wandb:               lr 5e-05
wandb:            stage 1
wandb:        train/acc 0.67879
wandb:       train/loss 0.65876
wandb:          val/acc 0.55128
wandb:        val/auroc 0.58276
wandb:               +3 ...
wandb: 
wandb: You can sync this run to the cloud by running:
wandb: wandb sync /home/apasinato/jade-mscthesis/wandb/offline-run-20260326_163942-8ud4lk55
wandb: Find logs at: ./wandb/offline-run-20260326_163942-8ud4lk55/logs
wandb: Tracking run with wandb version 0.25.0
wandb: W&B syncing is set to `offline` in this directory. Run `wandb online` or set WANDB_MODE=online to enable cloud syncing.
wandb: Run data is saved locally in /home/apasinato/jade-mscthesis/wandb/offline-run-20260326_164710-tae11jg1
/home/apasinato/jade-mscthesis/.venv/lib/python3.14/site-packages/peft/mapping_func.py:72: UserWarning: You are trying to modify a model with PEFT for a second time. If you want to reload the model with a different config, make sure to call `.unload()` before.
  warnings.warn(
/home/apasinato/jade-mscthesis/.venv/lib/python3.14/site-packages/peft/tuners/tuners_utils.py:285: UserWarning: Already found a `peft_config` attribute in the model. This will lead to having multiple adapters in the model. Make sure to know what you are doing!
  warnings.warn(
wandb: 
wandb: Run history:
wandb:     best/val_acc ▁
wandb:   best/val_auroc ▁
wandb: best/val_bal_acc ▁
wandb:      best/val_f1 ▁
wandb:               lr ▂▄█████████████████▄▁▁▁▁▁▁▁▁▁▁▁▁▁▁
wandb:            stage ▁▁▁▁▁▁▁▁▁▁▁▁▁▁▁▁▁▁▁▁██████████████
wandb:        train/acc ▁▁▁▁▂▁▂▂▂▁▂▁▃▂▂▃▄▃▃▃▆▆▇█▇▇▇▇▇█▇███
wandb:       train/loss ▁▂▆█▇▇▇▇▆▆▅▅▅▅▅▄▄▄▄▄▄▃▃▂▂▂▂▁▁▁▁▁▁▁
wandb:          val/acc ▁▁▁▁▂▃▁▁▃▂▁▁▅▂▂▃▂▄▂▂▆███▂▆▆▆▃▅▅▅▅▅
wandb:        val/auroc ▃▄▂▁▂▃▄▃▅▃▆▆▆▆▆▆▅▅▆▆███▇▆▆▆▆▆▆▆▅▅▅
wandb:               +3 ...
wandb: 
wandb: Run summary:
wandb:     best/val_acc 0.61218
wandb:   best/val_auroc 0.62671
wandb: best/val_bal_acc 0.61218
wandb:      best/val_f1 0.61128
wandb:               lr 5e-05
wandb:            stage 1
wandb:        train/acc 0.65701
wandb:       train/loss 0.81294
wandb:          val/acc 0.5641
wandb:        val/auroc 0.59601
wandb:               +3 ...
wandb: 
wandb: You can sync this run to the cloud by running:
wandb: wandb sync /home/apasinato/jade-mscthesis/wandb/offline-run-20260326_164710-tae11jg1
wandb: Find logs at: ./wandb/offline-run-20260326_164710-tae11jg1/logs
wandb: Tracking run with wandb version 0.25.0
wandb: W&B syncing is set to `offline` in this directory. Run `wandb online` or set WANDB_MODE=online to enable cloud syncing.
wandb: Run data is saved locally in /home/apasinato/jade-mscthesis/wandb/offline-run-20260326_165315-of289d21
/home/apasinato/jade-mscthesis/.venv/lib/python3.14/site-packages/peft/mapping_func.py:72: UserWarning: You are trying to modify a model with PEFT for a second time. If you want to reload the model with a different config, make sure to call `.unload()` before.
  warnings.warn(
/home/apasinato/jade-mscthesis/.venv/lib/python3.14/site-packages/peft/tuners/tuners_utils.py:285: UserWarning: Already found a `peft_config` attribute in the model. This will lead to having multiple adapters in the model. Make sure to know what you are doing!
  warnings.warn(
wandb: 
wandb: Run history:
wandb:     best/val_acc ▁
wandb:   best/val_auroc ▁
wandb: best/val_bal_acc ▁
wandb:      best/val_f1 ▁
wandb:               lr ▂▄███████████▄▄▄▄▄▄▄▁▁▁▁▁▁▁▁▁▁▁▁
wandb:            stage ▁▁▁▁▁▁▁▁▁▁▁▁▁▁▁▁▁▁▁▁████████████
wandb:        train/acc ▂▁▁▂▁▂▃▃▃▄▄▄▄▅▄▄▅▃▅▅▄▇▇█▇▆▇▇▇▇▇▇
wandb:       train/loss ▁▂▆██▇▆▆▆▅▅▅▄▄▆▆▅▇▅▄▆▂▂▁▁▁▁▁▁▁▁▁
wandb:          val/acc ▃▁▃▅▂▆▇▆▂▁▄▅▂▁▇▅▂▄▃▁██▇▇▅▃▄▄▆▁▄▅
wandb:        val/auroc ▅▄▇█▅▅▆▅▄▄▄▄▄▄▅▅▁▄▃▃▅▅▅▄▄▄▄▃▄▄▄▄
wandb:               +3 ...
wandb: 
wandb: Run summary:
wandb:     best/val_acc 0.59615
wandb:   best/val_auroc 0.59492
wandb: best/val_bal_acc 0.59615
wandb:      best/val_f1 0.596
wandb:               lr 0.0001
wandb:            stage 1
wandb:        train/acc 0.67178
wandb:       train/loss 0.80361
wandb:          val/acc 0.54808
wandb:        val/auroc 0.55773
wandb:               +3 ...
wandb: 
wandb: You can sync this run to the cloud by running:
wandb: wandb sync /home/apasinato/jade-mscthesis/wandb/offline-run-20260326_165315-of289d21
wandb: Find logs at: ./wandb/offline-run-20260326_165315-of289d21/logs
wandb: Tracking run with wandb version 0.25.0
wandb: W&B syncing is set to `offline` in this directory. Run `wandb online` or set WANDB_MODE=online to enable cloud syncing.
wandb: Run data is saved locally in /home/apasinato/jade-mscthesis/wandb/offline-run-20260326_165901-0b69g9su
/home/apasinato/jade-mscthesis/.venv/lib/python3.14/site-packages/peft/mapping_func.py:72: UserWarning: You are trying to modify a model with PEFT for a second time. If you want to reload the model with a different config, make sure to call `.unload()` before.
  warnings.warn(
/home/apasinato/jade-mscthesis/.venv/lib/python3.14/site-packages/peft/tuners/tuners_utils.py:285: UserWarning: Already found a `peft_config` attribute in the model. This will lead to having multiple adapters in the model. Make sure to know what you are doing!
  warnings.warn(
wandb: 
wandb: Run history:
wandb:     best/val_acc ▁
wandb:   best/val_auroc ▁
wandb: best/val_bal_acc ▁
wandb:      best/val_f1 ▁
wandb:               lr ▂▄████████████▄▄▄▄▄▁▁▁▁▁▁▁▁▁▁▁▁▁
wandb:            stage ▁▁▁▁▁▁▁▁▁▁▁▁▁▁▁▁▁▁▁█████████████
wandb:        train/acc ▁▁▁▁▂▂▃▂▃▃▄▄▃▄▄▄▇█▅▆▇▇▇▆▅▆▄▆▅▆▆▅
wandb:       train/loss ▁▃▆█▇▆▆▅▅▄▄▄▅▄▃▃▂▂▂▂▂▂▂▁▁▁▁▁▁▁▁▁
wandb:          val/acc ▂▂▃▂▄▅▄▇▅▆▆▃▂▄▃▅▄▆▆▇█▇▆▂▂▅▁▅▅▆▄▁
wandb:        val/auroc █▇▁▇█▄▆▇█▇▅▃▅▇▄▄▂▁▅█▇▆▅▃▂▂▃▂▃▃▃▃
wandb:               +3 ...
wandb: 
wandb: Run summary:
wandb:     best/val_acc 0.5625
wandb:   best/val_auroc 0.57858
wandb: best/val_bal_acc 0.5625
wandb:      best/val_f1 0.55891
wandb:               lr 0.0001
wandb:            stage 1
wandb:        train/acc 0.61712
wandb:       train/loss 0.93927
wandb:          val/acc 0.49306
wandb:        val/auroc 0.53892
wandb:               +3 ...
wandb: 
wandb: You can sync this run to the cloud by running:
wandb: wandb sync /home/apasinato/jade-mscthesis/wandb/offline-run-20260326_165901-0b69g9su
wandb: Find logs at: ./wandb/offline-run-20260326_165901-0b69g9su/logs
wandb: Tracking run with wandb version 0.25.0
wandb: W&B syncing is set to `offline` in this directory. Run `wandb online` or set WANDB_MODE=online to enable cloud syncing.
wandb: Run data is saved locally in /home/apasinato/jade-mscthesis/wandb/offline-run-20260326_170510-njb3p1no
/home/apasinato/jade-mscthesis/.venv/lib/python3.14/site-packages/peft/mapping_func.py:72: UserWarning: You are trying to modify a model with PEFT for a second time. If you want to reload the model with a different config, make sure to call `.unload()` before.
  warnings.warn(
/home/apasinato/jade-mscthesis/.venv/lib/python3.14/site-packages/peft/tuners/tuners_utils.py:285: UserWarning: Already found a `peft_config` attribute in the model. This will lead to having multiple adapters in the model. Make sure to know what you are doing!
  warnings.warn(
wandb: 
wandb: Run history:
wandb:     best/val_acc ▁
wandb:   best/val_auroc ▁
wandb: best/val_bal_acc ▁
wandb:      best/val_f1 ▁
wandb:               lr ▂▄██████████▄▄▄▄▄▁▁▁▁▁▁▁▁▁▁▁▁▁▁
wandb:            stage ▁▁▁▁▁▁▁▁▁▁▁▁▁▁▁▁▁██████████████
wandb:        train/acc ▁▁▁▁▁▂▅▄▅▅▅▆▆▆█▇█▅▅▇▇▆▆▆▆▆▅▆▆▅▇
wandb:       train/loss ▁▃▆█▇▅▂▃▂▂▂▂▁▁▁▁▁▂▂▂▁▁▁▁▁▁▁▁▁▁▁
wandb:          val/acc ▁▃▃▃▃▇▃▃▄▄▃▆▃▆▇▃▃▆▇█▇▃▂▅▅▃▄▄▇▅▃
wandb:        val/auroc ▅▆▁▇▁█▄▄▅▆▅▆▄▅▆▄▇▇██▅▃▃▄▄▃▃▄▃▃▃
wandb:               +3 ...
wandb: 
wandb: Run summary:
wandb:     best/val_acc 0.58333
wandb:   best/val_auroc 0.60453
wandb: best/val_bal_acc 0.58333
wandb:      best/val_f1 0.58315
wandb:               lr 0.0001
wandb:            stage 1
wandb:        train/acc 0.62556
wandb:       train/loss 0.82777
wandb:          val/acc 0.5
wandb:        val/auroc 0.52435
wandb:               +3 ...
wandb: 
wandb: You can sync this run to the cloud by running:
wandb: wandb sync /home/apasinato/jade-mscthesis/wandb/offline-run-20260326_170510-njb3p1no
wandb: Find logs at: ./wandb/offline-run-20260326_170510-njb3p1no/logs
wandb: Tracking run with wandb version 0.25.0
wandb: W&B syncing is set to `offline` in this directory. Run `wandb online` or set WANDB_MODE=online to enable cloud syncing.
wandb: Run data is saved locally in /home/apasinato/jade-mscthesis/wandb/offline-run-20260326_171059-3j26szxi
/home/apasinato/jade-mscthesis/.venv/lib/python3.14/site-packages/peft/mapping_func.py:72: UserWarning: You are trying to modify a model with PEFT for a second time. If you want to reload the model with a different config, make sure to call `.unload()` before.
  warnings.warn(
/home/apasinato/jade-mscthesis/.venv/lib/python3.14/site-packages/peft/tuners/tuners_utils.py:285: UserWarning: Already found a `peft_config` attribute in the model. This will lead to having multiple adapters in the model. Make sure to know what you are doing!
  warnings.warn(
wandb: 
wandb: Run history:
wandb:     best/val_acc ▁
wandb:   best/val_auroc ▁
wandb: best/val_bal_acc ▁
wandb:      best/val_f1 ▁
wandb:               lr ▂▄█████████████▄▄▄▄▁▁▁▁▁▁▁▁▁▁▁▁▁▁▁▁▁▁▁▁▁
wandb:            stage ▁▁▁▁▁▁▁▁▁▁▁▁▁▁▁▁▁▁▁█████████████████████
wandb:        train/acc ▁▁▁▂▁▂▁▄▄▄▅▃▄▅▅▄▆▇█▇█▇█▆▇▇▆▇█▆▇▇▇▇███▇█▇
wandb:       train/loss ▁▃▆█▇▄▃▂▂▂▂▂▂▂▂▂▁▁▁▁▁▁▁▁▁▁▁▁▁▁▁▁▁▁▁▁▁▁▁▁
wandb:          val/acc ▂▂▂▅▂▄▆▃▅▇▅▂▂▄▅▃▆▄▁▅▅▆▅▅▅▄▇▆▇▄▅▇█▆▆▆▆▅█▅
wandb:        val/auroc ▃▃▁▇▇▇▆█▃▅▄▅▆▅▅▄▄▄▃▆▆▆▅▅▅▅▅▅▅▅▅▅▅▆▆▆▆▆▅▅
wandb:               +3 ...
wandb: 
wandb: Run summary:
wandb:     best/val_acc 0.58333
wandb:   best/val_auroc 0.56016
wandb: best/val_bal_acc 0.58333
wandb:      best/val_f1 0.57038
wandb:               lr 5e-05
wandb:            stage 1
wandb:        train/acc 0.67605
wandb:       train/loss 0.72799
wandb:          val/acc 0.53125
wandb:        val/auroc 0.55488
wandb:               +3 ...
wandb: 
wandb: You can sync this run to the cloud by running:
wandb: wandb sync /home/apasinato/jade-mscthesis/wandb/offline-run-20260326_171059-3j26szxi
wandb: Find logs at: ./wandb/offline-run-20260326_171059-3j26szxi/logs
wandb: Tracking run with wandb version 0.25.0
wandb: W&B syncing is set to `offline` in this directory. Run `wandb online` or set WANDB_MODE=online to enable cloud syncing.
wandb: Run data is saved locally in /home/apasinato/jade-mscthesis/wandb/offline-run-20260326_171954-vzopcpgh
/home/apasinato/jade-mscthesis/.venv/lib/python3.14/site-packages/peft/mapping_func.py:72: UserWarning: You are trying to modify a model with PEFT for a second time. If you want to reload the model with a different config, make sure to call `.unload()` before.
  warnings.warn(
/home/apasinato/jade-mscthesis/.venv/lib/python3.14/site-packages/peft/tuners/tuners_utils.py:285: UserWarning: Already found a `peft_config` attribute in the model. This will lead to having multiple adapters in the model. Make sure to know what you are doing!
  warnings.warn(
wandb: 
wandb: Run history:
wandb:     best/val_acc ▁
wandb:   best/val_auroc ▁
wandb: best/val_bal_acc ▁
wandb:      best/val_f1 ▁
wandb:               lr ▂▄█████████▄▄▄▄▄▁▁▁▁▁▁▁▁▁▁▁▁
wandb:            stage ▁▁▁▁▁▁▁▁▁▁▁▁▁▁▁▁████████████
wandb:        train/acc ▁▁▁▂▂▂▂▁▂▃▅▄▆▇▇█▂▄▄▆▆▅▅▄▆▆▅▆
wandb:       train/loss ▁▃▇█▆▇▆▄▃▁▁▁▁▁▁▁▂▂▁▁▁▁▁▁▁▁▁▁
wandb:          val/acc ▁▁▁▁█▁▁▁▅▂▃▁▃▆▄▄█▇█▇▆▅▁▅▃▃▆▅
wandb:        val/auroc ▁▁▁▂█▃▅▆▇▆▆▆▅▅▆▅██▇▇▆▆▅▆▅▅▅▅
wandb:               +3 ...
wandb: 
wandb: Run summary:
wandb:     best/val_acc 0.63542
wandb:   best/val_auroc 0.68625
wandb: best/val_bal_acc 0.63542
wandb:      best/val_f1 0.63218
wandb:               lr 0.0001
wandb:            stage 1
wandb:        train/acc 0.62706
wandb:       train/loss 0.86483
wandb:          val/acc 0.57292
wandb:        val/auroc 0.60561
wandb:               +3 ...
wandb: 
wandb: You can sync this run to the cloud by running:
wandb: wandb sync /home/apasinato/jade-mscthesis/wandb/offline-run-20260326_171954-vzopcpgh
wandb: Find logs at: ./wandb/offline-run-20260326_171954-vzopcpgh/logs
wandb: Tracking run with wandb version 0.25.0
wandb: W&B syncing is set to `offline` in this directory. Run `wandb online` or set WANDB_MODE=online to enable cloud syncing.
wandb: Run data is saved locally in /home/apasinato/jade-mscthesis/wandb/offline-run-20260326_172513-j6eeekq4
/home/apasinato/jade-mscthesis/.venv/lib/python3.14/site-packages/peft/mapping_func.py:72: UserWarning: You are trying to modify a model with PEFT for a second time. If you want to reload the model with a different config, make sure to call `.unload()` before.
  warnings.warn(
/home/apasinato/jade-mscthesis/.venv/lib/python3.14/site-packages/peft/tuners/tuners_utils.py:285: UserWarning: Already found a `peft_config` attribute in the model. This will lead to having multiple adapters in the model. Make sure to know what you are doing!
  warnings.warn(
wandb: 
wandb: Run history:
wandb:     best/val_acc ▁
wandb:   best/val_auroc ▁
wandb: best/val_bal_acc ▁
wandb:      best/val_f1 ▁
wandb:               lr ▂▄█████████████████▄▁▁▁▁▁▁▁▁▁▁▁▁▁
wandb:            stage ▁▁▁▁▁▁▁▁▁▁▁▁▁▁▁▁▁▁▁▁█████████████
wandb:        train/acc ▁▁▁▁▂▄▂▂▂▃▃▃▄▅▅▆▆▅▅▆▄▇█▇▇▇▆▇▆▆▇▇█
wandb:       train/loss ▁▃▆█▇▃▇▆▅▅▄▄▃▃▃▂▂▂▂▂▃▂▂▂▁▁▁▁▁▁▁▁▁
wandb:          val/acc ▁▁▁▂▁▁▁▂▂▁▃▁▆▂▅▆▂▆▂▂██▆▇▃▇▆▆▆█▆█▇
wandb:        val/auroc ▇▄▆▂▆▅▁▇▂█▅█▆▅▅▅▇██▇▇▇▇▇▇▆▆▆▆▆▆▆▆
wandb:               +3 ...
wandb: 
wandb: Run summary:
wandb:     best/val_acc 0.59722
wandb:   best/val_auroc 0.65297
wandb: best/val_bal_acc 0.59722
wandb:      best/val_f1 0.5802
wandb:               lr 0.0001
wandb:            stage 1
wandb:        train/acc 0.67868
wandb:       train/loss 0.92655
wandb:          val/acc 0.58333
wandb:        val/auroc 0.63814
wandb:               +3 ...
wandb: 
wandb: You can sync this run to the cloud by running:
wandb: wandb sync /home/apasinato/jade-mscthesis/wandb/offline-run-20260326_172513-j6eeekq4
wandb: Find logs at: ./wandb/offline-run-20260326_172513-j6eeekq4/logs
wandb: Tracking run with wandb version 0.25.0
wandb: W&B syncing is set to `offline` in this directory. Run `wandb online` or set WANDB_MODE=online to enable cloud syncing.
wandb: Run data is saved locally in /home/apasinato/jade-mscthesis/wandb/offline-run-20260326_173123-f8lgqn73
/home/apasinato/jade-mscthesis/.venv/lib/python3.14/site-packages/peft/mapping_func.py:72: UserWarning: You are trying to modify a model with PEFT for a second time. If you want to reload the model with a different config, make sure to call `.unload()` before.
  warnings.warn(
/home/apasinato/jade-mscthesis/.venv/lib/python3.14/site-packages/peft/tuners/tuners_utils.py:285: UserWarning: Already found a `peft_config` attribute in the model. This will lead to having multiple adapters in the model. Make sure to know what you are doing!
  warnings.warn(
wandb: 
wandb: Run history:
wandb:     best/val_acc ▁
wandb:   best/val_auroc ▁
wandb: best/val_bal_acc ▁
wandb:      best/val_f1 ▁
wandb:               lr ▂▄█████████▄▄▄▄▄▁▁▁▁▁▁▁▁▁▁▁▁▁▁
wandb:            stage ▁▁▁▁▁▁▁▁▁▁▁▁▁▁▁▁██████████████
wandb:        train/acc ▂▂▁▁▁▂▄▅▅▅▅▅█▅▄▃▅▆▇▆▅▆▆▆▆▆▄▅▆▆
wandb:       train/loss ▁▃▆█▇▅▂▂▂▂▂▂▁▂▂▂▂▂▂▁▁▁▁▁▁▁▁▁▁▁
wandb:          val/acc ▁▄▁▃▇▂▂▄▁▃▅▄▄▂▄▄▇▇█▅▆▂▄▄▁▃▃▄▆▆
wandb:        val/auroc ▃▄▆▅▇▃▄▆▁▆▆▅▄▆▇▅███▄▄▄▂▃▃▁▅▆▅▅
wandb:               +3 ...
wandb: 
wandb: Run summary:
wandb:     best/val_acc 0.625
wandb:   best/val_auroc 0.63959
wandb: best/val_bal_acc 0.625
wandb:      best/val_f1 0.62498
wandb:               lr 0.0001
wandb:            stage 1
wandb:        train/acc 0.61824
wandb:       train/loss 0.7833
wandb:          val/acc 0.58333
wandb:        val/auroc 0.60769
wandb:               +3 ...
wandb: 
wandb: You can sync this run to the cloud by running:
wandb: wandb sync /home/apasinato/jade-mscthesis/wandb/offline-run-20260326_173123-f8lgqn73
wandb: Find logs at: ./wandb/offline-run-20260326_173123-f8lgqn73/logs
wandb: Tracking run with wandb version 0.25.0
wandb: W&B syncing is set to `offline` in this directory. Run `wandb online` or set WANDB_MODE=online to enable cloud syncing.
wandb: Run data is saved locally in /home/apasinato/jade-mscthesis/wandb/offline-run-20260326_173718-k211orjw
/home/apasinato/jade-mscthesis/.venv/lib/python3.14/site-packages/peft/mapping_func.py:72: UserWarning: You are trying to modify a model with PEFT for a second time. If you want to reload the model with a different config, make sure to call `.unload()` before.
  warnings.warn(
/home/apasinato/jade-mscthesis/.venv/lib/python3.14/site-packages/peft/tuners/tuners_utils.py:285: UserWarning: Already found a `peft_config` attribute in the model. This will lead to having multiple adapters in the model. Make sure to know what you are doing!
  warnings.warn(
wandb: 
wandb: Run history:
wandb:     best/val_acc ▁
wandb:   best/val_auroc ▁
wandb: best/val_bal_acc ▁
wandb:      best/val_f1 ▁
wandb:               lr ▂▄██████████████████▁▁▁▁▁▁▁▁▁▁▁▁▁▁
wandb:            stage ▁▁▁▁▁▁▁▁▁▁▁▁▁▁▁▁▁▁▁▁██████████████
wandb:        train/acc ▁▁▁▁▁▁▂▂▃▄▂▃▄▄▄▅▅▅▅▆▆▇▇█▇▆▆▆▇▇▇▇▇▆
wandb:       train/loss ▁▂▆█▇▆▅▅▃▃▃▂▂▂▂▂▂▂▂▁▁▁▁▁▁▁▁▁▁▁▁▁▁▁
wandb:          val/acc ▁▁▁▁▁▁▁▁▂▁▁▂▁▁▅▄▅▁▅▆▆▇██▇▇▇▇▆▇▇█▆▇
wandb:        val/auroc ▇▁▆▁▄▂█▃█▆▅▆▆▆▆▇▇▆█▇▇▇█▇███▇▇▇▇▇▇▇
wandb:               +3 ...
wandb: 
wandb: Run summary:
wandb:     best/val_acc 0.63194
wandb:   best/val_auroc 0.67096
wandb: best/val_bal_acc 0.63194
wandb:      best/val_f1 0.62892
wandb:               lr 0.0001
wandb:            stage 1
wandb:        train/acc 0.69294
wandb:       train/loss 0.77422
wandb:          val/acc 0.60417
wandb:        val/auroc 0.66291
wandb:               +3 ...
wandb: 
wandb: You can sync this run to the cloud by running:
wandb: wandb sync /home/apasinato/jade-mscthesis/wandb/offline-run-20260326_173718-k211orjw
wandb: Find logs at: ./wandb/offline-run-20260326_173718-k211orjw/logs
wandb: Tracking run with wandb version 0.25.0
wandb: W&B syncing is set to `offline` in this directory. Run `wandb online` or set WANDB_MODE=online to enable cloud syncing.
wandb: Run data is saved locally in /home/apasinato/jade-mscthesis/wandb/offline-run-20260326_174338-pmdq1i84
/home/apasinato/jade-mscthesis/.venv/lib/python3.14/site-packages/peft/mapping_func.py:72: UserWarning: You are trying to modify a model with PEFT for a second time. If you want to reload the model with a different config, make sure to call `.unload()` before.
  warnings.warn(
/home/apasinato/jade-mscthesis/.venv/lib/python3.14/site-packages/peft/tuners/tuners_utils.py:285: UserWarning: Already found a `peft_config` attribute in the model. This will lead to having multiple adapters in the model. Make sure to know what you are doing!
  warnings.warn(
wandb: 
wandb: Run history:
wandb:     best/val_acc ▁
wandb:   best/val_auroc ▁
wandb: best/val_bal_acc ▁
wandb:      best/val_f1 ▁
wandb:               lr ▂▄█████████████▄▄▄▄▄▁▁▁▁▁▁▁▁▁▁▁▁▁▁▁
wandb:            stage ▁▁▁▁▁▁▁▁▁▁▁▁▁▁▁▁▁▁▁▁███████████████
wandb:        train/acc ▁▁▁▁▁▂▂▂▃▂▃▃▄▄▄▄▅▅▃▃▇███▇▇▇▇▇█▇▇▆▇█
wandb:       train/loss ▁▄▆█▇▇▇▆▆▆▅▅▄▅▄▄▄▄▇▆▂▂▂▁▁▁▁▁▁▁▁▁▁▁▁
wandb:          val/acc ▁▁▂▁▂▂▄▂▅▄▂▂▃▃▃▂▆▃▆▁▅▆▇█▄▅▄▃▅▃▂▂▂▃▂
wandb:        val/auroc ▅▁▅▅▄▆█▄▅▄▄▄▇▆▆▆▆█▇▃██▇▇▇▅▅▅▅▅▄▅▅▅▄
wandb:               +3 ...
wandb: 
wandb: Run summary:
wandb:     best/val_acc 0.58333
wandb:   best/val_auroc 0.58845
wandb: best/val_bal_acc 0.58333
wandb:      best/val_f1 0.58042
wandb:               lr 0.0001
wandb:            stage 1
wandb:        train/acc 0.71439
wandb:       train/loss 0.74333
wandb:          val/acc 0.50641
wandb:        val/auroc 0.53651
wandb:               +3 ...
wandb: 
wandb: You can sync this run to the cloud by running:
wandb: wandb sync /home/apasinato/jade-mscthesis/wandb/offline-run-20260326_174338-pmdq1i84
wandb: Find logs at: ./wandb/offline-run-20260326_174338-pmdq1i84/logs
wandb: Tracking run with wandb version 0.25.0
wandb: W&B syncing is set to `offline` in this directory. Run `wandb online` or set WANDB_MODE=online to enable cloud syncing.
wandb: Run data is saved locally in /home/apasinato/jade-mscthesis/wandb/offline-run-20260326_175026-rofc5fi2
/home/apasinato/jade-mscthesis/.venv/lib/python3.14/site-packages/peft/mapping_func.py:72: UserWarning: You are trying to modify a model with PEFT for a second time. If you want to reload the model with a different config, make sure to call `.unload()` before.
  warnings.warn(
/home/apasinato/jade-mscthesis/.venv/lib/python3.14/site-packages/peft/tuners/tuners_utils.py:285: UserWarning: Already found a `peft_config` attribute in the model. This will lead to having multiple adapters in the model. Make sure to know what you are doing!
  warnings.warn(
wandb: 
wandb: Run history:
wandb:     best/val_acc ▁
wandb:   best/val_auroc ▁
wandb: best/val_bal_acc ▁
wandb:      best/val_f1 ▁
wandb:               lr ▂▄████████████████▄▄▁▁▁▁▁▁▁▁▁▁▁▁▁▁▁
wandb:            stage ▁▁▁▁▁▁▁▁▁▁▁▁▁▁▁▁▁▁▁▁███████████████
wandb:        train/acc ▁▁▁▁▂▁▁▂▂▂▃▃▃▂▂▃▄▄▅▆▄█▇▇▇█▇▇▇▇██▇██
wandb:       train/loss ▁▃▆█▇▇▆▅▅▄▄▄▄▅▅▄▄▄▃▂▃▂▂▁▁▁▁▁▁▁▁▁▁▁▁
wandb:          val/acc ▁▂▁▁▁▁▁▁▂▁▄▄▂▃▁▁▂▁▂▆▇▇▆██▆▆▃▃▆▃▃▇▅▅
wandb:        val/auroc ▂▁▁▂▄▅▅▅▄▅▆▆▆▇▆▅▅▆▆▆▆▆▆▇██▇▇▇▇▇▇▇▇▇
wandb:               +3 ...
wandb: 
wandb: Run summary:
wandb:     best/val_acc 0.55769
wandb:   best/val_auroc 0.55233
wandb: best/val_bal_acc 0.55769
wandb:      best/val_f1 0.55762
wandb:               lr 0.0001
wandb:            stage 1
wandb:        train/acc 0.6983
wandb:       train/loss 0.83308
wandb:          val/acc 0.53205
wandb:        val/auroc 0.54497
wandb:               +3 ...
wandb: 
wandb: You can sync this run to the cloud by running:
wandb: wandb sync /home/apasinato/jade-mscthesis/wandb/offline-run-20260326_175026-rofc5fi2
wandb: Find logs at: ./wandb/offline-run-20260326_175026-rofc5fi2/logs
wandb: Tracking run with wandb version 0.25.0
wandb: W&B syncing is set to `offline` in this directory. Run `wandb online` or set WANDB_MODE=online to enable cloud syncing.
wandb: Run data is saved locally in /home/apasinato/jade-mscthesis/wandb/offline-run-20260326_175703-9sjwm2c2
/home/apasinato/jade-mscthesis/.venv/lib/python3.14/site-packages/peft/mapping_func.py:72: UserWarning: You are trying to modify a model with PEFT for a second time. If you want to reload the model with a different config, make sure to call `.unload()` before.
  warnings.warn(
/home/apasinato/jade-mscthesis/.venv/lib/python3.14/site-packages/peft/tuners/tuners_utils.py:285: UserWarning: Already found a `peft_config` attribute in the model. This will lead to having multiple adapters in the model. Make sure to know what you are doing!
  warnings.warn(
wandb: 
wandb: Run history:
wandb:     best/val_acc ▁
wandb:   best/val_auroc ▁
wandb: best/val_bal_acc ▁
wandb:      best/val_f1 ▁
wandb:               lr ▂▄██████████████▄▄▄▄▁▁▁▁▁▁▁▁▁▁▁▁▁▁▁
wandb:            stage ▁▁▁▁▁▁▁▁▁▁▁▁▁▁▁▁▁▁▁▁███████████████
wandb:        train/acc ▂▂▁▂▂▂▂▃▃▃▄▄▄▄▄▅▅▆▆▅▇▇▇██▇▇▆▆██▇▇██
wandb:       train/loss ▁▂▆██▇▇▆▆▅▅▅▅▅▄▄▄▅▄▃▃▃▃▂▂▂▁▁▁▁▁▁▁▁▁
wandb:          val/acc ▂▃▄▂▄▃▃▃▄█▅▄▅▃▄▄▂▅▃▅▄▅▃▅▄▄▄▃▂▄▄▁▄▄▁
wandb:        val/auroc ▂▇▇▂▂▄▁▁▅▆█▆▆▄▆▄▄▇▆▅▅▅▅▅▅▅▆▅▅▅▄▅▅▄▄
wandb:               +3 ...
wandb: 
wandb: Run summary:
wandb:     best/val_acc 0.52564
wandb:   best/val_auroc 0.52309
wandb: best/val_bal_acc 0.52564
wandb:      best/val_f1 0.49044
wandb:               lr 0.0001
wandb:            stage 1
wandb:        train/acc 0.66686
wandb:       train/loss 0.71723
wandb:          val/acc 0.48397
wandb:        val/auroc 0.51594
wandb:               +3 ...
wandb: 
wandb: You can sync this run to the cloud by running:
wandb: wandb sync /home/apasinato/jade-mscthesis/wandb/offline-run-20260326_175703-9sjwm2c2
wandb: Find logs at: ./wandb/offline-run-20260326_175703-9sjwm2c2/logs
wandb: Tracking run with wandb version 0.25.0
wandb: W&B syncing is set to `offline` in this directory. Run `wandb online` or set WANDB_MODE=online to enable cloud syncing.
wandb: Run data is saved locally in /home/apasinato/jade-mscthesis/wandb/offline-run-20260326_180346-t12da7mz
/home/apasinato/jade-mscthesis/.venv/lib/python3.14/site-packages/peft/mapping_func.py:72: UserWarning: You are trying to modify a model with PEFT for a second time. If you want to reload the model with a different config, make sure to call `.unload()` before.
  warnings.warn(
/home/apasinato/jade-mscthesis/.venv/lib/python3.14/site-packages/peft/tuners/tuners_utils.py:285: UserWarning: Already found a `peft_config` attribute in the model. This will lead to having multiple adapters in the model. Make sure to know what you are doing!
  warnings.warn(
wandb: 
wandb: Run history:
wandb:     best/val_acc ▁
wandb:   best/val_auroc ▁
wandb: best/val_bal_acc ▁
wandb:      best/val_f1 ▁
wandb:               lr ▂▄█████████████████▄▁▁▁▁▁▁▁▁▁▁▁▁
wandb:            stage ▁▁▁▁▁▁▁▁▁▁▁▁▁▁▁▁▁▁▁▁████████████
wandb:        train/acc ▁▁▁▁▁▂▂▂▃▂▄▃▄▄▄▄▄▅▃▃█▇█▇▇▆▅▆▇▇▆▅
wandb:       train/loss ▁▃▆█▇▅▄▃▃▃▃▃▃▃▃▃▃▂▆▇▂▂▂▁▁▁▁▁▁▁▁▁
wandb:          val/acc ▅▅▅▅▅▅▅▅▅▃▆▄█▄█▅▅▆█▅█▇▆▅▆▅▂▅▄▅▁▄
wandb:        val/auroc ▅▃▃▅█▅▅█▅▁█▂▄▁▇▆▇▄▅▃▇▆▄▂▄▅▃▂▂▂▂▁
wandb:               +3 ...
wandb: 
wandb: Run summary:
wandb:     best/val_acc 0.53819
wandb:   best/val_auroc 0.53786
wandb: best/val_bal_acc 0.53819
wandb:      best/val_f1 0.53725
wandb:               lr 0.0001
wandb:            stage 1
wandb:        train/acc 0.60511
wandb:       train/loss 1.06164
wandb:          val/acc 0.49306
wandb:        val/auroc 0.49646
wandb:               +3 ...
wandb: 
wandb: You can sync this run to the cloud by running:
wandb: wandb sync /home/apasinato/jade-mscthesis/wandb/offline-run-20260326_180346-t12da7mz
wandb: Find logs at: ./wandb/offline-run-20260326_180346-t12da7mz/logs
wandb: Tracking run with wandb version 0.25.0
wandb: W&B syncing is set to `offline` in this directory. Run `wandb online` or set WANDB_MODE=online to enable cloud syncing.
wandb: Run data is saved locally in /home/apasinato/jade-mscthesis/wandb/offline-run-20260326_180929-vsm42s8a
/home/apasinato/jade-mscthesis/.venv/lib/python3.14/site-packages/peft/mapping_func.py:72: UserWarning: You are trying to modify a model with PEFT for a second time. If you want to reload the model with a different config, make sure to call `.unload()` before.
  warnings.warn(
/home/apasinato/jade-mscthesis/.venv/lib/python3.14/site-packages/peft/tuners/tuners_utils.py:285: UserWarning: Already found a `peft_config` attribute in the model. This will lead to having multiple adapters in the model. Make sure to know what you are doing!
  warnings.warn(
wandb: 
wandb: Run history:
wandb:     best/val_acc ▁
wandb:   best/val_auroc ▁
wandb: best/val_bal_acc ▁
wandb:      best/val_f1 ▁
wandb:               lr ▂▄████████████████▄▄▁▁▁▁▁▁▁▁▁▁▁▁▁▁▁▁▁▁
wandb:            stage ▁▁▁▁▁▁▁▁▁▁▁▁▁▁▁▁▁▁▁▁██████████████████
wandb:        train/acc ▁▁▁▁▂▂▂▃▃▃▄▃▃▄▅▄▅▅▅▅▅▇▇▇▇▆▆▆▇▅▇▆▇▆▇▇█▇
wandb:       train/loss ▁▂▅█▇▇▆▆▆▆▅▅▅▄▄▄▄▄▄▄▄▂▂▂▁▁▁▁▁▁▁▁▁▁▁▁▁▁
wandb:          val/acc ▄▅▅▁▅▄▄▆▆▆▃▆▄▅▅▅▆▆▅▆▅▅▅▃▆▇█▇▆▇▆▆▆▅▆▇▆▆
wandb:        val/auroc ▁▄█▃▄▄▅▆▆▅▂▅▄▄▅▄▅▄▆▅▅▅▄▄▅▆▆▆▆▅▆▅▅▅▅▅▅▆
wandb:               +3 ...
wandb: 
wandb: Run summary:
wandb:     best/val_acc 0.54167
wandb:   best/val_auroc 0.5395
wandb: best/val_bal_acc 0.54167
wandb:      best/val_f1 0.48702
wandb:               lr 5e-05
wandb:            stage 1
wandb:        train/acc 0.69276
wandb:       train/loss 0.68333
wandb:          val/acc 0.51389
wandb:        val/auroc 0.52677
wandb:               +3 ...
wandb: 
wandb: You can sync this run to the cloud by running:
wandb: wandb sync /home/apasinato/jade-mscthesis/wandb/offline-run-20260326_180929-vsm42s8a
wandb: Find logs at: ./wandb/offline-run-20260326_180929-vsm42s8a/logs
wandb: Tracking run with wandb version 0.25.0
wandb: W&B syncing is set to `offline` in this directory. Run `wandb online` or set WANDB_MODE=online to enable cloud syncing.
wandb: Run data is saved locally in /home/apasinato/jade-mscthesis/wandb/offline-run-20260326_181659-bk54nl9t
/home/apasinato/jade-mscthesis/.venv/lib/python3.14/site-packages/peft/mapping_func.py:72: UserWarning: You are trying to modify a model with PEFT for a second time. If you want to reload the model with a different config, make sure to call `.unload()` before.
  warnings.warn(
/home/apasinato/jade-mscthesis/.venv/lib/python3.14/site-packages/peft/tuners/tuners_utils.py:285: UserWarning: Already found a `peft_config` attribute in the model. This will lead to having multiple adapters in the model. Make sure to know what you are doing!
  warnings.warn(
wandb: 
wandb: Run history:
wandb:     best/val_acc ▁
wandb:   best/val_auroc ▁
wandb: best/val_bal_acc ▁
wandb:      best/val_f1 ▁
wandb:               lr ▂▄██████████████████▁▁▁▁▁▁▁▁▁▁▁▁▁▁▁▁▁▁
wandb:            stage ▁▁▁▁▁▁▁▁▁▁▁▁▁▁▁▁▁▁▁▁██████████████████
wandb:        train/acc ▁▂▁▁▂▁▁▂▂▂▂▂▁▂▂▂▃▃▃▄▇▇▆▆█▇▆▆▅▇▆▇▇▆▇▇▇█
wandb:       train/loss ▁▂▆█▇▇▆▆▅▅▅▄▄▄▃▃▃▃▃▂▂▂▂▂▁▁▁▁▁▁▁▁▁▁▁▁▁▁
wandb:          val/acc ▂▂▂▂▂▂▂▂▂▂▂▃▂▂▂▂▄▄▅▁▇▄▃▃▇▇█▃▇▆▅▅▂▂▂▃▄▂
wandb:        val/auroc ▂▃▂▂▂▄▁▂▂▂▃▆▇▇▆▇▇█▆███████▇▇▆▆▆▆▅▅▅▅▅▅
wandb:               +3 ...
wandb: 
wandb: Run summary:
wandb:     best/val_acc 0.5625
wandb:   best/val_auroc 0.54012
wandb: best/val_bal_acc 0.5625
wandb:      best/val_f1 0.54124
wandb:               lr 5e-05
wandb:            stage 1
wandb:        train/acc 0.67755
wandb:       train/loss 0.69746
wandb:          val/acc 0.5
wandb:        val/auroc 0.50839
wandb:               +3 ...
wandb: 
wandb: You can sync this run to the cloud by running:
wandb: wandb sync /home/apasinato/jade-mscthesis/wandb/offline-run-20260326_181659-bk54nl9t
wandb: Find logs at: ./wandb/offline-run-20260326_181659-bk54nl9t/logs
wandb: Tracking run with wandb version 0.25.0
wandb: W&B syncing is set to `offline` in this directory. Run `wandb online` or set WANDB_MODE=online to enable cloud syncing.
wandb: Run data is saved locally in /home/apasinato/jade-mscthesis/wandb/offline-run-20260326_182433-iwd3vc8q
/home/apasinato/jade-mscthesis/.venv/lib/python3.14/site-packages/peft/mapping_func.py:72: UserWarning: You are trying to modify a model with PEFT for a second time. If you want to reload the model with a different config, make sure to call `.unload()` before.
  warnings.warn(
/home/apasinato/jade-mscthesis/.venv/lib/python3.14/site-packages/peft/tuners/tuners_utils.py:285: UserWarning: Already found a `peft_config` attribute in the model. This will lead to having multiple adapters in the model. Make sure to know what you are doing!
  warnings.warn(
wandb: 
wandb: Run history:
wandb:     best/val_acc ▁
wandb:   best/val_auroc ▁
wandb: best/val_bal_acc ▁
wandb:      best/val_f1 ▁
wandb:               lr ▂▄█████████▄▁▁▁▁▁▁▁▁▁▁▁▁▁▁▁▁▁▁▁▁▁▁▁
wandb:            stage ▁▁▁▁▁▁▁▁▁▁▁▁███████████████████████
wandb:        train/acc ▁▁▁▁▁▁▁▁▁▁▂▁▁▂▂▂▃▃▃▄▅▆▅▆▇▆▆██▇▇▇██▇
wandb:       train/loss ▁▃▆█▇▇▆▆▅▅▄▄▁▁▁▁▁▁▁▁▁▁▁▁▁▁▁▁▁▁▁▁▁▁▁
wandb:          val/acc ▄▄▄▄▄▄▄▄▄▄▄▃▁▁▄▅▅▅▄▄▅▅▆█▅▆▆▇▇▇▇▇███
wandb:        val/auroc ▃▁▂▁▂▂▂▂▂▂▂▂▂▁▃▆▇▆▆▅▇▇██▆▇█▇▇▇█████
wandb:               +3 ...
wandb: 
wandb: Run summary:
wandb:     best/val_acc 0.57639
wandb:   best/val_auroc 0.58719
wandb: best/val_bal_acc 0.57639
wandb:      best/val_f1 0.56718
wandb:               lr 5e-05
wandb:            stage 1
wandb:        train/acc 0.73292
wandb:       train/loss 0.36815
wandb:          val/acc 0.56944
wandb:        val/auroc 0.58707
wandb:               +3 ...
wandb: 
wandb: You can sync this run to the cloud by running:
wandb: wandb sync /home/apasinato/jade-mscthesis/wandb/offline-run-20260326_182433-iwd3vc8q
wandb: Find logs at: ./wandb/offline-run-20260326_182433-iwd3vc8q/logs
wandb: Tracking run with wandb version 0.25.0
wandb: W&B syncing is set to `offline` in this directory. Run `wandb online` or set WANDB_MODE=online to enable cloud syncing.
wandb: Run data is saved locally in /home/apasinato/jade-mscthesis/wandb/offline-run-20260326_183230-i48fhb51
/home/apasinato/jade-mscthesis/.venv/lib/python3.14/site-packages/peft/mapping_func.py:72: UserWarning: You are trying to modify a model with PEFT for a second time. If you want to reload the model with a different config, make sure to call `.unload()` before.
  warnings.warn(
/home/apasinato/jade-mscthesis/.venv/lib/python3.14/site-packages/peft/tuners/tuners_utils.py:285: UserWarning: Already found a `peft_config` attribute in the model. This will lead to having multiple adapters in the model. Make sure to know what you are doing!
  warnings.warn(
wandb: 
wandb: Run history:
wandb:     best/val_acc ▁
wandb:   best/val_auroc ▁
wandb: best/val_bal_acc ▁
wandb:      best/val_f1 ▁
wandb:               lr ▂▄█████████████▄▄▄▄▄▁▁▁▁▁▁▁▁▁▁▁▁▁▁
wandb:            stage ▁▁▁▁▁▁▁▁▁▁▁▁▁▁▁▁▁▁▁▁██████████████
wandb:        train/acc ▁▁▂▃▅▅▅▅▇▆▇▅▆▇▇▇████▄▅▆▆▆▅▅▅▆▆▆▅▇▆
wandb:       train/loss ▁▂▆▇▇▇█▇▆▆▆█▆▆▅▅▄▄▄▃▃▃▂▂▂▂▂▁▁▁▁▁▁▁
wandb:          val/acc ▁▁▃▇▃▅▂▆██▇▁▇▇▅▆▆▇▆▅▆▇▇▆▅▄▅▃▄▃▄▅▄▄
wandb:        val/auroc ▄▃▂▄▄▅▂▅▆▅▅▁▇█▅▅▆▇▇▅▇▇▇▆▆▅▅▅▅▅▄▅▅▅
wandb:               +3 ...
wandb: 
wandb: Run summary:
wandb:     best/val_acc 0.58681
wandb:   best/val_auroc 0.62845
wandb: best/val_bal_acc 0.58681
wandb:      best/val_f1 0.57826
wandb:               lr 5e-05
wandb:            stage 1
wandb:        train/acc 0.65221
wandb:       train/loss 1.50943
wandb:          val/acc 0.53819
wandb:        val/auroc 0.58394
wandb:               +3 ...
wandb: 
wandb: You can sync this run to the cloud by running:
wandb: wandb sync /home/apasinato/jade-mscthesis/wandb/offline-run-20260326_183230-i48fhb51
wandb: Find logs at: ./wandb/offline-run-20260326_183230-i48fhb51/logs
wandb: Tracking run with wandb version 0.25.0
wandb: W&B syncing is set to `offline` in this directory. Run `wandb online` or set WANDB_MODE=online to enable cloud syncing.
wandb: Run data is saved locally in /home/apasinato/jade-mscthesis/wandb/offline-run-20260326_183852-4ocn1l3q
/home/apasinato/jade-mscthesis/.venv/lib/python3.14/site-packages/peft/mapping_func.py:72: UserWarning: You are trying to modify a model with PEFT for a second time. If you want to reload the model with a different config, make sure to call `.unload()` before.
  warnings.warn(
/home/apasinato/jade-mscthesis/.venv/lib/python3.14/site-packages/peft/tuners/tuners_utils.py:285: UserWarning: Already found a `peft_config` attribute in the model. This will lead to having multiple adapters in the model. Make sure to know what you are doing!
  warnings.warn(
wandb: 
wandb: Run history:
wandb:     best/val_acc ▁
wandb:   best/val_auroc ▁
wandb: best/val_bal_acc ▁
wandb:      best/val_f1 ▁
wandb:               lr ▂▄████████████████▁▁▁▁▁▁▁▁▁▁▁▁▁▁▁▁▁▁▁▁▁▁
wandb:            stage ▁▁▁▁▁▁▁▁▁▁▁▁▁▁▁▁▁▁██████████████████████
wandb:        train/acc ▁▁▁▁▁▂▂▃▃▃▃▄▄▅▅▅▆▅▆█▇▇▇▇▇▇▇▇▆▇▆▇▇▇▇▇▇▇▇█
wandb:       train/loss ▁▃▆█▇▆▆▅▄▄▄▃▃▂▂▂▂▂▂▁▁▁▁▁▁▁▁▁▁▁▁▁▁▁▁▁▁▁▁▁
wandb:          val/acc ▁▁▂▂▂▂▂▂▃▅▄▂▅▆▆▇▄▅▅▇▇▅▆▅▇▆▇▄▄▆██▇▅▆▇▄▆▅▇
wandb:        val/auroc ▁▄▃▃▃▂▃▄▅▆▆▆▆▇█▇▇▆▇▇██▇▇▇▇▇▇▆▇▇▇▇▇▇▆▆▇▆▆
wandb:               +3 ...
wandb: 
wandb: Run summary:
wandb:     best/val_acc 0.62153
wandb:   best/val_auroc 0.60578
wandb: best/val_bal_acc 0.62153
wandb:      best/val_f1 0.62097
wandb:               lr 5e-05
wandb:            stage 1
wandb:        train/acc 0.71321
wandb:       train/loss 0.54899
wandb:          val/acc 0.60069
wandb:        val/auroc 0.59939
wandb:               +3 ...
wandb: 
wandb: You can sync this run to the cloud by running:
wandb: wandb sync /home/apasinato/jade-mscthesis/wandb/offline-run-20260326_183852-4ocn1l3q
wandb: Find logs at: ./wandb/offline-run-20260326_183852-4ocn1l3q/logs
wandb: Tracking run with wandb version 0.25.0
wandb: W&B syncing is set to `offline` in this directory. Run `wandb online` or set WANDB_MODE=online to enable cloud syncing.
wandb: Run data is saved locally in /home/apasinato/jade-mscthesis/wandb/offline-run-20260326_184827-qaglrqhu
/home/apasinato/jade-mscthesis/.venv/lib/python3.14/site-packages/peft/mapping_func.py:72: UserWarning: You are trying to modify a model with PEFT for a second time. If you want to reload the model with a different config, make sure to call `.unload()` before.
  warnings.warn(
/home/apasinato/jade-mscthesis/.venv/lib/python3.14/site-packages/peft/tuners/tuners_utils.py:285: UserWarning: Already found a `peft_config` attribute in the model. This will lead to having multiple adapters in the model. Make sure to know what you are doing!
  warnings.warn(
wandb: 
wandb: Run history:
wandb:     best/val_acc ▁
wandb:   best/val_auroc ▁
wandb: best/val_bal_acc ▁
wandb:      best/val_f1 ▁
wandb:               lr ▂▄████████▄▄▄▄▄▄▁▁▁▁▁▁▁▁▁▁▁▁▁▁▁▁▁▁▁▁▁▁▁▁
wandb:            stage ▁▁▁▁▁▁▁▁▁▁▁▁▁▁▁█████████████████████████
wandb:        train/acc ▁▁▂▂▁▂▂▂▂▂▅▂▃▃▃▅▇▇▇▆▆▆▆▆▆▆▇▇▇▇▇▇███████▇
wandb:       train/loss ▁▁▂▃▃▃▃▃▃▂█▃▂▂▂▂▂▂▂▂▁▁▁▁▁▁▁▁▁▁▁▁▁▁▁▁▁▁▁▁
wandb:          val/acc ▁▁▁▁▁▁▃▂▁▁▁▂▁▂▂▄▅▄▅▃▄▂▅▂▂▄▄▄▇▅▄█▅▅▆▇▅▇▇▇
wandb:        val/auroc ▄▂▁▅▅▆▆▅▂▄▇▇█▆▆▅▅▆▇▇████████████████████
wandb:               +3 ...
wandb: 
wandb: Run summary:
wandb:     best/val_acc 0.625
wandb:   best/val_auroc 0.62867
wandb: best/val_bal_acc 0.625
wandb:      best/val_f1 0.62384
wandb:               lr 2e-05
wandb:            stage 1
wandb:        train/acc 0.67155
wandb:       train/loss 0.65618
wandb:          val/acc 0.61458
wandb:        val/auroc 0.62297
wandb:               +3 ...
wandb: 
wandb: You can sync this run to the cloud by running:
wandb: wandb sync /home/apasinato/jade-mscthesis/wandb/offline-run-20260326_184827-qaglrqhu
wandb: Find logs at: ./wandb/offline-run-20260326_184827-qaglrqhu/logs
