=== Experiment on DelftBlue ===
Job ID:    9455294
Node:      gpu013
Partition: gpu-a100
Module:    src.approaches.fine_tuning.train_ft
Args:      --dataset thu-ep --task 9-class
Started:   Thu Mar 26 15:49:51 CET 2026

=== GPU ===
NVIDIA A100 80GB PCIe, 81920 MiB

=== Environment ===
Python:  Python 3.14.3
PyTorch: 2.9.1+cu128
CUDA:    True 12.8

=== Running: python -m src.approaches.fine_tuning.train_ft --dataset thu-ep --task 9-class ===


Dataset: thu-ep  |  subjects: 79
Device: cuda  |  task: 9-class  |  pooling: no  |  LoRA rank: 16  alpha: 16
Window: 10.0s (2000 pts)  Stride: 10.0s (2000 pts)  Mixup: True  AMP: True
LP: lr=0.005 epochs=20  |  FT: lr=0.0001 epochs=200
Loading REVE model from local path …
flash_attn not found, install it with `pip install flash_attn` if you want to use it
Loading REVE position bank from local path …
  Electrode positions cached for 30 channels.

#########################################################################################################
  Fold 1/10  |  thu-ep  |  task=9-class  |  pooling=no  |  LoRA r=16  |  device=cuda
  train: 71 subjects  |  val: 8 subjects
#########################################################################################################
Building datasets ...  done in 0s  (train=5,940  val=672)

>>> Stage 1: LP warmup  |  trainable params: 1,695,241

─────────────────────────────────────────────────────────────────────────────────────────────────────────
  Stage: lp  |  lr=0.005  |  max_epochs=20  |  grad_clip=2.0
 Epoch   EpTime   Elapsed    TrLoss    TrAcc    VaAcc   VaBalAcc   VaAUROC    VaF1w          LR
─────────────────────────────────────────────────────────────────────────────────────────────────────────
     1       6s        6s    3.2651   0.1106   0.1057     0.1096    0.6249   0.0318    5.93e-04  (ETA 2m03s)
     2       6s       12s   15.4922   0.1178   0.1161     0.1177    0.6239   0.0367    1.92e-03  (ETA 1m53s)
     3       6s       18s   48.9407   0.1106   0.1414     0.1397    0.6028   0.0713    4.78e-03  (ETA 1m45s)
     4       6s       24s   46.0021   0.1247   0.1235     0.1281    0.6603   0.0436    4.78e-03  (ETA 1m39s)
     5       6s       30s   33.5042   0.1327   0.1161     0.1204    0.6440   0.0336    4.78e-03  (ETA 1m32s)
     6       6s       37s   16.2665   0.1497   0.1473     0.1161    0.6189   0.0474    4.78e-03  (ETA 1m26s)
     7       6s       43s    8.0550   0.1912   0.2812     0.2805    0.7298   0.2441    4.78e-03  (ETA 1m20s)
     8       6s       49s    5.8919   0.2199   0.3185     0.3110    0.7542   0.2960    4.78e-03  (ETA 1m13s)
     9       6s       55s    3.8785   0.2978   0.3512     0.3538    0.7972   0.3037    4.78e-03  (ETA 1m07s)
    10       6s     1m01s    2.4817   0.3652   0.2545     0.2469    0.7913   0.2195    4.78e-03  (ETA 1m01s)
    11       6s     1m07s    1.9984   0.3884   0.3512     0.3380    0.8036   0.3030    4.78e-03  (ETA 55s)
    12       6s     1m13s    2.2679   0.3414   0.3527     0.3472    0.7943   0.3233    4.78e-03  (ETA 49s)
    13       6s     1m19s    2.3252   0.3586   0.3095     0.3044    0.7750   0.2792    4.78e-03  (ETA 43s)
    14       6s     1m26s    1.7167   0.4412   0.3824     0.3735    0.8101   0.3674    4.78e-03  (ETA 36s)
    15       6s     1m32s    1.4944   0.4520   0.3542     0.3511    0.8067   0.3425    4.78e-03  (ETA 30s)
    16       6s     1m38s    1.2614   0.5066   0.3601     0.3422    0.8030   0.3518    4.78e-03  (ETA 24s)
    17       6s     1m44s    1.1754   0.5448   0.4092     0.4055    0.8262   0.3850    4.78e-03  (ETA 18s)
    18       6s     1m50s    1.1480   0.5077   0.4241     0.4248    0.8365   0.4291    4.78e-03  (ETA 12s)
    19       6s     1m57s    1.1139   0.5438   0.4568     0.4572    0.8426   0.4457    4.78e-03  (ETA 6s)
    20       6s     2m03s    1.0400   0.5638   0.4137     0.4074    0.8288   0.4122    4.78e-03  (done)
─────────────────────────────────────────────────────────────────────────────────────────────────────────
lp complete — 20 epochs | total: 2m03s | best epoch=19 val_acc=0.4568
─────────────────────────────────────────────────────────────────────────────────────────────────────────

>>> Stage 2: LoRA fine-tuning
  Parameters: 2,776,585 trainable / 71,966,217 total (3.86%)  |  LoRA: 1,081,344

─────────────────────────────────────────────────────────────────────────────────────────────────────────
  Stage: ft  |  lr=0.0001  |  max_epochs=200  |  grad_clip=2.0
 Epoch   EpTime   Elapsed    TrLoss    TrAcc    VaAcc   VaBalAcc   VaAUROC    VaF1w          LR
─────────────────────────────────────────────────────────────────────────────────────────────────────────
     1      17s       17s    1.0356   0.5160   0.4330     0.4263    0.8352   0.4353    6.41e-06  (ETA 58m13s)
     2      17s       35s    0.9855   0.5567   0.4435     0.4387    0.8412   0.4442    1.67e-05  (ETA 58m01s)
     3      17s       52s    0.9454   0.5630   0.4583     0.4552    0.8462   0.4600    3.29e-05  (ETA 57m52s)
     4      17s     1m10s    0.9005   0.5387   0.4732     0.4726    0.8492   0.4713    5.86e-05  (ETA 57m35s)
     5      17s     1m28s    0.9670   0.5586   0.4539     0.4506    0.8471   0.4558    9.95e-05  (ETA 57m15s)
     6      17s     1m45s    0.9734   0.5118   0.4613     0.4599    0.8480   0.4637    9.95e-05  (ETA 56m57s)
     7      17s     2m03s    0.8896   0.5727   0.4628     0.4618    0.8482   0.4607    9.95e-05  (ETA 56m38s)
     8      17s     2m20s    0.8824   0.5103   0.4717     0.4738    0.8505   0.4714    9.95e-05  (ETA 56m22s)
     9      17s     2m38s    0.8927   0.5918   0.4732     0.4745    0.8495   0.4744    9.95e-05  (ETA 56m03s)
    10      17s     2m56s    0.8514   0.5325   0.4628     0.4603    0.8482   0.4642    9.95e-05  (ETA 55m45s)
    11      17s     3m13s    0.8596   0.4912   0.4435     0.4379    0.8447   0.4444    9.95e-05  (ETA 55m27s)
    12      17s     3m31s    0.7376   0.6576   0.4598     0.4549    0.8452   0.4630    9.95e-05  (ETA 55m10s)
    13      17s     3m48s    0.8506   0.4668   0.4613     0.4568    0.8451   0.4668    9.95e-05  (ETA 54m51s)
    14      17s     4m06s    0.8578   0.6194   0.4658     0.4664    0.8469   0.4670    9.95e-05  (ETA 54m34s)
    15      17s     4m24s    0.8622   0.6002   0.4598     0.4606    0.8467   0.4632    9.95e-05  (ETA 54m16s)
Early stopping at epoch 15 (patience=10)
─────────────────────────────────────────────────────────────────────────────────────────────────────────
ft complete — 15 epochs | total: 4m24s | best epoch=4 val_acc=0.4732
─────────────────────────────────────────────────────────────────────────────────────────────────────────
LoRA adapter saved → /home/apasinato/jade-mscthesis/outputs/ft_checkpoints/ft_thu-ep_9-class_w10s10_pool_no_r16_fold_1/lora_adapter
Head weights saved → /home/apasinato/jade-mscthesis/outputs/ft_checkpoints/ft_thu-ep_9-class_w10s10_pool_no_r16_fold_1/head_weights.pt

#########################################################################################################
  Fold 2/10  |  thu-ep  |  task=9-class  |  pooling=no  |  LoRA r=16  |  device=cuda
  train: 71 subjects  |  val: 8 subjects
#########################################################################################################
Building datasets ...  done in 0s  (train=5,955  val=657)

>>> Stage 1: LP warmup  |  trainable params: 1,695,241

─────────────────────────────────────────────────────────────────────────────────────────────────────────
  Stage: lp  |  lr=0.005  |  max_epochs=20  |  grad_clip=2.0
 Epoch   EpTime   Elapsed    TrLoss    TrAcc    VaAcc   VaBalAcc   VaAUROC    VaF1w          LR
─────────────────────────────────────────────────────────────────────────────────────────────────────────
     1       7s        7s    2.9331   0.1086   0.1461     0.1111    0.6294   0.0373    6.03e-04  (ETA 2m24s)
     2       7s       15s   14.4578   0.1189   0.1705     0.1459    0.5895   0.0851    1.92e-03  (ETA 2m15s)
     3       7s       22s   46.3795   0.1090   0.1294     0.1321    0.5519   0.0589    4.78e-03  (ETA 2m07s)
     4       7s       30s   49.9648   0.1160   0.1126     0.1149    0.5986   0.0388    4.78e-03  (ETA 2m00s)
     5       7s       37s   27.4680   0.1298   0.1218     0.1241    0.6360   0.0387    4.78e-03  (ETA 1m52s)
     6       7s       45s   19.5014   0.1474   0.1324     0.1384    0.6598   0.0554    4.78e-03  (ETA 1m45s)
     7       7s       52s    8.8544   0.1738   0.1674     0.1733    0.7041   0.0905    4.78e-03  (ETA 1m37s)
     8       7s       59s    5.3338   0.2242   0.2679     0.2694    0.7237   0.2202    4.78e-03  (ETA 1m29s)
     9       7s     1m07s    3.7673   0.2712   0.2770     0.2546    0.7491   0.2254    4.78e-03  (ETA 1m22s)
    10       7s     1m14s    2.6765   0.3506   0.2725     0.2695    0.7365   0.2200    4.78e-03  (ETA 1m14s)
    11       7s     1m22s    2.8739   0.3234   0.2679     0.2753    0.7511   0.2220    4.78e-03  (ETA 1m07s)
    12       7s     1m29s    2.2208   0.3599   0.2998     0.3122    0.7670   0.2571    4.78e-03  (ETA 59s)
    13       7s     1m37s    2.0824   0.3725   0.2953     0.2889    0.7540   0.2717    4.78e-03  (ETA 52s)
    14       7s     1m44s    1.8593   0.3968   0.3623     0.3541    0.7795   0.3374    4.78e-03  (ETA 44s)
    15       7s     1m52s    1.6857   0.4220   0.3775     0.3767    0.7751   0.3583    4.78e-03  (ETA 37s)
    16       7s     1m59s    1.2608   0.4452   0.3349     0.3437    0.7709   0.3118    4.78e-03  (ETA 29s)
    17       7s     2m07s    1.2946   0.5244   0.3196     0.3216    0.7763   0.2902    4.78e-03  (ETA 22s)
    18       7s     2m14s    1.3014   0.4981   0.3775     0.3705    0.7864   0.3588    4.78e-03  (ETA 14s)
    19       7s     2m22s    1.1787   0.5202   0.3683     0.3737    0.7936   0.3655    4.78e-03  (ETA 7s)
    20       7s     2m29s    1.1167   0.5209   0.3623     0.3620    0.7945   0.3298    4.78e-03  (done)
─────────────────────────────────────────────────────────────────────────────────────────────────────────
lp complete — 20 epochs | total: 2m29s | best epoch=15 val_acc=0.3775
─────────────────────────────────────────────────────────────────────────────────────────────────────────

>>> Stage 2: LoRA fine-tuning
  Parameters: 2,776,585 trainable / 71,966,217 total (3.86%)  |  LoRA: 1,081,344

─────────────────────────────────────────────────────────────────────────────────────────────────────────
  Stage: ft  |  lr=0.0001  |  max_epochs=200  |  grad_clip=2.0
 Epoch   EpTime   Elapsed    TrLoss    TrAcc    VaAcc   VaBalAcc   VaAUROC    VaF1w          LR
─────────────────────────────────────────────────────────────────────────────────────────────────────────
     1      17s       17s    1.3821   0.5483   0.3775     0.3726    0.7650   0.3596    6.33e-06  (ETA 58m38s)
     2      17s       35s    1.1668   0.5060   0.3790     0.3733    0.7732   0.3649    1.65e-05  (ETA 58m22s)
     3      17s       53s    1.1022   0.5271   0.3836     0.3844    0.7810   0.3759    3.25e-05  (ETA 58m08s)
     4      17s     1m10s    1.0548   0.5703   0.4125     0.4103    0.7892   0.4047    5.76e-05  (ETA 57m49s)
     5      17s     1m28s    0.9989   0.5268   0.4170     0.4144    0.7963   0.4116    9.78e-05  (ETA 57m33s)
     6      17s     1m46s    1.0503   0.5481   0.4140     0.4123    0.7956   0.4097    9.78e-05  (ETA 57m14s)
     7      17s     2m03s    0.9948   0.5481   0.4140     0.4148    0.7992   0.4035    9.78e-05  (ETA 56m55s)
     8      17s     2m21s    0.9894   0.5139   0.3790     0.3797    0.7950   0.3740    9.78e-05  (ETA 56m36s)
     9      17s     2m39s    0.9509   0.5424   0.4186     0.4200    0.8017   0.4113    9.78e-05  (ETA 56m19s)
    10      17s     2m57s    0.9747   0.5264   0.4262     0.4234    0.8019   0.4191    9.78e-05  (ETA 56m03s)
    11      17s     3m14s    0.9290   0.5102   0.4338     0.4310    0.8055   0.4283    9.78e-05  (ETA 55m46s)
    12      17s     3m32s    0.9756   0.5139   0.4277     0.4259    0.8021   0.4218    9.78e-05  (ETA 55m28s)
    13      17s     3m50s    0.9809   0.5320   0.3912     0.3858    0.7994   0.3876    9.78e-05  (ETA 55m10s)
    14      17s     4m07s    0.9189   0.6442   0.4338     0.4302    0.8050   0.4301    9.78e-05  (ETA 54m51s)
    15      17s     4m25s    0.9124   0.5733   0.4186     0.4155    0.8040   0.4173    9.78e-05  (ETA 54m34s)
    16      17s     4m43s    0.8743   0.5914   0.4216     0.4246    0.8039   0.4152    9.78e-05  (ETA 54m15s)
    17      17s     5m00s    0.9591   0.5039   0.4323     0.4291    0.8057   0.4277    9.78e-05  (ETA 53m57s)
    18      17s     5m18s    0.9377   0.5684   0.4323     0.4325    0.8059   0.4314    4.89e-05  (ETA 53m40s)
    19      18s     5m36s    0.8898   0.5076   0.4277     0.4232    0.8047   0.4232    4.89e-05  (ETA 53m30s)
    20      17s     5m54s    0.9409   0.5861   0.4186     0.4157    0.8048   0.4118    4.89e-05  (ETA 53m12s)
    21      17s     6m12s    0.9309   0.5889   0.4292     0.4250    0.8079   0.4214    4.89e-05  (ETA 52m54s)
    22      19s     6m31s    0.9335   0.4566   0.4307     0.4316    0.8057   0.4305    4.89e-05  (ETA 52m48s)
Early stopping at epoch 22 (patience=10)
─────────────────────────────────────────────────────────────────────────────────────────────────────────
ft complete — 22 epochs | total: 6m31s | best epoch=11 val_acc=0.4338
─────────────────────────────────────────────────────────────────────────────────────────────────────────
LoRA adapter saved → /home/apasinato/jade-mscthesis/outputs/ft_checkpoints/ft_thu-ep_9-class_w10s10_pool_no_r16_fold_2/lora_adapter
Head weights saved → /home/apasinato/jade-mscthesis/outputs/ft_checkpoints/ft_thu-ep_9-class_w10s10_pool_no_r16_fold_2/head_weights.pt

#########################################################################################################
  Fold 3/10  |  thu-ep  |  task=9-class  |  pooling=no  |  LoRA r=16  |  device=cuda
  train: 71 subjects  |  val: 8 subjects
#########################################################################################################
Building datasets ...  done in 2s  (train=5,940  val=672)

>>> Stage 1: LP warmup  |  trainable params: 1,695,241

─────────────────────────────────────────────────────────────────────────────────────────────────────────
  Stage: lp  |  lr=0.005  |  max_epochs=20  |  grad_clip=2.0
 Epoch   EpTime   Elapsed    TrLoss    TrAcc    VaAcc   VaBalAcc   VaAUROC    VaF1w          LR
─────────────────────────────────────────────────────────────────────────────────────────────────────────
     1       7s        7s    2.8758   0.1187   0.1473     0.1157    0.6092   0.0444    6.02e-04  (ETA 2m24s)
     2       7s       15s   12.6955   0.1168   0.1310     0.1358    0.5800   0.0477    1.92e-03  (ETA 2m16s)
     3       7s       22s   38.8528   0.1143   0.1071     0.1111    0.5486   0.0208    4.78e-03  (ETA 2m08s)
     4       7s       30s   45.6390   0.1190   0.1071     0.1111    0.6008   0.0207    4.78e-03  (ETA 2m00s)
     5       7s       37s   39.3104   0.1180   0.1830     0.1613    0.6224   0.1057    4.78e-03  (ETA 1m52s)
     6       7s       45s   16.6281   0.1433   0.1577     0.1636    0.6951   0.0773    4.78e-03  (ETA 1m45s)
     7       7s       52s    9.7061   0.1793   0.2068     0.2145    0.7222   0.1335    4.78e-03  (ETA 1m37s)
     8       7s     1m00s    3.8421   0.2860   0.2009     0.2079    0.7353   0.1454    4.78e-03  (ETA 1m30s)
     9       7s     1m07s    2.9093   0.3094   0.3125     0.3241    0.7692   0.2611    4.78e-03  (ETA 1m22s)
    10       7s     1m15s    2.3745   0.3652   0.3185     0.3137    0.7629   0.2895    4.78e-03  (ETA 1m15s)
    11       7s     1m22s    2.0931   0.4202   0.3274     0.3279    0.7809   0.2918    4.78e-03  (ETA 1m07s)
    12       7s     1m30s    2.0080   0.4229   0.2783     0.2828    0.7678   0.2502    4.78e-03  (ETA 1m00s)
    13       7s     1m37s    1.8649   0.3919   0.2679     0.2654    0.7572   0.2317    4.78e-03  (ETA 52s)
    14       7s     1m45s    1.5057   0.4936   0.3482     0.3399    0.7949   0.3351    4.78e-03  (ETA 45s)
    15       7s     1m52s    1.3200   0.4510   0.3780     0.3789    0.8058   0.3555    4.78e-03  (ETA 37s)
    16       7s     2m00s    1.0670   0.5404   0.3780     0.3765    0.7981   0.3627    4.78e-03  (ETA 30s)
    17       7s     2m07s    0.9507   0.5370   0.3810     0.3816    0.7943   0.3715    4.78e-03  (ETA 22s)
    18       7s     2m15s    1.0148   0.5377   0.3884     0.3885    0.8109   0.3848    4.78e-03  (ETA 15s)
    19       7s     2m22s    0.9050   0.5611   0.4003     0.4024    0.8016   0.3849    4.78e-03  (ETA 7s)
    20       7s     2m30s    0.9342   0.5505   0.3839     0.3850    0.8093   0.3742    4.78e-03  (done)
─────────────────────────────────────────────────────────────────────────────────────────────────────────
lp complete — 20 epochs | total: 2m30s | best epoch=19 val_acc=0.4003
─────────────────────────────────────────────────────────────────────────────────────────────────────────

>>> Stage 2: LoRA fine-tuning
  Parameters: 2,776,585 trainable / 71,966,217 total (3.86%)  |  LoRA: 1,081,344

─────────────────────────────────────────────────────────────────────────────────────────────────────────
  Stage: ft  |  lr=0.0001  |  max_epochs=200  |  grad_clip=2.0
 Epoch   EpTime   Elapsed    TrLoss    TrAcc    VaAcc   VaBalAcc   VaAUROC    VaF1w          LR
─────────────────────────────────────────────────────────────────────────────────────────────────────────
     1      17s       17s    1.6734   0.4327   0.3482     0.3573    0.7739   0.3260    6.33e-06  (ETA 58m37s)
     2      17s       35s    1.0284   0.5305   0.3795     0.3812    0.7876   0.3763    1.65e-05  (ETA 58m20s)
     3      17s       53s    0.9335   0.5747   0.3958     0.3962    0.7987   0.3919    3.27e-05  (ETA 58m02s)
     4      17s     1m10s    0.9586   0.5335   0.3958     0.3962    0.8058   0.3898    5.83e-05  (ETA 57m43s)
     5      17s     1m28s    0.8381   0.5323   0.3973     0.3981    0.8079   0.3883    9.89e-05  (ETA 57m26s)
     6      17s     1m46s    0.9081   0.4657   0.3958     0.4028    0.8096   0.3761    9.89e-05  (ETA 57m07s)
     7      17s     2m03s    0.8417   0.6003   0.3973     0.4001    0.8101   0.3906    9.89e-05  (ETA 56m49s)
     8      17s     2m21s    0.9048   0.4901   0.4077     0.4082    0.8104   0.4017    9.89e-05  (ETA 56m32s)
     9      17s     2m38s    0.8732   0.5724   0.3824     0.3800    0.8079   0.3700    9.89e-05  (ETA 56m14s)
    10      17s     2m56s    0.8354   0.5510   0.3943     0.3943    0.8089   0.3833    9.89e-05  (ETA 55m56s)
    11      17s     3m14s    0.7962   0.6029   0.3943     0.3954    0.8076   0.3913    9.89e-05  (ETA 55m43s)
    12      17s     3m32s    0.8494   0.5359   0.3988     0.4020    0.8072   0.3883    9.89e-05  (ETA 55m25s)
    13      17s     3m49s    0.8605   0.5288   0.3958     0.3993    0.8069   0.3897    9.89e-05  (ETA 55m07s)
    14      17s     4m07s    0.8318   0.5754   0.3884     0.3893    0.8073   0.3839    9.89e-05  (ETA 54m48s)
    15      17s     4m25s    0.8034   0.5912   0.3988     0.3985    0.8080   0.3927    4.95e-05  (ETA 54m30s)
    16      17s     4m42s    0.8616   0.5052   0.3884     0.3893    0.8067   0.3827    4.95e-05  (ETA 54m12s)
    17      17s     5m00s    0.8449   0.5007   0.3914     0.3927    0.8073   0.3855    4.95e-05  (ETA 53m54s)
    18      17s     5m18s    0.8724   0.5424   0.3839     0.3843    0.8061   0.3830    4.95e-05  (ETA 53m36s)
    19      17s     5m35s    0.7529   0.6332   0.4092     0.4124    0.8081   0.4028    4.95e-05  (ETA 53m19s)
    20      17s     5m53s    0.8459   0.5143   0.3899     0.3893    0.8072   0.3846    4.95e-05  (ETA 53m01s)
    21      17s     6m11s    0.8189   0.5845   0.3988     0.4024    0.8078   0.3927    4.95e-05  (ETA 52m43s)
    22      17s     6m28s    0.8361   0.5365   0.3914     0.3939    0.8078   0.3875    4.95e-05  (ETA 52m25s)
    23      17s     6m46s    0.7912   0.5246   0.3958     0.3974    0.8071   0.3920    4.95e-05  (ETA 52m07s)
    24      17s     7m04s    0.8087   0.5978   0.3899     0.3943    0.8076   0.3809    4.95e-05  (ETA 51m49s)
    25      17s     7m21s    0.8473   0.5140   0.3929     0.3931    0.8094   0.3846    4.95e-05  (ETA 51m32s)
    26      17s     7m39s    0.8428   0.5359   0.3973     0.3989    0.8080   0.3935    2.47e-05  (ETA 51m14s)
    27      17s     7m57s    0.8369   0.5325   0.3899     0.3908    0.8074   0.3877    2.47e-05  (ETA 50m56s)
    28      17s     8m14s    0.7998   0.5756   0.3988     0.4001    0.8085   0.3887    2.47e-05  (ETA 50m39s)
    29      17s     8m32s    0.7756   0.5404   0.3914     0.3916    0.8078   0.3852    2.47e-05  (ETA 50m21s)
    30      17s     8m50s    0.8038   0.5370   0.3958     0.3970    0.8077   0.3921    2.47e-05  (ETA 50m03s)
Early stopping at epoch 30 (patience=10)
─────────────────────────────────────────────────────────────────────────────────────────────────────────
ft complete — 30 epochs | total: 8m50s | best epoch=19 val_acc=0.4092
─────────────────────────────────────────────────────────────────────────────────────────────────────────
LoRA adapter saved → /home/apasinato/jade-mscthesis/outputs/ft_checkpoints/ft_thu-ep_9-class_w10s10_pool_no_r16_fold_3/lora_adapter
Head weights saved → /home/apasinato/jade-mscthesis/outputs/ft_checkpoints/ft_thu-ep_9-class_w10s10_pool_no_r16_fold_3/head_weights.pt

#########################################################################################################
  Fold 4/10  |  thu-ep  |  task=9-class  |  pooling=no  |  LoRA r=16  |  device=cuda
  train: 71 subjects  |  val: 8 subjects
#########################################################################################################
Building datasets ...  done in 9s  (train=5,940  val=672)

>>> Stage 1: LP warmup  |  trainable params: 1,695,241

─────────────────────────────────────────────────────────────────────────────────────────────────────────
  Stage: lp  |  lr=0.005  |  max_epochs=20  |  grad_clip=2.0
 Epoch   EpTime   Elapsed    TrLoss    TrAcc    VaAcc   VaBalAcc   VaAUROC    VaF1w          LR
─────────────────────────────────────────────────────────────────────────────────────────────────────────
     1       7s        7s    3.1917   0.1103   0.1429     0.1111    0.6041   0.0357    5.93e-04  (ETA 2m24s)
     2       7s       15s   12.2772   0.1136   0.1071     0.1111    0.5818   0.0207    1.92e-03  (ETA 2m15s)
     3       7s       22s   49.6113   0.1146   0.1190     0.1192    0.5780   0.0464    4.78e-03  (ETA 2m07s)
     4       7s       30s   56.6919   0.1145   0.1875     0.1647    0.6343   0.0760    4.78e-03  (ETA 2m00s)
     5       7s       37s   25.7606   0.1369   0.1176     0.1219    0.6581   0.0415    4.78e-03  (ETA 1m52s)
     6       7s       45s   15.0800   0.1559   0.1860     0.1910    0.7096   0.1124    4.78e-03  (ETA 1m45s)
     7       7s       52s    7.0890   0.1827   0.2604     0.2658    0.7498   0.1881    4.78e-03  (ETA 1m37s)
     8       7s     1m00s    4.2055   0.2660   0.3185     0.3079    0.7735   0.2682    4.78e-03  (ETA 1m30s)
     9       7s     1m07s    2.3625   0.3416   0.2812     0.2901    0.7770   0.2204    4.78e-03  (ETA 1m22s)
    10       7s     1m15s    1.8628   0.3882   0.3631     0.3742    0.7958   0.3464    4.78e-03  (ETA 1m15s)
    11       7s     1m22s    1.8965   0.3737   0.3557     0.3638    0.7921   0.3375    4.78e-03  (ETA 1m07s)
    12       7s     1m30s    1.8086   0.4170   0.2946     0.3044    0.7801   0.2821    4.78e-03  (ETA 1m00s)
    13       7s     1m37s    1.4222   0.4668   0.4077     0.4147    0.8138   0.3856    4.78e-03  (ETA 52s)
    14       7s     1m45s    1.0975   0.5227   0.4211     0.4144    0.8006   0.4193    4.78e-03  (ETA 45s)
    15       7s     1m53s    1.1531   0.5466   0.3899     0.3877    0.8027   0.3892    4.78e-03  (ETA 37s)
    16       7s     2m00s    1.0097   0.5197   0.4018     0.3989    0.8024   0.3896    4.78e-03  (ETA 30s)
    17       7s     2m08s    0.9484   0.5311   0.4062     0.4167    0.8104   0.3867    4.78e-03  (ETA 22s)
    18       7s     2m15s    1.0360   0.5574   0.4092     0.4101    0.8055   0.4060    4.78e-03  (ETA 15s)
    19       7s     2m23s    1.0326   0.4976   0.4018     0.4093    0.8077   0.3799    4.78e-03  (ETA 7s)
    20       7s     2m30s    0.8389   0.5544   0.4286     0.4252    0.8151   0.4190    4.78e-03  (done)
─────────────────────────────────────────────────────────────────────────────────────────────────────────
lp complete — 20 epochs | total: 2m30s | best epoch=20 val_acc=0.4286
─────────────────────────────────────────────────────────────────────────────────────────────────────────

>>> Stage 2: LoRA fine-tuning
  Parameters: 2,776,585 trainable / 71,966,217 total (3.86%)  |  LoRA: 1,081,344

─────────────────────────────────────────────────────────────────────────────────────────────────────────
  Stage: ft  |  lr=0.0001  |  max_epochs=200  |  grad_clip=2.0
 Epoch   EpTime   Elapsed    TrLoss    TrAcc    VaAcc   VaBalAcc   VaAUROC    VaF1w          LR
─────────────────────────────────────────────────────────────────────────────────────────────────────────
     1      17s       17s    1.4391   0.4116   0.4033     0.4070    0.7827   0.3950    6.33e-06  (ETA 58m38s)
     2      17s       35s    0.9889   0.5352   0.4256     0.4286    0.7947   0.4228    1.65e-05  (ETA 58m22s)
     3      17s       53s    0.9242   0.5239   0.4479     0.4487    0.8091   0.4399    3.27e-05  (ETA 58m06s)
     4      17s     1m10s    0.9142   0.6143   0.4449     0.4460    0.8161   0.4381    5.83e-05  (ETA 57m45s)
     5      17s     1m28s    0.8128   0.5904   0.4375     0.4375    0.8180   0.4276    9.89e-05  (ETA 57m25s)
     6      17s     1m45s    0.8487   0.5291   0.4390     0.4383    0.8166   0.4325    9.89e-05  (ETA 57m06s)
     7      17s     2m03s    0.8654   0.5335   0.4211     0.4190    0.8133   0.4148    9.89e-05  (ETA 56m48s)
     8      17s     2m21s    0.7905   0.5877   0.4360     0.4387    0.8165   0.4333    9.89e-05  (ETA 56m30s)
     9      17s     2m38s    0.8159   0.5790   0.4196     0.4201    0.8134   0.4184    9.89e-05  (ETA 56m12s)
    10      17s     2m56s    0.8084   0.5274   0.4449     0.4479    0.8184   0.4354    9.89e-05  (ETA 55m53s)
    11      17s     3m14s    0.8284   0.5279   0.4494     0.4483    0.8163   0.4426    9.89e-05  (ETA 55m36s)
    12      17s     3m31s    0.8034   0.5488   0.4420     0.4421    0.8163   0.4390    9.89e-05  (ETA 55m18s)
    13      17s     3m49s    0.8221   0.5337   0.4196     0.4167    0.8129   0.4175    9.89e-05  (ETA 55m05s)
    14      17s     4m07s    0.8201   0.6761   0.4420     0.4390    0.8139   0.4372    9.89e-05  (ETA 54m48s)
    15      17s     4m25s    0.7908   0.5598   0.4449     0.4437    0.8166   0.4421    9.89e-05  (ETA 54m30s)
    16      17s     4m42s    0.7589   0.6114   0.4286     0.4302    0.8159   0.4184    9.89e-05  (ETA 54m12s)
    17      17s     5m00s    0.8054   0.5840   0.4301     0.4263    0.8143   0.4274    9.89e-05  (ETA 53m54s)
    18      17s     5m18s    0.8142   0.6357   0.4360     0.4313    0.8153   0.4313    4.95e-05  (ETA 53m36s)
    19      17s     5m35s    0.7867   0.5423   0.4286     0.4232    0.8142   0.4251    4.95e-05  (ETA 53m18s)
    20      17s     5m53s    0.7696   0.5513   0.4449     0.4414    0.8154   0.4423    4.95e-05  (ETA 53m00s)
    21      17s     6m11s    0.8512   0.6020   0.4301     0.4309    0.8157   0.4248    4.95e-05  (ETA 52m42s)
    22      17s     6m28s    0.7878   0.5638   0.4464     0.4425    0.8145   0.4421    4.95e-05  (ETA 52m24s)
Early stopping at epoch 22 (patience=10)
─────────────────────────────────────────────────────────────────────────────────────────────────────────
ft complete — 22 epochs | total: 6m28s | best epoch=11 val_acc=0.4494
─────────────────────────────────────────────────────────────────────────────────────────────────────────
LoRA adapter saved → /home/apasinato/jade-mscthesis/outputs/ft_checkpoints/ft_thu-ep_9-class_w10s10_pool_no_r16_fold_4/lora_adapter
Head weights saved → /home/apasinato/jade-mscthesis/outputs/ft_checkpoints/ft_thu-ep_9-class_w10s10_pool_no_r16_fold_4/head_weights.pt

#########################################################################################################
  Fold 5/10  |  thu-ep  |  task=9-class  |  pooling=no  |  LoRA r=16  |  device=cuda
  train: 71 subjects  |  val: 8 subjects
#########################################################################################################
Building datasets ...  done in 9s  (train=5,940  val=672)

>>> Stage 1: LP warmup  |  trainable params: 1,695,241

─────────────────────────────────────────────────────────────────────────────────────────────────────────
  Stage: lp  |  lr=0.005  |  max_epochs=20  |  grad_clip=2.0
 Epoch   EpTime   Elapsed    TrLoss    TrAcc    VaAcc   VaBalAcc   VaAUROC    VaF1w          LR
─────────────────────────────────────────────────────────────────────────────────────────────────────────
     1       7s        7s    2.8481   0.1077   0.1071     0.1111    0.6146   0.0209    6.02e-04  (ETA 2m24s)
     2       7s       15s   12.1308   0.1180   0.1429     0.1111    0.5781   0.0357    1.92e-03  (ETA 2m16s)
     3       7s       22s   42.3583   0.1109   0.1071     0.1111    0.5295   0.0207    4.78e-03  (ETA 2m08s)
     4       7s       30s   61.0251   0.1152   0.1324     0.1358    0.5781   0.0582    4.78e-03  (ETA 2m00s)
     5       7s       37s   26.6182   0.1322   0.1190     0.1235    0.6258   0.0427    4.78e-03  (ETA 1m53s)
     6       7s       45s   19.4140   0.1372   0.1786     0.1759    0.6730   0.1080    4.78e-03  (ETA 1m45s)
     7       7s       52s    6.5722   0.1896   0.1443     0.1454    0.7118   0.0842    4.78e-03  (ETA 1m38s)
     8       7s     1m00s    3.1106   0.2845   0.2336     0.2415    0.7336   0.1845    4.78e-03  (ETA 1m30s)
     9       7s     1m07s    2.9853   0.3158   0.2202     0.2284    0.7322   0.1672    4.78e-03  (ETA 1m22s)
    10       7s     1m15s    2.0681   0.3648   0.3259     0.3372    0.7780   0.2858    4.78e-03  (ETA 1m15s)
    11       7s     1m22s    1.8341   0.4205   0.2812     0.2805    0.7503   0.2566    4.78e-03  (ETA 1m07s)
    12       7s     1m30s    1.7848   0.4291   0.2515     0.2593    0.7589   0.2060    4.78e-03  (ETA 1m00s)
    13       7s     1m37s    1.4655   0.4540   0.3363     0.3268    0.7563   0.3305    4.78e-03  (ETA 52s)
    14       7s     1m45s    1.1696   0.5306   0.3333     0.3349    0.7731   0.3234    4.78e-03  (ETA 45s)
    15       7s     1m53s    1.1472   0.4997   0.3438     0.3360    0.7778   0.3347    4.78e-03  (ETA 37s)
    16       7s     2m00s    1.0467   0.4924   0.3631     0.3646    0.7803   0.3543    4.78e-03  (ETA 30s)
    17       7s     2m08s    0.9540   0.5293   0.3423     0.3341    0.7740   0.3228    4.78e-03  (ETA 22s)
    18       7s     2m15s    0.9475   0.5306   0.3616     0.3549    0.7892   0.3488    4.78e-03  (ETA 15s)
    19       7s     2m23s    0.9265   0.5680   0.3720     0.3708    0.7778   0.3665    4.78e-03  (ETA 7s)
    20       7s     2m30s    0.8390   0.5598   0.3467     0.3592    0.7886   0.3245    4.78e-03  (done)
─────────────────────────────────────────────────────────────────────────────────────────────────────────
lp complete — 20 epochs | total: 2m30s | best epoch=19 val_acc=0.3720
─────────────────────────────────────────────────────────────────────────────────────────────────────────

>>> Stage 2: LoRA fine-tuning
  Parameters: 2,776,585 trainable / 71,966,217 total (3.86%)  |  LoRA: 1,081,344

─────────────────────────────────────────────────────────────────────────────────────────────────────────
  Stage: ft  |  lr=0.0001  |  max_epochs=200  |  grad_clip=2.0
 Epoch   EpTime   Elapsed    TrLoss    TrAcc    VaAcc   VaBalAcc   VaAUROC    VaF1w          LR
─────────────────────────────────────────────────────────────────────────────────────────────────────────
     1      17s       17s    1.9489   0.4084   0.3244     0.3206    0.7427   0.3155    6.24e-06  (ETA 58m34s)
     2      17s       35s    1.0925   0.5215   0.3497     0.3515    0.7558   0.3487    1.64e-05  (ETA 58m20s)
     3      17s       52s    1.0665   0.5650   0.3438     0.3438    0.7665   0.3428    3.25e-05  (ETA 58m00s)
     4      17s     1m10s    0.9722   0.5173   0.3646     0.3661    0.7779   0.3637    5.80e-05  (ETA 57m44s)
     5      17s     1m28s    0.8527   0.5862   0.3854     0.3862    0.7821   0.3796    9.84e-05  (ETA 57m28s)
     6      17s     1m46s    0.8723   0.6109   0.3735     0.3738    0.7847   0.3718    9.84e-05  (ETA 57m09s)
     7      17s     2m03s    0.8998   0.5337   0.3661     0.3708    0.7837   0.3615    9.84e-05  (ETA 56m51s)
     8      17s     2m21s    0.8649   0.5756   0.3839     0.3846    0.7829   0.3846    9.84e-05  (ETA 56m32s)
     9      17s     2m39s    0.8197   0.6125   0.3899     0.3912    0.7852   0.3911    9.84e-05  (ETA 56m15s)
    10      17s     2m56s    0.9106   0.5424   0.3765     0.3704    0.7798   0.3781    9.84e-05  (ETA 55m57s)
    11      17s     3m14s    0.8283   0.5796   0.3616     0.3630    0.7846   0.3602    9.84e-05  (ETA 55m39s)
    12      17s     3m31s    0.8874   0.5027   0.3646     0.3592    0.7790   0.3576    9.84e-05  (ETA 55m20s)
    13      17s     3m49s    0.9023   0.5352   0.3631     0.3627    0.7820   0.3671    9.84e-05  (ETA 55m03s)
    14      17s     4m07s    0.8401   0.6631   0.3780     0.3758    0.7845   0.3737    9.84e-05  (ETA 54m45s)
    15      17s     4m24s    0.8452   0.5682   0.3616     0.3615    0.7841   0.3606    9.84e-05  (ETA 54m27s)
    16      17s     4m42s    0.7711   0.6189   0.3869     0.3866    0.7865   0.3881    4.92e-05  (ETA 54m09s)
    17      17s     5m00s    0.8000   0.5229   0.3839     0.3843    0.7848   0.3850    4.92e-05  (ETA 53m51s)
    18      17s     5m17s    0.7188   0.5360   0.3914     0.3900    0.7843   0.3911    4.92e-05  (ETA 53m34s)
    19      17s     5m35s    0.7106   0.5158   0.3973     0.3978    0.7849   0.3959    4.92e-05  (ETA 53m16s)
    20      17s     5m53s    0.7793   0.5976   0.3854     0.3846    0.7857   0.3871    4.92e-05  (ETA 52m59s)
    21      17s     6m10s    0.7508   0.5418   0.3765     0.3750    0.7859   0.3756    4.92e-05  (ETA 52m41s)
    22      17s     6m28s    0.7973   0.5822   0.3899     0.3885    0.7844   0.3905    4.92e-05  (ETA 52m23s)
    23      17s     6m46s    0.7548   0.5914   0.3929     0.3904    0.7865   0.3923    4.92e-05  (ETA 52m05s)
    24      17s     7m03s    0.7793   0.6148   0.3929     0.3924    0.7857   0.3935    4.92e-05  (ETA 51m48s)
    25      17s     7m21s    0.8205   0.5465   0.3958     0.3943    0.7843   0.3929    4.92e-05  (ETA 51m30s)
    26      17s     7m39s    0.7980   0.5205   0.3899     0.3927    0.7871   0.3900    2.46e-05  (ETA 51m12s)
    27      17s     7m56s    0.7483   0.5348   0.3854     0.3846    0.7870   0.3852    2.46e-05  (ETA 50m54s)
    28      17s     8m14s    0.7380   0.5618   0.3929     0.3927    0.7861   0.3922    2.46e-05  (ETA 50m37s)
    29      17s     8m32s    0.8141   0.5492   0.3824     0.3816    0.7851   0.3827    2.46e-05  (ETA 50m19s)
    30      17s     8m49s    0.7937   0.5397   0.3914     0.3904    0.7862   0.3908    2.46e-05  (ETA 50m01s)
Early stopping at epoch 30 (patience=10)
─────────────────────────────────────────────────────────────────────────────────────────────────────────
ft complete — 30 epochs | total: 8m49s | best epoch=19 val_acc=0.3973
─────────────────────────────────────────────────────────────────────────────────────────────────────────
LoRA adapter saved → /home/apasinato/jade-mscthesis/outputs/ft_checkpoints/ft_thu-ep_9-class_w10s10_pool_no_r16_fold_5/lora_adapter
Head weights saved → /home/apasinato/jade-mscthesis/outputs/ft_checkpoints/ft_thu-ep_9-class_w10s10_pool_no_r16_fold_5/head_weights.pt

#########################################################################################################
  Fold 6/10  |  thu-ep  |  task=9-class  |  pooling=no  |  LoRA r=16  |  device=cuda
  train: 71 subjects  |  val: 8 subjects
#########################################################################################################
Building datasets ...  done in 3s  (train=5,949  val=663)

>>> Stage 1: LP warmup  |  trainable params: 1,695,241

─────────────────────────────────────────────────────────────────────────────────────────────────────────
  Stage: lp  |  lr=0.005  |  max_epochs=20  |  grad_clip=2.0
 Epoch   EpTime   Elapsed    TrLoss    TrAcc    VaAcc   VaBalAcc   VaAUROC    VaF1w          LR
─────────────────────────────────────────────────────────────────────────────────────────────────────────
     1       7s        7s    2.8860   0.1172   0.1388     0.1263    0.5685   0.0555    6.02e-04  (ETA 2m25s)
     2       7s       15s   11.9103   0.1204   0.1403     0.1111    0.5716   0.0345    1.92e-03  (ETA 2m16s)
     3       7s       22s   37.7503   0.1116   0.1086     0.1111    0.6091   0.0213    4.78e-03  (ETA 2m08s)
     4       7s       30s   64.3209   0.1146   0.1086     0.1111    0.5309   0.0213    4.78e-03  (ETA 2m01s)
     5       7s       37s   33.5445   0.1230   0.1312     0.1343    0.5990   0.0471    4.78e-03  (ETA 1m53s)
     6       7s       45s   15.5921   0.1478   0.1689     0.1708    0.6903   0.1084    4.78e-03  (ETA 1m45s)
     7       7s       52s    5.1621   0.2110   0.1554     0.1575    0.7124   0.0957    4.78e-03  (ETA 1m38s)
     8       7s     1m00s    2.9939   0.3026   0.3122     0.3130    0.7593   0.2781    4.78e-03  (ETA 1m30s)
     9       7s     1m07s    2.0901   0.3621   0.2911     0.2935    0.7697   0.2652    4.78e-03  (ETA 1m23s)
    10       7s     1m15s    1.9668   0.3639   0.2504     0.2580    0.7628   0.2050    4.78e-03  (ETA 1m15s)
    11       7s     1m23s    1.7696   0.3762   0.3424     0.3479    0.7843   0.2958    4.78e-03  (ETA 1m07s)
    12       7s     1m30s    1.5014   0.4510   0.3318     0.3368    0.7880   0.3151    4.78e-03  (ETA 1m00s)
    13       7s     1m38s    1.3693   0.5184   0.3514     0.3556    0.7883   0.3490    4.78e-03  (ETA 52s)
    14       7s     1m45s    1.0490   0.5302   0.3635     0.3700    0.7906   0.3612    4.78e-03  (ETA 45s)
    15       7s     1m53s    1.0070   0.5285   0.3891     0.3931    0.7978   0.3835    4.78e-03  (ETA 37s)
    16       7s     2m00s    1.0035   0.5557   0.4118     0.4131    0.8013   0.3993    4.78e-03  (ETA 30s)
    17       7s     2m08s    0.9587   0.5764   0.3846     0.3828    0.8011   0.3831    4.78e-03  (ETA 22s)
    18       7s     2m15s    0.8562   0.5774   0.3906     0.3941    0.7984   0.3924    4.78e-03  (ETA 15s)
    19       7s     2m23s    0.8559   0.5898   0.3695     0.3742    0.7906   0.3666    4.78e-03  (ETA 7s)
    20       7s     2m31s    0.8389   0.5181   0.4027     0.4054    0.7976   0.4036    4.78e-03  (done)
─────────────────────────────────────────────────────────────────────────────────────────────────────────
lp complete — 20 epochs | total: 2m31s | best epoch=16 val_acc=0.4118
─────────────────────────────────────────────────────────────────────────────────────────────────────────

>>> Stage 2: LoRA fine-tuning
  Parameters: 2,776,585 trainable / 71,966,217 total (3.86%)  |  LoRA: 1,081,344

─────────────────────────────────────────────────────────────────────────────────────────────────────────
  Stage: ft  |  lr=0.0001  |  max_epochs=200  |  grad_clip=2.0
 Epoch   EpTime   Elapsed    TrLoss    TrAcc    VaAcc   VaBalAcc   VaAUROC    VaF1w          LR
─────────────────────────────────────────────────────────────────────────────────────────────────────────
     1      17s       17s    1.3903   0.3851   0.3544     0.3519    0.7819   0.3499    6.24e-06  (ETA 58m42s)
     2      17s       35s    1.1081   0.4769   0.3710     0.3686    0.7890   0.3712    1.64e-05  (ETA 58m28s)
     3      17s       53s    0.9943   0.5803   0.3786     0.3757    0.7996   0.3769    3.25e-05  (ETA 58m11s)
     4      17s     1m10s    0.8792   0.5485   0.4238     0.4264    0.8060   0.4223    5.80e-05  (ETA 57m53s)
     5      17s     1m28s    0.8221   0.4784   0.4268     0.4270    0.8071   0.4229    9.84e-05  (ETA 57m36s)
     6      17s     1m46s    0.8431   0.5512   0.4118     0.4089    0.8067   0.4099    9.84e-05  (ETA 57m17s)
     7      17s     2m03s    0.8177   0.6102   0.3816     0.3776    0.8032   0.3824    9.84e-05  (ETA 56m58s)
     8      18s     2m22s    0.8246   0.4429   0.4178     0.4190    0.8038   0.4195    9.84e-05  (ETA 56m51s)
     9      17s     2m39s    0.8390   0.5234   0.4299     0.4301    0.8036   0.4248    9.84e-05  (ETA 56m32s)
    10      17s     2m57s    0.8156   0.4881   0.4193     0.4215    0.8051   0.4196    9.84e-05  (ETA 56m13s)
    11      17s     3m15s    0.8338   0.5436   0.3876     0.3862    0.8026   0.3922    9.84e-05  (ETA 55m54s)
    12      17s     3m32s    0.7937   0.5703   0.4208     0.4200    0.8052   0.4206    9.84e-05  (ETA 55m36s)
    13      17s     3m50s    0.8520   0.5265   0.4057     0.4056    0.8048   0.4093    9.84e-05  (ETA 55m17s)
    14      17s     4m08s    0.8242   0.6384   0.4027     0.4003    0.8052   0.4054    9.84e-05  (ETA 54m58s)
    15      17s     4m25s    0.7927   0.5562   0.4087     0.4100    0.8046   0.4115    9.84e-05  (ETA 54m40s)
    16      17s     4m43s    0.7813   0.5603   0.4268     0.4288    0.8045   0.4268    4.92e-05  (ETA 54m22s)
    17      17s     5m01s    0.7729   0.5619   0.4238     0.4257    0.8063   0.4244    4.92e-05  (ETA 54m03s)
    18      17s     5m19s    0.8005   0.5127   0.3952     0.3935    0.8044   0.3981    4.92e-05  (ETA 53m45s)
    19      17s     5m36s    0.7802   0.5433   0.4057     0.4058    0.8046   0.4068    4.92e-05  (ETA 53m27s)
    20      17s     5m54s    0.7710   0.5426   0.4118     0.4112    0.8058   0.4126    4.92e-05  (ETA 53m09s)
Early stopping at epoch 20 (patience=10)
─────────────────────────────────────────────────────────────────────────────────────────────────────────
ft complete — 20 epochs | total: 5m54s | best epoch=9 val_acc=0.4299
─────────────────────────────────────────────────────────────────────────────────────────────────────────
LoRA adapter saved → /home/apasinato/jade-mscthesis/outputs/ft_checkpoints/ft_thu-ep_9-class_w10s10_pool_no_r16_fold_6/lora_adapter
Head weights saved → /home/apasinato/jade-mscthesis/outputs/ft_checkpoints/ft_thu-ep_9-class_w10s10_pool_no_r16_fold_6/head_weights.pt

#########################################################################################################
  Fold 7/10  |  thu-ep  |  task=9-class  |  pooling=no  |  LoRA r=16  |  device=cuda
  train: 71 subjects  |  val: 8 subjects
#########################################################################################################
Building datasets ...  done in 0s  (train=5,940  val=672)

>>> Stage 1: LP warmup  |  trainable params: 1,695,241

─────────────────────────────────────────────────────────────────────────────────────────────────────────
  Stage: lp  |  lr=0.005  |  max_epochs=20  |  grad_clip=2.0
 Epoch   EpTime   Elapsed    TrLoss    TrAcc    VaAcc   VaBalAcc   VaAUROC    VaF1w          LR
─────────────────────────────────────────────────────────────────────────────────────────────────────────
     1       7s        7s    3.1220   0.1263   0.1131     0.1157    0.6058   0.0317    6.02e-04  (ETA 2m25s)
     2       7s       15s   14.1625   0.1152   0.1071     0.1111    0.5678   0.0207    1.92e-03  (ETA 2m16s)
     3       7s       22s   52.6960   0.1152   0.1071     0.1111    0.5397   0.0207    4.78e-03  (ETA 2m08s)
     4       7s       30s   56.1231   0.1126   0.1250     0.1296    0.5540   0.0473    4.78e-03  (ETA 2m01s)
     5       7s       37s   30.8450   0.1347   0.1503     0.1559    0.6149   0.0722    4.78e-03  (ETA 1m53s)
     6       7s       45s   12.9963   0.1576   0.1682     0.1686    0.6634   0.1119    4.78e-03  (ETA 1m46s)
     7       7s       53s    5.1975   0.2034   0.1696     0.1759    0.7037   0.1047    4.78e-03  (ETA 1m38s)
     8       7s     1m00s    3.2009   0.2719   0.2693     0.2747    0.7479   0.2344    4.78e-03  (ETA 1m30s)
     9       7s     1m08s    2.4451   0.3539   0.2961     0.2928    0.7421   0.2677    4.78e-03  (ETA 1m23s)
    10       7s     1m15s    1.8404   0.3921   0.2411     0.2477    0.7282   0.1887    4.78e-03  (ETA 1m15s)
    11       7s     1m23s    1.7300   0.4019   0.3646     0.3642    0.7617   0.3500    4.78e-03  (ETA 1m08s)
    12       7s     1m30s    1.1257   0.5005   0.3869     0.3877    0.7741   0.3802    4.78e-03  (ETA 1m00s)
    13       7s     1m38s    1.1097   0.5242   0.3512     0.3546    0.7590   0.3453    4.78e-03  (ETA 53s)
    14       7s     1m46s    1.0706   0.5946   0.3214     0.3275    0.7637   0.3137    4.78e-03  (ETA 45s)
    15       7s     1m53s    1.0556   0.5476   0.3705     0.3731    0.7633   0.3679    4.78e-03  (ETA 37s)
    16       7s     2m01s    0.9559   0.5476   0.3482     0.3449    0.7692   0.3436    4.78e-03  (ETA 30s)
    17       7s     2m08s    1.0039   0.5912   0.3021     0.3079    0.7491   0.2745    4.78e-03  (ETA 22s)
    18       7s     2m16s    0.9865   0.5673   0.3482     0.3526    0.7574   0.3469    4.78e-03  (ETA 15s)
    19       7s     2m23s    0.8851   0.6306   0.3229     0.3206    0.7585   0.3235    2.39e-03  (ETA 7s)
    20       7s     2m31s    0.8333   0.4918   0.3869     0.3889    0.7611   0.3893    2.39e-03  (done)
─────────────────────────────────────────────────────────────────────────────────────────────────────────
lp complete — 20 epochs | total: 2m31s | best epoch=12 val_acc=0.3869
─────────────────────────────────────────────────────────────────────────────────────────────────────────

>>> Stage 2: LoRA fine-tuning
  Parameters: 2,776,585 trainable / 71,966,217 total (3.86%)  |  LoRA: 1,081,344

─────────────────────────────────────────────────────────────────────────────────────────────────────────
  Stage: ft  |  lr=0.0001  |  max_epochs=200  |  grad_clip=2.0
 Epoch   EpTime   Elapsed    TrLoss    TrAcc    VaAcc   VaBalAcc   VaAUROC    VaF1w          LR
─────────────────────────────────────────────────────────────────────────────────────────────────────────
     1      17s       17s    1.6667   0.4029   0.3482     0.3530    0.7593   0.3382    6.33e-06  (ETA 58m47s)
     2      17s       35s    1.2894   0.5163   0.3765     0.3804    0.7698   0.3757    1.65e-05  (ETA 58m30s)
     3      17s       53s    1.1884   0.5253   0.4122     0.4182    0.7819   0.4106    3.27e-05  (ETA 58m13s)
     4      17s     1m10s    1.0298   0.5594   0.4256     0.4302    0.7893   0.4232    5.83e-05  (ETA 57m56s)
     5      17s     1m28s    1.0291   0.4976   0.4122     0.4155    0.7920   0.4112    9.89e-05  (ETA 57m36s)
     6      17s     1m46s    0.9776   0.6005   0.4033     0.4059    0.7899   0.4010    9.89e-05  (ETA 57m17s)
     7      17s     2m03s    0.9992   0.5990   0.3929     0.3985    0.7859   0.3901    9.89e-05  (ETA 56m58s)
     8      17s     2m21s    0.9162   0.5121   0.4077     0.4105    0.7884   0.4069    9.89e-05  (ETA 56m40s)
     9      17s     2m39s    0.9349   0.5800   0.4048     0.4043    0.7868   0.4060    9.89e-05  (ETA 56m22s)
    10      17s     2m57s    0.9622   0.5152   0.3884     0.3877    0.7856   0.3919    9.89e-05  (ETA 56m04s)
    11      17s     3m14s    0.8911   0.4854   0.3958     0.3981    0.7846   0.3959    9.89e-05  (ETA 55m45s)
    12      17s     3m32s    0.8665   0.5968   0.3973     0.4016    0.7834   0.3942    9.89e-05  (ETA 55m27s)
    13      17s     3m50s    0.8966   0.5039   0.3690     0.3661    0.7849   0.3679    9.89e-05  (ETA 55m09s)
    14      17s     4m07s    0.8945   0.5968   0.3884     0.3935    0.7835   0.3887    9.89e-05  (ETA 54m51s)
    15      17s     4m25s    0.8577   0.4975   0.3795     0.3804    0.7816   0.3784    4.95e-05  (ETA 54m34s)
Early stopping at epoch 15 (patience=10)
─────────────────────────────────────────────────────────────────────────────────────────────────────────
ft complete — 15 epochs | total: 4m25s | best epoch=4 val_acc=0.4256
─────────────────────────────────────────────────────────────────────────────────────────────────────────
LoRA adapter saved → /home/apasinato/jade-mscthesis/outputs/ft_checkpoints/ft_thu-ep_9-class_w10s10_pool_no_r16_fold_7/lora_adapter
Head weights saved → /home/apasinato/jade-mscthesis/outputs/ft_checkpoints/ft_thu-ep_9-class_w10s10_pool_no_r16_fold_7/head_weights.pt

#########################################################################################################
  Fold 8/10  |  thu-ep  |  task=9-class  |  pooling=no  |  LoRA r=16  |  device=cuda
  train: 71 subjects  |  val: 8 subjects
#########################################################################################################
Building datasets ...  done in 2s  (train=5,940  val=672)

>>> Stage 1: LP warmup  |  trainable params: 1,695,241

─────────────────────────────────────────────────────────────────────────────────────────────────────────
  Stage: lp  |  lr=0.005  |  max_epochs=20  |  grad_clip=2.0
 Epoch   EpTime   Elapsed    TrLoss    TrAcc    VaAcc   VaBalAcc   VaAUROC    VaF1w          LR
─────────────────────────────────────────────────────────────────────────────────────────────────────────
     1       7s        7s    3.0113   0.1195   0.1161     0.1204    0.6407   0.0355    6.02e-04  (ETA 2m25s)
     2       7s       15s   13.7806   0.1205   0.1399     0.1451    0.6181   0.0497    1.92e-03  (ETA 2m17s)
     3       7s       22s   43.1169   0.1143   0.1339     0.1389    0.6000   0.0465    4.78e-03  (ETA 2m09s)
     4       7s       30s   52.1595   0.1157   0.1071     0.1111    0.6405   0.0207    4.78e-03  (ETA 2m01s)
     5       7s       37s   31.7138   0.1279   0.1086     0.1127    0.6573   0.0256    4.78e-03  (ETA 1m53s)
     6       7s       45s   13.6145   0.1510   0.2321     0.2377    0.7367   0.1500    4.78e-03  (ETA 1m46s)
     7       7s       53s    8.2816   0.1796   0.1845     0.1798    0.7400   0.1105    4.78e-03  (ETA 1m38s)
     8       7s     1m00s    4.6046   0.2396   0.3289     0.3194    0.7878   0.3008    4.78e-03  (ETA 1m30s)
     9       7s     1m08s    3.0265   0.2843   0.2560     0.2639    0.7829   0.1934    4.78e-03  (ETA 1m23s)
    10       7s     1m15s    2.3800   0.3438   0.3363     0.3364    0.8053   0.3130    4.78e-03  (ETA 1m15s)
    11       7s     1m23s    1.8200   0.4180   0.3274     0.3179    0.8037   0.3017    4.78e-03  (ETA 1m08s)
    12       7s     1m30s    1.6796   0.4120   0.2708     0.2809    0.7902   0.2233    4.78e-03  (ETA 1m00s)
    13       7s     1m38s    1.6449   0.4574   0.4003     0.3974    0.8127   0.3998    4.78e-03  (ETA 53s)
    14       7s     1m46s    1.1869   0.4889   0.3929     0.3966    0.8062   0.3676    4.78e-03  (ETA 45s)
    15       7s     1m53s    1.1742   0.5495   0.4062     0.4078    0.8160   0.3985    4.78e-03  (ETA 37s)
    16       7s     2m01s    1.0382   0.4796   0.3869     0.3823    0.8058   0.3707    4.78e-03  (ETA 30s)
    17       7s     2m08s    1.0510   0.5402   0.4152     0.4167    0.8148   0.4150    4.78e-03  (ETA 22s)
    18       9s     2m18s    1.0703   0.4939   0.3884     0.3816    0.8070   0.3743    4.78e-03  (ETA 15s)
    19      14s     2m33s    0.9737   0.5566   0.4286     0.4290    0.8231   0.4255    4.78e-03  (ETA 8s)
    20       7s     2m40s    0.9303   0.5640   0.3958     0.4001    0.8177   0.3929    4.78e-03  (done)
─────────────────────────────────────────────────────────────────────────────────────────────────────────
lp complete — 20 epochs | total: 2m40s | best epoch=19 val_acc=0.4286
─────────────────────────────────────────────────────────────────────────────────────────────────────────

>>> Stage 2: LoRA fine-tuning
  Parameters: 2,776,585 trainable / 71,966,217 total (3.86%)  |  LoRA: 1,081,344

─────────────────────────────────────────────────────────────────────────────────────────────────────────
  Stage: ft  |  lr=0.0001  |  max_epochs=200  |  grad_clip=2.0
 Epoch   EpTime   Elapsed    TrLoss    TrAcc    VaAcc   VaBalAcc   VaAUROC    VaF1w          LR
─────────────────────────────────────────────────────────────────────────────────────────────────────────
     1      17s       17s    1.9593   0.3874   0.3378     0.3310    0.7808   0.3180    6.24e-06  (ETA 58m38s)
     2      17s       35s    1.0292   0.5409   0.3810     0.3777    0.7967   0.3815    1.64e-05  (ETA 58m28s)
     3      17s       53s    0.9977   0.5338   0.4062     0.4043    0.8103   0.4030    3.25e-05  (ETA 58m11s)
     4      17s     1m10s    0.9504   0.5667   0.3958     0.3935    0.8157   0.3889    5.80e-05  (ETA 57m51s)
     5      17s     1m28s    0.8791   0.5635   0.4152     0.4171    0.8217   0.4155    9.84e-05  (ETA 57m34s)
     6      17s     1m46s    0.8846   0.5034   0.4196     0.4198    0.8227   0.4168    9.84e-05  (ETA 57m18s)
     7      17s     2m04s    0.8030   0.6133   0.4211     0.4213    0.8198   0.4189    9.84e-05  (ETA 57m01s)
     8      17s     2m21s    0.8882   0.5640   0.4122     0.4086    0.8180   0.4102    9.84e-05  (ETA 56m43s)
     9      17s     2m39s    0.8448   0.5173   0.4182     0.4178    0.8213   0.4173    9.84e-05  (ETA 56m24s)
    10      17s     2m57s    0.8527   0.5465   0.4226     0.4213    0.8209   0.4192    9.84e-05  (ETA 56m07s)
    11      17s     3m14s    0.8800   0.5530   0.4241     0.4252    0.8202   0.4245    9.84e-05  (ETA 55m50s)
    12      17s     3m32s    0.8058   0.5384   0.4137     0.4113    0.8194   0.4132    9.84e-05  (ETA 55m32s)
    13      17s     3m50s    0.8148   0.5764   0.4107     0.4120    0.8204   0.4051    9.84e-05  (ETA 55m14s)
    14      17s     4m08s    0.8417   0.5769   0.4137     0.4144    0.8201   0.4110    9.84e-05  (ETA 54m56s)
    15      17s     4m25s    0.8199   0.5222   0.4077     0.4055    0.8186   0.4071    9.84e-05  (ETA 54m37s)
    16      17s     4m43s    0.8148   0.5091   0.4107     0.4109    0.8192   0.4090    9.84e-05  (ETA 54m19s)
    17      17s     5m01s    0.7344   0.5970   0.4315     0.4321    0.8216   0.4291    9.84e-05  (ETA 54m02s)
    18      17s     5m18s    0.9287   0.6072   0.4226     0.4213    0.8211   0.4168    9.84e-05  (ETA 53m44s)
    19      17s     5m36s    0.8263   0.5625   0.4271     0.4271    0.8219   0.4245    9.84e-05  (ETA 53m26s)
    20      17s     5m54s    0.8760   0.5487   0.4137     0.4147    0.8208   0.4134    9.84e-05  (ETA 53m08s)
    21      17s     6m11s    0.8399   0.5641   0.4092     0.4093    0.8208   0.4028    9.84e-05  (ETA 52m50s)
    22      19s     6m31s    0.7593   0.4874   0.4137     0.4147    0.8206   0.4099    9.84e-05  (ETA 52m45s)
    23      21s     6m52s    0.8398   0.4648   0.4122     0.4167    0.8221   0.4064    9.84e-05  (ETA 52m56s)
    24      18s     7m10s    0.7994   0.5736   0.3929     0.3900    0.8196   0.3900    4.92e-05  (ETA 52m39s)
    25      17s     7m28s    0.7963   0.6675   0.4182     0.4182    0.8215   0.4153    4.92e-05  (ETA 52m20s)
    26      17s     7m46s    0.8503   0.5052   0.4226     0.4228    0.8206   0.4195    4.92e-05  (ETA 52m00s)
    27      17s     8m03s    0.8160   0.5480   0.4226     0.4240    0.8218   0.4127    4.92e-05  (ETA 51m40s)
    28      17s     8m21s    0.7906   0.5843   0.4211     0.4217    0.8221   0.4158    4.92e-05  (ETA 51m21s)
Early stopping at epoch 28 (patience=10)
─────────────────────────────────────────────────────────────────────────────────────────────────────────
ft complete — 28 epochs | total: 8m21s | best epoch=17 val_acc=0.4315
─────────────────────────────────────────────────────────────────────────────────────────────────────────
LoRA adapter saved → /home/apasinato/jade-mscthesis/outputs/ft_checkpoints/ft_thu-ep_9-class_w10s10_pool_no_r16_fold_8/lora_adapter
Head weights saved → /home/apasinato/jade-mscthesis/outputs/ft_checkpoints/ft_thu-ep_9-class_w10s10_pool_no_r16_fold_8/head_weights.pt

#########################################################################################################
  Fold 9/10  |  thu-ep  |  task=9-class  |  pooling=no  |  LoRA r=16  |  device=cuda
  train: 71 subjects  |  val: 8 subjects
#########################################################################################################
Building datasets ...  done in 9s  (train=5,940  val=672)

>>> Stage 1: LP warmup  |  trainable params: 1,695,241

─────────────────────────────────────────────────────────────────────────────────────────────────────────
  Stage: lp  |  lr=0.005  |  max_epochs=20  |  grad_clip=2.0
 Epoch   EpTime   Elapsed    TrLoss    TrAcc    VaAcc   VaBalAcc   VaAUROC    VaF1w          LR
─────────────────────────────────────────────────────────────────────────────────────────────────────────
     1       7s        7s    2.8157   0.1123   0.1086     0.1127    0.6252   0.0236    6.02e-04  (ETA 2m25s)
     2       7s       15s   12.7002   0.1173   0.1071     0.1111    0.5987   0.0207    1.92e-03  (ETA 2m16s)
     3       7s       22s   44.8882   0.1148   0.1071     0.1111    0.5397   0.0207    4.78e-03  (ETA 2m09s)
     4       7s       30s   57.3391   0.1143   0.1429     0.1111    0.5990   0.0357    4.78e-03  (ETA 2m01s)
     5       7s       37s   32.5112   0.1291   0.1503     0.1528    0.6521   0.0741    4.78e-03  (ETA 1m53s)
     6       7s       45s   13.5567   0.1473   0.1369     0.1412    0.6821   0.0595    4.78e-03  (ETA 1m46s)
     7       7s       53s    6.2892   0.2175   0.1860     0.1921    0.7525   0.1244    4.78e-03  (ETA 1m38s)
     8       7s     1m00s    3.1604   0.2949   0.2039     0.2041    0.7337   0.1701    4.78e-03  (ETA 1m31s)
     9       7s     1m08s    2.4408   0.3382   0.3140     0.3152    0.7880   0.2674    4.78e-03  (ETA 1m23s)
    10       7s     1m15s    2.1845   0.3862   0.3170     0.3029    0.7865   0.2787    4.78e-03  (ETA 1m15s)
    11       7s     1m23s    1.8269   0.3923   0.3155     0.3248    0.7933   0.2525    4.78e-03  (ETA 1m08s)
    12       7s     1m31s    1.7267   0.4513   0.3333     0.3445    0.7955   0.3090    4.78e-03  (ETA 1m00s)
    13       7s     1m38s    1.3852   0.5020   0.3765     0.3762    0.8077   0.3632    4.78e-03  (ETA 53s)
    14       7s     1m46s    1.2868   0.5219   0.3810     0.3889    0.8006   0.3644    4.78e-03  (ETA 45s)
    15       7s     1m53s    1.1369   0.5261   0.3750     0.3777    0.8030   0.3553    4.78e-03  (ETA 37s)
    16       7s     2m01s    0.9759   0.5350   0.3616     0.3661    0.8032   0.3543    4.78e-03  (ETA 30s)
    17       7s     2m09s    0.9331   0.5175   0.3973     0.4016    0.8174   0.3831    4.78e-03  (ETA 22s)
    18       7s     2m16s    0.9073   0.5254   0.3854     0.3827    0.8061   0.3724    4.78e-03  (ETA 15s)
    19       7s     2m24s    1.0000   0.5362   0.3690     0.3723    0.8051   0.3618    4.78e-03  (ETA 7s)
    20       7s     2m31s    0.9134   0.6118   0.4048     0.4066    0.8064   0.4030    4.78e-03  (done)
─────────────────────────────────────────────────────────────────────────────────────────────────────────
lp complete — 20 epochs | total: 2m31s | best epoch=20 val_acc=0.4048
─────────────────────────────────────────────────────────────────────────────────────────────────────────

>>> Stage 2: LoRA fine-tuning
  Parameters: 2,776,585 trainable / 71,966,217 total (3.86%)  |  LoRA: 1,081,344

─────────────────────────────────────────────────────────────────────────────────────────────────────────
  Stage: ft  |  lr=0.0001  |  max_epochs=200  |  grad_clip=2.0
 Epoch   EpTime   Elapsed    TrLoss    TrAcc    VaAcc   VaBalAcc   VaAUROC    VaF1w          LR
─────────────────────────────────────────────────────────────────────────────────────────────────────────
     1      17s       17s    1.8425   0.4044   0.3274     0.3268    0.7665   0.3053    6.33e-06  (ETA 58m46s)
     2      17s       35s    1.1082   0.4731   0.3854     0.3881    0.7887   0.3813    1.65e-05  (ETA 58m30s)
     3      17s       53s    1.0365   0.5500   0.4271     0.4282    0.8101   0.4275    3.27e-05  (ETA 58m14s)
     4      17s     1m10s    0.9197   0.4320   0.4375     0.4394    0.8175   0.4383    5.83e-05  (ETA 57m57s)
     5      17s     1m28s    0.8292   0.5471   0.4360     0.4360    0.8154   0.4354    9.89e-05  (ETA 57m36s)
     6      17s     1m46s    0.8486   0.5525   0.4196     0.4209    0.8131   0.4174    9.89e-05  (ETA 57m22s)
     7      17s     2m04s    0.8664   0.5076   0.4241     0.4236    0.8148   0.4239    9.89e-05  (ETA 57m02s)
     8      17s     2m21s    0.8420   0.4657   0.4152     0.4132    0.8140   0.4158    9.89e-05  (ETA 56m42s)
     9      17s     2m39s    0.8259   0.5199   0.4345     0.4356    0.8150   0.4374    9.89e-05  (ETA 56m24s)
    10      17s     2m57s    0.8677   0.5433   0.4241     0.4248    0.8136   0.4281    9.89e-05  (ETA 56m06s)
    11      17s     3m14s    0.8613   0.5379   0.4271     0.4240    0.8148   0.4234    9.89e-05  (ETA 55m48s)
    12      17s     3m32s    0.7940   0.5640   0.4286     0.4275    0.8154   0.4274    9.89e-05  (ETA 55m29s)
    13      17s     3m50s    0.8284   0.6293   0.4241     0.4267    0.8152   0.4208    9.89e-05  (ETA 55m11s)
    14      17s     4m07s    0.7605   0.5197   0.4360     0.4379    0.8165   0.4320    9.89e-05  (ETA 54m53s)
    15      17s     4m25s    0.8243   0.5788   0.4256     0.4252    0.8149   0.4280    9.89e-05  (ETA 54m35s)
Early stopping at epoch 15 (patience=10)
─────────────────────────────────────────────────────────────────────────────────────────────────────────
ft complete — 15 epochs | total: 4m25s | best epoch=4 val_acc=0.4375
─────────────────────────────────────────────────────────────────────────────────────────────────────────
LoRA adapter saved → /home/apasinato/jade-mscthesis/outputs/ft_checkpoints/ft_thu-ep_9-class_w10s10_pool_no_r16_fold_9/lora_adapter
Head weights saved → /home/apasinato/jade-mscthesis/outputs/ft_checkpoints/ft_thu-ep_9-class_w10s10_pool_no_r16_fold_9/head_weights.pt

#########################################################################################################
  Fold 10/10  |  thu-ep  |  task=9-class  |  pooling=no  |  LoRA r=16  |  device=cuda
  train: 72 subjects  |  val: 7 subjects
#########################################################################################################
Building datasets ...  done in 0s  (train=6,024  val=588)

>>> Stage 1: LP warmup  |  trainable params: 1,695,241

─────────────────────────────────────────────────────────────────────────────────────────────────────────
  Stage: lp  |  lr=0.005  |  max_epochs=20  |  grad_clip=2.0
 Epoch   EpTime   Elapsed    TrLoss    TrAcc    VaAcc   VaBalAcc   VaAUROC    VaF1w          LR
─────────────────────────────────────────────────────────────────────────────────────────────────────────
     1       7s        7s    3.0216   0.1248   0.1071     0.1111    0.6331   0.0207    6.03e-04  (ETA 2m26s)
     2       7s       15s   10.6357   0.1180   0.1156     0.1199    0.6325   0.0355    1.92e-03  (ETA 2m17s)
     3       7s       22s   54.0968   0.1067   0.1071     0.1111    0.5879   0.0207    4.78e-03  (ETA 2m09s)
     4       7s       30s   52.7157   0.1134   0.1412     0.1464    0.5990   0.0655    4.78e-03  (ETA 2m01s)
     5       7s       38s   24.3135   0.1290   0.1173     0.1217    0.6778   0.0383    4.78e-03  (ETA 1m54s)
     6       7s       45s   16.5271   0.1610   0.2058     0.2134    0.7092   0.1366    4.78e-03  (ETA 1m46s)
     7       7s       53s    7.2696   0.2007   0.1820     0.1640    0.7324   0.0826    4.78e-03  (ETA 1m38s)
     8       7s     1m00s    4.5237   0.2782   0.3231     0.3157    0.7824   0.2938    4.78e-03  (ETA 1m31s)
     9       7s     1m08s    3.2342   0.2975   0.3010     0.2906    0.7783   0.2393    4.78e-03  (ETA 1m23s)
    10       7s     1m16s    2.1461   0.3566   0.3350     0.3439    0.8005   0.3154    4.78e-03  (ETA 1m16s)
    11       7s     1m23s    2.0086   0.4092   0.3690     0.3783    0.8169   0.3378    4.78e-03  (ETA 1m08s)
    12       7s     1m31s    1.9708   0.4084   0.3673     0.3708    0.8088   0.3593    4.78e-03  (ETA 1m00s)
    13       7s     1m38s    1.4877   0.4867   0.3997     0.3973    0.8079   0.3920    4.78e-03  (ETA 53s)
    14       7s     1m46s    1.6717   0.4930   0.4133     0.4158    0.8206   0.4006    4.78e-03  (ETA 45s)
    15       7s     1m53s    1.2533   0.5375   0.2993     0.2976    0.8013   0.2847    4.78e-03  (ETA 37s)
    16       7s     2m01s    1.0961   0.5611   0.4014     0.4065    0.8140   0.3930    4.78e-03  (ETA 30s)
    17       7s     2m09s    1.0639   0.5461   0.3963     0.3986    0.8118   0.3927    4.78e-03  (ETA 22s)
    18       7s     2m16s    1.0599   0.4885   0.3912     0.3999    0.8130   0.3845    4.78e-03  (ETA 15s)
    19       7s     2m24s    1.0902   0.5554   0.3946     0.4030    0.8195   0.3903    4.78e-03  (ETA 7s)
    20       7s     2m31s    1.0187   0.5689   0.4065     0.4105    0.8237   0.4010    4.78e-03  (done)
─────────────────────────────────────────────────────────────────────────────────────────────────────────
lp complete — 20 epochs | total: 2m31s | best epoch=14 val_acc=0.4133
─────────────────────────────────────────────────────────────────────────────────────────────────────────

>>> Stage 2: LoRA fine-tuning
  Parameters: 2,776,585 trainable / 71,966,217 total (3.86%)  |  LoRA: 1,081,344

─────────────────────────────────────────────────────────────────────────────────────────────────────────
  Stage: ft  |  lr=0.0001  |  max_epochs=200  |  grad_clip=2.0
 Epoch   EpTime   Elapsed    TrLoss    TrAcc    VaAcc   VaBalAcc   VaAUROC    VaF1w          LR
─────────────────────────────────────────────────────────────────────────────────────────────────────────
     1      18s       18s    2.6328   0.3423   0.3350     0.3422    0.7577   0.3206    6.33e-06  (ETA 59m46s)
     2      17s       35s    1.4203   0.4983   0.3963     0.3977    0.7937   0.4004    1.65e-05  (ETA 59m19s)
     3      17s       53s    1.2044   0.4766   0.4405     0.4453    0.8171   0.4382    3.27e-05  (ETA 58m58s)
     4      17s     1m11s    1.1144   0.4744   0.4405     0.4400    0.8218   0.4440    5.83e-05  (ETA 58m37s)
     5      17s     1m29s    1.0288   0.5271   0.4541     0.4581    0.8318   0.4503    9.89e-05  (ETA 58m18s)
     6      17s     1m47s    1.0069   0.5448   0.4422     0.4462    0.8310   0.4374    9.89e-05  (ETA 57m58s)
     7      17s     2m05s    0.9932   0.4457   0.4286     0.4237    0.8276   0.4281    9.89e-05  (ETA 57m38s)
     8      18s     2m23s    0.9141   0.5374   0.4371     0.4383    0.8322   0.4364    9.89e-05  (ETA 57m32s)
     9      21s     2m45s    0.9715   0.5460   0.4456     0.4449    0.8321   0.4514    9.89e-05  (ETA 58m38s)
    10      17s     3m03s    0.9781   0.5601   0.4286     0.4286    0.8318   0.4266    9.89e-05  (ETA 58m09s)
    11      17s     3m21s    0.9362   0.5730   0.4269     0.4233    0.8309   0.4305    9.89e-05  (ETA 57m42s)
    12      17s     3m39s    0.9610   0.5246   0.4252     0.4237    0.8301   0.4233    9.89e-05  (ETA 57m17s)
    13      17s     3m57s    0.9043   0.6164   0.4422     0.4400    0.8311   0.4472    9.89e-05  (ETA 56m53s)
    14      17s     4m15s    0.8396   0.5564   0.4201     0.4189    0.8335   0.4238    9.89e-05  (ETA 56m30s)
    15      17s     4m33s    0.9554   0.5891   0.4473     0.4462    0.8332   0.4469    9.89e-05  (ETA 56m08s)
    16      17s     4m51s    0.8934   0.6318   0.4694     0.4696    0.8361   0.4698    9.89e-05  (ETA 55m46s)
    17      17s     5m08s    0.9357   0.5611   0.4490     0.4480    0.8346   0.4505    9.89e-05  (ETA 55m25s)
    18      17s     5m26s    0.9130   0.5941   0.4354     0.4369    0.8328   0.4404    9.89e-05  (ETA 55m03s)
    19      17s     5m44s    0.7938   0.5438   0.4575     0.4586    0.8341   0.4586    9.89e-05  (ETA 54m43s)
    20      17s     6m02s    0.8432   0.5656   0.4490     0.4475    0.8342   0.4483    9.89e-05  (ETA 54m22s)
    21      17s     6m20s    0.8781   0.5481   0.4524     0.4493    0.8323   0.4547    9.89e-05  (ETA 54m02s)
    22      17s     6m38s    0.8301   0.6225   0.4473     0.4462    0.8326   0.4502    9.89e-05  (ETA 53m42s)
    23      17s     6m56s    0.8854   0.5445   0.4473     0.4489    0.8341   0.4498    4.95e-05  (ETA 53m22s)
    24      17s     7m14s    0.8783   0.4952   0.4524     0.4502    0.8345   0.4540    4.95e-05  (ETA 53m03s)
    25      17s     7m31s    0.8091   0.5686   0.4609     0.4590    0.8341   0.4622    4.95e-05  (ETA 52m43s)
    26      17s     7m49s    0.8674   0.5536   0.4490     0.4466    0.8333   0.4520    4.95e-05  (ETA 52m24s)
    27      17s     8m07s    0.9094   0.5254   0.4490     0.4449    0.8322   0.4520    4.95e-05  (ETA 52m05s)
Early stopping at epoch 27 (patience=10)
─────────────────────────────────────────────────────────────────────────────────────────────────────────
ft complete — 27 epochs | total: 8m07s | best epoch=16 val_acc=0.4694
─────────────────────────────────────────────────────────────────────────────────────────────────────────
LoRA adapter saved → /home/apasinato/jade-mscthesis/outputs/ft_checkpoints/ft_thu-ep_9-class_w10s10_pool_no_r16_fold_10/lora_adapter
Head weights saved → /home/apasinato/jade-mscthesis/outputs/ft_checkpoints/ft_thu-ep_9-class_w10s10_pool_no_r16_fold_10/head_weights.pt

==========================================================================================
  CROSS-FOLD SUMMARY  (10 folds  |  thu-ep  |  task=9-class  |  pool_no  |  LoRA r=16)
==========================================================================================
 Fold    ValAcc   ValBalAcc   ValAUROC    ValF1w   Epochs   BestEp
------------------------------------------------------------------
    1    0.4732      0.4726     0.8492    0.4713        0        4
    2    0.4338      0.4310     0.8055    0.4283        0       11
    3    0.4092      0.4124     0.8081    0.4028        0       19
    4    0.4494      0.4483     0.8163    0.4426        0       11
    5    0.3973      0.3978     0.7849    0.3959        0       19
    6    0.4299      0.4301     0.8036    0.4248        0        9
    7    0.4256      0.4302     0.7893    0.4232        0        4
    8    0.4315      0.4321     0.8216    0.4291        0       17
    9    0.4375      0.4394     0.8175    0.4383        0        4
   10    0.4694      0.4696     0.8361    0.4698        0       16
------------------------------------------------------------------
 Mean    0.4357      0.4364     0.8132    0.4326
  Std    0.0237      0.0230     0.0196    0.0246
==========================================================================================
Aggregate results saved -> /home/apasinato/jade-mscthesis/outputs/ft_checkpoints/summary_thu-ep_9-class_w10s10_pool_no_r16.json

All folds complete.

=== Complete ===
Exit code: 0
Finished:  Thu Mar 26 17:23:55 CET 2026
