=== Experiment on DelftBlue ===
Job ID:    9457215
Node:      gpu019
Partition: gpu-a100
Module:    src.approaches.fine_tuning.train_ft
Args:      --dataset thu-ep --task 9-class --no-mixup
Started:   Fri Mar 27 05:03:57 CET 2026

=== GPU ===
NVIDIA A100 80GB PCIe, 81920 MiB

=== Environment ===
Python:  Python 3.14.3
PyTorch: 2.9.1+cu128
CUDA:    True 12.8

=== Running: python -m src.approaches.fine_tuning.train_ft --dataset thu-ep --task 9-class --no-mixup ===


Dataset: thu-ep  |  subjects: 79
Device: cuda  |  task: 9-class  |  pooling: no  |  LoRA rank: 16  alpha: 16
Window: 10.0s (2000 pts)  Stride: 10.0s (2000 pts)  Mixup: False  AMP: True
LP: lr=0.005 epochs=20  |  FT: lr=0.0001 epochs=200
Loading REVE model from local path …
flash_attn not found, install it with `pip install flash_attn` if you want to use it
Loading REVE position bank from local path …
  Electrode positions cached for 30 channels.

#########################################################################################################
  Fold 1/10  |  thu-ep  |  task=9-class  |  pooling=no  |  LoRA r=16  |  device=cuda
  train: 71 subjects  |  val: 8 subjects
#########################################################################################################
Building datasets ...  done in 7s  (train=5,940  val=672)

>>> Stage 1: LP warmup  |  trainable params: 1,695,241

─────────────────────────────────────────────────────────────────────────────────────────────────────────
  Stage: lp  |  lr=0.005  |  max_epochs=20  |  grad_clip=2.0
 Epoch   EpTime   Elapsed    TrLoss    TrAcc    VaAcc   VaBalAcc   VaAUROC    VaF1w          LR
─────────────────────────────────────────────────────────────────────────────────────────────────────────
     1      10s       10s    2.8873   0.1131   0.1443     0.1497    0.6666   0.0865    6.02e-04  (ETA 3m24s)
     2       6s       16s   10.8281   0.1152   0.1071     0.1111    0.6620   0.0207    1.92e-03  (ETA 2m31s)
     3       6s       22s   46.5523   0.1195   0.1176     0.1219    0.6062   0.0382    4.78e-03  (ETA 2m09s)
     4       6s       29s   53.3403   0.1308   0.1071     0.1111    0.6612   0.0207    4.78e-03  (ETA 1m56s)
     5       6s       35s   23.6693   0.1643   0.1310     0.1358    0.7162   0.0592    4.78e-03  (ETA 1m45s)
     6       6s       41s   12.8372   0.2323   0.1756     0.1817    0.7313   0.1139    4.78e-03  (ETA 1m36s)
     7       6s       47s    7.8452   0.3106   0.1533     0.1547    0.7354   0.0978    4.78e-03  (ETA 1m28s)
     8       6s       53s    5.4545   0.3902   0.2411     0.2438    0.7659   0.1910    4.78e-03  (ETA 1m20s)
     9       6s       59s    3.6436   0.4857   0.3170     0.3094    0.7739   0.3007    4.78e-03  (ETA 1m12s)
    10       6s     1m05s    2.2027   0.5852   0.3661     0.3673    0.8116   0.3703    4.78e-03  (ETA 1m05s)
    11       6s     1m12s    1.8438   0.6180   0.3586     0.3522    0.8038   0.3255    4.78e-03  (ETA 58s)
    12       6s     1m18s    1.3738   0.6899   0.3199     0.3048    0.7913   0.2763    4.78e-03  (ETA 52s)
    13       6s     1m24s    1.1323   0.7251   0.3289     0.3287    0.8049   0.3249    4.78e-03  (ETA 45s)
    14       6s     1m30s    0.9809   0.7569   0.3527     0.3603    0.8006   0.3238    4.78e-03  (ETA 38s)
    15       6s     1m36s    0.9340   0.7635   0.3170     0.3191    0.8003   0.3188    4.78e-03  (ETA 32s)
    16       6s     1m42s    1.1704   0.7593   0.2857     0.2720    0.7818   0.2456    4.78e-03  (ETA 25s)
    17       6s     1m49s    0.7453   0.8104   0.4003     0.3943    0.8137   0.3937    4.78e-03  (ETA 19s)
    18       6s     1m55s    0.3070   0.9049   0.4062     0.4078    0.8059   0.4109    4.78e-03  (ETA 12s)
    19       6s     2m01s    0.1723   0.9426   0.4241     0.4221    0.8230   0.4072    4.78e-03  (ETA 6s)
    20       6s     2m07s    0.1116   0.9609   0.4137     0.4078    0.8176   0.4111    4.78e-03  (done)
─────────────────────────────────────────────────────────────────────────────────────────────────────────
lp complete — 20 epochs | total: 2m07s | best epoch=19 val_acc=0.4241
─────────────────────────────────────────────────────────────────────────────────────────────────────────

>>> Stage 2: LoRA fine-tuning
  Parameters: 2,776,585 trainable / 71,966,217 total (3.86%)  |  LoRA: 1,081,344

─────────────────────────────────────────────────────────────────────────────────────────────────────────
  Stage: ft  |  lr=0.0001  |  max_epochs=200  |  grad_clip=2.0
 Epoch   EpTime   Elapsed    TrLoss    TrAcc    VaAcc   VaBalAcc   VaAUROC    VaF1w          LR
─────────────────────────────────────────────────────────────────────────────────────────────────────────
     1      17s       17s    0.0916   0.9694   0.4330     0.4313    0.8257   0.4255    6.41e-06  (ETA 58m48s)
     2      17s       35s    0.0375   0.9904   0.4345     0.4313    0.8262   0.4257    1.67e-05  (ETA 58m12s)
     3      18s       53s    0.0296   0.9924   0.4479     0.4441    0.8287   0.4421    3.29e-05  (ETA 58m19s)
     4      17s     1m10s    0.0243   0.9944   0.4509     0.4487    0.8320   0.4383    5.86e-05  (ETA 57m58s)
     5      17s     1m28s    0.0192   0.9953   0.4152     0.4109    0.8260   0.4092    9.95e-05  (ETA 57m32s)
     6      17s     1m46s    0.0181   0.9960   0.4375     0.4344    0.8273   0.4314    9.95e-05  (ETA 57m09s)
     7      17s     2m03s    0.0149   0.9973   0.4375     0.4340    0.8285   0.4275    9.95e-05  (ETA 56m47s)
     8      17s     2m21s    0.0099   0.9990   0.4271     0.4213    0.8267   0.4211    9.95e-05  (ETA 56m27s)
     9      17s     2m38s    0.0108   0.9990   0.4464     0.4425    0.8297   0.4381    9.95e-05  (ETA 56m07s)
    10      19s     2m58s    0.0075   0.9993   0.4479     0.4452    0.8296   0.4457    9.95e-05  (ETA 56m25s)
    11      32s     3m30s    0.0075   0.9993   0.4077     0.4043    0.8267   0.4017    9.95e-05  (ETA 1h00m14s)
    12      17s     3m47s    0.0067   0.9997   0.4256     0.4213    0.8263   0.4267    9.95e-05  (ETA 59m31s)
    13      17s     4m05s    0.0052   1.0000   0.4345     0.4298    0.8258   0.4340    9.95e-05  (ETA 58m53s)
    14      24s     4m30s    0.0048   0.9998   0.4286     0.4244    0.8255   0.4275    9.95e-05  (ETA 59m55s)
    15      31s     5m02s    0.0054   0.9997   0.4182     0.4163    0.8262   0.4158    9.95e-05  (ETA 1h02m08s)
Early stopping at epoch 15 (patience=10)
─────────────────────────────────────────────────────────────────────────────────────────────────────────
ft complete — 15 epochs | total: 5m02s | best epoch=4 val_acc=0.4509
─────────────────────────────────────────────────────────────────────────────────────────────────────────
LoRA adapter saved → /home/apasinato/jade-mscthesis/outputs/ft_checkpoints/ft_thu-ep_9-class_w10s10_pool_no_r16_nomixup_fold_1/lora_adapter
Head weights saved → /home/apasinato/jade-mscthesis/outputs/ft_checkpoints/ft_thu-ep_9-class_w10s10_pool_no_r16_nomixup_fold_1/head_weights.pt

#########################################################################################################
  Fold 2/10  |  thu-ep  |  task=9-class  |  pooling=no  |  LoRA r=16  |  device=cuda
  train: 71 subjects  |  val: 8 subjects
#########################################################################################################
Building datasets ...  done in 9s  (train=5,955  val=657)

>>> Stage 1: LP warmup  |  trainable params: 1,695,241

─────────────────────────────────────────────────────────────────────────────────────────────────────────
  Stage: lp  |  lr=0.005  |  max_epochs=20  |  grad_clip=2.0
 Epoch   EpTime   Elapsed    TrLoss    TrAcc    VaAcc   VaBalAcc   VaAUROC    VaF1w          LR
─────────────────────────────────────────────────────────────────────────────────────────────────────────
     1       8s        8s    2.8705   0.1224   0.1157     0.1219    0.6384   0.0357    6.03e-04  (ETA 2m39s)
     2      21s       30s   13.7104   0.1278   0.1583     0.1632    0.6355   0.0835    1.92e-03  (ETA 4m31s)
     3      19s       49s   44.3361   0.1196   0.1050     0.1111    0.5858   0.0200    4.78e-03  (ETA 4m39s)
     4      18s     1m07s   41.1450   0.1312   0.1050     0.1111    0.6286   0.0200    4.78e-03  (ETA 4m31s)
     5       8s     1m16s   28.3388   0.1668   0.1613     0.1653    0.6760   0.0936    4.78e-03  (ETA 3m48s)
     6       7s     1m23s   13.3350   0.2364   0.1735     0.1793    0.6823   0.0706    4.78e-03  (ETA 3m14s)
     7       7s     1m30s    9.8128   0.3056   0.1568     0.1659    0.7072   0.0924    4.78e-03  (ETA 2m48s)
     8       7s     1m38s    6.6202   0.3960   0.2298     0.2380    0.7348   0.1762    4.78e-03  (ETA 2m27s)
     9       7s     1m45s    3.5133   0.5041   0.3242     0.3144    0.7403   0.2841    4.78e-03  (ETA 2m09s)
    10       7s     1m53s    2.6768   0.5641   0.2451     0.2535    0.7484   0.2009    4.78e-03  (ETA 1m53s)
    11       7s     2m00s    1.8332   0.6465   0.2801     0.2668    0.7516   0.2143    4.78e-03  (ETA 1m38s)
    12       7s     2m08s    1.4310   0.7048   0.2785     0.2745    0.7490   0.2281    4.78e-03  (ETA 1m25s)
    13       7s     2m15s    1.1589   0.7382   0.2892     0.2944    0.7585   0.2271    4.78e-03  (ETA 1m13s)
    14       7s     2m23s    1.1287   0.7458   0.3212     0.3207    0.7520   0.3038    4.78e-03  (ETA 1m01s)
    15       7s     2m30s    1.0438   0.7715   0.3303     0.3322    0.7629   0.3092    4.78e-03  (ETA 50s)
    16       7s     2m38s    1.2766   0.7530   0.3227     0.3156    0.7688   0.2935    4.78e-03  (ETA 39s)
    17       7s     2m45s    0.8276   0.8233   0.3577     0.3552    0.7650   0.3293    4.78e-03  (ETA 29s)
    18       7s     2m53s    0.7644   0.8332   0.3059     0.3111    0.7519   0.2852    4.78e-03  (ETA 19s)
    19       7s     3m00s    0.3483   0.9058   0.3653     0.3591    0.7661   0.3400    4.78e-03  (ETA 9s)
    20       7s     3m08s    0.1609   0.9516   0.3744     0.3691    0.7844   0.3476    4.78e-03  (done)
─────────────────────────────────────────────────────────────────────────────────────────────────────────
lp complete — 20 epochs | total: 3m08s | best epoch=20 val_acc=0.3744
─────────────────────────────────────────────────────────────────────────────────────────────────────────

>>> Stage 2: LoRA fine-tuning
  Parameters: 2,776,585 trainable / 71,966,217 total (3.86%)  |  LoRA: 1,081,344

─────────────────────────────────────────────────────────────────────────────────────────────────────────
  Stage: ft  |  lr=0.0001  |  max_epochs=200  |  grad_clip=2.0
 Epoch   EpTime   Elapsed    TrLoss    TrAcc    VaAcc   VaBalAcc   VaAUROC    VaF1w          LR
─────────────────────────────────────────────────────────────────────────────────────────────────────────
     1      17s       17s    0.1710   0.9464   0.3699     0.3628    0.7792   0.3499    6.24e-06  (ETA 58m25s)
     2      17s       35s    0.0554   0.9906   0.3653     0.3586    0.7805   0.3424    1.64e-05  (ETA 58m00s)
     3      17s       52s    0.0432   0.9926   0.3896     0.3854    0.7817   0.3702    3.25e-05  (ETA 57m44s)
     4      17s     1m10s    0.0399   0.9941   0.3851     0.3802    0.7837   0.3667    5.80e-05  (ETA 57m26s)
     5      17s     1m27s    0.0353   0.9940   0.3744     0.3661    0.7845   0.3557    9.84e-05  (ETA 57m07s)
     6      17s     1m45s    0.0256   0.9966   0.3836     0.3753    0.7814   0.3654    9.84e-05  (ETA 56m49s)
     7      17s     2m02s    0.0159   0.9978   0.3790     0.3741    0.7856   0.3539    9.84e-05  (ETA 56m30s)
     8      29s     2m32s    0.0081   0.9982   0.4033     0.3998    0.7877   0.3879    9.84e-05  (ETA 1h00m59s)
     9      21s     2m54s    0.0070   0.9992   0.4033     0.3977    0.7875   0.3916    9.84e-05  (ETA 1h01m36s)
    10      17s     3m11s    0.0059   0.9988   0.3927     0.3878    0.7868   0.3672    9.84e-05  (ETA 1h00m46s)
    11      35s     3m47s    0.0047   0.9995   0.4018     0.3973    0.7887   0.3863    9.84e-05  (ETA 1h05m09s)
    12      36s     4m24s    0.0035   0.9998   0.3881     0.3808    0.7868   0.3695    9.84e-05  (ETA 1h08m58s)
    13      34s     4m59s    0.0033   0.9997   0.3927     0.3859    0.7873   0.3706    9.84e-05  (ETA 1h11m41s)
    14      17s     5m16s    0.0026   1.0000   0.4018     0.3961    0.7903   0.3916    9.84e-05  (ETA 1h10m07s)
    15      17s     5m34s    0.0040   0.9995   0.4110     0.4058    0.7879   0.4016    9.84e-05  (ETA 1h08m43s)
    16      17s     5m51s    0.0043   0.9998   0.4018     0.3968    0.7888   0.3871    9.84e-05  (ETA 1h07m27s)
    17      17s     6m09s    0.0025   0.9998   0.4003     0.3977    0.7905   0.3874    9.84e-05  (ETA 1h06m17s)
    18      17s     6m27s    0.0024   0.9998   0.3942     0.3903    0.7893   0.3753    9.84e-05  (ETA 1h05m14s)
    19      17s     6m44s    0.0015   1.0000   0.3942     0.3883    0.7899   0.3726    9.84e-05  (ETA 1h04m15s)
    20      17s     7m02s    0.0017   1.0000   0.3820     0.3777    0.7874   0.3627    9.84e-05  (ETA 1h03m20s)
    21      17s     7m19s    0.0015   1.0000   0.4064     0.4031    0.7904   0.3931    9.84e-05  (ETA 1h02m29s)
    22      17s     7m37s    0.0041   0.9990   0.3836     0.3788    0.7893   0.3605    4.92e-05  (ETA 1h01m41s)
    23      17s     7m55s    0.0014   1.0000   0.4125     0.4092    0.7919   0.3999    4.92e-05  (ETA 1h00m56s)
    24      17s     8m12s    0.0011   1.0000   0.4033     0.4000    0.7913   0.3895    4.92e-05  (ETA 1h00m13s)
    25      17s     8m30s    0.0011   1.0000   0.3851     0.3809    0.7881   0.3675    4.92e-05  (ETA 59m32s)
    26      17s     8m47s    0.0014   1.0000   0.3988     0.3934    0.7917   0.3807    4.92e-05  (ETA 58m52s)
    27      27s     9m15s    0.0009   1.0000   0.4049     0.3998    0.7925   0.3923    4.92e-05  (ETA 59m21s)
    28      18s     9m33s    0.0009   1.0000   0.3942     0.3907    0.7909   0.3769    4.92e-05  (ETA 58m45s)
    29      21s     9m55s    0.0017   0.9997   0.4003     0.3954    0.7921   0.3864    4.92e-05  (ETA 58m33s)
    30      17s    10m13s    0.0016   0.9997   0.3988     0.3925    0.7921   0.3874    2.46e-05  (ETA 57m58s)
    31      19s    10m33s    0.0012   1.0000   0.4094     0.4052    0.7932   0.3964    2.46e-05  (ETA 57m34s)
    32      31s    11m04s    0.0007   1.0000   0.3988     0.3941    0.7918   0.3822    2.46e-05  (ETA 58m10s)
    33      30s    11m35s    0.0007   1.0000   0.4079     0.4035    0.7935   0.3934    2.46e-05  (ETA 58m39s)
    34      22s    11m58s    0.0008   1.0000   0.4033     0.3987    0.7925   0.3864    2.46e-05  (ETA 58m27s)
Early stopping at epoch 34 (patience=10)
─────────────────────────────────────────────────────────────────────────────────────────────────────────
ft complete — 34 epochs | total: 11m58s | best epoch=23 val_acc=0.4125
─────────────────────────────────────────────────────────────────────────────────────────────────────────
LoRA adapter saved → /home/apasinato/jade-mscthesis/outputs/ft_checkpoints/ft_thu-ep_9-class_w10s10_pool_no_r16_nomixup_fold_2/lora_adapter
Head weights saved → /home/apasinato/jade-mscthesis/outputs/ft_checkpoints/ft_thu-ep_9-class_w10s10_pool_no_r16_nomixup_fold_2/head_weights.pt

#########################################################################################################
  Fold 3/10  |  thu-ep  |  task=9-class  |  pooling=no  |  LoRA r=16  |  device=cuda
  train: 71 subjects  |  val: 8 subjects
#########################################################################################################
Building datasets ...  done in 9s  (train=5,940  val=672)

>>> Stage 1: LP warmup  |  trainable params: 1,695,241

─────────────────────────────────────────────────────────────────────────────────────────────────────────
  Stage: lp  |  lr=0.005  |  max_epochs=20  |  grad_clip=2.0
 Epoch   EpTime   Elapsed    TrLoss    TrAcc    VaAcc   VaBalAcc   VaAUROC    VaF1w          LR
─────────────────────────────────────────────────────────────────────────────────────────────────────────
     1      10s       10s    2.9585   0.1236   0.1071     0.1111    0.6510   0.0207    6.02e-04  (ETA 3m18s)
     2       7s       17s   14.7337   0.1367   0.1577     0.1269    0.6064   0.0638    1.92e-03  (ETA 2m41s)
     3       7s       25s   42.7933   0.1178   0.1071     0.1111    0.5669   0.0207    4.78e-03  (ETA 2m24s)
     4       7s       32s   50.6787   0.1311   0.1071     0.1111    0.6307   0.0207    4.78e-03  (ETA 2m11s)
     5       7s       40s   22.8924   0.1924   0.1667     0.1605    0.6781   0.1103    4.78e-03  (ETA 2m01s)
     6       7s       47s   11.7895   0.2697   0.2500     0.2392    0.7278   0.1816    4.78e-03  (ETA 1m51s)
     7       7s       55s    6.5836   0.4052   0.2872     0.2770    0.7465   0.2438    4.78e-03  (ETA 1m43s)
     8       7s     1m03s    3.5323   0.5226   0.2917     0.2704    0.7496   0.2334    4.78e-03  (ETA 1m34s)
     9       7s     1m10s    3.0686   0.5788   0.2753     0.2805    0.7592   0.2577    4.78e-03  (ETA 1m26s)
    10       7s     1m18s    1.8069   0.6833   0.3824     0.3958    0.7890   0.3497    4.78e-03  (ETA 1m18s)
    11       7s     1m25s    1.3273   0.7333   0.3065     0.3125    0.7765   0.2693    4.78e-03  (ETA 1m09s)
    12       7s     1m33s    1.1381   0.7611   0.3408     0.3495    0.7973   0.3049    4.78e-03  (ETA 1m02s)
    13       7s     1m40s    0.9846   0.7941   0.3497     0.3414    0.8005   0.3236    4.78e-03  (ETA 54s)
    14       7s     1m48s    0.7281   0.8338   0.3780     0.3708    0.7845   0.3656    4.78e-03  (ETA 46s)
    15       7s     1m55s    0.8918   0.8303   0.3839     0.3762    0.7891   0.3751    4.78e-03  (ETA 38s)
    16       7s     2m03s    0.9237   0.8152   0.3214     0.3110    0.7862   0.3080    4.78e-03  (ETA 30s)
    17       7s     2m10s    0.7234   0.8515   0.4107     0.4140    0.8084   0.4037    4.78e-03  (ETA 23s)
    18       7s     2m17s    0.9654   0.8444   0.3467     0.3395    0.7914   0.3367    4.78e-03  (ETA 15s)
    19       7s     2m25s    0.3206   0.9227   0.3363     0.3380    0.7824   0.3153    4.78e-03  (ETA 7s)
    20       7s     2m32s    0.2519   0.9315   0.4033     0.4086    0.7969   0.4050    4.78e-03  (done)
─────────────────────────────────────────────────────────────────────────────────────────────────────────
lp complete — 20 epochs | total: 2m32s | best epoch=17 val_acc=0.4107
─────────────────────────────────────────────────────────────────────────────────────────────────────────

>>> Stage 2: LoRA fine-tuning
  Parameters: 2,776,585 trainable / 71,966,217 total (3.86%)  |  LoRA: 1,081,344

─────────────────────────────────────────────────────────────────────────────────────────────────────────
  Stage: ft  |  lr=0.0001  |  max_epochs=200  |  grad_clip=2.0
 Epoch   EpTime   Elapsed    TrLoss    TrAcc    VaAcc   VaBalAcc   VaAUROC    VaF1w          LR
─────────────────────────────────────────────────────────────────────────────────────────────────────────
     1      17s       17s    0.3894   0.8889   0.3884     0.3881    0.7935   0.3855    6.33e-06  (ETA 58m45s)
     2      36s       53s    0.1438   0.9569   0.4077     0.4070    0.7994   0.4031    1.65e-05  (ETA 1h28m49s)
     3      24s     1m18s    0.0776   0.9768   0.4137     0.4124    0.8047   0.4078    3.27e-05  (ETA 1h25m26s)
     4      23s     1m41s    0.0479   0.9845   0.4256     0.4259    0.8090   0.4179    5.83e-05  (ETA 1h23m08s)
     5      25s     2m07s    0.0387   0.9855   0.4107     0.4055    0.8090   0.4118    9.89e-05  (ETA 1h22m54s)
     6      18s     2m26s    0.0256   0.9907   0.4256     0.4275    0.8105   0.4250    9.89e-05  (ETA 1h18m44s)
     7      27s     2m53s    0.0192   0.9938   0.4196     0.4252    0.8085   0.4121    9.89e-05  (ETA 1h19m39s)
     8      18s     3m11s    0.0153   0.9951   0.4226     0.4248    0.8134   0.4194    9.89e-05  (ETA 1h16m44s)
     9      17s     3m29s    0.0076   0.9985   0.4256     0.4244    0.8105   0.4199    9.89e-05  (ETA 1h14m04s)
    10      17s     3m46s    0.0082   0.9973   0.4256     0.4248    0.8125   0.4190    9.89e-05  (ETA 1h11m52s)
    11      17s     4m04s    0.0054   0.9990   0.4405     0.4417    0.8115   0.4343    9.89e-05  (ETA 1h10m01s)
    12      17s     4m22s    0.0032   0.9997   0.4211     0.4221    0.8119   0.4202    9.89e-05  (ETA 1h08m25s)
    13      17s     4m39s    0.0022   0.9998   0.4271     0.4294    0.8123   0.4254    9.89e-05  (ETA 1h07m02s)
    14      17s     4m57s    0.0041   0.9988   0.4196     0.4213    0.8110   0.4153    9.89e-05  (ETA 1h05m47s)
    15      17s     5m14s    0.0024   0.9997   0.4271     0.4286    0.8131   0.4250    9.89e-05  (ETA 1h04m41s)
    16      17s     5m32s    0.0016   1.0000   0.4315     0.4340    0.8158   0.4274    9.89e-05  (ETA 1h03m40s)
    17      17s     5m49s    0.0011   1.0000   0.4211     0.4225    0.8147   0.4175    9.89e-05  (ETA 1h02m44s)
    18      17s     6m07s    0.0020   0.9997   0.4226     0.4205    0.8158   0.4206    4.95e-05  (ETA 1h01m53s)
    19      17s     6m24s    0.0007   1.0000   0.4271     0.4271    0.8157   0.4242    4.95e-05  (ETA 1h01m05s)
    20      17s     6m42s    0.0010   1.0000   0.4271     0.4263    0.8156   0.4245    4.95e-05  (ETA 1h00m20s)
    21      17s     6m59s    0.0008   1.0000   0.4330     0.4344    0.8168   0.4284    4.95e-05  (ETA 59m38s)
    22      17s     7m17s    0.0007   1.0000   0.4286     0.4294    0.8161   0.4243    4.95e-05  (ETA 58m58s)
Early stopping at epoch 22 (patience=10)
─────────────────────────────────────────────────────────────────────────────────────────────────────────
ft complete — 22 epochs | total: 7m17s | best epoch=11 val_acc=0.4405
─────────────────────────────────────────────────────────────────────────────────────────────────────────
LoRA adapter saved → /home/apasinato/jade-mscthesis/outputs/ft_checkpoints/ft_thu-ep_9-class_w10s10_pool_no_r16_nomixup_fold_3/lora_adapter
Head weights saved → /home/apasinato/jade-mscthesis/outputs/ft_checkpoints/ft_thu-ep_9-class_w10s10_pool_no_r16_nomixup_fold_3/head_weights.pt

#########################################################################################################
  Fold 4/10  |  thu-ep  |  task=9-class  |  pooling=no  |  LoRA r=16  |  device=cuda
  train: 71 subjects  |  val: 8 subjects
#########################################################################################################
Building datasets ...  done in 8s  (train=5,940  val=672)

>>> Stage 1: LP warmup  |  trainable params: 1,695,241

─────────────────────────────────────────────────────────────────────────────────────────────────────────
  Stage: lp  |  lr=0.005  |  max_epochs=20  |  grad_clip=2.0
 Epoch   EpTime   Elapsed    TrLoss    TrAcc    VaAcc   VaBalAcc   VaAUROC    VaF1w          LR
─────────────────────────────────────────────────────────────────────────────────────────────────────────
     1       7s        7s    3.0274   0.1195   0.1071     0.1111    0.6766   0.0207    6.02e-04  (ETA 2m24s)
     2       7s       15s   14.1090   0.1418   0.1071     0.1111    0.6166   0.0207    1.92e-03  (ETA 2m15s)
     3       7s       22s   37.4031   0.1305   0.1071     0.1111    0.6017   0.0207    4.78e-03  (ETA 2m08s)
     4       7s       30s   50.3058   0.1362   0.1161     0.1204    0.6231   0.0417    4.78e-03  (ETA 2m00s)
     5       7s       37s   21.9985   0.2152   0.2321     0.2361    0.7286   0.1981    4.78e-03  (ETA 1m52s)
     6       7s       45s   11.1934   0.3155   0.2664     0.2724    0.7462   0.2130    4.78e-03  (ETA 1m45s)
     7       7s       52s    8.6337   0.3631   0.2619     0.2716    0.7446   0.1948    4.78e-03  (ETA 1m37s)
     8       7s     1m00s    4.6076   0.4919   0.3006     0.3036    0.7752   0.2355    4.78e-03  (ETA 1m30s)
     9       7s     1m07s    3.0152   0.6040   0.3690     0.3735    0.8110   0.3384    4.78e-03  (ETA 1m22s)
    10       7s     1m15s    2.1038   0.6736   0.3512     0.3484    0.8119   0.3160    4.78e-03  (ETA 1m15s)
    11       7s     1m22s    1.3676   0.7569   0.3616     0.3565    0.7876   0.3219    4.78e-03  (ETA 1m07s)
    12       7s     1m30s    1.0987   0.7796   0.3497     0.3391    0.7853   0.3202    4.78e-03  (ETA 1m00s)
    13       7s     1m37s    0.9832   0.8032   0.3527     0.3638    0.7970   0.3019    4.78e-03  (ETA 52s)
    14       7s     1m45s    1.1987   0.7968   0.3765     0.3723    0.7798   0.3564    4.78e-03  (ETA 45s)
    15       7s     1m52s    0.8826   0.8263   0.2411     0.2438    0.7590   0.2184    4.78e-03  (ETA 37s)
    16       7s     2m00s    1.1822   0.8121   0.3036     0.3106    0.7753   0.2797    4.78e-03  (ETA 30s)
    17       7s     2m07s    0.7996   0.8648   0.3705     0.3584    0.7824   0.3420    4.78e-03  (ETA 22s)
    18       7s     2m15s    0.3517   0.9222   0.3854     0.3711    0.8036   0.3430    4.78e-03  (ETA 15s)
    19       7s     2m22s    0.2658   0.9355   0.4033     0.3985    0.8074   0.3790    4.78e-03  (ETA 7s)
    20       7s     2m30s    0.4812   0.8958   0.4048     0.4039    0.8040   0.3909    4.78e-03  (done)
─────────────────────────────────────────────────────────────────────────────────────────────────────────
lp complete — 20 epochs | total: 2m30s | best epoch=20 val_acc=0.4048
─────────────────────────────────────────────────────────────────────────────────────────────────────────

>>> Stage 2: LoRA fine-tuning
  Parameters: 2,776,585 trainable / 71,966,217 total (3.86%)  |  LoRA: 1,081,344

─────────────────────────────────────────────────────────────────────────────────────────────────────────
  Stage: ft  |  lr=0.0001  |  max_epochs=200  |  grad_clip=2.0
 Epoch   EpTime   Elapsed    TrLoss    TrAcc    VaAcc   VaBalAcc   VaAUROC    VaF1w          LR
─────────────────────────────────────────────────────────────────────────────────────────────────────────
     1      17s       17s    1.3944   0.7566   0.3765     0.3819    0.7610   0.3683    6.15e-06  (ETA 58m24s)
     2      18s       35s    0.1787   0.9453   0.4033     0.4032    0.7773   0.4022    1.63e-05  (ETA 58m48s)
     3      27s     1m03s    0.0851   0.9726   0.4137     0.4159    0.7985   0.4128    3.23e-05  (ETA 1h09m28s)
     4      29s     1m33s    0.0388   0.9862   0.4405     0.4398    0.8014   0.4388    5.76e-05  (ETA 1h15m58s)
     5      17s     1m50s    0.0263   0.9911   0.4435     0.4390    0.8133   0.4373    9.78e-05  (ETA 1h12m02s)
     6      17s     2m08s    0.0161   0.9951   0.4345     0.4333    0.8134   0.4369    9.78e-05  (ETA 1h09m20s)
     7      28s     2m37s    0.0198   0.9921   0.4241     0.4217    0.8052   0.4162    9.78e-05  (ETA 1h12m22s)
     8      44s     3m21s    0.0070   0.9978   0.4762     0.4730    0.8194   0.4715    9.78e-05  (ETA 1h20m41s)
     9      35s     3m56s    0.0034   0.9992   0.4732     0.4688    0.8241   0.4596    9.78e-05  (ETA 1h23m48s)
    10      17s     4m14s    0.0038   0.9990   0.4435     0.4433    0.8188   0.4383    9.78e-05  (ETA 1h20m43s)
    11      21s     4m36s    0.0021   0.9997   0.4583     0.4537    0.8163   0.4515    9.78e-05  (ETA 1h19m15s)
    12      17s     4m54s    0.0051   0.9987   0.4509     0.4533    0.8171   0.4498    9.78e-05  (ETA 1h16m50s)
    13      17s     5m11s    0.0025   0.9990   0.4613     0.4603    0.8172   0.4611    9.78e-05  (ETA 1h14m44s)
    14      17s     5m29s    0.0022   0.9995   0.4554     0.4498    0.8230   0.4453    9.78e-05  (ETA 1h12m54s)
    15      17s     5m46s    0.0019   0.9997   0.4598     0.4560    0.8226   0.4535    4.89e-05  (ETA 1h11m16s)
    16      17s     6m04s    0.0010   0.9998   0.4613     0.4576    0.8186   0.4553    4.89e-05  (ETA 1h09m49s)
    17      17s     6m21s    0.0004   1.0000   0.4613     0.4591    0.8215   0.4564    4.89e-05  (ETA 1h08m29s)
    18      17s     6m39s    0.0003   1.0000   0.4598     0.4572    0.8204   0.4565    4.89e-05  (ETA 1h07m16s)
    19      17s     6m56s    0.0003   1.0000   0.4628     0.4599    0.8211   0.4593    4.89e-05  (ETA 1h06m10s)
Early stopping at epoch 19 (patience=10)
─────────────────────────────────────────────────────────────────────────────────────────────────────────
ft complete — 19 epochs | total: 6m56s | best epoch=8 val_acc=0.4762
─────────────────────────────────────────────────────────────────────────────────────────────────────────
LoRA adapter saved → /home/apasinato/jade-mscthesis/outputs/ft_checkpoints/ft_thu-ep_9-class_w10s10_pool_no_r16_nomixup_fold_4/lora_adapter
Head weights saved → /home/apasinato/jade-mscthesis/outputs/ft_checkpoints/ft_thu-ep_9-class_w10s10_pool_no_r16_nomixup_fold_4/head_weights.pt

#########################################################################################################
  Fold 5/10  |  thu-ep  |  task=9-class  |  pooling=no  |  LoRA r=16  |  device=cuda
  train: 71 subjects  |  val: 8 subjects
#########################################################################################################
Building datasets ...  done in 8s  (train=5,940  val=672)

>>> Stage 1: LP warmup  |  trainable params: 1,695,241

─────────────────────────────────────────────────────────────────────────────────────────────────────────
  Stage: lp  |  lr=0.005  |  max_epochs=20  |  grad_clip=2.0
 Epoch   EpTime   Elapsed    TrLoss    TrAcc    VaAcc   VaBalAcc   VaAUROC    VaF1w          LR
─────────────────────────────────────────────────────────────────────────────────────────────────────────
     1       8s        8s    2.7964   0.1253   0.1161     0.1204    0.6619   0.0397    6.02e-04  (ETA 2m42s)
     2      11s       20s   13.5585   0.1333   0.1711     0.1775    0.6581   0.0836    1.92e-03  (ETA 3m01s)
     3       7s       27s   34.5191   0.1340   0.1116     0.1157    0.6088   0.0289    4.78e-03  (ETA 2m37s)
     4       7s       35s   49.2318   0.1355   0.1801     0.1512    0.6638   0.0862    4.78e-03  (ETA 2m21s)
     5       8s       44s   25.0445   0.1985   0.2113     0.2191    0.7203   0.1553    4.78e-03  (ETA 2m13s)
     6      14s       59s   12.7931   0.3044   0.3006     0.3040    0.7364   0.2605    4.78e-03  (ETA 2m18s)
     7       8s     1m07s    7.5340   0.3970   0.2217     0.2269    0.7362   0.1652    4.78e-03  (ETA 2m05s)
     8      17s     1m25s    3.2558   0.5586   0.3080     0.3183    0.7717   0.2776    4.78e-03  (ETA 2m07s)
     9      21s     1m46s    2.8977   0.6047   0.3140     0.3144    0.7635   0.2993    4.78e-03  (ETA 2m09s)
    10      21s     2m07s    2.2053   0.6682   0.3438     0.3438    0.7727   0.3262    4.78e-03  (ETA 2m07s)
    11      11s     2m19s    1.4656   0.7446   0.3244     0.3314    0.7788   0.2719    4.78e-03  (ETA 1m53s)
    12       7s     2m26s    1.1783   0.7744   0.3497     0.3530    0.7895   0.3257    4.78e-03  (ETA 1m37s)
    13       7s     2m34s    0.9626   0.8109   0.3988     0.4024    0.7963   0.3975    4.78e-03  (ETA 1m22s)
    14       7s     2m41s    1.0764   0.8054   0.4211     0.4205    0.7831   0.4131    4.78e-03  (ETA 1m09s)
    15       7s     2m49s    1.2023   0.8049   0.2783     0.2840    0.7584   0.2587    4.78e-03  (ETA 56s)
    16       7s     2m56s    0.7318   0.8641   0.3676     0.3688    0.7889   0.3426    4.78e-03  (ETA 44s)
    17       7s     3m04s    0.9681   0.8438   0.3765     0.3789    0.8006   0.3662    4.78e-03  (ETA 32s)
    18       7s     3m11s    0.5786   0.8842   0.3690     0.3785    0.7930   0.3450    4.78e-03  (ETA 21s)
    19       7s     3m19s    0.3959   0.9125   0.3899     0.4039    0.7962   0.3545    4.78e-03  (ETA 10s)
    20       7s     3m26s    0.2758   0.9345   0.3958     0.4051    0.8066   0.3673    4.78e-03  (done)
─────────────────────────────────────────────────────────────────────────────────────────────────────────
lp complete — 20 epochs | total: 3m26s | best epoch=14 val_acc=0.4211
─────────────────────────────────────────────────────────────────────────────────────────────────────────

>>> Stage 2: LoRA fine-tuning
  Parameters: 2,776,585 trainable / 71,966,217 total (3.86%)  |  LoRA: 1,081,344

─────────────────────────────────────────────────────────────────────────────────────────────────────────
  Stage: ft  |  lr=0.0001  |  max_epochs=200  |  grad_clip=2.0
 Epoch   EpTime   Elapsed    TrLoss    TrAcc    VaAcc   VaBalAcc   VaAUROC    VaF1w          LR
─────────────────────────────────────────────────────────────────────────────────────────────────────────
     1      17s       17s    5.3268   0.3857   0.3438     0.3426    0.7472   0.3335    6.07e-06  (ETA 58m17s)
     2      17s       35s    0.3449   0.9084   0.3869     0.3881    0.7603   0.3872    1.61e-05  (ETA 58m03s)
     3      17s       52s    0.1295   0.9571   0.4062     0.4117    0.7707   0.4016    3.20e-05  (ETA 57m45s)
     4      17s     1m10s    0.0691   0.9781   0.4107     0.4120    0.7798   0.4126    5.73e-05  (ETA 57m26s)
     5      17s     1m27s    0.0493   0.9838   0.4062     0.4074    0.7866   0.4028    9.73e-05  (ETA 57m06s)
     6      17s     1m45s    0.0405   0.9862   0.4122     0.4178    0.7946   0.3981    9.73e-05  (ETA 56m49s)
     7      17s     2m02s    0.0275   0.9906   0.4033     0.4059    0.7898   0.4001    9.73e-05  (ETA 56m30s)
     8      17s     2m20s    0.0165   0.9951   0.4479     0.4491    0.8005   0.4484    9.73e-05  (ETA 56m13s)
     9      17s     2m38s    0.0121   0.9965   0.4375     0.4414    0.7951   0.4312    9.73e-05  (ETA 55m55s)
    10      17s     2m55s    0.0108   0.9970   0.4152     0.4140    0.7976   0.4149    9.73e-05  (ETA 55m35s)
    11      17s     3m13s    0.0059   0.9985   0.4330     0.4398    0.8005   0.4265    9.73e-05  (ETA 55m17s)
    12      17s     3m30s    0.0055   0.9983   0.4137     0.4201    0.7944   0.4075    9.73e-05  (ETA 54m58s)
    13      17s     3m48s    0.0048   0.9987   0.3973     0.4047    0.7949   0.3949    9.73e-05  (ETA 54m40s)
    14      17s     4m05s    0.0046   0.9990   0.4241     0.4279    0.7996   0.4177    9.73e-05  (ETA 54m22s)
    15      17s     4m22s    0.0027   0.9997   0.4182     0.4225    0.8000   0.4147    4.86e-05  (ETA 54m03s)
    16      17s     4m40s    0.0012   1.0000   0.4315     0.4360    0.8007   0.4260    4.86e-05  (ETA 53m45s)
    17      17s     4m57s    0.0009   1.0000   0.4271     0.4309    0.8006   0.4237    4.86e-05  (ETA 53m26s)
    18      17s     5m15s    0.0008   1.0000   0.4226     0.4263    0.8019   0.4194    4.86e-05  (ETA 53m09s)
    19      17s     5m32s    0.0008   1.0000   0.4301     0.4344    0.8026   0.4279    4.86e-05  (ETA 52m50s)
Early stopping at epoch 19 (patience=10)
─────────────────────────────────────────────────────────────────────────────────────────────────────────
ft complete — 19 epochs | total: 5m32s | best epoch=8 val_acc=0.4479
─────────────────────────────────────────────────────────────────────────────────────────────────────────
LoRA adapter saved → /home/apasinato/jade-mscthesis/outputs/ft_checkpoints/ft_thu-ep_9-class_w10s10_pool_no_r16_nomixup_fold_5/lora_adapter
Head weights saved → /home/apasinato/jade-mscthesis/outputs/ft_checkpoints/ft_thu-ep_9-class_w10s10_pool_no_r16_nomixup_fold_5/head_weights.pt

#########################################################################################################
  Fold 6/10  |  thu-ep  |  task=9-class  |  pooling=no  |  LoRA r=16  |  device=cuda
  train: 71 subjects  |  val: 8 subjects
#########################################################################################################
Building datasets ...  done in 8s  (train=5,949  val=663)

>>> Stage 1: LP warmup  |  trainable params: 1,695,241

─────────────────────────────────────────────────────────────────────────────────────────────────────────
  Stage: lp  |  lr=0.005  |  max_epochs=20  |  grad_clip=2.0
 Epoch   EpTime   Elapsed    TrLoss    TrAcc    VaAcc   VaBalAcc   VaAUROC    VaF1w          LR
─────────────────────────────────────────────────────────────────────────────────────────────────────────
     1       7s        7s    3.0283   0.1165   0.1448     0.1182    0.6752   0.0505    6.02e-04  (ETA 2m25s)
     2       7s       15s   10.9581   0.1397   0.1086     0.1111    0.6666   0.0213    1.92e-03  (ETA 2m16s)
     3       7s       22s   51.2311   0.1118   0.1071     0.1096    0.5977   0.0210    4.78e-03  (ETA 2m08s)
     4       7s       30s   47.2196   0.1491   0.1750     0.1609    0.6298   0.0908    4.78e-03  (ETA 2m00s)
     5       7s       37s   28.8812   0.2031   0.1493     0.1529    0.6840   0.0616    4.78e-03  (ETA 1m52s)
     6       7s       45s    9.9443   0.3584   0.2293     0.2340    0.7442   0.1899    4.78e-03  (ETA 1m45s)
     7       7s       52s    5.9545   0.4592   0.2202     0.2263    0.7553   0.1786    4.78e-03  (ETA 1m37s)
     8       7s     1m00s    2.6611   0.6053   0.3937     0.3923    0.7934   0.3777    4.78e-03  (ETA 1m30s)
     9       7s     1m07s    2.2830   0.6662   0.3122     0.3091    0.7935   0.2933    4.78e-03  (ETA 1m22s)
    10       7s     1m15s    1.4895   0.7440   0.3997     0.4081    0.8152   0.3878    4.78e-03  (ETA 1m15s)
    11       7s     1m22s    1.0281   0.7919   0.3122     0.3052    0.7978   0.3017    4.78e-03  (ETA 1m07s)
    12       7s     1m30s    0.8687   0.8250   0.3695     0.3691    0.7985   0.3429    4.78e-03  (ETA 1m00s)
    13       7s     1m37s    0.8512   0.8391   0.3544     0.3572    0.7862   0.3447    4.78e-03  (ETA 52s)
    14       7s     1m44s    0.8124   0.8435   0.3379     0.3284    0.7938   0.3096    4.78e-03  (ETA 44s)
    15       7s     1m52s    1.1642   0.8265   0.3801     0.3873    0.7966   0.3583    4.78e-03  (ETA 37s)
    16       7s     1m59s    0.7647   0.8655   0.3017     0.2820    0.7890   0.2758    4.78e-03  (ETA 29s)
    17       7s     2m07s    0.3416   0.9208   0.3997     0.4038    0.8031   0.3690    2.39e-03  (ETA 22s)
    18       7s     2m14s    0.0667   0.9805   0.4057     0.3994    0.8107   0.3977    2.39e-03  (ETA 14s)
    19       7s     2m22s    0.0113   0.9966   0.4178     0.4124    0.8097   0.4146    2.39e-03  (ETA 7s)
    20       7s     2m29s    0.0015   0.9998   0.4284     0.4231    0.8126   0.4281    2.39e-03  (done)
─────────────────────────────────────────────────────────────────────────────────────────────────────────
lp complete — 20 epochs | total: 2m29s | best epoch=20 val_acc=0.4284
─────────────────────────────────────────────────────────────────────────────────────────────────────────

>>> Stage 2: LoRA fine-tuning
  Parameters: 2,776,585 trainable / 71,966,217 total (3.86%)  |  LoRA: 1,081,344

─────────────────────────────────────────────────────────────────────────────────────────────────────────
  Stage: ft  |  lr=0.0001  |  max_epochs=200  |  grad_clip=2.0
 Epoch   EpTime   Elapsed    TrLoss    TrAcc    VaAcc   VaBalAcc   VaAUROC    VaF1w          LR
─────────────────────────────────────────────────────────────────────────────────────────────────────────
     1      17s       17s    2.5879   0.6013   0.3635     0.3573    0.7674   0.3545    6.15e-06  (ETA 58m26s)
     2      17s       35s    0.2325   0.9281   0.3680     0.3637    0.7812   0.3659    1.63e-05  (ETA 58m09s)
     3      17s       52s    0.0333   0.9879   0.3906     0.3846    0.7926   0.3894    3.23e-05  (ETA 57m58s)
     4      17s     1m10s    0.0114   0.9963   0.3937     0.3873    0.7990   0.3912    5.76e-05  (ETA 57m39s)
     5      17s     1m28s    0.0058   0.9988   0.4057     0.3998    0.8045   0.4027    9.78e-05  (ETA 57m20s)
     6      17s     1m45s    0.0086   0.9975   0.4133     0.4066    0.8070   0.4084    9.78e-05  (ETA 57m02s)
     7      17s     2m03s    0.0037   0.9988   0.4314     0.4269    0.8120   0.4314    9.78e-05  (ETA 56m43s)
     8      17s     2m20s    0.0014   0.9998   0.4118     0.4077    0.8124   0.4105    9.78e-05  (ETA 56m23s)
     9      17s     2m38s    0.0018   0.9997   0.4193     0.4129    0.8095   0.4168    9.78e-05  (ETA 56m03s)
    10      17s     2m56s    0.0008   1.0000   0.4193     0.4117    0.8113   0.4179    9.78e-05  (ETA 55m44s)
    11      17s     3m13s    0.0005   1.0000   0.4253     0.4202    0.8142   0.4240    9.78e-05  (ETA 55m25s)
    12      17s     3m31s    0.0005   1.0000   0.4208     0.4141    0.8133   0.4208    9.78e-05  (ETA 55m06s)
    13      17s     3m48s    0.0021   0.9993   0.4087     0.4024    0.8123   0.4066    9.78e-05  (ETA 54m48s)
    14      17s     4m06s    0.0010   1.0000   0.4163     0.4091    0.8137   0.4157    4.89e-05  (ETA 54m29s)
    15      17s     4m23s    0.0007   1.0000   0.4389     0.4374    0.8176   0.4402    4.89e-05  (ETA 54m12s)
    16      17s     4m41s    0.0003   1.0000   0.4238     0.4172    0.8149   0.4235    4.89e-05  (ETA 53m53s)
    17      17s     4m58s    0.0002   1.0000   0.4314     0.4258    0.8158   0.4316    4.89e-05  (ETA 53m35s)
    18      17s     5m16s    0.0002   1.0000   0.4253     0.4194    0.8151   0.4266    4.89e-05  (ETA 53m17s)
    19      17s     5m33s    0.0003   1.0000   0.4148     0.4079    0.8151   0.4150    4.89e-05  (ETA 52m59s)
    20      17s     5m51s    0.0008   1.0000   0.4299     0.4241    0.8149   0.4296    4.89e-05  (ETA 52m41s)
    21      17s     6m08s    0.0002   1.0000   0.4253     0.4199    0.8152   0.4252    4.89e-05  (ETA 52m23s)
    22      17s     6m26s    0.0002   1.0000   0.4208     0.4143    0.8151   0.4208    2.45e-05  (ETA 52m05s)
    23      17s     6m43s    0.0001   1.0000   0.4284     0.4224    0.8156   0.4275    2.45e-05  (ETA 51m47s)
    24      17s     7m01s    0.0002   1.0000   0.4299     0.4241    0.8152   0.4291    2.45e-05  (ETA 51m29s)
    25      17s     7m18s    0.0001   1.0000   0.4329     0.4271    0.8158   0.4324    2.45e-05  (ETA 51m12s)
    26      17s     7m36s    0.0001   1.0000   0.4238     0.4178    0.8158   0.4236    2.45e-05  (ETA 50m54s)
Early stopping at epoch 26 (patience=10)
─────────────────────────────────────────────────────────────────────────────────────────────────────────
ft complete — 26 epochs | total: 7m36s | best epoch=15 val_acc=0.4389
─────────────────────────────────────────────────────────────────────────────────────────────────────────
LoRA adapter saved → /home/apasinato/jade-mscthesis/outputs/ft_checkpoints/ft_thu-ep_9-class_w10s10_pool_no_r16_nomixup_fold_6/lora_adapter
Head weights saved → /home/apasinato/jade-mscthesis/outputs/ft_checkpoints/ft_thu-ep_9-class_w10s10_pool_no_r16_nomixup_fold_6/head_weights.pt

#########################################################################################################
  Fold 7/10  |  thu-ep  |  task=9-class  |  pooling=no  |  LoRA r=16  |  device=cuda
  train: 71 subjects  |  val: 8 subjects
#########################################################################################################
Building datasets ...  done in 8s  (train=5,940  val=672)

>>> Stage 1: LP warmup  |  trainable params: 1,695,241

─────────────────────────────────────────────────────────────────────────────────────────────────────────
  Stage: lp  |  lr=0.005  |  max_epochs=20  |  grad_clip=2.0
 Epoch   EpTime   Elapsed    TrLoss    TrAcc    VaAcc   VaBalAcc   VaAUROC    VaF1w          LR
─────────────────────────────────────────────────────────────────────────────────────────────────────────
     1       7s        7s    2.7448   0.1205   0.1339     0.1389    0.6672   0.0667    6.02e-04  (ETA 2m25s)
     2       7s       15s   13.7702   0.1492   0.1071     0.1111    0.6310   0.0207    1.92e-03  (ETA 2m16s)
     3       7s       22s   51.3981   0.1276   0.1860     0.1929    0.6417   0.0917    4.78e-03  (ETA 2m08s)
     4       7s       30s   46.2771   0.1508   0.1771     0.1836    0.6933   0.0839    4.78e-03  (ETA 2m00s)
     5       7s       37s   22.8496   0.2195   0.1696     0.1759    0.7129   0.0909    4.78e-03  (ETA 1m53s)
     6       7s       45s   12.8464   0.3049   0.2560     0.2608    0.7409   0.2103    4.78e-03  (ETA 1m45s)
     7       7s       52s    5.6312   0.4875   0.2679     0.2631    0.7455   0.2362    4.78e-03  (ETA 1m38s)
     8       7s     1m00s    3.6783   0.5731   0.3170     0.3075    0.7465   0.2764    4.78e-03  (ETA 1m30s)
     9       7s     1m07s    2.1670   0.6749   0.3408     0.3438    0.7561   0.3134    4.78e-03  (ETA 1m23s)
    10       7s     1m15s    1.8250   0.7232   0.2917     0.2959    0.7615   0.2729    4.78e-03  (ETA 1m15s)
    11       7s     1m23s    1.2095   0.7904   0.2917     0.2959    0.7297   0.2477    4.78e-03  (ETA 1m07s)
    12       7s     1m30s    1.1068   0.8054   0.3512     0.3538    0.7701   0.3396    4.78e-03  (ETA 1m00s)
    13       7s     1m38s    0.6893   0.8572   0.3185     0.3164    0.7588   0.2959    4.78e-03  (ETA 52s)
    14       7s     1m45s    1.0401   0.8316   0.3244     0.3302    0.7615   0.3023    4.78e-03  (ETA 45s)
    15       7s     1m53s    0.8861   0.8444   0.3080     0.3013    0.7593   0.2773    4.78e-03  (ETA 37s)
    16       7s     2m00s    0.6119   0.8825   0.3199     0.3179    0.7545   0.2950    4.78e-03  (ETA 30s)
    17       7s     2m08s    0.4634   0.9061   0.3542     0.3569    0.7446   0.3431    4.78e-03  (ETA 22s)
    18       7s     2m15s    0.4829   0.9081   0.2932     0.2824    0.7578   0.2860    4.78e-03  (ETA 15s)
    19       7s     2m23s    0.3474   0.9264   0.3780     0.3781    0.7697   0.3766    4.78e-03  (ETA 7s)
    20       7s     2m30s    0.0906   0.9739   0.3720     0.3661    0.7758   0.3641    4.78e-03  (done)
─────────────────────────────────────────────────────────────────────────────────────────────────────────
lp complete — 20 epochs | total: 2m30s | best epoch=19 val_acc=0.3780
─────────────────────────────────────────────────────────────────────────────────────────────────────────

>>> Stage 2: LoRA fine-tuning
  Parameters: 2,776,585 trainable / 71,966,217 total (3.86%)  |  LoRA: 1,081,344

─────────────────────────────────────────────────────────────────────────────────────────────────────────
  Stage: ft  |  lr=0.0001  |  max_epochs=200  |  grad_clip=2.0
 Epoch   EpTime   Elapsed    TrLoss    TrAcc    VaAcc   VaBalAcc   VaAUROC    VaF1w          LR
─────────────────────────────────────────────────────────────────────────────────────────────────────────
     1      17s       17s   11.5149   0.2285   0.2634     0.2666    0.6925   0.2329    5.98e-06  (ETA 58m32s)
     2      17s       35s    0.8821   0.8384   0.3408     0.3410    0.7331   0.3444    1.60e-05  (ETA 58m16s)
     3      17s       53s    0.1180   0.9640   0.3601     0.3592    0.7450   0.3600    3.18e-05  (ETA 58m04s)
     4      17s     1m10s    0.0401   0.9857   0.3765     0.3750    0.7573   0.3782    5.69e-05  (ETA 57m43s)
     5      17s     1m28s    0.0209   0.9933   0.3988     0.3970    0.7674   0.3997    9.67e-05  (ETA 57m23s)
     6      17s     1m45s    0.0123   0.9958   0.3914     0.3916    0.7719   0.3921    9.67e-05  (ETA 57m02s)
     7      17s     2m03s    0.0087   0.9968   0.3929     0.3935    0.7715   0.3910    9.67e-05  (ETA 56m40s)
     8      17s     2m20s    0.0070   0.9975   0.3958     0.3970    0.7773   0.3979    9.67e-05  (ETA 56m20s)
     9      17s     2m38s    0.0022   0.9995   0.3973     0.3970    0.7788   0.3995    9.67e-05  (ETA 56m00s)
    10      17s     2m55s    0.0047   0.9985   0.3765     0.3750    0.7748   0.3759    9.67e-05  (ETA 55m42s)
    11      17s     3m13s    0.0071   0.9971   0.3943     0.3978    0.7752   0.3934    9.67e-05  (ETA 55m23s)
    12      17s     3m30s    0.0011   0.9998   0.3973     0.3962    0.7817   0.3970    9.67e-05  (ETA 55m04s)
    13      17s     3m48s    0.0019   0.9997   0.4018     0.4059    0.7787   0.3997    9.67e-05  (ETA 54m46s)
    14      17s     4m05s    0.0043   0.9988   0.3914     0.3916    0.7760   0.3904    9.67e-05  (ETA 54m28s)
    15      17s     4m23s    0.0012   0.9998   0.3958     0.3947    0.7767   0.3971    9.67e-05  (ETA 54m10s)
    16      17s     4m41s    0.0003   1.0000   0.3958     0.3954    0.7782   0.3967    9.67e-05  (ETA 53m51s)
    17      17s     4m58s    0.0002   1.0000   0.3899     0.3900    0.7801   0.3903    9.67e-05  (ETA 53m34s)
    18      17s     5m16s    0.0002   1.0000   0.3973     0.3954    0.7801   0.3976    9.67e-05  (ETA 53m16s)
    19      17s     5m33s    0.0006   0.9998   0.4092     0.4086    0.7800   0.4088    9.67e-05  (ETA 52m58s)
    20      17s     5m51s    0.0026   0.9993   0.3899     0.3846    0.7795   0.3864    9.67e-05  (ETA 52m40s)
    21      17s     6m08s    0.0015   0.9997   0.3929     0.3927    0.7796   0.3938    9.67e-05  (ETA 52m22s)
    22      17s     6m26s    0.0007   1.0000   0.4003     0.4001    0.7798   0.3987    9.67e-05  (ETA 52m04s)
    23      17s     6m43s    0.0004   1.0000   0.4077     0.4062    0.7803   0.4086    9.67e-05  (ETA 51m47s)
    24      17s     7m01s    0.0001   1.0000   0.4003     0.4020    0.7803   0.4001    9.67e-05  (ETA 51m29s)
    25      17s     7m18s    0.0001   1.0000   0.3958     0.3951    0.7810   0.3969    9.67e-05  (ETA 51m11s)
    26      17s     7m36s    0.0001   1.0000   0.4018     0.4012    0.7809   0.4028    4.84e-05  (ETA 50m53s)
    27      17s     7m53s    0.0001   1.0000   0.3988     0.3974    0.7817   0.3993    4.84e-05  (ETA 50m36s)
    28      17s     8m11s    0.0001   1.0000   0.4018     0.4005    0.7821   0.4020    4.84e-05  (ETA 50m18s)
    29      17s     8m28s    0.0001   1.0000   0.4077     0.4070    0.7829   0.4090    4.84e-05  (ETA 50m00s)
    30      17s     8m46s    0.0001   1.0000   0.3988     0.3970    0.7824   0.3994    4.84e-05  (ETA 49m42s)
Early stopping at epoch 30 (patience=10)
─────────────────────────────────────────────────────────────────────────────────────────────────────────
ft complete — 30 epochs | total: 8m46s | best epoch=19 val_acc=0.4092
─────────────────────────────────────────────────────────────────────────────────────────────────────────
LoRA adapter saved → /home/apasinato/jade-mscthesis/outputs/ft_checkpoints/ft_thu-ep_9-class_w10s10_pool_no_r16_nomixup_fold_7/lora_adapter
Head weights saved → /home/apasinato/jade-mscthesis/outputs/ft_checkpoints/ft_thu-ep_9-class_w10s10_pool_no_r16_nomixup_fold_7/head_weights.pt

#########################################################################################################
  Fold 8/10  |  thu-ep  |  task=9-class  |  pooling=no  |  LoRA r=16  |  device=cuda
  train: 71 subjects  |  val: 8 subjects
#########################################################################################################
Building datasets ...  done in 10s  (train=5,940  val=672)

>>> Stage 1: LP warmup  |  trainable params: 1,695,241

─────────────────────────────────────────────────────────────────────────────────────────────────────────
  Stage: lp  |  lr=0.005  |  max_epochs=20  |  grad_clip=2.0
 Epoch   EpTime   Elapsed    TrLoss    TrAcc    VaAcc   VaBalAcc   VaAUROC    VaF1w          LR
─────────────────────────────────────────────────────────────────────────────────────────────────────────
     1       7s        7s    2.7923   0.1219   0.1071     0.1111    0.6793   0.0207    6.02e-04  (ETA 2m27s)
     2       7s       15s   11.5731   0.1340   0.1086     0.1123    0.6443   0.0237    1.92e-03  (ETA 2m17s)
     3       7s       22s   37.5558   0.1296   0.1071     0.1111    0.6673   0.0207    4.78e-03  (ETA 2m09s)
     4       7s       30s   59.4523   0.1512   0.1190     0.1235    0.7344   0.0423    4.78e-03  (ETA 2m01s)
     5       7s       37s   23.5160   0.2069   0.1726     0.1767    0.7400   0.0743    4.78e-03  (ETA 1m53s)
     6       7s       45s   11.3377   0.3424   0.2693     0.2735    0.8033   0.1881    4.78e-03  (ETA 1m45s)
     7       7s       52s    5.5815   0.4870   0.2604     0.2500    0.8018   0.2156    4.78e-03  (ETA 1m38s)
     8       7s     1m00s    3.5193   0.5909   0.3646     0.3719    0.8176   0.3353    4.78e-03  (ETA 1m30s)
     9       7s     1m08s    2.1019   0.6845   0.4018     0.4016    0.8281   0.3724    4.78e-03  (ETA 1m23s)
    10       7s     1m15s    1.4872   0.7572   0.3735     0.3723    0.8242   0.3576    4.78e-03  (ETA 1m15s)
    11       7s     1m23s    1.5338   0.7695   0.4568     0.4552    0.8340   0.4568    4.78e-03  (ETA 1m08s)
    12       7s     1m30s    0.8211   0.8493   0.3869     0.3927    0.8291   0.3898    4.78e-03  (ETA 1m00s)
    13       7s     1m38s    1.0516   0.8268   0.3869     0.3812    0.8226   0.3622    4.78e-03  (ETA 52s)
    14       7s     1m45s    0.8614   0.8569   0.3438     0.3526    0.8131   0.3217    4.78e-03  (ETA 45s)
    15       7s     1m53s    1.0621   0.8394   0.3259     0.3160    0.8078   0.2925    4.78e-03  (ETA 37s)
    16       7s     2m00s    0.6673   0.8798   0.3601     0.3546    0.8173   0.3298    4.78e-03  (ETA 30s)
    17       7s     2m08s    0.6815   0.8912   0.3735     0.3846    0.8247   0.3247    4.78e-03  (ETA 22s)
    18       7s     2m15s    0.4599   0.9190   0.4271     0.4352    0.8296   0.4081    2.39e-03  (ETA 15s)
    19       7s     2m23s    0.0512   0.9848   0.4464     0.4417    0.8311   0.4471    2.39e-03  (ETA 7s)
    20       7s     2m31s    0.0054   0.9983   0.4405     0.4402    0.8319   0.4396    2.39e-03  (done)
─────────────────────────────────────────────────────────────────────────────────────────────────────────
lp complete — 20 epochs | total: 2m31s | best epoch=11 val_acc=0.4568
─────────────────────────────────────────────────────────────────────────────────────────────────────────

>>> Stage 2: LoRA fine-tuning
  Parameters: 2,776,585 trainable / 71,966,217 total (3.86%)  |  LoRA: 1,081,344

─────────────────────────────────────────────────────────────────────────────────────────────────────────
  Stage: ft  |  lr=0.0001  |  max_epochs=200  |  grad_clip=2.0
 Epoch   EpTime   Elapsed    TrLoss    TrAcc    VaAcc   VaBalAcc   VaAUROC    VaF1w          LR
─────────────────────────────────────────────────────────────────────────────────────────────────────────
     1      17s       17s    3.7044   0.5271   0.3810     0.3773    0.7920   0.3617    6.15e-06  (ETA 58m41s)
     2      17s       35s    0.6433   0.8396   0.4271     0.4271    0.8099   0.4248    1.63e-05  (ETA 58m22s)
     3      17s       53s    0.2613   0.9224   0.4479     0.4479    0.8297   0.4480    3.23e-05  (ETA 58m04s)
     4      17s     1m10s    0.1319   0.9547   0.4598     0.4591    0.8410   0.4607    5.76e-05  (ETA 57m46s)
     5      17s     1m28s    0.0961   0.9665   0.4836     0.4799    0.8429   0.4828    9.78e-05  (ETA 57m27s)
     6      17s     1m45s    0.0571   0.9803   0.4762     0.4745    0.8469   0.4769    9.78e-05  (ETA 57m06s)
     7      17s     2m03s    0.0547   0.9810   0.4554     0.4529    0.8459   0.4559    9.78e-05  (ETA 56m45s)
     8      17s     2m21s    0.0394   0.9875   0.4613     0.4622    0.8461   0.4615    9.78e-05  (ETA 56m25s)
     9      17s     2m38s    0.0233   0.9919   0.4598     0.4606    0.8449   0.4483    9.78e-05  (ETA 56m04s)
    10      17s     2m56s    0.0229   0.9924   0.4449     0.4433    0.8435   0.4436    9.78e-05  (ETA 55m45s)
    11      17s     3m13s    0.0221   0.9923   0.4673     0.4641    0.8465   0.4658    9.78e-05  (ETA 55m26s)
    12      17s     3m31s    0.0122   0.9963   0.4792     0.4757    0.8467   0.4777    9.78e-05  (ETA 55m07s)
    13      17s     3m48s    0.0051   0.9985   0.4613     0.4572    0.8435   0.4604    9.78e-05  (ETA 54m49s)
    14      17s     4m06s    0.0071   0.9980   0.4807     0.4815    0.8451   0.4811    9.78e-05  (ETA 54m30s)
    15      17s     4m23s    0.0053   0.9981   0.4911     0.4904    0.8476   0.4929    9.78e-05  (ETA 54m12s)
    16      17s     4m41s    0.0076   0.9983   0.4702     0.4695    0.8474   0.4685    9.78e-05  (ETA 53m54s)
    17      17s     4m58s    0.0023   0.9998   0.4777     0.4765    0.8498   0.4770    9.78e-05  (ETA 53m36s)
    18      17s     5m16s    0.0029   0.9993   0.4643     0.4630    0.8494   0.4631    9.78e-05  (ETA 53m17s)
    19      17s     5m33s    0.0044   0.9988   0.4643     0.4711    0.8494   0.4657    9.78e-05  (ETA 52m59s)
    20      17s     5m51s    0.0049   0.9987   0.4420     0.4437    0.8463   0.4370    9.78e-05  (ETA 52m41s)
    21      17s     6m08s    0.0064   0.9976   0.4777     0.4776    0.8494   0.4817    9.78e-05  (ETA 52m22s)
    22      17s     6m26s    0.0015   0.9997   0.4717     0.4691    0.8479   0.4703    4.89e-05  (ETA 52m04s)
    23      17s     6m43s    0.0006   1.0000   0.4747     0.4742    0.8490   0.4752    4.89e-05  (ETA 51m46s)
    24      17s     7m01s    0.0006   1.0000   0.4747     0.4738    0.8491   0.4757    4.89e-05  (ETA 51m28s)
    25      17s     7m18s    0.0003   1.0000   0.4688     0.4680    0.8490   0.4694    4.89e-05  (ETA 51m10s)
    26      17s     7m36s    0.0003   1.0000   0.4777     0.4772    0.8490   0.4788    4.89e-05  (ETA 50m52s)
Early stopping at epoch 26 (patience=10)
─────────────────────────────────────────────────────────────────────────────────────────────────────────
ft complete — 26 epochs | total: 7m36s | best epoch=15 val_acc=0.4911
─────────────────────────────────────────────────────────────────────────────────────────────────────────
LoRA adapter saved → /home/apasinato/jade-mscthesis/outputs/ft_checkpoints/ft_thu-ep_9-class_w10s10_pool_no_r16_nomixup_fold_8/lora_adapter
Head weights saved → /home/apasinato/jade-mscthesis/outputs/ft_checkpoints/ft_thu-ep_9-class_w10s10_pool_no_r16_nomixup_fold_8/head_weights.pt

#########################################################################################################
  Fold 9/10  |  thu-ep  |  task=9-class  |  pooling=no  |  LoRA r=16  |  device=cuda
  train: 71 subjects  |  val: 8 subjects
#########################################################################################################
Building datasets ...  done in 7s  (train=5,940  val=672)

>>> Stage 1: LP warmup  |  trainable params: 1,695,241

─────────────────────────────────────────────────────────────────────────────────────────────────────────
  Stage: lp  |  lr=0.005  |  max_epochs=20  |  grad_clip=2.0
 Epoch   EpTime   Elapsed    TrLoss    TrAcc    VaAcc   VaBalAcc   VaAUROC    VaF1w          LR
─────────────────────────────────────────────────────────────────────────────────────────────────────────
     1       7s        7s    2.8905   0.1246   0.1086     0.1127    0.6919   0.0237    6.02e-04  (ETA 2m24s)
     2       7s       15s   12.1555   0.1350   0.1071     0.1111    0.6982   0.0207    1.92e-03  (ETA 2m16s)
     3       7s       22s   42.6145   0.1291   0.1071     0.1111    0.6901   0.0207    4.78e-03  (ETA 2m08s)
     4       7s       30s   48.9603   0.1645   0.1726     0.1790    0.7113   0.0612    4.78e-03  (ETA 2m01s)
     5       7s       37s   18.3778   0.2818   0.2961     0.2909    0.7968   0.2571    4.78e-03  (ETA 1m53s)
     6       7s       45s    7.3217   0.4549   0.3557     0.3684    0.8224   0.3169    4.78e-03  (ETA 1m45s)
     7       7s       52s    5.7601   0.5175   0.2991     0.3044    0.8186   0.2328    4.78e-03  (ETA 1m38s)
     8       7s     1m00s    3.9820   0.6210   0.3036     0.2897    0.8220   0.2237    4.78e-03  (ETA 1m30s)
     9       7s     1m07s    2.4836   0.7121   0.3155     0.2978    0.8118   0.2581    4.78e-03  (ETA 1m23s)
    10       7s     1m15s    2.2159   0.7449   0.4033     0.4136    0.8383   0.3762    4.78e-03  (ETA 1m15s)
    11       7s     1m23s    1.2076   0.8242   0.3631     0.3488    0.8322   0.3432    4.78e-03  (ETA 1m07s)
    12       7s     1m30s    0.9710   0.8507   0.4107     0.4151    0.8417   0.3621    4.78e-03  (ETA 1m00s)
    13       7s     1m38s    0.7537   0.8805   0.2842     0.2917    0.8042   0.2478    4.78e-03  (ETA 52s)
    14       7s     1m45s    1.1157   0.8606   0.3646     0.3546    0.8250   0.3336    4.78e-03  (ETA 45s)
    15       7s     1m53s    0.8763   0.8773   0.3958     0.3854    0.8290   0.3920    4.78e-03  (ETA 37s)
    16       7s     2m00s    1.0032   0.8746   0.3988     0.4082    0.8273   0.3764    4.78e-03  (ETA 30s)
    17       7s     2m08s    0.8160   0.8933   0.4583     0.4579    0.8411   0.4440    4.78e-03  (ETA 22s)
    18       7s     2m15s    0.5680   0.9184   0.4286     0.4174    0.8363   0.4079    4.78e-03  (ETA 15s)
    19       7s     2m23s    0.4445   0.9354   0.4435     0.4452    0.8442   0.4117    4.78e-03  (ETA 7s)
    20       7s     2m31s    0.1845   0.9655   0.4464     0.4387    0.8404   0.4429    4.78e-03  (done)
─────────────────────────────────────────────────────────────────────────────────────────────────────────
lp complete — 20 epochs | total: 2m31s | best epoch=17 val_acc=0.4583
─────────────────────────────────────────────────────────────────────────────────────────────────────────

>>> Stage 2: LoRA fine-tuning
  Parameters: 2,776,585 trainable / 71,966,217 total (3.86%)  |  LoRA: 1,081,344

─────────────────────────────────────────────────────────────────────────────────────────────────────────
  Stage: ft  |  lr=0.0001  |  max_epochs=200  |  grad_clip=2.0
 Epoch   EpTime   Elapsed    TrLoss    TrAcc    VaAcc   VaBalAcc   VaAUROC    VaF1w          LR
─────────────────────────────────────────────────────────────────────────────────────────────────────────
     1      17s       17s   17.4609   0.2332   0.2307     0.2384    0.7439   0.1481    5.98e-06  (ETA 58m22s)
     2      17s       35s    2.8671   0.7059   0.4048     0.4012    0.7972   0.4011    1.60e-05  (ETA 58m16s)
     3      17s       52s    0.2766   0.9300   0.4315     0.4255    0.8170   0.4297    3.18e-05  (ETA 57m59s)
     4      17s     1m10s    0.1092   0.9692   0.4524     0.4522    0.8308   0.4539    5.69e-05  (ETA 57m39s)
     5      17s     1m28s    0.0703   0.9790   0.4568     0.4556    0.8369   0.4521    9.67e-05  (ETA 57m20s)
     6      17s     1m45s    0.0429   0.9867   0.4792     0.4807    0.8468   0.4803    9.67e-05  (ETA 57m00s)
     7      17s     2m03s    0.0125   0.9955   0.4539     0.4498    0.8460   0.4535    9.67e-05  (ETA 56m40s)
     8      17s     2m20s    0.0216   0.9923   0.4792     0.4792    0.8453   0.4757    9.67e-05  (ETA 56m20s)
     9      17s     2m38s    0.0085   0.9963   0.4479     0.4444    0.8457   0.4444    9.67e-05  (ETA 56m00s)
    10      17s     2m55s    0.0109   0.9961   0.4598     0.4606    0.8485   0.4618    9.67e-05  (ETA 55m40s)
    11      17s     3m13s    0.0064   0.9975   0.4732     0.4715    0.8481   0.4759    9.67e-05  (ETA 55m22s)
    12      17s     3m30s    0.0042   0.9985   0.4747     0.4730    0.8496   0.4744    9.67e-05  (ETA 55m03s)
    13      17s     3m48s    0.0062   0.9978   0.4911     0.4911    0.8510   0.4924    9.67e-05  (ETA 54m46s)
    14      17s     4m05s    0.0028   0.9992   0.4807     0.4799    0.8489   0.4783    9.67e-05  (ETA 54m27s)
    15      17s     4m23s    0.0013   0.9995   0.4628     0.4622    0.8506   0.4666    9.67e-05  (ETA 54m09s)
    16      17s     4m40s    0.0025   0.9988   0.4673     0.4622    0.8449   0.4649    9.67e-05  (ETA 53m51s)
    17      17s     4m58s    0.0010   1.0000   0.4940     0.4946    0.8488   0.4949    9.67e-05  (ETA 53m33s)
    18      17s     5m16s    0.0032   0.9985   0.4688     0.4657    0.8484   0.4665    9.67e-05  (ETA 53m15s)
    19      17s     5m33s    0.0111   0.9968   0.4747     0.4668    0.8444   0.4791    9.67e-05  (ETA 52m57s)
    20      17s     5m51s    0.0005   0.9998   0.4866     0.4853    0.8517   0.4859    9.67e-05  (ETA 52m41s)
    21      17s     6m08s    0.0023   0.9990   0.4330     0.4217    0.8385   0.4389    9.67e-05  (ETA 52m23s)
    22      17s     6m26s    0.0003   0.9998   0.4792     0.4745    0.8461   0.4795    9.67e-05  (ETA 52m06s)
    23      17s     6m43s    0.0022   0.9992   0.4658     0.4630    0.8464   0.4657    9.67e-05  (ETA 51m48s)
    24      17s     7m01s    0.0007   0.9998   0.4821     0.4819    0.8494   0.4807    4.84e-05  (ETA 51m30s)
    25      17s     7m18s    0.0001   1.0000   0.4836     0.4823    0.8496   0.4839    4.84e-05  (ETA 51m12s)
    26      17s     7m36s    0.0000   1.0000   0.4866     0.4857    0.8493   0.4872    4.84e-05  (ETA 50m54s)
    27      17s     7m53s    0.0000   1.0000   0.4836     0.4823    0.8496   0.4848    4.84e-05  (ETA 50m36s)
    28      17s     8m11s    0.0000   1.0000   0.4792     0.4765    0.8487   0.4814    4.84e-05  (ETA 50m18s)
Early stopping at epoch 28 (patience=10)
─────────────────────────────────────────────────────────────────────────────────────────────────────────
ft complete — 28 epochs | total: 8m11s | best epoch=17 val_acc=0.4940
─────────────────────────────────────────────────────────────────────────────────────────────────────────
LoRA adapter saved → /home/apasinato/jade-mscthesis/outputs/ft_checkpoints/ft_thu-ep_9-class_w10s10_pool_no_r16_nomixup_fold_9/lora_adapter
Head weights saved → /home/apasinato/jade-mscthesis/outputs/ft_checkpoints/ft_thu-ep_9-class_w10s10_pool_no_r16_nomixup_fold_9/head_weights.pt

#########################################################################################################
  Fold 10/10  |  thu-ep  |  task=9-class  |  pooling=no  |  LoRA r=16  |  device=cuda
  train: 72 subjects  |  val: 7 subjects
#########################################################################################################
Building datasets ...  done in 8s  (train=6,024  val=588)

>>> Stage 1: LP warmup  |  trainable params: 1,695,241

─────────────────────────────────────────────────────────────────────────────────────────────────────────
  Stage: lp  |  lr=0.005  |  max_epochs=20  |  grad_clip=2.0
 Epoch   EpTime   Elapsed    TrLoss    TrAcc    VaAcc   VaBalAcc   VaAUROC    VaF1w          LR
─────────────────────────────────────────────────────────────────────────────────────────────────────────
     1       7s        7s    2.8389   0.1205   0.1071     0.1111    0.7019   0.0207    5.94e-04  (ETA 2m28s)
     2       7s       15s   13.4926   0.1326   0.1429     0.1111    0.6685   0.0357    1.92e-03  (ETA 2m17s)
     3       7s       22s   51.1741   0.1365   0.1650     0.1711    0.6569   0.0612    4.78e-03  (ETA 2m09s)
     4       7s       30s   54.3181   0.1627   0.1173     0.1204    0.7139   0.0398    4.78e-03  (ETA 2m01s)
     5       7s       38s   14.4531   0.2955   0.1820     0.1883    0.7725   0.1202    4.78e-03  (ETA 1m54s)
     6       7s       45s   12.3723   0.3609   0.2976     0.2734    0.7873   0.2454    4.78e-03  (ETA 1m46s)
     7       7s       53s    5.9422   0.5242   0.3963     0.4021    0.8329   0.3656    4.78e-03  (ETA 1m38s)
     8       7s     1m00s    2.6105   0.6725   0.2908     0.2985    0.8137   0.2801    4.78e-03  (ETA 1m31s)
     9       7s     1m08s    1.7517   0.7517   0.3605     0.3448    0.8194   0.3309    4.78e-03  (ETA 1m23s)
    10       7s     1m15s    1.4339   0.7847   0.2789     0.2870    0.8210   0.2362    4.78e-03  (ETA 1m15s)
    11       7s     1m23s    1.4902   0.8091   0.3724     0.3585    0.8204   0.3424    4.78e-03  (ETA 1m08s)
    12       7s     1m30s    0.8515   0.8609   0.4133     0.4105    0.8314   0.4008    4.78e-03  (ETA 1m00s)
    13       7s     1m38s    0.9476   0.8539   0.3861     0.3893    0.8267   0.3580    4.78e-03  (ETA 53s)
    14       7s     1m46s    1.8409   0.8151   0.4065     0.3955    0.8283   0.3973    4.78e-03  (ETA 45s)
    15       7s     1m53s    1.3875   0.8438   0.4422     0.4436    0.8391   0.4241    4.78e-03  (ETA 37s)
    16       7s     2m01s    0.7635   0.8846   0.3895     0.3884    0.8324   0.3796    4.78e-03  (ETA 30s)
    17       7s     2m08s    0.5726   0.9095   0.4558     0.4515    0.8395   0.4420    4.78e-03  (ETA 22s)
    18       7s     2m16s    0.4047   0.9285   0.4473     0.4559    0.8432   0.4312    4.78e-03  (ETA 15s)
    19       7s     2m23s    0.1954   0.9638   0.4201     0.4277    0.8403   0.4077    4.78e-03  (ETA 7s)
    20       7s     2m31s    0.1712   0.9666   0.3844     0.3867    0.8269   0.3836    4.78e-03  (done)
─────────────────────────────────────────────────────────────────────────────────────────────────────────
lp complete — 20 epochs | total: 2m31s | best epoch=17 val_acc=0.4558
─────────────────────────────────────────────────────────────────────────────────────────────────────────

>>> Stage 2: LoRA fine-tuning
  Parameters: 2,776,585 trainable / 71,966,217 total (3.86%)  |  LoRA: 1,081,344

─────────────────────────────────────────────────────────────────────────────────────────────────────────
  Stage: ft  |  lr=0.0001  |  max_epochs=200  |  grad_clip=2.0
 Epoch   EpTime   Elapsed    TrLoss    TrAcc    VaAcc   VaBalAcc   VaAUROC    VaF1w          LR
─────────────────────────────────────────────────────────────────────────────────────────────────────────
     1      17s       17s   13.0584   0.2892   0.2908     0.2937    0.7501   0.2285    6.08e-06  (ETA 59m23s)
     2      17s       35s    2.5505   0.7103   0.3912     0.3862    0.7724   0.3911    1.61e-05  (ETA 59m01s)
     3      17s       53s    0.4268   0.9012   0.4286     0.4259    0.8053   0.4289    3.21e-05  (ETA 58m41s)
     4      17s     1m11s    0.1282   0.9636   0.4439     0.4422    0.8235   0.4437    5.73e-05  (ETA 58m22s)
     5      17s     1m29s    0.0656   0.9811   0.4337     0.4259    0.8293   0.4352    9.73e-05  (ETA 57m57s)
     6      17s     1m47s    0.0299   0.9914   0.4660     0.4652    0.8369   0.4633    9.73e-05  (ETA 57m41s)
     7      17s     2m04s    0.0142   0.9957   0.4745     0.4709    0.8423   0.4745    9.73e-05  (ETA 57m23s)
     8      17s     2m22s    0.0104   0.9968   0.4779     0.4810    0.8430   0.4756    9.73e-05  (ETA 57m03s)
     9      17s     2m40s    0.0097   0.9965   0.4830     0.4815    0.8430   0.4820    9.73e-05  (ETA 56m44s)
    10      17s     2m58s    0.0115   0.9963   0.4643     0.4612    0.8446   0.4648    9.73e-05  (ETA 56m23s)
    11      17s     3m15s    0.0073   0.9968   0.4864     0.4877    0.8424   0.4866    9.73e-05  (ETA 56m04s)
    12      17s     3m33s    0.0057   0.9983   0.4541     0.4489    0.8407   0.4588    9.73e-05  (ETA 55m45s)
    13      17s     3m51s    0.0038   0.9983   0.4932     0.4903    0.8454   0.4971    9.73e-05  (ETA 55m26s)
    14      17s     4m08s    0.0015   0.9993   0.4830     0.4828    0.8476   0.4831    9.73e-05  (ETA 55m07s)
    15      17s     4m26s    0.0006   0.9998   0.4983     0.4987    0.8463   0.4991    9.73e-05  (ETA 54m49s)
    16      17s     4m44s    0.0021   0.9993   0.4966     0.4982    0.8453   0.4977    9.73e-05  (ETA 54m31s)
    17      17s     5m02s    0.0010   0.9998   0.4932     0.4921    0.8458   0.4931    9.73e-05  (ETA 54m12s)
    18      17s     5m19s    0.0026   0.9992   0.4932     0.4929    0.8459   0.4956    9.73e-05  (ETA 53m53s)
    19      17s     5m37s    0.0013   0.9995   0.4728     0.4691    0.8439   0.4757    9.73e-05  (ETA 53m35s)
    20      17s     5m55s    0.0011   0.9997   0.4915     0.4899    0.8451   0.4939    9.73e-05  (ETA 53m16s)
    21      17s     6m12s    0.0003   0.9998   0.4745     0.4753    0.8444   0.4720    9.73e-05  (ETA 52m58s)
    22      17s     6m30s    0.0026   0.9993   0.4932     0.4925    0.8473   0.4954    4.87e-05  (ETA 52m39s)
    23      17s     6m48s    0.0006   0.9998   0.4830     0.4802    0.8459   0.4876    4.87e-05  (ETA 52m21s)
    24      17s     7m05s    0.0001   1.0000   0.4898     0.4894    0.8464   0.4945    4.87e-05  (ETA 52m03s)
    25      17s     7m23s    0.0000   1.0000   0.4898     0.4890    0.8468   0.4948    4.87e-05  (ETA 51m44s)
    26      17s     7m41s    0.0000   1.0000   0.4915     0.4907    0.8471   0.4953    4.87e-05  (ETA 51m26s)
Early stopping at epoch 26 (patience=10)
─────────────────────────────────────────────────────────────────────────────────────────────────────────
ft complete — 26 epochs | total: 7m41s | best epoch=15 val_acc=0.4983
─────────────────────────────────────────────────────────────────────────────────────────────────────────
LoRA adapter saved → /home/apasinato/jade-mscthesis/outputs/ft_checkpoints/ft_thu-ep_9-class_w10s10_pool_no_r16_nomixup_fold_10/lora_adapter
Head weights saved → /home/apasinato/jade-mscthesis/outputs/ft_checkpoints/ft_thu-ep_9-class_w10s10_pool_no_r16_nomixup_fold_10/head_weights.pt

==========================================================================================
  CROSS-FOLD SUMMARY  (10 folds  |  thu-ep  |  task=9-class  |  pool_no  |  LoRA r=16)
==========================================================================================
 Fold    ValAcc   ValBalAcc   ValAUROC    ValF1w   Epochs   BestEp
------------------------------------------------------------------
    1    0.4509      0.4487     0.8320    0.4383        0        4
    2    0.4125      0.4092     0.7919    0.3999        0       23
    3    0.4405      0.4417     0.8115    0.4343        0       11
    4    0.4762      0.4730     0.8194    0.4715        0        8
    5    0.4479      0.4491     0.8005    0.4484        0        8
    6    0.4389      0.4374     0.8176    0.4402        0       15
    7    0.4092      0.4086     0.7800    0.4088        0       19
    8    0.4911      0.4904     0.8476    0.4929        0       15
    9    0.4940      0.4946     0.8488    0.4949        0       17
   10    0.4983      0.4987     0.8463    0.4991        0       15
------------------------------------------------------------------
 Mean    0.4560      0.4551     0.8196    0.4528
  Std    0.0326      0.0331     0.0242    0.0355
==========================================================================================
Aggregate results saved -> /home/apasinato/jade-mscthesis/outputs/ft_checkpoints/summary_thu-ep_9-class_w10s10_pool_no_r16.json

All folds complete.

=== Complete ===
Exit code: 0
Finished:  Fri Mar 27 06:50:38 CET 2026
