=== Experiment on DelftBlue ===
Job ID:    9477206
Node:      gpu013
Partition: gpu-a100
Module:    src.approaches.fine_tuning.train_ft
Args:      --dataset faced --task binary --no-mixup
Started:   Mon Mar 30 13:02:27 CEST 2026

=== GPU ===
NVIDIA A100 80GB PCIe, 81920 MiB

=== Environment ===
Python:  Python 3.14.3
PyTorch: 2.9.1+cu128
CUDA:    True 12.8

=== Running: python -m src.approaches.fine_tuning.train_ft --dataset faced --task binary --no-mixup ===


Dataset: faced  |  subjects: 123
Device: cuda  |  task: binary  |  pooling: no  |  LoRA rank: 16  alpha: 16
Window: 10.0s (2000 pts)  Stride: 10.0s (2000 pts)  Mixup: False  AMP: True
LP: lr=0.005 epochs=20  |  FT: lr=0.0001 epochs=200
Loading REVE model from local path …
flash_attn not found, install it with `pip install flash_attn` if you want to use it
Loading REVE position bank from local path …
  Electrode positions cached for 32 channels.

#########################################################################################################
  Fold 1/10  |  faced  |  task=binary  |  pooling=no  |  LoRA r=16  |  device=cuda
  train: 110 subjects  |  val: 13 subjects
#########################################################################################################
Building datasets ...  done in 24s  (train=7,920  val=936)

>>> Stage 1: LP warmup  |  trainable params: 542,722

─────────────────────────────────────────────────────────────────────────────────────────────────────────
  Stage: lp  |  lr=0.005  |  max_epochs=20  |  grad_clip=2.0
 Epoch   EpTime   Elapsed    TrLoss    TrAcc    VaAcc   VaBalAcc   VaAUROC    VaF1w          LR
─────────────────────────────────────────────────────────────────────────────────────────────────────────
     1      14s       14s    1.1083   0.5064   0.5000     0.5000    0.7090   0.3333    6.12e-04  (ETA 4m43s)
     2       8s       23s    3.5499   0.5081   0.5000     0.5000    0.6898   0.3333    1.96e-03  (ETA 3m31s)
     3       8s       32s    9.4658   0.4975   0.5000     0.5000    0.5237   0.3333    4.86e-03  (ETA 3m02s)
     4       8s       40s   12.2143   0.5351   0.5983     0.5983    0.7148   0.5502    4.86e-03  (ETA 2m43s)
     5       8s       49s    9.8034   0.5562   0.5812     0.5812    0.7771   0.5046    4.86e-03  (ETA 2m28s)
     6       8s       58s    7.9767   0.5883   0.5203     0.5203    0.6237   0.3834    4.86e-03  (ETA 2m15s)
     7       8s     1m06s    6.7590   0.6169   0.6357     0.6357    0.7934   0.5961    4.86e-03  (ETA 2m04s)
     8       8s     1m15s    5.6300   0.6417   0.6752     0.6752    0.8051   0.6566    4.86e-03  (ETA 1m53s)
     9       8s     1m24s    4.9885   0.6580   0.5951     0.5951    0.7548   0.5243    4.86e-03  (ETA 1m43s)
    10       8s     1m32s    6.7405   0.6539   0.5160     0.5160    0.5895   0.3730    4.86e-03  (ETA 1m32s)
    11       8s     1m41s    7.4226   0.6303   0.5502     0.5502    0.7948   0.4466    4.86e-03  (ETA 1m23s)
    12       8s     1m50s    5.7400   0.6679   0.5459     0.5459    0.6561   0.4321    4.86e-03  (ETA 1m13s)
    13       8s     1m59s    4.5355   0.7116   0.6859     0.6859    0.7661   0.6803    4.86e-03  (ETA 1m04s)
    14       8s     2m08s    2.9883   0.7653   0.6966     0.6966    0.7966   0.6865    4.86e-03  (ETA 55s)
    15       8s     2m17s    2.0707   0.8001   0.6389     0.6389    0.7280   0.6017    4.86e-03  (ETA 45s)
    16       8s     2m25s    2.8415   0.7768   0.6004     0.6004    0.6889   0.5692    4.86e-03  (ETA 36s)
    17       8s     2m34s    4.4761   0.6915   0.6592     0.6592    0.7762   0.6314    4.86e-03  (ETA 27s)
    18       9s     2m43s    3.5901   0.7101   0.6955     0.6955    0.8123   0.6802    4.86e-03  (ETA 18s)
    19       8s     2m52s    2.4954   0.7924   0.7179     0.7179    0.8085   0.7150    4.86e-03  (ETA 9s)
    20       8s     3m00s    1.9749   0.7997   0.6111     0.6111    0.6794   0.5653    4.86e-03  (done)
─────────────────────────────────────────────────────────────────────────────────────────────────────────
lp complete — 20 epochs | total: 3m00s | best epoch=19 val_acc=0.7179
─────────────────────────────────────────────────────────────────────────────────────────────────────────

>>> Stage 2: LoRA fine-tuning
  Parameters: 1,624,066 trainable / 70,813,698 total (2.29%)  |  LoRA: 1,081,344

─────────────────────────────────────────────────────────────────────────────────────────────────────────
  Stage: ft  |  lr=0.0001  |  max_epochs=200  |  grad_clip=2.0
 Epoch   EpTime   Elapsed    TrLoss    TrAcc    VaAcc   VaBalAcc   VaAUROC    VaF1w          LR
─────────────────────────────────────────────────────────────────────────────────────────────────────────
     1      25s       25s    1.0291   0.8884   0.7297     0.7297    0.8150   0.7296    6.30e-06  (ETA 1h24m10s)
     2      24s       50s    0.8285   0.9093   0.7233     0.7233    0.8173   0.7231    1.65e-05  (ETA 1h22m51s)
     3      24s     1m14s    0.7665   0.9146   0.7244     0.7244    0.8178   0.7243    3.26e-05  (ETA 1h21m44s)
     4      24s     1m39s    0.6374   0.9212   0.7276     0.7276    0.8173   0.7248    5.82e-05  (ETA 1h20m52s)
     5      24s     2m03s    0.5677   0.9169   0.6934     0.6934    0.8076   0.6803    9.84e-05  (ETA 1h20m14s)
     6      24s     2m27s    0.4825   0.9168   0.7254     0.7254    0.8157   0.7248    9.84e-05  (ETA 1h19m40s)
     7      24s     2m52s    0.3463   0.9301   0.7276     0.7276    0.8146   0.7269    9.84e-05  (ETA 1h19m10s)
     8      24s     3m17s    0.2935   0.9391   0.7041     0.7041    0.8073   0.6990    9.84e-05  (ETA 1h18m54s)
     9      24s     3m41s    0.2630   0.9408   0.7297     0.7297    0.8151   0.7292    9.84e-05  (ETA 1h18m24s)
    10      24s     4m06s    0.2716   0.9369   0.7244     0.7244    0.8083   0.7233    9.84e-05  (ETA 1h17m55s)
    11      24s     4m30s    0.2559   0.9417   0.7297     0.7297    0.8118   0.7294    9.84e-05  (ETA 1h17m33s)
    12      24s     4m55s    0.2102   0.9501   0.7254     0.7254    0.8113   0.7254    9.84e-05  (ETA 1h17m11s)
Early stopping at epoch 12 (patience=10)
─────────────────────────────────────────────────────────────────────────────────────────────────────────
ft complete — 12 epochs | total: 4m55s | best epoch=1 val_acc=0.7297
─────────────────────────────────────────────────────────────────────────────────────────────────────────
LoRA adapter saved → /home/apasinato/jade-mscthesis/outputs/ft_checkpoints/ft_faced_binary_w10s10_pool_no_r16_nomixup_fold_1/lora_adapter
Head weights saved → /home/apasinato/jade-mscthesis/outputs/ft_checkpoints/ft_faced_binary_w10s10_pool_no_r16_nomixup_fold_1/head_weights.pt

#########################################################################################################
  Fold 2/10  |  faced  |  task=binary  |  pooling=no  |  LoRA r=16  |  device=cuda
  train: 110 subjects  |  val: 13 subjects
#########################################################################################################
Building datasets ...  done in 22s  (train=7,920  val=936)

>>> Stage 1: LP warmup  |  trainable params: 542,722

─────────────────────────────────────────────────────────────────────────────────────────────────────────
  Stage: lp  |  lr=0.005  |  max_epochs=20  |  grad_clip=2.0
 Epoch   EpTime   Elapsed    TrLoss    TrAcc    VaAcc   VaBalAcc   VaAUROC    VaF1w          LR
─────────────────────────────────────────────────────────────────────────────────────────────────────────
     1      10s       10s    1.0107   0.5184   0.5032     0.5032    0.6903   0.3441    6.12e-04  (ETA 3m17s)
     2      10s       20s    1.9032   0.5126   0.5000     0.5000    0.6911   0.3333    1.96e-03  (ETA 3m07s)
     3      10s       31s    4.8212   0.5211   0.5214     0.5214    0.6951   0.3933    4.86e-03  (ETA 2m57s)
     4      10s       41s    6.7109   0.5497   0.5673     0.5673    0.7193   0.4781    4.86e-03  (ETA 2m46s)
     5      10s       52s    5.9230   0.5678   0.5897     0.5897    0.7384   0.5147    4.86e-03  (ETA 2m36s)
     6      10s     1m02s    5.0048   0.6114   0.5929     0.5929    0.7483   0.5199    4.86e-03  (ETA 2m26s)
     7      10s     1m13s    4.3235   0.6426   0.5919     0.5919    0.7507   0.5210    4.86e-03  (ETA 2m15s)
     8      10s     1m23s    3.8658   0.6622   0.5791     0.5791    0.7623   0.5031    4.86e-03  (ETA 2m05s)
     9      10s     1m34s    3.4306   0.6885   0.6004     0.6004    0.7720   0.5355    4.86e-03  (ETA 1m55s)
    10      10s     1m44s    3.0766   0.7095   0.6154     0.6154    0.7714   0.5585    4.86e-03  (ETA 1m44s)
    11      10s     1m55s    2.7459   0.7269   0.6186     0.6186    0.7993   0.5618    4.86e-03  (ETA 1m34s)
    12      10s     2m05s    2.5046   0.7337   0.6090     0.6090    0.7927   0.5495    4.86e-03  (ETA 1m23s)
    13      10s     2m16s    2.3862   0.7463   0.6464     0.6464    0.7908   0.6056    4.86e-03  (ETA 1m13s)
    14      10s     2m26s    2.1625   0.7574   0.6571     0.6571    0.7798   0.6318    4.86e-03  (ETA 1m02s)
    15      10s     2m37s    1.9968   0.7751   0.6186     0.6186    0.7742   0.5663    4.86e-03  (ETA 52s)
    16      10s     2m48s    3.4863   0.7102   0.5267     0.5267    0.7898   0.3978    4.86e-03  (ETA 42s)
    17      10s     2m58s    4.2466   0.6726   0.6261     0.6261    0.7177   0.5905    4.86e-03  (ETA 31s)
    18      10s     3m09s    3.5586   0.7107   0.6592     0.6592    0.7949   0.6270    4.86e-03  (ETA 21s)
    19      10s     3m19s    2.7760   0.7562   0.6784     0.6784    0.7613   0.6673    4.86e-03  (ETA 10s)
    20      10s     3m30s    6.6985   0.6374   0.6186     0.6186    0.7764   0.5610    4.86e-03  (done)
─────────────────────────────────────────────────────────────────────────────────────────────────────────
lp complete — 20 epochs | total: 3m30s | best epoch=19 val_acc=0.6784
─────────────────────────────────────────────────────────────────────────────────────────────────────────

>>> Stage 2: LoRA fine-tuning
  Parameters: 1,624,066 trainable / 70,813,698 total (2.29%)  |  LoRA: 1,081,344

─────────────────────────────────────────────────────────────────────────────────────────────────────────
  Stage: ft  |  lr=0.0001  |  max_epochs=200  |  grad_clip=2.0
 Epoch   EpTime   Elapsed    TrLoss    TrAcc    VaAcc   VaBalAcc   VaAUROC    VaF1w          LR
─────────────────────────────────────────────────────────────────────────────────────────────────────────
     1      24s       24s    2.4210   0.7833   0.6902     0.6902    0.7767   0.6804    6.17e-06  (ETA 1h22m50s)
     2      25s       50s    0.7729   0.9015   0.6955     0.6955    0.7766   0.6902    1.63e-05  (ETA 1h23m35s)
     3      25s     1m15s    0.6890   0.9083   0.6998     0.6998    0.7742   0.6977    3.23e-05  (ETA 1h22m48s)
     4      24s     1m40s    0.5723   0.9173   0.6902     0.6902    0.7726   0.6820    5.77e-05  (ETA 1h22m03s)
     5      24s     2m05s    0.5175   0.9145   0.6998     0.6998    0.7739   0.6967    9.80e-05  (ETA 1h21m15s)
     6      24s     2m29s    0.4758   0.9173   0.6902     0.6902    0.7813   0.6731    9.80e-05  (ETA 1h20m30s)
     7      24s     2m53s    0.5956   0.8976   0.6987     0.6987    0.7801   0.6974    9.80e-05  (ETA 1h19m55s)
     8      27s     3m21s    0.3819   0.9258   0.7009     0.7009    0.7770   0.6944    9.80e-05  (ETA 1h20m24s)
     9      24s     3m45s    0.3135   0.9350   0.7062     0.7062    0.7775   0.7012    9.80e-05  (ETA 1h19m49s)
    10      25s     4m10s    0.2735   0.9365   0.7019     0.7019    0.7788   0.6997    9.80e-05  (ETA 1h19m26s)
    11      26s     4m37s    0.2307   0.9455   0.7094     0.7094    0.7786   0.7060    9.80e-05  (ETA 1h19m25s)
    12      25s     5m02s    0.2426   0.9404   0.7030     0.7030    0.7821   0.6908    9.80e-05  (ETA 1h18m58s)
    13      24s     5m26s    0.2449   0.9423   0.7073     0.7073    0.7831   0.7071    9.80e-05  (ETA 1h18m21s)
    14      24s     5m51s    0.2702   0.9348   0.6741     0.6741    0.7809   0.6480    9.80e-05  (ETA 1h17m46s)
    15      24s     6m15s    0.2324   0.9407   0.6966     0.6966    0.7828   0.6814    9.80e-05  (ETA 1h17m12s)
    16      24s     6m40s    0.1665   0.9521   0.7137     0.7137    0.7832   0.7069    9.80e-05  (ETA 1h16m41s)
    17      24s     7m04s    0.1680   0.9534   0.7083     0.7083    0.7793   0.7046    9.80e-05  (ETA 1h16m12s)
    18      24s     7m29s    0.1705   0.9532   0.6934     0.6934    0.7808   0.6926    9.80e-05  (ETA 1h15m43s)
    19      24s     7m53s    0.1989   0.9480   0.7051     0.7051    0.7819   0.7050    9.80e-05  (ETA 1h15m13s)
    20      24s     8m18s    0.1402   0.9595   0.7115     0.7115    0.7845   0.7062    9.80e-05  (ETA 1h14m47s)
    21      24s     8m43s    0.1527   0.9563   0.7083     0.7083    0.7778   0.7052    9.80e-05  (ETA 1h14m20s)
    22      24s     9m07s    0.1296   0.9628   0.7105     0.7105    0.7852   0.7089    9.80e-05  (ETA 1h13m51s)
    23      24s     9m32s    0.1232   0.9681   0.6848     0.6848    0.7875   0.6632    4.90e-05  (ETA 1h13m23s)
    24      24s     9m56s    0.1084   0.9693   0.7158     0.7158    0.7866   0.7056    4.90e-05  (ETA 1h12m57s)
    25      24s    10m21s    0.0816   0.9741   0.7105     0.7105    0.7864   0.7021    4.90e-05  (ETA 1h12m29s)
    26      24s    10m45s    0.0961   0.9741   0.7062     0.7062    0.7829   0.7022    4.90e-05  (ETA 1h12m01s)
    27      24s    11m10s    0.0785   0.9807   0.6944     0.6944    0.7849   0.6807    4.90e-05  (ETA 1h11m33s)
    28      24s    11m34s    0.0740   0.9769   0.7126     0.7126    0.7817   0.7082    4.90e-05  (ETA 1h11m06s)
    29      24s    11m59s    0.0696   0.9801   0.7062     0.7062    0.7855   0.7044    4.90e-05  (ETA 1h10m41s)
    30      24s    12m23s    0.0640   0.9801   0.7083     0.7083    0.7827   0.7005    4.90e-05  (ETA 1h10m14s)
    31      24s    12m48s    0.0731   0.9803   0.7158     0.7158    0.7872   0.7123    2.45e-05  (ETA 1h09m47s)
    32      24s    13m12s    0.0564   0.9861   0.7158     0.7158    0.7866   0.7124    2.45e-05  (ETA 1h09m21s)
    33      24s    13m37s    0.0545   0.9845   0.6966     0.6966    0.7851   0.6824    2.45e-05  (ETA 1h08m55s)
    34      24s    14m01s    0.0507   0.9840   0.7147     0.7147    0.7846   0.7071    2.45e-05  (ETA 1h08m28s)
    35      24s    14m25s    0.0484   0.9867   0.7147     0.7147    0.7839   0.7101    2.45e-05  (ETA 1h08m02s)
Early stopping at epoch 35 (patience=10)
─────────────────────────────────────────────────────────────────────────────────────────────────────────
ft complete — 35 epochs | total: 14m26s | best epoch=24 val_acc=0.7158
─────────────────────────────────────────────────────────────────────────────────────────────────────────
LoRA adapter saved → /home/apasinato/jade-mscthesis/outputs/ft_checkpoints/ft_faced_binary_w10s10_pool_no_r16_nomixup_fold_2/lora_adapter
Head weights saved → /home/apasinato/jade-mscthesis/outputs/ft_checkpoints/ft_faced_binary_w10s10_pool_no_r16_nomixup_fold_2/head_weights.pt

#########################################################################################################
  Fold 3/10  |  faced  |  task=binary  |  pooling=no  |  LoRA r=16  |  device=cuda
  train: 110 subjects  |  val: 13 subjects
#########################################################################################################
Building datasets ...  done in 25s  (train=7,920  val=936)

>>> Stage 1: LP warmup  |  trainable params: 542,722

─────────────────────────────────────────────────────────────────────────────────────────────────────────
  Stage: lp  |  lr=0.005  |  max_epochs=20  |  grad_clip=2.0
 Epoch   EpTime   Elapsed    TrLoss    TrAcc    VaAcc   VaBalAcc   VaAUROC    VaF1w          LR
─────────────────────────────────────────────────────────────────────────────────────────────────────────
     1      10s       10s    0.9212   0.5198   0.5000     0.5000    0.6511   0.3333    6.12e-04  (ETA 3m17s)
     2      10s       20s    1.9496   0.5074   0.5342     0.5342    0.6575   0.4222    1.96e-03  (ETA 3m07s)
     3      10s       31s    4.9773   0.5168   0.5032     0.5032    0.6718   0.3477    4.86e-03  (ETA 2m57s)
     4      10s       41s    6.5833   0.5487   0.5502     0.5502    0.6976   0.4491    4.86e-03  (ETA 2m47s)
     5      10s       52s    5.8231   0.5698   0.5972     0.5972    0.7170   0.5554    4.86e-03  (ETA 2m37s)
     6      10s     1m03s    4.9051   0.6081   0.5833     0.5833    0.7311   0.5165    4.86e-03  (ETA 2m27s)
     7      11s     1m14s    3.9509   0.6500   0.6122     0.6122    0.7509   0.5674    4.86e-03  (ETA 2m17s)
     8      11s     1m26s    3.3735   0.6755   0.5951     0.5951    0.7478   0.5434    4.86e-03  (ETA 2m09s)
     9      10s     1m37s    2.9335   0.7073   0.5075     0.5075    0.5651   0.3515    4.86e-03  (ETA 1m58s)
    10      10s     1m47s   21.4249   0.5381   0.5481     0.5481    0.7362   0.4514    4.86e-03  (ETA 1m47s)
    11      10s     1m58s   16.2417   0.5818   0.6667     0.6667    0.7352   0.6497    4.86e-03  (ETA 1m36s)
    12      11s     2m09s    7.4027   0.6874   0.6571     0.6571    0.7241   0.6469    4.86e-03  (ETA 1m26s)
    13      10s     2m20s    3.6806   0.7302   0.5833     0.5833    0.7068   0.5052    4.86e-03  (ETA 1m15s)
    14      10s     2m30s    3.1232   0.7514   0.5887     0.5887    0.7693   0.5282    4.86e-03  (ETA 1m04s)
    15      10s     2m41s    2.7059   0.7628   0.6677     0.6677    0.7501   0.6485    4.86e-03  (ETA 53s)
    16      10s     2m51s    2.5350   0.7941   0.5940     0.5940    0.7226   0.5289    4.86e-03  (ETA 42s)
    17      11s     3m03s    2.0404   0.8134   0.6859     0.6859    0.7645   0.6787    4.86e-03  (ETA 32s)
    18      11s     3m14s    2.8239   0.8125   0.6677     0.6677    0.7342   0.6581    4.86e-03  (ETA 21s)
    19      10s     3m24s    1.7178   0.8682   0.6677     0.6677    0.7408   0.6485    4.86e-03  (ETA 10s)
    20      10s     3m35s    2.4259   0.8357   0.7030     0.7030    0.7530   0.7007    4.86e-03  (done)
─────────────────────────────────────────────────────────────────────────────────────────────────────────
lp complete — 20 epochs | total: 3m35s | best epoch=20 val_acc=0.7030
─────────────────────────────────────────────────────────────────────────────────────────────────────────

>>> Stage 2: LoRA fine-tuning
  Parameters: 1,624,066 trainable / 70,813,698 total (2.29%)  |  LoRA: 1,081,344

─────────────────────────────────────────────────────────────────────────────────────────────────────────
  Stage: ft  |  lr=0.0001  |  max_epochs=200  |  grad_clip=2.0
 Epoch   EpTime   Elapsed    TrLoss    TrAcc    VaAcc   VaBalAcc   VaAUROC    VaF1w          LR
─────────────────────────────────────────────────────────────────────────────────────────────────────────
     1      24s       24s    1.4378   0.8864   0.6870     0.6870    0.7360   0.6866    6.24e-06  (ETA 1h22m49s)
     2      25s       50s    1.2217   0.9033   0.6891     0.6891    0.7415   0.6890    1.64e-05  (ETA 1h22m43s)
     3      24s     1m14s    1.0893   0.9150   0.6848     0.6848    0.7456   0.6843    3.25e-05  (ETA 1h21m35s)
     4      25s     1m39s    0.9483   0.9254   0.6987     0.6987    0.7421   0.6985    5.80e-05  (ETA 1h21m31s)
     5      24s     2m04s    0.7947   0.9327   0.6912     0.6912    0.7421   0.6912    9.84e-05  (ETA 1h20m43s)
     6      24s     2m29s    0.6640   0.9370   0.6774     0.6774    0.7429   0.6727    9.84e-05  (ETA 1h20m18s)
     7      24s     2m53s    0.5453   0.9342   0.6891     0.6891    0.7414   0.6889    9.84e-05  (ETA 1h19m42s)
     8      24s     3m18s    0.3952   0.9408   0.6976     0.6976    0.7409   0.6971    9.84e-05  (ETA 1h19m19s)
     9      24s     3m43s    0.3085   0.9495   0.6976     0.6976    0.7406   0.6976    9.84e-05  (ETA 1h18m53s)
    10      24s     4m07s    0.3147   0.9468   0.6923     0.6923    0.7485   0.6919    9.84e-05  (ETA 1h18m20s)
    11      24s     4m31s    0.2185   0.9614   0.6870     0.6870    0.7450   0.6851    9.84e-05  (ETA 1h17m48s)
    12      24s     4m56s    0.2336   0.9563   0.6923     0.6923    0.7480   0.6923    9.84e-05  (ETA 1h17m19s)
    13      24s     5m20s    0.2173   0.9577   0.6752     0.6752    0.7399   0.6673    9.84e-05  (ETA 1h16m52s)
    14      25s     5m45s    0.2248   0.9567   0.7019     0.7019    0.7579   0.7019    9.84e-05  (ETA 1h16m34s)
    15      24s     6m10s    0.1923   0.9644   0.6966     0.6966    0.7573   0.6964    9.84e-05  (ETA 1h16m06s)
    16      24s     6m34s    0.1676   0.9703   0.6987     0.6987    0.7553   0.6986    9.84e-05  (ETA 1h15m37s)
    17      24s     6m59s    0.1421   0.9708   0.6891     0.6891    0.7538   0.6889    9.84e-05  (ETA 1h15m14s)
    18      27s     7m27s    0.1395   0.9711   0.6934     0.6934    0.7475   0.6911    9.84e-05  (ETA 1h15m21s)
    19      24s     7m51s    0.1251   0.9746   0.6859     0.6859    0.7508   0.6851    9.84e-05  (ETA 1h14m51s)
    20      24s     8m15s    0.1343   0.9771   0.6859     0.6859    0.7446   0.6799    9.84e-05  (ETA 1h14m22s)
    21      25s     8m41s    0.1871   0.9640   0.6752     0.6752    0.7416   0.6652    4.92e-05  (ETA 1h14m07s)
    22      24s     9m06s    0.1058   0.9836   0.6859     0.6859    0.7494   0.6858    4.92e-05  (ETA 1h13m42s)
    23      24s     9m31s    0.0969   0.9855   0.6816     0.6816    0.7468   0.6804    4.92e-05  (ETA 1h13m15s)
    24      24s     9m55s    0.0998   0.9860   0.6987     0.6987    0.7498   0.6985    4.92e-05  (ETA 1h12m47s)
    25      24s    10m20s    0.0766   0.9875   0.6934     0.6934    0.7492   0.6927    4.92e-05  (ETA 1h12m21s)
Early stopping at epoch 25 (patience=10)
─────────────────────────────────────────────────────────────────────────────────────────────────────────
ft complete — 25 epochs | total: 10m20s | best epoch=14 val_acc=0.7019
─────────────────────────────────────────────────────────────────────────────────────────────────────────
LoRA adapter saved → /home/apasinato/jade-mscthesis/outputs/ft_checkpoints/ft_faced_binary_w10s10_pool_no_r16_nomixup_fold_3/lora_adapter
Head weights saved → /home/apasinato/jade-mscthesis/outputs/ft_checkpoints/ft_faced_binary_w10s10_pool_no_r16_nomixup_fold_3/head_weights.pt

#########################################################################################################
  Fold 4/10  |  faced  |  task=binary  |  pooling=no  |  LoRA r=16  |  device=cuda
  train: 111 subjects  |  val: 12 subjects
#########################################################################################################
Building datasets ...  done in 44s  (train=7,992  val=864)

>>> Stage 1: LP warmup  |  trainable params: 542,722

─────────────────────────────────────────────────────────────────────────────────────────────────────────
  Stage: lp  |  lr=0.005  |  max_epochs=20  |  grad_clip=2.0
 Epoch   EpTime   Elapsed    TrLoss    TrAcc    VaAcc   VaBalAcc   VaAUROC    VaF1w          LR
─────────────────────────────────────────────────────────────────────────────────────────────────────────
     1      11s       11s    0.9498   0.5128   0.5081     0.5081    0.7132   0.3511    6.12e-04  (ETA 3m38s)
     2      10s       22s    1.9663   0.4996   0.5243     0.5243    0.6950   0.3903    1.96e-03  (ETA 3m22s)
     3      10s       33s    4.7957   0.5205   0.5289     0.5289    0.6344   0.4122    4.87e-03  (ETA 3m09s)
     4      15s       49s    6.6969   0.5457   0.5440     0.5440    0.7243   0.4360    4.87e-03  (ETA 3m17s)
     5      10s       59s    5.6927   0.5778   0.5822     0.5822    0.7567   0.5172    4.87e-03  (ETA 2m59s)
     6      10s     1m10s    4.8442   0.6005   0.6389     0.6389    0.7610   0.6017    4.87e-03  (ETA 2m44s)
     7      10s     1m20s    3.9994   0.6510   0.6227     0.6227    0.7782   0.5805    4.87e-03  (ETA 2m30s)
     8      10s     1m31s    3.4510   0.6787   0.6007     0.6007    0.8089   0.5330    4.87e-03  (ETA 2m17s)
     9      10s     1m42s    2.8421   0.7141   0.6343     0.6343    0.8004   0.5934    4.87e-03  (ETA 2m04s)
    10      10s     1m52s    2.5068   0.7341   0.6273     0.6273    0.7884   0.5829    4.87e-03  (ETA 1m52s)
    11      10s     2m03s    2.2515   0.7565   0.6562     0.6562    0.7998   0.6262    4.87e-03  (ETA 1m40s)
    12      10s     2m13s    1.8954   0.7830   0.6771     0.6771    0.8156   0.6582    4.87e-03  (ETA 1m29s)
    13      10s     2m24s    1.8998   0.7930   0.6435     0.6435    0.8183   0.6068    4.87e-03  (ETA 1m17s)
    14      10s     2m34s    1.4675   0.8101   0.6736     0.6736    0.8112   0.6458    4.87e-03  (ETA 1m06s)
    15      10s     2m45s    1.4520   0.8340   0.6748     0.6748    0.8038   0.6483    4.87e-03  (ETA 55s)
    16      10s     2m55s    1.1186   0.8541   0.6644     0.6644    0.8136   0.6383    4.87e-03  (ETA 43s)
    17      10s     3m06s    7.6024   0.6692   0.5208     0.5208    0.5790   0.3780    4.87e-03  (ETA 32s)
    18      10s     3m16s    7.4253   0.6298   0.5417     0.5417    0.8070   0.4229    4.87e-03  (ETA 21s)
    19      10s     3m27s    5.9479   0.6614   0.6759     0.6759    0.7838   0.6598    2.43e-03  (ETA 10s)
    20      11s     3m38s    1.1662   0.8876   0.5718     0.5718    0.7225   0.4806    2.43e-03  (done)
─────────────────────────────────────────────────────────────────────────────────────────────────────────
lp complete — 20 epochs | total: 3m38s | best epoch=12 val_acc=0.6771
─────────────────────────────────────────────────────────────────────────────────────────────────────────

>>> Stage 2: LoRA fine-tuning
  Parameters: 1,624,066 trainable / 70,813,698 total (2.29%)  |  LoRA: 1,081,344

─────────────────────────────────────────────────────────────────────────────────────────────────────────
  Stage: ft  |  lr=0.0001  |  max_epochs=200  |  grad_clip=2.0
 Epoch   EpTime   Elapsed    TrLoss    TrAcc    VaAcc   VaBalAcc   VaAUROC    VaF1w          LR
─────────────────────────────────────────────────────────────────────────────────────────────────────────
     1      25s       25s    2.2681   0.8087   0.7176     0.7176    0.7772   0.7158    6.24e-06  (ETA 1h23m24s)
     2      24s       49s    1.5161   0.8670   0.7419     0.7419    0.7837   0.7411    1.64e-05  (ETA 1h22m18s)
     3      24s     1m14s    1.3161   0.8808   0.7234     0.7234    0.7903   0.7231    3.25e-05  (ETA 1h21m43s)
     4      24s     1m39s    1.1015   0.8935   0.7211     0.7211    0.7896   0.7209    5.80e-05  (ETA 1h21m11s)
     5      24s     2m04s    0.8971   0.9010   0.7176     0.7176    0.7927   0.7176    9.84e-05  (ETA 1h20m38s)
     6      25s     2m29s    0.9229   0.8824   0.7211     0.7211    0.7900   0.7200    9.84e-05  (ETA 1h20m42s)
     7      25s     2m55s    0.5978   0.9128   0.7049     0.7049    0.7927   0.7037    9.84e-05  (ETA 1h20m30s)
     8      24s     3m19s    0.5381   0.9159   0.7014     0.7014    0.7918   0.6947    9.84e-05  (ETA 1h19m56s)
     9      24s     3m44s    0.4337   0.9274   0.7222     0.7222    0.7965   0.7202    9.84e-05  (ETA 1h19m25s)
    10      25s     4m10s    0.4018   0.9333   0.7188     0.7188    0.8002   0.7149    9.84e-05  (ETA 1h19m10s)
    11      24s     4m34s    0.3512   0.9362   0.7234     0.7234    0.7962   0.7212    9.84e-05  (ETA 1h18m39s)
    12      24s     4m59s    0.2969   0.9413   0.7245     0.7245    0.7959   0.7219    9.84e-05  (ETA 1h18m08s)
    13      25s     5m24s    0.2706   0.9451   0.7315     0.7315    0.7974   0.7305    9.84e-05  (ETA 1h17m48s)
Early stopping at epoch 13 (patience=10)
─────────────────────────────────────────────────────────────────────────────────────────────────────────
ft complete — 13 epochs | total: 5m24s | best epoch=2 val_acc=0.7419
─────────────────────────────────────────────────────────────────────────────────────────────────────────
LoRA adapter saved → /home/apasinato/jade-mscthesis/outputs/ft_checkpoints/ft_faced_binary_w10s10_pool_no_r16_nomixup_fold_4/lora_adapter
Head weights saved → /home/apasinato/jade-mscthesis/outputs/ft_checkpoints/ft_faced_binary_w10s10_pool_no_r16_nomixup_fold_4/head_weights.pt

#########################################################################################################
  Fold 5/10  |  faced  |  task=binary  |  pooling=no  |  LoRA r=16  |  device=cuda
  train: 111 subjects  |  val: 12 subjects
#########################################################################################################
Building datasets ...  done in 52s  (train=7,992  val=864)

>>> Stage 1: LP warmup  |  trainable params: 542,722

─────────────────────────────────────────────────────────────────────────────────────────────────────────
  Stage: lp  |  lr=0.005  |  max_epochs=20  |  grad_clip=2.0
 Epoch   EpTime   Elapsed    TrLoss    TrAcc    VaAcc   VaBalAcc   VaAUROC    VaF1w          LR
─────────────────────────────────────────────────────────────────────────────────────────────────────────
     1      10s       10s    1.0921   0.4975   0.5000     0.5000    0.6559   0.3333    6.12e-04  (ETA 3m22s)
     2      10s       21s    3.6111   0.4959   0.5312     0.5312    0.6342   0.4058    1.96e-03  (ETA 3m09s)
     3      10s       31s    8.9219   0.5140   0.5000     0.5000    0.6535   0.3333    4.87e-03  (ETA 2m59s)
     4      11s       42s   11.9587   0.5395   0.5891     0.5891    0.6888   0.5280    4.87e-03  (ETA 2m51s)
     5      10s       53s    9.3270   0.5726   0.6076     0.6076    0.7026   0.5769    4.87e-03  (ETA 2m40s)
     6      10s     1m03s    7.7699   0.6011   0.5382     0.5382    0.6422   0.4282    4.87e-03  (ETA 2m29s)
     7      10s     1m14s    6.7179   0.6190   0.5903     0.5903    0.6923   0.5333    4.87e-03  (ETA 2m18s)
     8      10s     1m24s    5.5701   0.6456   0.6539     0.6539    0.7784   0.6253    4.87e-03  (ETA 2m07s)
     9      10s     1m35s    4.9337   0.6722   0.5440     0.5440    0.7789   0.4273    4.87e-03  (ETA 1m56s)
    10      10s     1m46s    4.2822   0.6808   0.6238     0.6238    0.7769   0.5727    4.87e-03  (ETA 1m46s)
    11      10s     1m56s    3.6748   0.7115   0.6713     0.6713    0.7749   0.6593    4.87e-03  (ETA 1m35s)
    12      10s     2m07s    2.4779   0.7843   0.6979     0.6979    0.7682   0.6899    4.87e-03  (ETA 1m24s)
    13      10s     2m17s    3.0757   0.7715   0.6412     0.6412    0.7467   0.6196    4.87e-03  (ETA 1m14s)
    14      10s     2m28s    4.0414   0.6911   0.6169     0.6169    0.7812   0.5648    4.87e-03  (ETA 1m03s)
    15      10s     2m38s    3.8845   0.7240   0.6551     0.6551    0.7440   0.6444    4.87e-03  (ETA 52s)
    16      10s     2m49s    2.6512   0.7586   0.6574     0.6574    0.7745   0.6380    4.87e-03  (ETA 42s)
    17      11s     3m00s    3.5478   0.7190   0.5556     0.5556    0.7698   0.4557    4.87e-03  (ETA 31s)
    18      15s     3m16s    3.5657   0.7192   0.7106     0.7106    0.7769   0.7101    4.87e-03  (ETA 21s)
    19      10s     3m26s    2.0292   0.8231   0.6840     0.6840    0.7563   0.6834    4.87e-03  (ETA 10s)
    20      10s     3m37s    3.3904   0.7345   0.6875     0.6875    0.7705   0.6791    4.87e-03  (done)
─────────────────────────────────────────────────────────────────────────────────────────────────────────
lp complete — 20 epochs | total: 3m37s | best epoch=18 val_acc=0.7106
─────────────────────────────────────────────────────────────────────────────────────────────────────────

>>> Stage 2: LoRA fine-tuning
  Parameters: 1,624,066 trainable / 70,813,698 total (2.29%)  |  LoRA: 1,081,344

─────────────────────────────────────────────────────────────────────────────────────────────────────────
  Stage: ft  |  lr=0.0001  |  max_epochs=200  |  grad_clip=2.0
 Epoch   EpTime   Elapsed    TrLoss    TrAcc    VaAcc   VaBalAcc   VaAUROC    VaF1w          LR
─────────────────────────────────────────────────────────────────────────────────────────────────────────
     1      24s       24s    0.7580   0.8983   0.7060     0.7060    0.7707   0.7060    6.24e-06  (ETA 1h22m36s)
     2      25s       49s    0.6464   0.9085   0.7072     0.7072    0.7774   0.7059    1.64e-05  (ETA 1h22m29s)
     3      25s     1m15s    0.5595   0.9185   0.7106     0.7106    0.7767   0.7106    3.25e-05  (ETA 1h22m28s)
     4      24s     1m39s    0.4763   0.9213   0.6921     0.6921    0.7739   0.6906    5.80e-05  (ETA 1h21m38s)
     5      24s     2m04s    0.4238   0.9249   0.7060     0.7060    0.7728   0.7057    9.84e-05  (ETA 1h20m55s)
     6      24s     2m29s    0.3451   0.9328   0.6956     0.6956    0.7742   0.6930    9.84e-05  (ETA 1h20m28s)
     7      25s     2m54s    0.3415   0.9293   0.7222     0.7222    0.7795   0.7222    9.84e-05  (ETA 1h20m11s)
     8      24s     3m18s    0.3026   0.9342   0.7025     0.7025    0.7781   0.6998    9.84e-05  (ETA 1h19m35s)
     9      24s     3m43s    0.2399   0.9433   0.7153     0.7153    0.7796   0.7149    9.84e-05  (ETA 1h19m06s)
    10      24s     4m08s    0.2235   0.9453   0.6910     0.6910    0.7742   0.6825    9.84e-05  (ETA 1h18m43s)
    11      24s     4m33s    0.1970   0.9501   0.7130     0.7130    0.7779   0.7117    9.84e-05  (ETA 1h18m13s)
    12      24s     4m58s    0.2327   0.9454   0.6794     0.6794    0.7717   0.6701    9.84e-05  (ETA 1h17m49s)
    13      24s     5m22s    0.2143   0.9481   0.7014     0.7014    0.7729   0.6994    9.84e-05  (ETA 1h17m21s)
    14      24s     5m47s    0.1815   0.9567   0.6806     0.6806    0.7728   0.6774    4.92e-05  (ETA 1h16m53s)
    15      24s     6m11s    0.1344   0.9635   0.7083     0.7083    0.7773   0.7071    4.92e-05  (ETA 1h16m26s)
    16      24s     6m36s    0.1335   0.9641   0.7060     0.7060    0.7722   0.7059    4.92e-05  (ETA 1h16m02s)
    17      24s     7m01s    0.1374   0.9638   0.7106     0.7106    0.7750   0.7105    4.92e-05  (ETA 1h15m35s)
    18      24s     7m25s    0.1264   0.9662   0.7072     0.7072    0.7765   0.7072    4.92e-05  (ETA 1h15m08s)
Early stopping at epoch 18 (patience=10)
─────────────────────────────────────────────────────────────────────────────────────────────────────────
ft complete — 18 epochs | total: 7m25s | best epoch=7 val_acc=0.7222
─────────────────────────────────────────────────────────────────────────────────────────────────────────
LoRA adapter saved → /home/apasinato/jade-mscthesis/outputs/ft_checkpoints/ft_faced_binary_w10s10_pool_no_r16_nomixup_fold_5/lora_adapter
Head weights saved → /home/apasinato/jade-mscthesis/outputs/ft_checkpoints/ft_faced_binary_w10s10_pool_no_r16_nomixup_fold_5/head_weights.pt

#########################################################################################################
  Fold 6/10  |  faced  |  task=binary  |  pooling=no  |  LoRA r=16  |  device=cuda
  train: 111 subjects  |  val: 12 subjects
#########################################################################################################
Building datasets ...  done in 48s  (train=7,992  val=864)

>>> Stage 1: LP warmup  |  trainable params: 542,722

─────────────────────────────────────────────────────────────────────────────────────────────────────────
  Stage: lp  |  lr=0.005  |  max_epochs=20  |  grad_clip=2.0
 Epoch   EpTime   Elapsed    TrLoss    TrAcc    VaAcc   VaBalAcc   VaAUROC    VaF1w          LR
─────────────────────────────────────────────────────────────────────────────────────────────────────────
     1      10s       10s    0.8393   0.5198   0.4988     0.4988    0.6896   0.3447    6.12e-04  (ETA 3m17s)
     2      10s       21s    1.9595   0.5026   0.5046     0.5046    0.6744   0.3455    1.96e-03  (ETA 3m09s)
     3      10s       31s    4.8617   0.5150   0.5000     0.5000    0.6792   0.3354    4.87e-03  (ETA 2m58s)
     4      11s       43s    6.7144   0.5452   0.5544     0.5544    0.7236   0.4537    4.87e-03  (ETA 2m52s)
     5      11s       54s    5.8116   0.5744   0.5741     0.5741    0.6977   0.5024    4.87e-03  (ETA 2m42s)
     6      11s     1m05s    5.0674   0.5986   0.5799     0.5799    0.7113   0.5201    4.87e-03  (ETA 2m33s)
     7      10s     1m16s    4.2167   0.6353   0.5718     0.5718    0.7526   0.4900    4.87e-03  (ETA 2m21s)
     8      10s     1m26s    3.7432   0.6538   0.5961     0.5961    0.7717   0.5386    4.87e-03  (ETA 2m10s)
     9      13s     1m40s    3.0617   0.6976   0.6319     0.6319    0.7472   0.5940    4.87e-03  (ETA 2m03s)
    10      10s     1m51s    2.8603   0.7118   0.6366     0.6366    0.7562   0.6078    4.87e-03  (ETA 1m51s)
    11      10s     2m01s    2.5031   0.7272   0.6204     0.6204    0.7661   0.5857    4.87e-03  (ETA 1m39s)
    12      10s     2m12s    2.3729   0.7516   0.6157     0.6157    0.7636   0.5742    4.87e-03  (ETA 1m28s)
    13      10s     2m23s    2.3241   0.7533   0.6354     0.6354    0.7493   0.6035    4.87e-03  (ETA 1m17s)
    14      10s     2m33s    1.8784   0.7784   0.6829     0.6829    0.7618   0.6701    4.87e-03  (ETA 1m05s)
    15      10s     2m44s    1.6845   0.7857   0.6447     0.6447    0.7789   0.6183    4.87e-03  (ETA 54s)
    16      10s     2m54s    1.5352   0.8076   0.6331     0.6331    0.7797   0.5917    4.87e-03  (ETA 43s)
    17      10s     3m05s    2.6080   0.7893   0.6725     0.6725    0.7644   0.6529    4.87e-03  (ETA 32s)
    18      10s     3m16s    1.3784   0.8231   0.6887     0.6887    0.7756   0.6769    4.87e-03  (ETA 21s)
    19      10s     3m26s    1.2841   0.8358   0.6586     0.6586    0.7776   0.6373    4.87e-03  (ETA 10s)
    20      11s     3m37s    1.2254   0.8522   0.6632     0.6632    0.7646   0.6470    4.87e-03  (done)
─────────────────────────────────────────────────────────────────────────────────────────────────────────
lp complete — 20 epochs | total: 3m37s | best epoch=18 val_acc=0.6887
─────────────────────────────────────────────────────────────────────────────────────────────────────────

>>> Stage 2: LoRA fine-tuning
  Parameters: 1,624,066 trainable / 70,813,698 total (2.29%)  |  LoRA: 1,081,344

─────────────────────────────────────────────────────────────────────────────────────────────────────────
  Stage: ft  |  lr=0.0001  |  max_epochs=200  |  grad_clip=2.0
 Epoch   EpTime   Elapsed    TrLoss    TrAcc    VaAcc   VaBalAcc   VaAUROC    VaF1w          LR
─────────────────────────────────────────────────────────────────────────────────────────────────────────
     1      25s       25s    1.5470   0.8590   0.6956     0.6956    0.7725   0.6955    6.18e-06  (ETA 1h23m47s)
     2      24s       50s    1.1251   0.9059   0.7072     0.7072    0.7794   0.7058    1.63e-05  (ETA 1h22m47s)
     3      24s     1m15s    0.9893   0.9180   0.7141     0.7141    0.7824   0.7133    3.23e-05  (ETA 1h22m15s)
     4      25s     1m40s    0.9260   0.9217   0.7141     0.7141    0.7761   0.7105    5.77e-05  (ETA 1h22m03s)
     5      30s     2m10s    0.7509   0.9321   0.7083     0.7083    0.7748   0.7068    9.80e-05  (ETA 1h25m00s)
     6      24s     2m35s    0.6007   0.9313   0.7095     0.7095    0.7786   0.7090    9.80e-05  (ETA 1h23m45s)
     7      25s     3m00s    0.3881   0.9407   0.6852     0.6852    0.7765   0.6790    9.80e-05  (ETA 1h23m00s)
     8      25s     3m25s    0.2925   0.9491   0.6979     0.6979    0.7738   0.6967    9.80e-05  (ETA 1h22m23s)
     9      24s     3m50s    0.2479   0.9502   0.6956     0.6956    0.7694   0.6884    9.80e-05  (ETA 1h21m32s)
    10      24s     4m15s    0.2376   0.9481   0.7095     0.7095    0.7744   0.7059    9.80e-05  (ETA 1h20m47s)
    11      24s     4m39s    0.2221   0.9545   0.7095     0.7095    0.7773   0.7092    9.80e-05  (ETA 1h20m04s)
    12      33s     5m12s    0.1808   0.9613   0.7049     0.7049    0.7760   0.6992    9.80e-05  (ETA 1h21m42s)
    13      25s     5m38s    0.1922   0.9578   0.7164     0.7164    0.7790   0.7135    9.80e-05  (ETA 1h21m08s)
    14      24s     6m03s    0.1633   0.9631   0.7049     0.7049    0.7710   0.7004    9.80e-05  (ETA 1h20m23s)
    15      24s     6m27s    0.1879   0.9592   0.7072     0.7072    0.7793   0.7024    9.80e-05  (ETA 1h19m40s)
    16      25s     6m52s    0.1526   0.9688   0.7072     0.7072    0.7779   0.7062    9.80e-05  (ETA 1h19m06s)
    17      24s     7m17s    0.1558   0.9658   0.7049     0.7049    0.7832   0.7033    9.80e-05  (ETA 1h18m29s)
    18      24s     7m41s    0.1338   0.9686   0.7141     0.7141    0.7796   0.7139    9.80e-05  (ETA 1h17m51s)
    19      24s     8m06s    0.0977   0.9745   0.7176     0.7176    0.7789   0.7168    9.80e-05  (ETA 1h17m16s)
    20      24s     8m31s    0.1145   0.9737   0.7141     0.7141    0.7780   0.7108    9.80e-05  (ETA 1h16m41s)
    21      24s     8m55s    0.1153   0.9718   0.7083     0.7083    0.7803   0.7083    9.80e-05  (ETA 1h16m07s)
    22      25s     9m21s    0.1050   0.9760   0.7188     0.7188    0.7818   0.7173    9.80e-05  (ETA 1h15m39s)
    23      25s     9m46s    0.1146   0.9737   0.7211     0.7211    0.7831   0.7204    9.80e-05  (ETA 1h15m11s)
    24      24s    10m10s    0.1176   0.9745   0.7211     0.7211    0.7854   0.7210    9.80e-05  (ETA 1h14m38s)
    25      24s    10m35s    0.0729   0.9834   0.7083     0.7083    0.7855   0.7070    9.80e-05  (ETA 1h14m08s)
    26      26s    11m01s    0.1114   0.9760   0.7025     0.7025    0.7797   0.6981    9.80e-05  (ETA 1h13m49s)
    27      24s    11m26s    0.0886   0.9794   0.7014     0.7014    0.7817   0.6980    9.80e-05  (ETA 1h13m18s)
    28      24s    11m50s    0.0853   0.9835   0.6991     0.6991    0.7830   0.6956    9.80e-05  (ETA 1h12m47s)
    29      24s    12m15s    0.0759   0.9849   0.7199     0.7199    0.7816   0.7186    9.80e-05  (ETA 1h12m18s)
    30      24s    12m40s    0.0803   0.9854   0.7153     0.7153    0.7860   0.7136    4.90e-05  (ETA 1h11m49s)
    31      24s    13m05s    0.0617   0.9860   0.7141     0.7141    0.7844   0.7140    4.90e-05  (ETA 1h11m19s)
    32      24s    13m29s    0.0668   0.9854   0.7130     0.7130    0.7844   0.7127    4.90e-05  (ETA 1h10m51s)
    33      24s    13m54s    0.0585   0.9897   0.7153     0.7153    0.7832   0.7153    4.90e-05  (ETA 1h10m22s)
    34      24s    14m19s    0.0556   0.9920   0.7130     0.7130    0.7844   0.7130    4.90e-05  (ETA 1h09m54s)
Early stopping at epoch 34 (patience=10)
─────────────────────────────────────────────────────────────────────────────────────────────────────────
ft complete — 34 epochs | total: 14m19s | best epoch=23 val_acc=0.7211
─────────────────────────────────────────────────────────────────────────────────────────────────────────
LoRA adapter saved → /home/apasinato/jade-mscthesis/outputs/ft_checkpoints/ft_faced_binary_w10s10_pool_no_r16_nomixup_fold_6/lora_adapter
Head weights saved → /home/apasinato/jade-mscthesis/outputs/ft_checkpoints/ft_faced_binary_w10s10_pool_no_r16_nomixup_fold_6/head_weights.pt

#########################################################################################################
  Fold 7/10  |  faced  |  task=binary  |  pooling=no  |  LoRA r=16  |  device=cuda
  train: 111 subjects  |  val: 12 subjects
#########################################################################################################
Building datasets ...  done in 33s  (train=7,992  val=864)

>>> Stage 1: LP warmup  |  trainable params: 542,722

─────────────────────────────────────────────────────────────────────────────────────────────────────────
  Stage: lp  |  lr=0.005  |  max_epochs=20  |  grad_clip=2.0
 Epoch   EpTime   Elapsed    TrLoss    TrAcc    VaAcc   VaBalAcc   VaAUROC    VaF1w          LR
─────────────────────────────────────────────────────────────────────────────────────────────────────────
     1      10s       10s    1.7318   0.5176   0.5000     0.5000    0.6602   0.3333    6.12e-04  (ETA 3m19s)
     2      10s       21s    8.9154   0.5020   0.5000     0.5000    0.6426   0.3333    1.96e-03  (ETA 3m09s)
     3      10s       31s   22.1275   0.5070   0.4977     0.4977    0.4942   0.3323    4.87e-03  (ETA 2m58s)
     4      10s       42s   27.4713   0.5211   0.5301     0.5301    0.6560   0.4098    4.87e-03  (ETA 2m49s)
     5      11s       53s   18.5189   0.5495   0.5440     0.5440    0.6096   0.4374    4.87e-03  (ETA 2m40s)
     6      10s     1m04s   13.2773   0.5716   0.5926     0.5926    0.7311   0.5315    4.87e-03  (ETA 2m29s)
     7      10s     1m14s    5.8654   0.6747   0.6713     0.6713    0.7690   0.6590    4.87e-03  (ETA 2m18s)
     8      10s     1m25s    3.1275   0.7260   0.6863     0.6863    0.7972   0.6726    4.87e-03  (ETA 2m07s)
     9      10s     1m35s    3.3762   0.7309   0.6852     0.6852    0.7871   0.6800    4.87e-03  (ETA 1m57s)
    10      10s     1m46s    2.1560   0.7462   0.6169     0.6169    0.7840   0.5656    4.87e-03  (ETA 1m46s)
    11      10s     1m57s    1.7245   0.8043   0.6921     0.6921    0.7982   0.6836    4.87e-03  (ETA 1m35s)
    12      10s     2m07s    1.5950   0.8122   0.7025     0.7025    0.8050   0.6939    4.87e-03  (ETA 1m25s)
    13      10s     2m18s    1.7260   0.8142   0.7315     0.7315    0.8129   0.7314    4.87e-03  (ETA 1m14s)
    14      10s     2m29s    2.2590   0.8022   0.6007     0.6007    0.8109   0.5310    4.87e-03  (ETA 1m03s)
    15      10s     2m39s    1.5614   0.8196   0.6725     0.6725    0.8034   0.6463    4.87e-03  (ETA 53s)
    16      10s     2m50s    1.5226   0.8293   0.7083     0.7083    0.8251   0.6957    4.87e-03  (ETA 42s)
    17      10s     3m00s    1.5612   0.8420   0.7083     0.7083    0.8242   0.6951    4.87e-03  (ETA 31s)
    18      10s     3m11s    1.4129   0.8375   0.7211     0.7211    0.8105   0.7183    4.87e-03  (ETA 21s)
    19      10s     3m22s    0.6276   0.9299   0.7315     0.7315    0.8122   0.7295    4.87e-03  (ETA 10s)
    20      10s     3m32s    0.7013   0.9297   0.7211     0.7211    0.8164   0.7167    2.43e-03  (done)
─────────────────────────────────────────────────────────────────────────────────────────────────────────
lp complete — 20 epochs | total: 3m32s | best epoch=13 val_acc=0.7315
─────────────────────────────────────────────────────────────────────────────────────────────────────────

>>> Stage 2: LoRA fine-tuning
  Parameters: 1,624,066 trainable / 70,813,698 total (2.29%)  |  LoRA: 1,081,344

─────────────────────────────────────────────────────────────────────────────────────────────────────────
  Stage: ft  |  lr=0.0001  |  max_epochs=200  |  grad_clip=2.0
 Epoch   EpTime   Elapsed    TrLoss    TrAcc    VaAcc   VaBalAcc   VaAUROC    VaF1w          LR
─────────────────────────────────────────────────────────────────────────────────────────────────────────
     1      24s       24s    0.8600   0.8764   0.7153     0.7153    0.7911   0.7146    6.31e-06  (ETA 1h22m30s)
     2      25s       50s    0.7275   0.8891   0.7257     0.7257    0.8058   0.7255    1.65e-05  (ETA 1h22m53s)
     3      25s     1m15s    0.5753   0.9070   0.7303     0.7303    0.8119   0.7300    3.26e-05  (ETA 1h22m41s)
     4      25s     1m40s    0.5504   0.9072   0.7350     0.7350    0.8182   0.7349    5.80e-05  (ETA 1h22m23s)
     5      25s     2m06s    0.4066   0.9214   0.7419     0.7419    0.8214   0.7410    9.84e-05  (ETA 1h22m04s)
     6      24s     2m30s    0.3452   0.9254   0.7280     0.7280    0.8187   0.7264    9.84e-05  (ETA 1h21m21s)
     7      24s     2m55s    0.2672   0.9411   0.7292     0.7292    0.8127   0.7288    9.84e-05  (ETA 1h20m44s)
     8      25s     3m20s    0.2271   0.9453   0.7454     0.7454    0.8154   0.7448    9.84e-05  (ETA 1h20m17s)
     9      24s     3m45s    0.2057   0.9502   0.7303     0.7303    0.8125   0.7247    9.84e-05  (ETA 1h19m45s)
    10      24s     4m10s    0.1835   0.9545   0.7373     0.7373    0.8139   0.7372    9.84e-05  (ETA 1h19m18s)
    11      24s     4m35s    0.1499   0.9627   0.7373     0.7373    0.8125   0.7371    9.84e-05  (ETA 1h18m50s)
    12      24s     5m00s    0.1498   0.9636   0.7326     0.7326    0.8170   0.7320    9.84e-05  (ETA 1h18m21s)
    13      24s     5m24s    0.1339   0.9656   0.7106     0.7106    0.8090   0.7078    9.84e-05  (ETA 1h17m52s)
    14      24s     5m49s    0.1728   0.9530   0.7338     0.7338    0.8174   0.7299    9.84e-05  (ETA 1h17m23s)
    15      24s     6m14s    0.1111   0.9706   0.7315     0.7315    0.8158   0.7313    4.92e-05  (ETA 1h16m56s)
    16      25s     6m39s    0.0934   0.9769   0.7280     0.7280    0.8154   0.7265    4.92e-05  (ETA 1h16m33s)
    17      24s     7m04s    0.0901   0.9777   0.7292     0.7292    0.8135   0.7289    4.92e-05  (ETA 1h16m05s)
    18      24s     7m28s    0.0996   0.9767   0.7315     0.7315    0.8152   0.7315    4.92e-05  (ETA 1h15m37s)
    19      24s     7m53s    0.0703   0.9815   0.7326     0.7326    0.8144   0.7316    4.92e-05  (ETA 1h15m12s)
Early stopping at epoch 19 (patience=10)
─────────────────────────────────────────────────────────────────────────────────────────────────────────
ft complete — 19 epochs | total: 7m53s | best epoch=8 val_acc=0.7454
─────────────────────────────────────────────────────────────────────────────────────────────────────────
LoRA adapter saved → /home/apasinato/jade-mscthesis/outputs/ft_checkpoints/ft_faced_binary_w10s10_pool_no_r16_nomixup_fold_7/lora_adapter
Head weights saved → /home/apasinato/jade-mscthesis/outputs/ft_checkpoints/ft_faced_binary_w10s10_pool_no_r16_nomixup_fold_7/head_weights.pt

#########################################################################################################
  Fold 8/10  |  faced  |  task=binary  |  pooling=no  |  LoRA r=16  |  device=cuda
  train: 111 subjects  |  val: 12 subjects
#########################################################################################################
Building datasets ...  done in 40s  (train=7,992  val=864)

>>> Stage 1: LP warmup  |  trainable params: 542,722

─────────────────────────────────────────────────────────────────────────────────────────────────────────
  Stage: lp  |  lr=0.005  |  max_epochs=20  |  grad_clip=2.0
 Epoch   EpTime   Elapsed    TrLoss    TrAcc    VaAcc   VaBalAcc   VaAUROC    VaF1w          LR
─────────────────────────────────────────────────────────────────────────────────────────────────────────
     1      10s       10s    1.0792   0.5125   0.5000     0.5000    0.6433   0.3333    6.12e-04  (ETA 3m18s)
     2      10s       20s    3.6063   0.5015   0.5000     0.5000    0.6420   0.3333    1.96e-03  (ETA 3m08s)
     3      10s       31s    9.1070   0.5164   0.5000     0.5000    0.6528   0.3333    4.87e-03  (ETA 2m58s)
     4      11s       42s   12.4546   0.5293   0.5324     0.5324    0.6340   0.4173    4.87e-03  (ETA 2m50s)
     5      10s       53s   10.1083   0.5598   0.5081     0.5081    0.5616   0.3530    4.87e-03  (ETA 2m39s)
     6      10s     1m03s    8.2447   0.5775   0.5706     0.5706    0.7045   0.4846    4.87e-03  (ETA 2m28s)
     7      10s     1m14s    6.9628   0.6087   0.6655     0.6655    0.7787   0.6505    4.87e-03  (ETA 2m17s)
     8      10s     1m24s    5.4322   0.6408   0.5787     0.5787    0.7987   0.4960    4.87e-03  (ETA 2m07s)
     9      10s     1m35s    9.5877   0.6019   0.6817     0.6817    0.7803   0.6766    4.87e-03  (ETA 1m56s)
    10      11s     1m46s    8.2128   0.6231   0.6725     0.6725    0.7963   0.6468    4.87e-03  (ETA 1m46s)
    11      11s     1m57s    3.7188   0.7295   0.7280     0.7280    0.7985   0.7268    4.87e-03  (ETA 1m36s)
    12      10s     2m08s    2.1810   0.8214   0.6505     0.6505    0.7814   0.6162    4.87e-03  (ETA 1m25s)
    13      10s     2m18s    2.0313   0.7962   0.6308     0.6308    0.7912   0.5828    4.87e-03  (ETA 1m14s)
    14      10s     2m29s    2.4570   0.7520   0.6076     0.6076    0.7786   0.5466    4.87e-03  (ETA 1m03s)
    15      10s     2m39s    1.9899   0.7830   0.7222     0.7222    0.8254   0.7186    4.87e-03  (ETA 53s)
    16      10s     2m50s    1.5168   0.8396   0.5961     0.5961    0.8187   0.5256    4.87e-03  (ETA 42s)
    17      10s     3m01s    1.5030   0.8265   0.7211     0.7211    0.8253   0.7153    4.87e-03  (ETA 31s)
    18      10s     3m11s    1.5639   0.8660   0.6181     0.6181    0.8208   0.5625    2.43e-03  (ETA 21s)
    19      10s     3m22s    0.9162   0.9200   0.7176     0.7176    0.8280   0.7093    2.43e-03  (ETA 10s)
    20      10s     3m33s    0.6677   0.9125   0.6979     0.6979    0.8118   0.6844    2.43e-03  (done)
─────────────────────────────────────────────────────────────────────────────────────────────────────────
lp complete — 20 epochs | total: 3m33s | best epoch=11 val_acc=0.7280
─────────────────────────────────────────────────────────────────────────────────────────────────────────

>>> Stage 2: LoRA fine-tuning
  Parameters: 1,624,066 trainable / 70,813,698 total (2.29%)  |  LoRA: 1,081,344

─────────────────────────────────────────────────────────────────────────────────────────────────────────
  Stage: ft  |  lr=0.0001  |  max_epochs=200  |  grad_clip=2.0
 Epoch   EpTime   Elapsed    TrLoss    TrAcc    VaAcc   VaBalAcc   VaAUROC    VaF1w          LR
─────────────────────────────────────────────────────────────────────────────────────────────────────────
     1      24s       24s    1.9296   0.8108   0.7280     0.7280    0.7824   0.7278    6.31e-06  (ETA 1h22m45s)
     2      24s       49s    1.5479   0.8343   0.7245     0.7245    0.7876   0.7238    1.65e-05  (ETA 1h22m03s)
     3      25s     1m14s    1.3250   0.8476   0.7373     0.7373    0.7926   0.7372    3.26e-05  (ETA 1h21m48s)
     4      24s     1m39s    1.1483   0.8524   0.7141     0.7141    0.7944   0.7129    5.82e-05  (ETA 1h21m12s)
     5      24s     2m04s    0.8974   0.8654   0.7222     0.7222    0.7936   0.7210    9.88e-05  (ETA 1h20m40s)
     6      24s     2m28s    0.7413   0.8727   0.7014     0.7014    0.7926   0.6929    9.88e-05  (ETA 1h20m13s)
     7      24s     2m53s    0.8173   0.8596   0.7199     0.7199    0.7891   0.7148    9.88e-05  (ETA 1h19m45s)
     8      24s     3m18s    0.5598   0.8868   0.7060     0.7060    0.7828   0.7014    9.88e-05  (ETA 1h19m20s)
     9      24s     3m43s    0.4945   0.8980   0.7257     0.7257    0.7893   0.7233    9.88e-05  (ETA 1h18m54s)
    10      24s     4m08s    0.4062   0.9057   0.6921     0.6921    0.7997   0.6820    9.88e-05  (ETA 1h18m33s)
    11      24s     4m32s    0.4613   0.8944   0.7292     0.7292    0.7937   0.7288    9.88e-05  (ETA 1h18m09s)
    12      24s     4m57s    0.5285   0.8855   0.6944     0.6944    0.7971   0.6839    9.88e-05  (ETA 1h17m43s)
    13      24s     5m22s    0.4175   0.9052   0.7199     0.7199    0.7929   0.7182    9.88e-05  (ETA 1h17m18s)
    14      24s     5m47s    0.3776   0.9092   0.7245     0.7245    0.7941   0.7245    9.88e-05  (ETA 1h16m54s)
Early stopping at epoch 14 (patience=10)
─────────────────────────────────────────────────────────────────────────────────────────────────────────
ft complete — 14 epochs | total: 5m47s | best epoch=3 val_acc=0.7373
─────────────────────────────────────────────────────────────────────────────────────────────────────────
LoRA adapter saved → /home/apasinato/jade-mscthesis/outputs/ft_checkpoints/ft_faced_binary_w10s10_pool_no_r16_nomixup_fold_8/lora_adapter
Head weights saved → /home/apasinato/jade-mscthesis/outputs/ft_checkpoints/ft_faced_binary_w10s10_pool_no_r16_nomixup_fold_8/head_weights.pt

#########################################################################################################
  Fold 9/10  |  faced  |  task=binary  |  pooling=no  |  LoRA r=16  |  device=cuda
  train: 111 subjects  |  val: 12 subjects
#########################################################################################################
Building datasets ...  done in 18s  (train=7,992  val=864)

>>> Stage 1: LP warmup  |  trainable params: 542,722

─────────────────────────────────────────────────────────────────────────────────────────────────────────
  Stage: lp  |  lr=0.005  |  max_epochs=20  |  grad_clip=2.0
 Epoch   EpTime   Elapsed    TrLoss    TrAcc    VaAcc   VaBalAcc   VaAUROC    VaF1w          LR
─────────────────────────────────────────────────────────────────────────────────────────────────────────
     1      10s       10s    1.3348   0.5148   0.5035     0.5035    0.6401   0.3772    6.12e-04  (ETA 3m20s)
     2      10s       21s    6.0304   0.4992   0.5093     0.5093    0.6384   0.3648    1.96e-03  (ETA 3m11s)
     3      10s       31s   14.6087   0.5176   0.5104     0.5104    0.5337   0.3794    4.87e-03  (ETA 3m00s)
     4      10s       42s   18.9842   0.5214   0.5116     0.5116    0.6455   0.3882    4.87e-03  (ETA 2m49s)
     5      10s       53s   14.2353   0.5512   0.5139     0.5139    0.5410   0.3927    4.87e-03  (ETA 2m39s)
     6      10s     1m03s   10.9026   0.5822   0.6400     0.6400    0.7160   0.6228    4.87e-03  (ETA 2m28s)
     7      10s     1m14s    3.4385   0.7007   0.6238     0.6238    0.7241   0.5886    4.87e-03  (ETA 2m17s)
     8      10s     1m24s    2.0416   0.7317   0.6435     0.6435    0.7313   0.6242    4.87e-03  (ETA 2m07s)
     9      10s     1m35s    1.8085   0.7369   0.6204     0.6204    0.7341   0.5970    4.87e-03  (ETA 1m56s)
    10      11s     1m46s    1.4816   0.7634   0.6424     0.6424    0.7384   0.6188    4.87e-03  (ETA 1m46s)
    11      11s     1m57s    1.2807   0.7830   0.6343     0.6343    0.7356   0.6148    4.87e-03  (ETA 1m36s)
    12      15s     2m13s    1.2931   0.7868   0.6493     0.6493    0.7377   0.6336    4.87e-03  (ETA 1m28s)
    13      10s     2m24s    1.0685   0.8077   0.6759     0.6759    0.7247   0.6696    4.87e-03  (ETA 1m17s)
    14      10s     2m34s    2.0049   0.7484   0.6655     0.6655    0.7445   0.6505    4.87e-03  (ETA 1m06s)
    15      10s     2m45s    2.1494   0.7327   0.6053     0.6053    0.7394   0.5615    4.87e-03  (ETA 55s)
    16      10s     2m55s    1.8736   0.7539   0.6574     0.6574    0.7445   0.6415    4.87e-03  (ETA 43s)
    17      10s     3m06s    1.7162   0.7764   0.6366     0.6366    0.6937   0.6284    4.87e-03  (ETA 32s)
    18      10s     3m17s    3.4572   0.6907   0.6713     0.6713    0.7371   0.6611    4.87e-03  (ETA 21s)
    19      11s     3m29s    0.9654   0.8586   0.6840     0.6840    0.7288   0.6838    4.87e-03  (ETA 11s)
    20      11s     3m40s    1.1715   0.8453   0.6181     0.6181    0.7272   0.5832    4.87e-03  (done)
─────────────────────────────────────────────────────────────────────────────────────────────────────────
lp complete — 20 epochs | total: 3m40s | best epoch=19 val_acc=0.6840
─────────────────────────────────────────────────────────────────────────────────────────────────────────

>>> Stage 2: LoRA fine-tuning
  Parameters: 1,624,066 trainable / 70,813,698 total (2.29%)  |  LoRA: 1,081,344

─────────────────────────────────────────────────────────────────────────────────────────────────────────
  Stage: ft  |  lr=0.0001  |  max_epochs=200  |  grad_clip=2.0
 Epoch   EpTime   Elapsed    TrLoss    TrAcc    VaAcc   VaBalAcc   VaAUROC    VaF1w          LR
─────────────────────────────────────────────────────────────────────────────────────────────────────────
     1      32s       32s    0.5492   0.9058   0.6898     0.6898    0.7251   0.6897    6.31e-06  (ETA 1h49m08s)
     2      25s       58s    0.3745   0.9263   0.6956     0.6956    0.7365   0.6956    1.65e-05  (ETA 1h36m00s)
     3      25s     1m23s    0.2644   0.9437   0.6979     0.6979    0.7385   0.6976    3.26e-05  (ETA 1h31m27s)
     4      24s     1m48s    0.1986   0.9489   0.6898     0.6898    0.7410   0.6866    5.82e-05  (ETA 1h28m25s)
     5      24s     2m12s    0.1816   0.9515   0.6898     0.6898    0.7405   0.6896    9.88e-05  (ETA 1h26m24s)
     6      29s     2m42s    0.1849   0.9505   0.6944     0.6944    0.7482   0.6903    9.88e-05  (ETA 1h27m46s)
     7      24s     3m07s    0.1649   0.9566   0.6875     0.6875    0.7446   0.6875    9.88e-05  (ETA 1h26m10s)
     8      24s     3m32s    0.1296   0.9621   0.6898     0.6898    0.7441   0.6892    9.88e-05  (ETA 1h24m53s)
     9      24s     3m56s    0.1147   0.9618   0.6875     0.6875    0.7430   0.6860    9.88e-05  (ETA 1h23m48s)
    10      25s     4m22s    0.1152   0.9618   0.6863     0.6863    0.7419   0.6856    9.88e-05  (ETA 1h23m08s)
    11      24s     4m47s    0.0790   0.9731   0.6910     0.6910    0.7430   0.6909    9.88e-05  (ETA 1h22m15s)
    12      24s     5m12s    0.0735   0.9725   0.6921     0.6921    0.7431   0.6921    9.88e-05  (ETA 1h21m30s)
    13      24s     5m37s    0.0752   0.9738   0.6840     0.6840    0.7434   0.6840    9.88e-05  (ETA 1h20m49s)
    14      24s     6m01s    0.0811   0.9722   0.6898     0.6898    0.7465   0.6898    9.88e-05  (ETA 1h20m06s)
Early stopping at epoch 14 (patience=10)
─────────────────────────────────────────────────────────────────────────────────────────────────────────
ft complete — 14 epochs | total: 6m01s | best epoch=3 val_acc=0.6979
─────────────────────────────────────────────────────────────────────────────────────────────────────────
LoRA adapter saved → /home/apasinato/jade-mscthesis/outputs/ft_checkpoints/ft_faced_binary_w10s10_pool_no_r16_nomixup_fold_9/lora_adapter
Head weights saved → /home/apasinato/jade-mscthesis/outputs/ft_checkpoints/ft_faced_binary_w10s10_pool_no_r16_nomixup_fold_9/head_weights.pt

#########################################################################################################
  Fold 10/10  |  faced  |  task=binary  |  pooling=no  |  LoRA r=16  |  device=cuda
  train: 111 subjects  |  val: 12 subjects
#########################################################################################################
Building datasets ...  done in 28s  (train=7,992  val=864)

>>> Stage 1: LP warmup  |  trainable params: 542,722

─────────────────────────────────────────────────────────────────────────────────────────────────────────
  Stage: lp  |  lr=0.005  |  max_epochs=20  |  grad_clip=2.0
 Epoch   EpTime   Elapsed    TrLoss    TrAcc    VaAcc   VaBalAcc   VaAUROC    VaF1w          LR
─────────────────────────────────────────────────────────────────────────────────────────────────────────
     1      10s       10s    1.2920   0.5259   0.5324     0.5324    0.6567   0.4158    6.12e-04  (ETA 3m19s)
     2      10s       21s    4.7432   0.5255   0.6655     0.6655    0.6965   0.6599    1.96e-03  (ETA 3m09s)
     3      10s       31s    4.8228   0.5324   0.5116     0.5116    0.6451   0.3696    4.87e-03  (ETA 2m59s)
     4      10s       42s    6.3273   0.5644   0.5150     0.5150    0.6522   0.3869    4.87e-03  (ETA 2m48s)
     5      10s       52s    5.4016   0.5953   0.5914     0.5914    0.7292   0.5439    4.87e-03  (ETA 2m38s)
     6      11s     1m04s    4.6556   0.6199   0.5868     0.5868    0.7703   0.5244    4.87e-03  (ETA 2m29s)
     7      10s     1m14s    3.9636   0.6580   0.6007     0.6007    0.7504   0.5464    4.87e-03  (ETA 2m18s)
     8      10s     1m25s    3.6901   0.6689   0.5984     0.5984    0.7691   0.5341    4.87e-03  (ETA 2m08s)
     9      10s     1m35s    3.2349   0.6986   0.5961     0.5961    0.7884   0.5368    4.87e-03  (ETA 1m57s)
    10      10s     1m46s    2.9700   0.7152   0.6748     0.6748    0.7846   0.6584    4.87e-03  (ETA 1m46s)
    11      10s     1m57s    2.7687   0.7321   0.5926     0.5926    0.7596   0.5240    4.87e-03  (ETA 1m35s)
    12      10s     2m08s    2.1991   0.7555   0.6181     0.6181    0.7710   0.5657    4.87e-03  (ETA 1m25s)
    13      10s     2m18s    2.0736   0.7669   0.6516     0.6516    0.7870   0.6277    4.87e-03  (ETA 1m14s)
    14      11s     2m30s    2.1004   0.7785   0.6609     0.6609    0.7908   0.6411    4.87e-03  (ETA 1m04s)
    15      10s     2m40s    1.7888   0.7975   0.5868     0.5868    0.7477   0.5167    4.87e-03  (ETA 53s)
    16      10s     2m51s    1.7169   0.8048   0.6481     0.6481    0.7802   0.6149    4.87e-03  (ETA 42s)
    17      10s     3m02s    1.5383   0.8176   0.6956     0.6956    0.7868   0.6860    4.87e-03  (ETA 32s)
    18      10s     3m12s    1.3745   0.8247   0.6898     0.6898    0.7788   0.6815    4.87e-03  (ETA 21s)
    19      10s     3m23s    1.1925   0.8380   0.6157     0.6157    0.7566   0.5685    4.87e-03  (ETA 10s)
    20      10s     3m34s    1.1659   0.8496   0.6424     0.6424    0.7775   0.6082    4.87e-03  (done)
─────────────────────────────────────────────────────────────────────────────────────────────────────────
lp complete — 20 epochs | total: 3m34s | best epoch=17 val_acc=0.6956
─────────────────────────────────────────────────────────────────────────────────────────────────────────

>>> Stage 2: LoRA fine-tuning
  Parameters: 1,624,066 trainable / 70,813,698 total (2.29%)  |  LoRA: 1,081,344

─────────────────────────────────────────────────────────────────────────────────────────────────────────
  Stage: ft  |  lr=0.0001  |  max_epochs=200  |  grad_clip=2.0
 Epoch   EpTime   Elapsed    TrLoss    TrAcc    VaAcc   VaBalAcc   VaAUROC    VaF1w          LR
─────────────────────────────────────────────────────────────────────────────────────────────────────────
     1      24s       24s    0.7307   0.9049   0.6921     0.6921    0.7710   0.6908    6.31e-06  (ETA 1h22m04s)
     2      24s       49s    0.6263   0.9175   0.7083     0.7083    0.7862   0.7083    1.65e-05  (ETA 1h21m42s)
     3      25s     1m14s    0.4852   0.9284   0.7164     0.7164    0.7941   0.7138    3.26e-05  (ETA 1h21m45s)
     4      25s     1m39s    0.3609   0.9364   0.7303     0.7303    0.7914   0.7302    5.82e-05  (ETA 1h21m37s)
     5      24s     2m04s    0.3544   0.9309   0.6852     0.6852    0.7944   0.6706    9.84e-05  (ETA 1h21m01s)
     6      24s     2m29s    0.2949   0.9327   0.7176     0.7176    0.7923   0.7150    9.84e-05  (ETA 1h20m28s)
     7      24s     2m54s    0.2688   0.9408   0.7164     0.7164    0.7921   0.7135    9.84e-05  (ETA 1h20m00s)
     8      24s     3m18s    0.2169   0.9483   0.7211     0.7211    0.7851   0.7197    9.84e-05  (ETA 1h19m32s)
     9      33s     3m52s    0.2152   0.9473   0.7326     0.7326    0.7873   0.7313    9.84e-05  (ETA 1h22m17s)
    10      24s     4m17s    0.1744   0.9570   0.7014     0.7014    0.7856   0.6965    9.84e-05  (ETA 1h21m31s)
    11      24s     4m42s    0.1650   0.9596   0.7130     0.7130    0.7910   0.7104    9.84e-05  (ETA 1h20m47s)
    12      24s     5m07s    0.1898   0.9536   0.6632     0.6632    0.7849   0.6414    9.84e-05  (ETA 1h20m09s)
    13      25s     5m32s    0.1404   0.9640   0.7269     0.7269    0.7850   0.7268    9.84e-05  (ETA 1h19m37s)
    14      30s     6m02s    0.1828   0.9536   0.6412     0.6412    0.7797   0.6096    9.84e-05  (ETA 1h20m21s)
    15      24s     6m27s    0.1349   0.9657   0.7176     0.7176    0.7869   0.7149    9.84e-05  (ETA 1h19m39s)
    16      24s     6m52s    0.1419   0.9616   0.7211     0.7211    0.7885   0.7178    4.92e-05  (ETA 1h19m03s)
    17      24s     7m17s    0.1063   0.9730   0.7257     0.7257    0.7850   0.7240    4.92e-05  (ETA 1h18m26s)
    18      24s     7m42s    0.1158   0.9680   0.7350     0.7350    0.7878   0.7348    4.92e-05  (ETA 1h17m52s)
    19      24s     8m06s    0.0837   0.9761   0.7188     0.7188    0.7891   0.7160    4.92e-05  (ETA 1h17m17s)
    20      24s     8m31s    0.0856   0.9782   0.7234     0.7234    0.7915   0.7217    4.92e-05  (ETA 1h16m43s)
    21      24s     8m56s    0.0976   0.9757   0.7326     0.7326    0.7881   0.7322    4.92e-05  (ETA 1h16m10s)
    22      24s     9m21s    0.0727   0.9794   0.7373     0.7373    0.7903   0.7370    4.92e-05  (ETA 1h15m39s)
    23      24s     9m45s    0.0721   0.9822   0.7326     0.7326    0.7877   0.7316    4.92e-05  (ETA 1h15m07s)
    24      24s    10m10s    0.0669   0.9844   0.7072     0.7072    0.7871   0.7017    4.92e-05  (ETA 1h14m36s)
    25      24s    10m35s    0.0714   0.9825   0.7292     0.7292    0.7889   0.7292    4.92e-05  (ETA 1h14m05s)
    26      24s    11m00s    0.0746   0.9799   0.7315     0.7315    0.7917   0.7301    4.92e-05  (ETA 1h13m37s)
    27      28s    11m28s    0.0668   0.9864   0.7292     0.7292    0.7864   0.7282    4.92e-05  (ETA 1h13m33s)
    28      24s    11m53s    0.0597   0.9875   0.7025     0.7025    0.7864   0.6960    4.92e-05  (ETA 1h13m03s)
    29      24s    12m18s    0.0629   0.9835   0.7280     0.7280    0.7882   0.7267    2.46e-05  (ETA 1h12m33s)
    30      24s    12m42s    0.0528   0.9875   0.7234     0.7234    0.7861   0.7219    2.46e-05  (ETA 1h12m03s)
    31      24s    13m07s    0.0482   0.9880   0.7280     0.7280    0.7862   0.7268    2.46e-05  (ETA 1h11m34s)
    32      24s    13m32s    0.0514   0.9887   0.7211     0.7211    0.7885   0.7188    2.46e-05  (ETA 1h11m05s)
    33      24s    13m57s    0.0494   0.9896   0.7257     0.7257    0.7883   0.7238    2.46e-05  (ETA 1h10m36s)
Early stopping at epoch 33 (patience=10)
─────────────────────────────────────────────────────────────────────────────────────────────────────────
ft complete — 33 epochs | total: 13m57s | best epoch=22 val_acc=0.7373
─────────────────────────────────────────────────────────────────────────────────────────────────────────
LoRA adapter saved → /home/apasinato/jade-mscthesis/outputs/ft_checkpoints/ft_faced_binary_w10s10_pool_no_r16_nomixup_fold_10/lora_adapter
Head weights saved → /home/apasinato/jade-mscthesis/outputs/ft_checkpoints/ft_faced_binary_w10s10_pool_no_r16_nomixup_fold_10/head_weights.pt

==========================================================================================
  CROSS-FOLD SUMMARY  (10 folds  |  faced  |  task=binary  |  pool_no  |  LoRA r=16)
==========================================================================================
 Fold    ValAcc   ValBalAcc   ValAUROC    ValF1w   Epochs   BestEp
------------------------------------------------------------------
    1    0.7297      0.7297     0.8150    0.7296        0        1
    2    0.7158      0.7158     0.7866    0.7056        0       24
    3    0.7019      0.7019     0.7579    0.7019        0       14
    4    0.7419      0.7419     0.7837    0.7411        0        2
    5    0.7222      0.7222     0.7795    0.7222        0        7
    6    0.7211      0.7211     0.7831    0.7204        0       23
    7    0.7454      0.7454     0.8154    0.7448        0        8
    8    0.7373      0.7373     0.7926    0.7372        0        3
    9    0.6979      0.6979     0.7385    0.6976        0        3
   10    0.7373      0.7373     0.7903    0.7370        0       22
------------------------------------------------------------------
 Mean    0.7250      0.7250     0.7843    0.7237
  Std    0.0163      0.0163     0.0232    0.0171
==========================================================================================
Aggregate results saved -> /home/apasinato/jade-mscthesis/outputs/ft_checkpoints/summary_faced_binary_w10s10_pool_no_r16_nomixup.json

All folds complete.

=== Complete ===
Exit code: 0
Finished:  Mon Mar 30 15:19:32 CEST 2026
