=== Experiment on DelftBlue ===
Job ID:    9477295
Node:      gpu017
Partition: gpu-a100
Module:    src.approaches.fine_tuning.train_ft
Args:      --dataset faced --task binary --pooling last --no-mixup
Started:   Mon Mar 30 15:20:28 CEST 2026

=== GPU ===
NVIDIA A100 80GB PCIe, 81920 MiB

=== Environment ===
Python:  Python 3.14.3
PyTorch: 2.9.1+cu128
CUDA:    True 12.8

=== Running: python -m src.approaches.fine_tuning.train_ft --dataset faced --task binary --pooling last --no-mixup ===


Dataset: faced  |  subjects: 123
Device: cuda  |  task: binary  |  pooling: last  |  LoRA rank: 16  alpha: 16
Window: 10.0s (2000 pts)  Stride: 10.0s (2000 pts)  Mixup: False  AMP: True
LP: lr=0.005 epochs=20  |  FT: lr=0.0001 epochs=200
Loading REVE model from local path …
flash_attn not found, install it with `pip install flash_attn` if you want to use it
Loading REVE position bank from local path …
  Electrode positions cached for 32 channels.

#########################################################################################################
  Fold 1/10  |  faced  |  task=binary  |  pooling=last  |  LoRA r=16  |  device=cuda
  train: 110 subjects  |  val: 13 subjects
#########################################################################################################
Building datasets ...  done in 38s  (train=7,920  val=936)

>>> Stage 1: LP warmup  |  trainable params: 2,050

─────────────────────────────────────────────────────────────────────────────────────────────────────────
  Stage: lp  |  lr=0.005  |  max_epochs=20  |  grad_clip=2.0
 Epoch   EpTime   Elapsed    TrLoss    TrAcc    VaAcc   VaBalAcc   VaAUROC    VaF1w          LR
─────────────────────────────────────────────────────────────────────────────────────────────────────────
     1      11s       11s    0.7020   0.4905   0.4989     0.4989    0.4892   0.3347    6.27e-04  (ETA 3m39s)
     2       8s       19s    0.6984   0.5014   0.5011     0.5011    0.5730   0.3357    1.99e-03  (ETA 2m57s)
     3       8s       27s    0.6970   0.5258   0.5032     0.5032    0.5985   0.3441    4.93e-03  (ETA 2m38s)
     4       8s       36s    0.6996   0.5255   0.5652     0.5652    0.6136   0.5419    4.93e-03  (ETA 2m24s)
     5       8s       44s    0.6963   0.5446   0.5929     0.5929    0.6192   0.5887    4.93e-03  (ETA 2m13s)
     6       8s       52s    0.6839   0.5694   0.5855     0.5855    0.6269   0.5771    4.93e-03  (ETA 2m03s)
     7      12s     1m05s    0.6670   0.5910   0.5673     0.5673    0.6328   0.5314    4.93e-03  (ETA 2m01s)
     8       8s     1m13s    0.6676   0.5942   0.5566     0.5566    0.6358   0.4850    4.93e-03  (ETA 1m50s)
     9       8s     1m22s    0.6662   0.5943   0.6068     0.6068    0.6403   0.6064    4.93e-03  (ETA 1m40s)
    10       8s     1m30s    0.6597   0.5997   0.5908     0.5908    0.6418   0.5793    4.93e-03  (ETA 1m30s)
    11       8s     1m38s    0.6559   0.6107   0.5962     0.5962    0.6415   0.5917    4.93e-03  (ETA 1m20s)
    12       8s     1m47s    0.6465   0.6208   0.6068     0.6068    0.6481   0.5947    4.93e-03  (ETA 1m11s)
    13       8s     1m55s    0.6504   0.6213   0.6004     0.6004    0.6496   0.5956    4.93e-03  (ETA 1m02s)
    14       8s     2m03s    0.6452   0.6234   0.6165     0.6165    0.6517   0.6068    4.93e-03  (ETA 53s)
    15       8s     2m12s    0.6520   0.6184   0.6165     0.6165    0.6512   0.6141    4.93e-03  (ETA 44s)
    16      13s     2m25s    0.6411   0.6303   0.6036     0.6036    0.6549   0.5845    4.93e-03  (ETA 36s)
    17      10s     2m36s    0.6479   0.6249   0.5897     0.5897    0.6529   0.5804    4.93e-03  (ETA 27s)
    18       8s     2m44s    0.6394   0.6317   0.6250     0.6250    0.6537   0.6250    4.93e-03  (ETA 18s)
    19       8s     2m53s    0.6375   0.6356   0.6132     0.6132    0.6528   0.6115    4.93e-03  (ETA 9s)
    20       8s     3m01s    0.6411   0.6299   0.6197     0.6197    0.6567   0.6126    4.93e-03  (done)
─────────────────────────────────────────────────────────────────────────────────────────────────────────
lp complete — 20 epochs | total: 3m01s | best epoch=18 val_acc=0.6250
─────────────────────────────────────────────────────────────────────────────────────────────────────────

>>> Stage 2: LoRA fine-tuning
  Parameters: 1,083,394 trainable / 70,273,026 total (1.54%)  |  LoRA: 1,081,344

─────────────────────────────────────────────────────────────────────────────────────────────────────────
  Stage: ft  |  lr=0.0001  |  max_epochs=200  |  grad_clip=2.0
 Epoch   EpTime   Elapsed    TrLoss    TrAcc    VaAcc   VaBalAcc   VaAUROC    VaF1w          LR
─────────────────────────────────────────────────────────────────────────────────────────────────────────
     1      24s       24s    0.6356   0.6379   0.6175     0.6175    0.6543   0.6172    6.43e-06  (ETA 1h20m46s)
     2      24s       48s    0.6360   0.6447   0.6207     0.6207    0.6582   0.6204    1.67e-05  (ETA 1h20m23s)
     3      25s     1m14s    0.6332   0.6381   0.6218     0.6218    0.6636   0.6217    3.30e-05  (ETA 1h21m07s)
     4      24s     1m38s    0.6295   0.6456   0.6175     0.6175    0.6755   0.6165    5.85e-05  (ETA 1h20m20s)
     5      24s     2m02s    0.6241   0.6495   0.6464     0.6464    0.6849   0.6458    9.92e-05  (ETA 1h19m45s)
     6      24s     2m27s    0.6140   0.6619   0.6592     0.6592    0.6933   0.6552    9.92e-05  (ETA 1h19m14s)
     7      24s     2m52s    0.6010   0.6697   0.6474     0.6474    0.7084   0.6472    9.92e-05  (ETA 1h19m02s)
     8      24s     3m16s    0.5875   0.6850   0.6571     0.6571    0.7167   0.6476    9.92e-05  (ETA 1h18m34s)
     9      25s     3m41s    0.5723   0.6990   0.6720     0.6720    0.7300   0.6717    9.92e-05  (ETA 1h18m23s)
    10      24s     4m06s    0.5473   0.7223   0.6966     0.6966    0.7447   0.6902    9.92e-05  (ETA 1h17m55s)
    11      24s     4m30s    0.5288   0.7355   0.7041     0.7041    0.7469   0.7016    9.92e-05  (ETA 1h17m26s)
    12      24s     4m54s    0.5106   0.7494   0.7009     0.7009    0.7537   0.7004    9.92e-05  (ETA 1h16m57s)
    13      24s     5m18s    0.4946   0.7646   0.6688     0.6688    0.7586   0.6677    9.92e-05  (ETA 1h16m28s)
    14      24s     5m43s    0.4850   0.7657   0.6848     0.6848    0.7568   0.6847    9.92e-05  (ETA 1h16m00s)
    15      24s     6m07s    0.4642   0.7744   0.6955     0.6955    0.7648   0.6948    9.92e-05  (ETA 1h15m32s)
    16      24s     6m31s    0.4506   0.7860   0.6955     0.6955    0.7645   0.6952    9.92e-05  (ETA 1h15m05s)
    17      24s     6m56s    0.4238   0.8027   0.6838     0.6838    0.7666   0.6745    9.92e-05  (ETA 1h14m38s)
    18      24s     7m20s    0.4144   0.8107   0.6944     0.6944    0.7628   0.6905    4.96e-05  (ETA 1h14m12s)
    19      24s     7m44s    0.3810   0.8264   0.6923     0.6923    0.7640   0.6920    4.96e-05  (ETA 1h13m45s)
    20      24s     8m08s    0.3742   0.8289   0.6891     0.6891    0.7684   0.6854    4.96e-05  (ETA 1h13m19s)
    21      24s     8m33s    0.3582   0.8400   0.6859     0.6859    0.7651   0.6855    4.96e-05  (ETA 1h12m55s)
    22      24s     8m57s    0.3473   0.8439   0.6912     0.6912    0.7697   0.6912    4.96e-05  (ETA 1h12m29s)
Early stopping at epoch 22 (patience=10)
─────────────────────────────────────────────────────────────────────────────────────────────────────────
ft complete — 22 epochs | total: 8m57s | best epoch=11 val_acc=0.7041
─────────────────────────────────────────────────────────────────────────────────────────────────────────
LoRA adapter saved → /home/apasinato/jade-mscthesis/outputs/ft_checkpoints/ft_faced_binary_w10s10_pool_last_r16_nomixup_fold_1/lora_adapter
Head weights saved → /home/apasinato/jade-mscthesis/outputs/ft_checkpoints/ft_faced_binary_w10s10_pool_last_r16_nomixup_fold_1/head_weights.pt

#########################################################################################################
  Fold 2/10  |  faced  |  task=binary  |  pooling=last  |  LoRA r=16  |  device=cuda
  train: 110 subjects  |  val: 13 subjects
#########################################################################################################
Building datasets ...  done in 37s  (train=7,920  val=936)

>>> Stage 1: LP warmup  |  trainable params: 2,050

─────────────────────────────────────────────────────────────────────────────────────────────────────────
  Stage: lp  |  lr=0.005  |  max_epochs=20  |  grad_clip=2.0
 Epoch   EpTime   Elapsed    TrLoss    TrAcc    VaAcc   VaBalAcc   VaAUROC    VaF1w          LR
─────────────────────────────────────────────────────────────────────────────────────────────────────────
     1      10s       10s    0.6975   0.5115   0.5417     0.5417    0.6415   0.4506    6.27e-04  (ETA 3m11s)
     2      10s       20s    0.6860   0.5491   0.6207     0.6207    0.7009   0.5826    1.99e-03  (ETA 3m01s)
     3      10s       30s    0.6795   0.5795   0.6325     0.6325    0.7038   0.6321    4.93e-03  (ETA 2m51s)
     4      13s       43s    0.6598   0.6067   0.6165     0.6165    0.7242   0.5975    4.93e-03  (ETA 2m53s)
     5      10s       53s    0.6522   0.6160   0.6581     0.6581    0.7352   0.6510    4.93e-03  (ETA 2m40s)
     6      13s     1m07s    0.6578   0.6172   0.5438     0.5438    0.7356   0.4425    4.93e-03  (ETA 2m36s)
     7      16s     1m23s    0.6415   0.6285   0.6303     0.6303    0.7363   0.6171    4.93e-03  (ETA 2m34s)
     8      11s     1m34s    0.6423   0.6323   0.6816     0.6816    0.7355   0.6816    4.93e-03  (ETA 2m22s)
     9      10s     1m44s    0.6260   0.6510   0.6902     0.6902    0.7447   0.6902    4.93e-03  (ETA 2m08s)
    10      10s     1m55s    0.6231   0.6518   0.6784     0.6784    0.7487   0.6752    4.93e-03  (ETA 1m55s)
    11      10s     2m05s    0.6190   0.6582   0.6474     0.6474    0.7462   0.6208    4.93e-03  (ETA 1m42s)
    12      10s     2m15s    0.6247   0.6540   0.6549     0.6549    0.7460   0.6277    4.93e-03  (ETA 1m30s)
    13      10s     2m25s    0.6125   0.6635   0.6400     0.6400    0.7486   0.6002    4.93e-03  (ETA 1m18s)
    14      10s     2m35s    0.6063   0.6734   0.6944     0.6944    0.7469   0.6933    4.93e-03  (ETA 1m06s)
    15      10s     2m46s    0.6072   0.6715   0.6848     0.6848    0.7570   0.6846    4.93e-03  (ETA 55s)
    16      10s     2m56s    0.6044   0.6759   0.6934     0.6934    0.7571   0.6929    4.93e-03  (ETA 44s)
    17      10s     3m07s    0.6137   0.6601   0.6592     0.6592    0.7644   0.6493    4.93e-03  (ETA 33s)
    18      10s     3m17s    0.6077   0.6682   0.7030     0.7030    0.7611   0.7009    4.93e-03  (ETA 21s)
    19      10s     3m27s    0.6006   0.6758   0.7041     0.7041    0.7642   0.7004    4.93e-03  (ETA 10s)
    20      10s     3m37s    0.5964   0.6774   0.6752     0.6752    0.7686   0.6692    4.93e-03  (done)
─────────────────────────────────────────────────────────────────────────────────────────────────────────
lp complete — 20 epochs | total: 3m37s | best epoch=19 val_acc=0.7041
─────────────────────────────────────────────────────────────────────────────────────────────────────────

>>> Stage 2: LoRA fine-tuning
  Parameters: 1,083,394 trainable / 70,273,026 total (1.54%)  |  LoRA: 1,081,344

─────────────────────────────────────────────────────────────────────────────────────────────────────────
  Stage: ft  |  lr=0.0001  |  max_epochs=200  |  grad_clip=2.0
 Epoch   EpTime   Elapsed    TrLoss    TrAcc    VaAcc   VaBalAcc   VaAUROC    VaF1w          LR
─────────────────────────────────────────────────────────────────────────────────────────────────────────
     1      24s       24s    0.6900   0.5766   0.6143     0.6143    0.6718   0.6117    6.43e-06  (ETA 1h21m05s)
     2      24s       49s    0.6664   0.5971   0.6154     0.6154    0.6757   0.6081    1.67e-05  (ETA 1h21m04s)
     3      24s     1m13s    0.6587   0.6091   0.6165     0.6165    0.6859   0.6019    3.30e-05  (ETA 1h20m28s)
     4      24s     1m37s    0.6478   0.6287   0.6421     0.6421    0.7065   0.6405    5.85e-05  (ETA 1h19m57s)
     5      24s     2m02s    0.6366   0.6343   0.6656     0.6656    0.7181   0.6567    9.92e-05  (ETA 1h19m42s)
     6      24s     2m27s    0.6223   0.6556   0.7062     0.7062    0.7488   0.7038    9.92e-05  (ETA 1h19m27s)
     7      24s     2m51s    0.6016   0.6795   0.7019     0.7019    0.7640   0.6997    9.92e-05  (ETA 1h18m54s)
     8      24s     3m16s    0.5858   0.6908   0.6976     0.6976    0.7820   0.6976    9.92e-05  (ETA 1h18m35s)
     9      24s     3m40s    0.5777   0.6987   0.6806     0.6806    0.7726   0.6776    9.92e-05  (ETA 1h18m07s)
    10      24s     4m05s    0.5453   0.7256   0.7094     0.7094    0.7856   0.7091    9.92e-05  (ETA 1h17m40s)
    11      24s     4m30s    0.5374   0.7302   0.7147     0.7147    0.7910   0.7131    9.92e-05  (ETA 1h17m19s)
    12      24s     4m54s    0.5196   0.7420   0.7190     0.7190    0.7916   0.7180    9.92e-05  (ETA 1h16m53s)
    13      24s     5m18s    0.4947   0.7554   0.7094     0.7094    0.7872   0.7075    9.92e-05  (ETA 1h16m25s)
    14      24s     5m43s    0.4762   0.7722   0.7265     0.7265    0.7965   0.7265    9.92e-05  (ETA 1h16m00s)
    15      24s     6m07s    0.4686   0.7789   0.7083     0.7083    0.8046   0.7023    9.92e-05  (ETA 1h15m33s)
    16      24s     6m31s    0.4521   0.7859   0.7073     0.7073    0.8012   0.7019    9.92e-05  (ETA 1h15m07s)
    17      24s     6m56s    0.4434   0.7919   0.7212     0.7212    0.7897   0.7208    9.92e-05  (ETA 1h14m40s)
    18      24s     7m20s    0.4289   0.8027   0.6902     0.6902    0.7797   0.6804    9.92e-05  (ETA 1h14m15s)
    19      24s     7m44s    0.4087   0.8149   0.7147     0.7147    0.7973   0.7139    9.92e-05  (ETA 1h13m49s)
    20      24s     8m09s    0.4058   0.8162   0.6891     0.6891    0.7864   0.6759    9.92e-05  (ETA 1h13m23s)
    21      24s     8m33s    0.3884   0.8236   0.7105     0.7105    0.7947   0.7088    4.96e-05  (ETA 1h12m57s)
    22      24s     8m57s    0.3505   0.8479   0.7169     0.7169    0.7947   0.7162    4.96e-05  (ETA 1h12m32s)
    23      24s     9m22s    0.3328   0.8539   0.7115     0.7115    0.7891   0.7106    4.96e-05  (ETA 1h12m07s)
    24      25s     9m47s    0.3305   0.8566   0.6998     0.6998    0.7920   0.6932    4.96e-05  (ETA 1h11m51s)
    25      24s    10m12s    0.3173   0.8624   0.7083     0.7083    0.7897   0.7065    4.96e-05  (ETA 1h11m25s)
Early stopping at epoch 25 (patience=10)
─────────────────────────────────────────────────────────────────────────────────────────────────────────
ft complete — 25 epochs | total: 10m12s | best epoch=14 val_acc=0.7265
─────────────────────────────────────────────────────────────────────────────────────────────────────────
LoRA adapter saved → /home/apasinato/jade-mscthesis/outputs/ft_checkpoints/ft_faced_binary_w10s10_pool_last_r16_nomixup_fold_2/lora_adapter
Head weights saved → /home/apasinato/jade-mscthesis/outputs/ft_checkpoints/ft_faced_binary_w10s10_pool_last_r16_nomixup_fold_2/head_weights.pt

#########################################################################################################
  Fold 3/10  |  faced  |  task=binary  |  pooling=last  |  LoRA r=16  |  device=cuda
  train: 110 subjects  |  val: 13 subjects
#########################################################################################################
Building datasets ...  done in 15s  (train=7,920  val=936)

>>> Stage 1: LP warmup  |  trainable params: 2,050

─────────────────────────────────────────────────────────────────────────────────────────────────────────
  Stage: lp  |  lr=0.005  |  max_epochs=20  |  grad_clip=2.0
 Epoch   EpTime   Elapsed    TrLoss    TrAcc    VaAcc   VaBalAcc   VaAUROC    VaF1w          LR
─────────────────────────────────────────────────────────────────────────────────────────────────────────
     1      10s       10s    0.6944   0.5273   0.5310     0.5310    0.6340   0.4800    6.27e-04  (ETA 3m14s)
     2      10s       20s    0.6801   0.5659   0.6261     0.6261    0.6515   0.6159    1.98e-03  (ETA 3m03s)
     3      10s       30s    0.6647   0.6008   0.6026     0.6026    0.6911   0.5883    4.90e-03  (ETA 2m53s)
     4      10s       40s    0.6345   0.6439   0.6474     0.6474    0.7155   0.6248    4.90e-03  (ETA 2m42s)
     5      10s       50s    0.6166   0.6554   0.6720     0.6720    0.7352   0.6615    4.90e-03  (ETA 2m32s)
     6      10s     1m01s    0.6015   0.6740   0.6795     0.6795    0.7416   0.6713    4.90e-03  (ETA 2m22s)
     7      10s     1m11s    0.5855   0.6898   0.6806     0.6806    0.7545   0.6790    4.90e-03  (ETA 2m12s)
     8      13s     1m24s    0.5804   0.6920   0.6357     0.6357    0.7587   0.6079    4.90e-03  (ETA 2m07s)
     9      10s     1m34s    0.5780   0.6977   0.6912     0.6912    0.7663   0.6911    4.90e-03  (ETA 1m56s)
    10      10s     1m45s    0.5675   0.7081   0.6934     0.6934    0.7690   0.6933    4.90e-03  (ETA 1m45s)
    11      10s     1m55s    0.5833   0.6884   0.6774     0.6774    0.7676   0.6619    4.90e-03  (ETA 1m34s)
    12      10s     2m05s    0.5581   0.7092   0.7030     0.7030    0.7751   0.6990    4.90e-03  (ETA 1m23s)
    13      10s     2m15s    0.5454   0.7234   0.7169     0.7169    0.7807   0.7165    4.90e-03  (ETA 1m13s)
    14      10s     2m26s    0.5584   0.7145   0.7222     0.7222    0.7853   0.7217    4.90e-03  (ETA 1m02s)
    15      10s     2m36s    0.5448   0.7263   0.7019     0.7019    0.7871   0.6954    4.90e-03  (ETA 52s)
    16      10s     2m46s    0.5392   0.7269   0.7179     0.7179    0.7890   0.7168    4.90e-03  (ETA 41s)
    17      10s     2m56s    0.5286   0.7351   0.7233     0.7233    0.7967   0.7203    4.90e-03  (ETA 31s)
    18      10s     3m06s    0.5231   0.7367   0.7308     0.7308    0.7963   0.7307    4.90e-03  (ETA 20s)
    19      10s     3m17s    0.5236   0.7400   0.7158     0.7158    0.7987   0.7154    4.90e-03  (ETA 10s)
    20      10s     3m27s    0.5227   0.7403   0.7233     0.7233    0.8057   0.7184    4.90e-03  (done)
─────────────────────────────────────────────────────────────────────────────────────────────────────────
lp complete — 20 epochs | total: 3m27s | best epoch=18 val_acc=0.7308
─────────────────────────────────────────────────────────────────────────────────────────────────────────

>>> Stage 2: LoRA fine-tuning
  Parameters: 1,083,394 trainable / 70,273,026 total (1.54%)  |  LoRA: 1,081,344

─────────────────────────────────────────────────────────────────────────────────────────────────────────
  Stage: ft  |  lr=0.0001  |  max_epochs=200  |  grad_clip=2.0
 Epoch   EpTime   Elapsed    TrLoss    TrAcc    VaAcc   VaBalAcc   VaAUROC    VaF1w          LR
─────────────────────────────────────────────────────────────────────────────────────────────────────────
     1      24s       24s    0.9630   0.5250   0.5962     0.5962    0.6235   0.5956    6.37e-06  (ETA 1h21m02s)
     2      24s       48s    0.6898   0.5819   0.5994     0.5994    0.6371   0.5992    1.66e-05  (ETA 1h20m31s)
     3      24s     1m13s    0.6701   0.6023   0.6165     0.6165    0.6540   0.6140    3.28e-05  (ETA 1h20m06s)
     4      24s     1m37s    0.6655   0.6010   0.6293     0.6293    0.6651   0.6290    5.85e-05  (ETA 1h19m51s)
     5      24s     2m02s    0.6552   0.6160   0.6453     0.6453    0.6835   0.6447    9.92e-05  (ETA 1h19m24s)
     6      24s     2m26s    0.6226   0.6606   0.6432     0.6432    0.7080   0.6291    9.92e-05  (ETA 1h19m01s)
     7      24s     2m51s    0.5970   0.6809   0.6688     0.6688    0.7231   0.6687    9.92e-05  (ETA 1h18m36s)
     8      24s     3m15s    0.5729   0.7020   0.6688     0.6688    0.7294   0.6687    9.92e-05  (ETA 1h18m08s)
     9      27s     3m42s    0.5522   0.7201   0.6592     0.6592    0.7372   0.6578    9.92e-05  (ETA 1h18m41s)
    10      24s     4m06s    0.5397   0.7290   0.6827     0.6827    0.7457   0.6821    9.92e-05  (ETA 1h18m10s)
    11      24s     4m31s    0.5349   0.7313   0.6485     0.6485    0.7383   0.6364    9.92e-05  (ETA 1h17m38s)
    12      24s     4m55s    0.5385   0.7309   0.6880     0.6880    0.7511   0.6838    9.92e-05  (ETA 1h17m10s)
    13      24s     5m19s    0.5094   0.7511   0.6774     0.6774    0.7483   0.6773    9.92e-05  (ETA 1h16m41s)
    14      24s     5m44s    0.4813   0.7689   0.6966     0.6966    0.7575   0.6961    9.92e-05  (ETA 1h16m14s)
    15      24s     6m08s    0.4721   0.7742   0.6795     0.6795    0.7562   0.6780    9.92e-05  (ETA 1h15m46s)
    16      24s     6m32s    0.4684   0.7759   0.6816     0.6816    0.7613   0.6772    9.92e-05  (ETA 1h15m18s)
    17      24s     6m57s    0.4600   0.7801   0.6806     0.6806    0.7532   0.6805    9.92e-05  (ETA 1h14m52s)
    18      24s     7m21s    0.4316   0.8057   0.6934     0.6934    0.7644   0.6933    9.92e-05  (ETA 1h14m25s)
    19      24s     7m46s    0.4184   0.8071   0.6976     0.6976    0.7602   0.6976    9.92e-05  (ETA 1h13m59s)
    20      24s     8m10s    0.4056   0.8162   0.6955     0.6955    0.7684   0.6954    9.92e-05  (ETA 1h13m33s)
    21      24s     8m34s    0.3918   0.8183   0.6976     0.6976    0.7570   0.6973    9.92e-05  (ETA 1h13m06s)
    22      24s     8m58s    0.3775   0.8357   0.6955     0.6955    0.7636   0.6938    9.92e-05  (ETA 1h12m40s)
    23      24s     9m23s    0.3512   0.8436   0.6944     0.6944    0.7665   0.6933    9.92e-05  (ETA 1h12m14s)
    24      24s     9m47s    0.3437   0.8494   0.6966     0.6966    0.7633   0.6960    9.92e-05  (ETA 1h11m48s)
    25      24s    10m11s    0.3322   0.8524   0.6827     0.6827    0.7610   0.6742    9.92e-05  (ETA 1h11m22s)
    26      24s    10m36s    0.3236   0.8581   0.6870     0.6870    0.7579   0.6868    4.96e-05  (ETA 1h10m58s)
    27      24s    11m00s    0.2825   0.8814   0.7009     0.7009    0.7601   0.7008    4.96e-05  (ETA 1h10m33s)
    28      24s    11m24s    0.2689   0.8846   0.6998     0.6998    0.7607   0.6997    4.96e-05  (ETA 1h10m07s)
    29      24s    11m49s    0.2567   0.8943   0.7030     0.7030    0.7584   0.7029    4.96e-05  (ETA 1h09m42s)
    30      24s    12m13s    0.2561   0.8912   0.7041     0.7041    0.7555   0.7041    4.96e-05  (ETA 1h09m18s)
    31      24s    12m38s    0.2400   0.9019   0.6923     0.6923    0.7556   0.6919    4.96e-05  (ETA 1h08m52s)
    32      24s    13m02s    0.2269   0.9066   0.6966     0.6966    0.7569   0.6964    4.96e-05  (ETA 1h08m27s)
    33      24s    13m26s    0.2196   0.9080   0.6774     0.6774    0.7485   0.6771    4.96e-05  (ETA 1h08m02s)
    34      24s    13m50s    0.2039   0.9159   0.6944     0.6944    0.7541   0.6944    4.96e-05  (ETA 1h07m37s)
    35      24s    14m15s    0.1972   0.9194   0.6955     0.6955    0.7539   0.6950    4.96e-05  (ETA 1h07m12s)
    36      24s    14m39s    0.1859   0.9259   0.6912     0.6912    0.7539   0.6911    4.96e-05  (ETA 1h06m47s)
    37      24s    15m03s    0.1851   0.9232   0.6784     0.6784    0.7476   0.6777    2.48e-05  (ETA 1h06m22s)
    38      24s    15m28s    0.1508   0.9422   0.6848     0.6848    0.7464   0.6840    2.48e-05  (ETA 1h05m59s)
    39      25s    15m53s    0.1479   0.9426   0.6923     0.6923    0.7520   0.6923    2.48e-05  (ETA 1h05m37s)
    40      24s    16m18s    0.1342   0.9513   0.6912     0.6912    0.7457   0.6906    2.48e-05  (ETA 1h05m12s)
    41      24s    16m42s    0.1302   0.9484   0.6944     0.6944    0.7477   0.6944    2.48e-05  (ETA 1h04m47s)
Early stopping at epoch 41 (patience=10)
─────────────────────────────────────────────────────────────────────────────────────────────────────────
ft complete — 41 epochs | total: 16m42s | best epoch=30 val_acc=0.7041
─────────────────────────────────────────────────────────────────────────────────────────────────────────
LoRA adapter saved → /home/apasinato/jade-mscthesis/outputs/ft_checkpoints/ft_faced_binary_w10s10_pool_last_r16_nomixup_fold_3/lora_adapter
Head weights saved → /home/apasinato/jade-mscthesis/outputs/ft_checkpoints/ft_faced_binary_w10s10_pool_last_r16_nomixup_fold_3/head_weights.pt

#########################################################################################################
  Fold 4/10  |  faced  |  task=binary  |  pooling=last  |  LoRA r=16  |  device=cuda
  train: 111 subjects  |  val: 12 subjects
#########################################################################################################
Building datasets ...  done in 33s  (train=7,992  val=864)

>>> Stage 1: LP warmup  |  trainable params: 2,050

─────────────────────────────────────────────────────────────────────────────────────────────────────────
  Stage: lp  |  lr=0.005  |  max_epochs=20  |  grad_clip=2.0
 Epoch   EpTime   Elapsed    TrLoss    TrAcc    VaAcc   VaBalAcc   VaAUROC    VaF1w          LR
─────────────────────────────────────────────────────────────────────────────────────────────────────────
     1      10s       10s    0.7591   0.5053   0.5718     0.5718    0.6216   0.5480    6.20e-04  (ETA 3m11s)
     2      10s       20s    0.6786   0.5757   0.6262     0.6262    0.7519   0.5905    1.98e-03  (ETA 3m02s)
     3      10s       30s    0.6103   0.6673   0.7002     0.7002    0.8131   0.6900    4.90e-03  (ETA 2m52s)
     4      10s       40s    0.5556   0.7166   0.7199     0.7199    0.8556   0.7050    4.90e-03  (ETA 2m42s)
     5      10s       50s    0.5016   0.7569   0.7627     0.7627    0.8642   0.7592    4.90e-03  (ETA 2m32s)
     6      10s     1m01s    0.4839   0.7684   0.7535     0.7535    0.8807   0.7461    4.90e-03  (ETA 2m22s)
     7      10s     1m11s    0.4634   0.7845   0.8009     0.8009    0.8909   0.8001    4.90e-03  (ETA 2m12s)
     8      10s     1m21s    0.4626   0.7863   0.7674     0.7674    0.8952   0.7583    4.90e-03  (ETA 2m02s)
     9      10s     1m31s    0.4562   0.7875   0.8102     0.8102    0.9060   0.8099    4.90e-03  (ETA 1m52s)
    10      10s     1m41s    0.4261   0.8062   0.8322     0.8322    0.9187   0.8317    4.90e-03  (ETA 1m41s)
    11      10s     1m52s    0.4228   0.8078   0.8461     0.8461    0.9290   0.8460    4.90e-03  (ETA 1m32s)
    12      10s     2m02s    0.3963   0.8262   0.8611     0.8611    0.9394   0.8609    4.90e-03  (ETA 1m21s)
    13      10s     2m13s    0.3814   0.8338   0.8299     0.8299    0.9444   0.8280    4.90e-03  (ETA 1m11s)
    14      10s     2m23s    0.3649   0.8423   0.8715     0.8715    0.9490   0.8712    4.90e-03  (ETA 1m01s)
    15      10s     2m33s    0.3593   0.8458   0.8750     0.8750    0.9529   0.8749    4.90e-03  (ETA 51s)
    16      10s     2m43s    0.3451   0.8541   0.8843     0.8843    0.9544   0.8842    4.90e-03  (ETA 40s)
    17      10s     2m54s    0.3392   0.8559   0.8762     0.8762    0.9580   0.8758    4.90e-03  (ETA 30s)
    18      10s     3m04s    0.3519   0.8451   0.8646     0.8646    0.9593   0.8636    4.90e-03  (ETA 20s)
    19      10s     3m14s    0.3269   0.8620   0.8877     0.8877    0.9584   0.8877    4.90e-03  (ETA 10s)
    20      12s     3m27s    0.3294   0.8646   0.8912     0.8912    0.9609   0.8911    4.90e-03  (done)
─────────────────────────────────────────────────────────────────────────────────────────────────────────
lp complete — 20 epochs | total: 3m27s | best epoch=20 val_acc=0.8912
─────────────────────────────────────────────────────────────────────────────────────────────────────────

>>> Stage 2: LoRA fine-tuning
  Parameters: 1,083,394 trainable / 70,273,026 total (1.54%)  |  LoRA: 1,081,344

─────────────────────────────────────────────────────────────────────────────────────────────────────────
  Stage: ft  |  lr=0.0001  |  max_epochs=200  |  grad_clip=2.0
 Epoch   EpTime   Elapsed    TrLoss    TrAcc    VaAcc   VaBalAcc   VaAUROC    VaF1w          LR
─────────────────────────────────────────────────────────────────────────────────────────────────────────
     1      24s       24s    0.9585   0.5200   0.5995     0.5995    0.6478   0.5990    6.43e-06  (ETA 1h21m10s)
     2      24s       48s    0.7169   0.5563   0.6065     0.6065    0.6586   0.6063    1.67e-05  (ETA 1h20m47s)
     3      25s     1m14s    0.6989   0.5672   0.6181     0.6181    0.6748   0.6113    3.30e-05  (ETA 1h21m25s)
     4      24s     1m38s    0.6844   0.5788   0.6424     0.6424    0.6982   0.6380    5.85e-05  (ETA 1h20m46s)
     5      24s     2m03s    0.6703   0.5988   0.5903     0.5903    0.7270   0.5391    9.92e-05  (ETA 1h20m10s)
     6      24s     2m27s    0.6588   0.6159   0.6100     0.6100    0.7451   0.5616    9.92e-05  (ETA 1h19m37s)
     7      24s     2m52s    0.6232   0.6528   0.6956     0.6956    0.7683   0.6956    9.92e-05  (ETA 1h19m10s)
     8      24s     3m16s    0.5893   0.6879   0.7199     0.7199    0.7849   0.7175    9.92e-05  (ETA 1h18m44s)
     9      24s     3m41s    0.5728   0.7045   0.6968     0.6968    0.8084   0.6848    9.92e-05  (ETA 1h18m16s)
    10      24s     4m05s    0.5512   0.7152   0.7454     0.7454    0.8170   0.7451    9.92e-05  (ETA 1h17m50s)
    11      24s     4m30s    0.5371   0.7295   0.7558     0.7558    0.8294   0.7558    9.92e-05  (ETA 1h17m25s)
    12      24s     4m54s    0.5139   0.7504   0.7257     0.7257    0.8356   0.7225    9.92e-05  (ETA 1h16m58s)
    13      24s     5m19s    0.4936   0.7604   0.7002     0.7002    0.8459   0.6816    9.92e-05  (ETA 1h16m32s)
    14      24s     5m43s    0.4953   0.7565   0.7315     0.7315    0.8441   0.7234    9.92e-05  (ETA 1h16m05s)
    15      24s     6m08s    0.4735   0.7709   0.7731     0.7731    0.8461   0.7725    9.92e-05  (ETA 1h15m41s)
    16      24s     6m32s    0.4574   0.7817   0.7639     0.7639    0.8496   0.7634    9.92e-05  (ETA 1h15m15s)
    17      24s     6m57s    0.4476   0.7850   0.7650     0.7650    0.8504   0.7639    9.92e-05  (ETA 1h14m51s)
    18      24s     7m21s    0.4322   0.7943   0.7708     0.7708    0.8436   0.7706    9.92e-05  (ETA 1h14m26s)
    19      24s     7m46s    0.4311   0.7985   0.7292     0.7292    0.8458   0.7229    9.92e-05  (ETA 1h14m01s)
    20      24s     8m10s    0.4022   0.8149   0.7685     0.7685    0.8497   0.7685    9.92e-05  (ETA 1h13m35s)
    21      24s     8m35s    0.3908   0.8221   0.6898     0.6898    0.8508   0.6639    9.92e-05  (ETA 1h13m10s)
    22      24s     8m59s    0.3754   0.8296   0.7581     0.7581    0.8542   0.7554    4.96e-05  (ETA 1h12m45s)
    23      24s     9m24s    0.3398   0.8505   0.7639     0.7639    0.8473   0.7639    4.96e-05  (ETA 1h12m20s)
    24      24s     9m48s    0.3377   0.8501   0.7731     0.7731    0.8431   0.7731    4.96e-05  (ETA 1h11m55s)
    25      24s    10m13s    0.3220   0.8574   0.7708     0.7708    0.8460   0.7708    4.96e-05  (ETA 1h11m32s)
    26      24s    10m37s    0.3105   0.8646   0.7743     0.7743    0.8467   0.7742    4.96e-05  (ETA 1h11m08s)
    27      24s    11m02s    0.2965   0.8726   0.7477     0.7477    0.8472   0.7463    4.96e-05  (ETA 1h10m44s)
    28      24s    11m26s    0.2949   0.8711   0.7650     0.7650    0.8454   0.7648    4.96e-05  (ETA 1h10m19s)
    29      24s    11m51s    0.2934   0.8707   0.7500     0.7500    0.8400   0.7490    4.96e-05  (ETA 1h09m54s)
    30      24s    12m15s    0.2813   0.8818   0.7604     0.7604    0.8402   0.7604    4.96e-05  (ETA 1h09m30s)
    31      24s    12m40s    0.2598   0.8898   0.7581     0.7581    0.8385   0.7557    4.96e-05  (ETA 1h09m05s)
    32      24s    13m04s    0.2575   0.8880   0.7512     0.7512    0.8412   0.7495    4.96e-05  (ETA 1h08m40s)
    33      24s    13m29s    0.2459   0.8955   0.7431     0.7431    0.8284   0.7412    2.48e-05  (ETA 1h08m15s)
    34      24s    13m53s    0.2155   0.9103   0.7465     0.7465    0.8372   0.7423    2.48e-05  (ETA 1h07m50s)
    35      25s    14m18s    0.2141   0.9149   0.7500     0.7500    0.8350   0.7473    2.48e-05  (ETA 1h07m28s)
    36      24s    14m43s    0.2061   0.9142   0.7407     0.7407    0.8324   0.7384    2.48e-05  (ETA 1h07m03s)
    37      24s    15m07s    0.2017   0.9192   0.7627     0.7627    0.8369   0.7618    2.48e-05  (ETA 1h06m39s)
Early stopping at epoch 37 (patience=10)
─────────────────────────────────────────────────────────────────────────────────────────────────────────
ft complete — 37 epochs | total: 15m07s | best epoch=26 val_acc=0.7743
─────────────────────────────────────────────────────────────────────────────────────────────────────────
LoRA adapter saved → /home/apasinato/jade-mscthesis/outputs/ft_checkpoints/ft_faced_binary_w10s10_pool_last_r16_nomixup_fold_4/lora_adapter
Head weights saved → /home/apasinato/jade-mscthesis/outputs/ft_checkpoints/ft_faced_binary_w10s10_pool_last_r16_nomixup_fold_4/head_weights.pt

#########################################################################################################
  Fold 5/10  |  faced  |  task=binary  |  pooling=last  |  LoRA r=16  |  device=cuda
  train: 111 subjects  |  val: 12 subjects
#########################################################################################################
Building datasets ...  done in 14s  (train=7,992  val=864)

>>> Stage 1: LP warmup  |  trainable params: 2,050

─────────────────────────────────────────────────────────────────────────────────────────────────────────
  Stage: lp  |  lr=0.005  |  max_epochs=20  |  grad_clip=2.0
 Epoch   EpTime   Elapsed    TrLoss    TrAcc    VaAcc   VaBalAcc   VaAUROC    VaF1w          LR
─────────────────────────────────────────────────────────────────────────────────────────────────────────
     1      10s       10s    0.7216   0.5189   0.5787     0.5787    0.6772   0.5382    6.20e-04  (ETA 3m13s)
     2      10s       20s    0.6545   0.6226   0.6343     0.6343    0.7109   0.6278    1.98e-03  (ETA 3m03s)
     3      10s       30s    0.6024   0.6734   0.7060     0.7060    0.7828   0.7012    4.90e-03  (ETA 2m53s)
     4      10s       40s    0.5394   0.7279   0.7384     0.7384    0.8342   0.7376    4.90e-03  (ETA 2m43s)
     5      10s       51s    0.5084   0.7504   0.7581     0.7581    0.8562   0.7570    4.90e-03  (ETA 2m33s)
     6      10s     1m01s    0.4755   0.7777   0.7569     0.7569    0.8722   0.7538    4.90e-03  (ETA 2m23s)
     7      10s     1m12s    0.4526   0.7848   0.8009     0.8009    0.8866   0.8009    4.90e-03  (ETA 2m14s)
     8      10s     1m23s    0.4286   0.7992   0.7951     0.7951    0.8978   0.7940    4.90e-03  (ETA 2m04s)
     9      10s     1m33s    0.4205   0.8081   0.8160     0.8160    0.9054   0.8149    4.90e-03  (ETA 1m54s)
    10      10s     1m43s    0.4036   0.8154   0.8264     0.8264    0.9137   0.8263    4.90e-03  (ETA 1m43s)
    11      10s     1m53s    0.3764   0.8313   0.8229     0.8229    0.9182   0.8229    4.90e-03  (ETA 1m33s)
    12      10s     2m04s    0.3804   0.8301   0.8299     0.8299    0.9214   0.8299    4.90e-03  (ETA 1m22s)
    13      10s     2m14s    0.3636   0.8397   0.8275     0.8275    0.9228   0.8273    4.90e-03  (ETA 1m12s)
    14      10s     2m25s    0.3542   0.8451   0.8183     0.8183    0.9263   0.8163    4.90e-03  (ETA 1m02s)
    15      10s     2m35s    0.3511   0.8443   0.8333     0.8333    0.9266   0.8333    4.90e-03  (ETA 51s)
    16      10s     2m46s    0.3454   0.8490   0.8275     0.8275    0.9296   0.8262    4.90e-03  (ETA 41s)
    17      10s     2m56s    0.3446   0.8471   0.8426     0.8426    0.9323   0.8426    4.90e-03  (ETA 31s)
    18      10s     3m06s    0.3436   0.8481   0.8449     0.8449    0.9329   0.8443    4.90e-03  (ETA 20s)
    19      10s     3m16s    0.3460   0.8502   0.8345     0.8345    0.9326   0.8343    4.90e-03  (ETA 10s)
    20      11s     3m28s    0.3293   0.8570   0.8275     0.8275    0.9344   0.8258    4.90e-03  (done)
─────────────────────────────────────────────────────────────────────────────────────────────────────────
lp complete — 20 epochs | total: 3m28s | best epoch=18 val_acc=0.8449
─────────────────────────────────────────────────────────────────────────────────────────────────────────

>>> Stage 2: LoRA fine-tuning
  Parameters: 1,083,394 trainable / 70,273,026 total (1.54%)  |  LoRA: 1,081,344

─────────────────────────────────────────────────────────────────────────────────────────────────────────
  Stage: ft  |  lr=0.0001  |  max_epochs=200  |  grad_clip=2.0
 Epoch   EpTime   Elapsed    TrLoss    TrAcc    VaAcc   VaBalAcc   VaAUROC    VaF1w          LR
─────────────────────────────────────────────────────────────────────────────────────────────────────────
     1      24s       24s    1.1498   0.5121   0.5648     0.5648    0.5936   0.5531    6.37e-06  (ETA 1h21m36s)
     2      24s       49s    0.7166   0.5581   0.5729     0.5729    0.6068   0.5722    1.66e-05  (ETA 1h21m03s)
     3      24s     1m13s    0.6924   0.5828   0.5891     0.5891    0.6264   0.5889    3.28e-05  (ETA 1h20m37s)
     4      24s     1m38s    0.6800   0.5905   0.6053     0.6053    0.6498   0.6053    5.85e-05  (ETA 1h20m12s)
     5      24s     2m02s    0.6680   0.6050   0.6250     0.6250    0.6669   0.6245    9.92e-05  (ETA 1h19m47s)
     6      24s     2m27s    0.6482   0.6313   0.6470     0.6470    0.6839   0.6452    9.92e-05  (ETA 1h19m23s)
     7      24s     2m51s    0.6109   0.6558   0.6690     0.6690    0.7145   0.6679    9.92e-05  (ETA 1h18m58s)
     8      24s     3m16s    0.5844   0.6908   0.6574     0.6574    0.7345   0.6502    9.92e-05  (ETA 1h18m31s)
     9      25s     3m42s    0.5538   0.7137   0.6875     0.6875    0.7560   0.6831    9.92e-05  (ETA 1h18m37s)
    10      24s     4m06s    0.5352   0.7271   0.6539     0.6539    0.7597   0.6453    9.92e-05  (ETA 1h18m10s)
    11      24s     4m31s    0.5200   0.7376   0.7095     0.7095    0.7713   0.7094    9.92e-05  (ETA 1h17m43s)
    12      25s     4m56s    0.5007   0.7525   0.7234     0.7234    0.7843   0.7227    9.92e-05  (ETA 1h17m29s)
    13      24s     5m21s    0.4893   0.7643   0.7083     0.7083    0.7765   0.7050    9.92e-05  (ETA 1h17m00s)
    14      24s     5m45s    0.4746   0.7694   0.7083     0.7083    0.7900   0.7058    9.92e-05  (ETA 1h16m32s)
    15      24s     6m10s    0.4570   0.7814   0.6748     0.6748    0.7879   0.6615    9.92e-05  (ETA 1h16m05s)
    16      24s     6m34s    0.4485   0.7870   0.7234     0.7234    0.7906   0.7234    9.92e-05  (ETA 1h15m38s)
    17      24s     6m59s    0.4366   0.7960   0.7222     0.7222    0.7860   0.7221    9.92e-05  (ETA 1h15m11s)
    18      24s     7m23s    0.4212   0.8076   0.7211     0.7211    0.7933   0.7206    9.92e-05  (ETA 1h14m44s)
    19      24s     7m48s    0.4073   0.8101   0.7188     0.7188    0.7982   0.7187    4.96e-05  (ETA 1h14m18s)
    20      24s     8m12s    0.3753   0.8315   0.7257     0.7257    0.7988   0.7247    4.96e-05  (ETA 1h13m55s)
    21      24s     8m37s    0.3598   0.8368   0.7315     0.7315    0.8019   0.7314    4.96e-05  (ETA 1h13m32s)
    22      24s     9m02s    0.3633   0.8388   0.7350     0.7350    0.8050   0.7348    4.96e-05  (ETA 1h13m07s)
    23      24s     9m26s    0.3506   0.8436   0.7234     0.7234    0.8003   0.7231    4.96e-05  (ETA 1h12m41s)
    24      24s     9m51s    0.3418   0.8525   0.7199     0.7199    0.8028   0.7194    4.96e-05  (ETA 1h12m17s)
    25      24s    10m15s    0.3278   0.8569   0.7211     0.7211    0.8049   0.7195    4.96e-05  (ETA 1h11m51s)
    26      24s    10m40s    0.3254   0.8572   0.7095     0.7095    0.8007   0.7031    4.96e-05  (ETA 1h11m25s)
    27      24s    11m04s    0.3150   0.8632   0.7106     0.7106    0.8071   0.7014    4.96e-05  (ETA 1h11m00s)
    28      27s    11m32s    0.3159   0.8622   0.7037     0.7037    0.7949   0.7020    4.96e-05  (ETA 1h10m52s)
    29      24s    11m56s    0.2928   0.8773   0.7188     0.7188    0.8009   0.7182    2.48e-05  (ETA 1h10m25s)
    30      24s    12m21s    0.2784   0.8859   0.7222     0.7222    0.7990   0.7219    2.48e-05  (ETA 1h10m01s)
    31      24s    12m46s    0.2715   0.8875   0.7106     0.7106    0.8001   0.7106    2.48e-05  (ETA 1h09m36s)
    32      24s    13m10s    0.2652   0.8904   0.7130     0.7130    0.7984   0.7128    2.48e-05  (ETA 1h09m10s)
    33      24s    13m34s    0.2600   0.8889   0.7072     0.7072    0.7975   0.7061    2.48e-05  (ETA 1h08m44s)
Early stopping at epoch 33 (patience=10)
─────────────────────────────────────────────────────────────────────────────────────────────────────────
ft complete — 33 epochs | total: 13m34s | best epoch=22 val_acc=0.7350
─────────────────────────────────────────────────────────────────────────────────────────────────────────
LoRA adapter saved → /home/apasinato/jade-mscthesis/outputs/ft_checkpoints/ft_faced_binary_w10s10_pool_last_r16_nomixup_fold_5/lora_adapter
Head weights saved → /home/apasinato/jade-mscthesis/outputs/ft_checkpoints/ft_faced_binary_w10s10_pool_last_r16_nomixup_fold_5/head_weights.pt

#########################################################################################################
  Fold 6/10  |  faced  |  task=binary  |  pooling=last  |  LoRA r=16  |  device=cuda
  train: 111 subjects  |  val: 12 subjects
#########################################################################################################
Building datasets ...  done in 11s  (train=7,992  val=864)

>>> Stage 1: LP warmup  |  trainable params: 2,050

─────────────────────────────────────────────────────────────────────────────────────────────────────────
  Stage: lp  |  lr=0.005  |  max_epochs=20  |  grad_clip=2.0
 Epoch   EpTime   Elapsed    TrLoss    TrAcc    VaAcc   VaBalAcc   VaAUROC    VaF1w          LR
─────────────────────────────────────────────────────────────────────────────────────────────────────────
     1      10s       10s    0.6969   0.4957   0.5498     0.5498    0.6001   0.5235    6.27e-04  (ETA 3m13s)
     2      10s       20s    0.6835   0.5589   0.5706     0.5706    0.6384   0.5500    1.99e-03  (ETA 3m03s)
     3      10s       30s    0.6672   0.5968   0.6366     0.6366    0.6785   0.6359    4.90e-03  (ETA 2m53s)
     4      10s       41s    0.6401   0.6380   0.6076     0.6076    0.7135   0.5655    4.90e-03  (ETA 2m44s)
     5      10s       51s    0.6154   0.6609   0.6551     0.6551    0.7267   0.6547    4.90e-03  (ETA 2m34s)
     6      13s     1m04s    0.5983   0.6781   0.6725     0.6725    0.7389   0.6719    4.90e-03  (ETA 2m31s)
     7      10s     1m15s    0.5850   0.6872   0.6829     0.6829    0.7547   0.6778    4.90e-03  (ETA 2m19s)
     8      10s     1m25s    0.5776   0.6923   0.6898     0.6898    0.7671   0.6898    4.90e-03  (ETA 2m08s)
     9      10s     1m35s    0.5555   0.7155   0.7083     0.7083    0.7898   0.7074    4.90e-03  (ETA 1m56s)
    10      10s     1m45s    0.5361   0.7301   0.7257     0.7257    0.8122   0.7257    4.90e-03  (ETA 1m45s)
    11      10s     1m56s    0.5242   0.7437   0.7477     0.7477    0.8231   0.7477    4.90e-03  (ETA 1m35s)
    12      10s     2m06s    0.5055   0.7568   0.7477     0.7477    0.8308   0.7459    4.90e-03  (ETA 1m24s)
    13      10s     2m16s    0.4995   0.7585   0.7535     0.7535    0.8344   0.7524    4.90e-03  (ETA 1m13s)
    14      10s     2m27s    0.4924   0.7644   0.7593     0.7593    0.8361   0.7592    4.90e-03  (ETA 1m03s)
    15      10s     2m37s    0.5037   0.7538   0.7546     0.7546    0.8408   0.7533    4.90e-03  (ETA 52s)
    16      10s     2m47s    0.4762   0.7759   0.7720     0.7720    0.8477   0.7720    4.90e-03  (ETA 41s)
    17      10s     2m58s    0.4696   0.7803   0.7662     0.7662    0.8527   0.7616    4.90e-03  (ETA 31s)
    18      10s     3m08s    0.4658   0.7788   0.7905     0.7905    0.8605   0.7905    4.90e-03  (ETA 20s)
    19      10s     3m18s    0.4605   0.7854   0.7905     0.7905    0.8646   0.7902    4.90e-03  (ETA 10s)
    20      10s     3m29s    0.4493   0.7870   0.7882     0.7882    0.8719   0.7882    4.90e-03  (done)
─────────────────────────────────────────────────────────────────────────────────────────────────────────
lp complete — 20 epochs | total: 3m29s | best epoch=18 val_acc=0.7905
─────────────────────────────────────────────────────────────────────────────────────────────────────────

>>> Stage 2: LoRA fine-tuning
  Parameters: 1,083,394 trainable / 70,273,026 total (1.54%)  |  LoRA: 1,081,344

─────────────────────────────────────────────────────────────────────────────────────────────────────────
  Stage: ft  |  lr=0.0001  |  max_epochs=200  |  grad_clip=2.0
 Epoch   EpTime   Elapsed    TrLoss    TrAcc    VaAcc   VaBalAcc   VaAUROC    VaF1w          LR
─────────────────────────────────────────────────────────────────────────────────────────────────────────
     1      25s       25s    1.4486   0.5048   0.5023     0.5023    0.5778   0.3385    6.37e-06  (ETA 1h24m41s)
     2      24s       50s    0.7358   0.5465   0.5637     0.5637    0.6003   0.5616    1.66e-05  (ETA 1h22m37s)
     3      24s     1m14s    0.7078   0.5706   0.5914     0.5914    0.6312   0.5855    3.28e-05  (ETA 1h21m44s)
     4      24s     1m39s    0.6946   0.5758   0.6262     0.6262    0.6537   0.6255    5.85e-05  (ETA 1h21m03s)
     5      24s     2m03s    0.6664   0.6091   0.6435     0.6435    0.6802   0.6435    9.92e-05  (ETA 1h20m29s)
     6      30s     2m34s    0.6667   0.6194   0.6424     0.6424    0.6983   0.6395    9.92e-05  (ETA 1h23m12s)
     7      24s     2m58s    0.6246   0.6485   0.6609     0.6609    0.7239   0.6603    9.92e-05  (ETA 1h22m14s)
     8      24s     3m23s    0.6009   0.6752   0.6678     0.6678    0.7469   0.6585    9.92e-05  (ETA 1h21m24s)
     9      24s     3m48s    0.5779   0.7028   0.6875     0.6875    0.7618   0.6874    9.92e-05  (ETA 1h20m45s)
    10      24s     4m12s    0.5693   0.7040   0.6725     0.6725    0.7635   0.6679    9.92e-05  (ETA 1h20m03s)
    11      24s     4m37s    0.5676   0.7122   0.6979     0.6979    0.7811   0.6919    9.92e-05  (ETA 1h19m26s)
    12      24s     5m01s    0.5295   0.7374   0.6956     0.6956    0.7911   0.6926    9.92e-05  (ETA 1h18m49s)
    13      24s     5m26s    0.5173   0.7476   0.6597     0.6597    0.7973   0.6366    9.92e-05  (ETA 1h18m15s)
    14      24s     5m51s    0.5123   0.7480   0.7072     0.7072    0.7999   0.7048    9.92e-05  (ETA 1h17m43s)
    15      24s     6m15s    0.4857   0.7633   0.7176     0.7176    0.8061   0.7175    9.92e-05  (ETA 1h17m12s)
    16      24s     6m40s    0.4742   0.7741   0.7176     0.7176    0.8054   0.7164    9.92e-05  (ETA 1h16m41s)
    17      24s     7m04s    0.4680   0.7767   0.7257     0.7257    0.8109   0.7239    9.92e-05  (ETA 1h16m11s)
    18      24s     7m29s    0.4445   0.7954   0.7025     0.7025    0.8077   0.6996    9.92e-05  (ETA 1h15m42s)
    19      24s     7m53s    0.4371   0.7959   0.7338     0.7338    0.8227   0.7311    9.92e-05  (ETA 1h15m14s)
    20      24s     8m18s    0.4258   0.8023   0.7222     0.7222    0.8137   0.7219    9.92e-05  (ETA 1h14m45s)
    21      24s     8m42s    0.4105   0.8127   0.7164     0.7164    0.8214   0.7122    9.92e-05  (ETA 1h14m16s)
    22      24s     9m07s    0.3955   0.8237   0.7373     0.7373    0.8217   0.7371    9.92e-05  (ETA 1h13m49s)
    23      24s     9m31s    0.3924   0.8253   0.7350     0.7350    0.8237   0.7345    9.92e-05  (ETA 1h13m21s)
    24      24s     9m56s    0.3638   0.8378   0.7361     0.7361    0.8250   0.7347    9.92e-05  (ETA 1h12m53s)
    25      24s    10m20s    0.3577   0.8432   0.7361     0.7361    0.8198   0.7344    9.92e-05  (ETA 1h12m26s)
    26      24s    10m45s    0.3524   0.8395   0.7488     0.7488    0.8246   0.7487    9.92e-05  (ETA 1h12m00s)
    27      24s    11m10s    0.3257   0.8556   0.7454     0.7454    0.8283   0.7453    9.92e-05  (ETA 1h11m33s)
    28      24s    11m34s    0.3088   0.8625   0.7373     0.7373    0.8203   0.7370    9.92e-05  (ETA 1h11m06s)
    29      24s    11m59s    0.2980   0.8725   0.7361     0.7361    0.8057   0.7361    9.92e-05  (ETA 1h10m39s)
    30      24s    12m23s    0.2881   0.8742   0.7454     0.7454    0.8185   0.7449    9.92e-05  (ETA 1h10m13s)
    31      24s    12m48s    0.2926   0.8726   0.7454     0.7454    0.8263   0.7452    9.92e-05  (ETA 1h09m47s)
    32      24s    13m12s    0.2614   0.8860   0.7523     0.7523    0.8277   0.7520    9.92e-05  (ETA 1h09m21s)
    33      24s    13m37s    0.2545   0.8946   0.7141     0.7141    0.8137   0.7084    9.92e-05  (ETA 1h08m55s)
    34      24s    14m01s    0.2281   0.9058   0.7454     0.7454    0.8218   0.7453    9.92e-05  (ETA 1h08m29s)
    35      24s    14m26s    0.2269   0.9079   0.7292     0.7292    0.8150   0.7273    9.92e-05  (ETA 1h08m03s)
    36      24s    14m50s    0.2089   0.9125   0.7407     0.7407    0.8168   0.7402    9.92e-05  (ETA 1h07m37s)
    37      24s    15m15s    0.1857   0.9276   0.7465     0.7465    0.8203   0.7460    9.92e-05  (ETA 1h07m11s)
    38      24s    15m39s    0.1821   0.9249   0.7326     0.7326    0.8117   0.7307    9.92e-05  (ETA 1h06m45s)
    39      24s    16m04s    0.1636   0.9333   0.7211     0.7211    0.8163   0.7182    4.96e-05  (ETA 1h06m19s)
    40      24s    16m28s    0.1212   0.9518   0.7384     0.7384    0.8093   0.7376    4.96e-05  (ETA 1h05m53s)
    41      24s    16m52s    0.1115   0.9563   0.7292     0.7292    0.8107   0.7273    4.96e-05  (ETA 1h05m28s)
    42      24s    17m17s    0.0945   0.9643   0.7315     0.7315    0.8099   0.7312    4.96e-05  (ETA 1h05m02s)
    43      24s    17m41s    0.0901   0.9668   0.7303     0.7303    0.8119   0.7303    4.96e-05  (ETA 1h04m36s)
Early stopping at epoch 43 (patience=10)
─────────────────────────────────────────────────────────────────────────────────────────────────────────
ft complete — 43 epochs | total: 17m41s | best epoch=32 val_acc=0.7523
─────────────────────────────────────────────────────────────────────────────────────────────────────────
LoRA adapter saved → /home/apasinato/jade-mscthesis/outputs/ft_checkpoints/ft_faced_binary_w10s10_pool_last_r16_nomixup_fold_6/lora_adapter
Head weights saved → /home/apasinato/jade-mscthesis/outputs/ft_checkpoints/ft_faced_binary_w10s10_pool_last_r16_nomixup_fold_6/head_weights.pt

#########################################################################################################
  Fold 7/10  |  faced  |  task=binary  |  pooling=last  |  LoRA r=16  |  device=cuda
  train: 111 subjects  |  val: 12 subjects
#########################################################################################################
Building datasets ...  done in 7s  (train=7,992  val=864)

>>> Stage 1: LP warmup  |  trainable params: 2,050

─────────────────────────────────────────────────────────────────────────────────────────────────────────
  Stage: lp  |  lr=0.005  |  max_epochs=20  |  grad_clip=2.0
 Epoch   EpTime   Elapsed    TrLoss    TrAcc    VaAcc   VaBalAcc   VaAUROC    VaF1w          LR
─────────────────────────────────────────────────────────────────────────────────────────────────────────
     1      10s       10s    0.7266   0.5100   0.5590     0.5590    0.6061   0.5026    6.20e-04  (ETA 3m14s)
     2      10s       20s    0.6558   0.6180   0.6667     0.6667    0.7366   0.6536    1.98e-03  (ETA 3m04s)
     3      10s       30s    0.5709   0.7006   0.7627     0.7627    0.8440   0.7626    4.90e-03  (ETA 2m54s)
     4      10s       41s    0.4743   0.7715   0.8056     0.8056    0.9004   0.8040    4.90e-03  (ETA 2m44s)
     5      10s       51s    0.4167   0.8064   0.8368     0.8368    0.9280   0.8352    4.90e-03  (ETA 2m34s)
     6      10s     1m01s    0.3962   0.8193   0.8484     0.8484    0.9385   0.8484    4.90e-03  (ETA 2m24s)
     7      10s     1m12s    0.3805   0.8278   0.8519     0.8519    0.9450   0.8505    4.90e-03  (ETA 2m13s)
     8      10s     1m22s    0.3528   0.8443   0.8634     0.8634    0.9494   0.8624    4.90e-03  (ETA 2m03s)
     9      10s     1m32s    0.3388   0.8531   0.8704     0.8704    0.9511   0.8699    4.90e-03  (ETA 1m53s)
    10      10s     1m43s    0.3327   0.8575   0.8808     0.8808    0.9544   0.8808    4.90e-03  (ETA 1m43s)
    11      10s     1m53s    0.3177   0.8646   0.8750     0.8750    0.9555   0.8749    4.90e-03  (ETA 1m32s)
    12      10s     2m03s    0.3110   0.8659   0.8866     0.8866    0.9577   0.8865    4.90e-03  (ETA 1m22s)
    13      10s     2m14s    0.3043   0.8714   0.8924     0.8924    0.9610   0.8924    4.90e-03  (ETA 1m12s)
    14      10s     2m24s    0.2946   0.8763   0.8935     0.8935    0.9654   0.8934    4.90e-03  (ETA 1m01s)
    15      10s     2m34s    0.2905   0.8801   0.8831     0.8831    0.9682   0.8825    4.90e-03  (ETA 51s)
    16      10s     2m44s    0.2854   0.8819   0.9062     0.9062    0.9687   0.9062    4.90e-03  (ETA 41s)
    17      10s     2m55s    0.2770   0.8879   0.9086     0.9086    0.9702   0.9085    4.90e-03  (ETA 30s)
    18      10s     3m05s    0.2733   0.8865   0.9097     0.9097    0.9708   0.9097    4.90e-03  (ETA 20s)
    19      10s     3m15s    0.2721   0.8879   0.9144     0.9144    0.9722   0.9143    4.90e-03  (ETA 10s)
    20      10s     3m26s    0.2713   0.8878   0.9167     0.9167    0.9729   0.9167    4.90e-03  (done)
─────────────────────────────────────────────────────────────────────────────────────────────────────────
lp complete — 20 epochs | total: 3m26s | best epoch=20 val_acc=0.9167
─────────────────────────────────────────────────────────────────────────────────────────────────────────

>>> Stage 2: LoRA fine-tuning
  Parameters: 1,083,394 trainable / 70,273,026 total (1.54%)  |  LoRA: 1,081,344

─────────────────────────────────────────────────────────────────────────────────────────────────────────
  Stage: ft  |  lr=0.0001  |  max_epochs=200  |  grad_clip=2.0
 Epoch   EpTime   Elapsed    TrLoss    TrAcc    VaAcc   VaBalAcc   VaAUROC    VaF1w          LR
─────────────────────────────────────────────────────────────────────────────────────────────────────────
     1      24s       24s    1.1308   0.5139   0.5266     0.5266    0.5469   0.5054    6.43e-06  (ETA 1h21m22s)
     2      24s       49s    0.7334   0.5475   0.5602     0.5602    0.5712   0.5585    1.67e-05  (ETA 1h21m01s)
     3      24s     1m13s    0.7118   0.5619   0.5822     0.5822    0.6144   0.5820    3.30e-05  (ETA 1h20m37s)
     4      24s     1m38s    0.6861   0.5801   0.6123     0.6123    0.6455   0.6121    5.87e-05  (ETA 1h20m13s)
     5      24s     2m02s    0.6708   0.6026   0.5532     0.5532    0.6680   0.4947    9.96e-05  (ETA 1h19m45s)
     6      24s     2m27s    0.6609   0.6142   0.6343     0.6343    0.6902   0.6316    9.96e-05  (ETA 1h19m22s)
     7      24s     2m51s    0.6273   0.6476   0.6574     0.6574    0.7092   0.6571    9.96e-05  (ETA 1h18m59s)
     8      24s     3m16s    0.5953   0.6807   0.6632     0.6632    0.7417   0.6529    9.96e-05  (ETA 1h18m35s)
     9      24s     3m41s    0.5902   0.6863   0.6748     0.6748    0.7538   0.6717    9.96e-05  (ETA 1h18m12s)
    10      24s     4m05s    0.5542   0.7143   0.6794     0.6794    0.7620   0.6787    9.96e-05  (ETA 1h17m50s)
    11      24s     4m30s    0.5329   0.7327   0.6713     0.6713    0.7737   0.6567    9.96e-05  (ETA 1h17m23s)
    12      24s     4m54s    0.5325   0.7326   0.7014     0.7014    0.7865   0.6947    9.96e-05  (ETA 1h16m59s)
    13      24s     5m19s    0.5061   0.7490   0.7106     0.7106    0.7996   0.7083    9.96e-05  (ETA 1h16m35s)
    14      24s     5m44s    0.4991   0.7504   0.7211     0.7211    0.8049   0.7200    9.96e-05  (ETA 1h16m11s)
    15      24s     6m08s    0.4810   0.7711   0.7419     0.7419    0.8097   0.7410    9.96e-05  (ETA 1h15m47s)
    16      24s     6m33s    0.4638   0.7731   0.7454     0.7454    0.8155   0.7439    9.96e-05  (ETA 1h15m23s)
    17      24s     6m57s    0.4458   0.7893   0.7245     0.7245    0.7969   0.7245    9.96e-05  (ETA 1h14m57s)
    18      24s     7m22s    0.4441   0.7935   0.7419     0.7419    0.8237   0.7396    9.96e-05  (ETA 1h14m32s)
    19      24s     7m46s    0.4360   0.7930   0.7384     0.7384    0.8220   0.7375    9.96e-05  (ETA 1h14m06s)
    20      24s     8m11s    0.4067   0.8121   0.7373     0.7373    0.8149   0.7362    9.96e-05  (ETA 1h13m41s)
    21      24s     8m36s    0.3962   0.8196   0.7650     0.7650    0.8322   0.7650    9.96e-05  (ETA 1h13m19s)
    22      24s     9m00s    0.3865   0.8244   0.7488     0.7488    0.8350   0.7474    9.96e-05  (ETA 1h12m53s)
    23      24s     9m25s    0.3656   0.8321   0.7465     0.7465    0.8292   0.7455    9.96e-05  (ETA 1h12m28s)
    24      24s     9m49s    0.3539   0.8407   0.7535     0.7535    0.8358   0.7508    9.96e-05  (ETA 1h12m03s)
    25      24s    10m14s    0.3466   0.8461   0.7500     0.7500    0.8252   0.7482    9.96e-05  (ETA 1h11m38s)
    26      24s    10m38s    0.3409   0.8490   0.7512     0.7512    0.8275   0.7507    9.96e-05  (ETA 1h11m13s)
    27      24s    11m03s    0.3088   0.8667   0.7569     0.7569    0.8306   0.7569    9.96e-05  (ETA 1h10m48s)
    28      24s    11m27s    0.2909   0.8776   0.7431     0.7431    0.8347   0.7417    4.98e-05  (ETA 1h10m23s)
    29      24s    11m52s    0.2549   0.8899   0.7616     0.7616    0.8359   0.7615    4.98e-05  (ETA 1h10m00s)
    30      24s    12m16s    0.2480   0.8935   0.7581     0.7581    0.8382   0.7576    4.98e-05  (ETA 1h09m35s)
    31      24s    12m41s    0.2330   0.9022   0.7558     0.7558    0.8354   0.7558    4.98e-05  (ETA 1h09m11s)
    32      24s    13m06s    0.2272   0.9032   0.7488     0.7488    0.8284   0.7463    4.98e-05  (ETA 1h08m46s)
Early stopping at epoch 32 (patience=10)
─────────────────────────────────────────────────────────────────────────────────────────────────────────
ft complete — 32 epochs | total: 13m06s | best epoch=21 val_acc=0.7650
─────────────────────────────────────────────────────────────────────────────────────────────────────────
LoRA adapter saved → /home/apasinato/jade-mscthesis/outputs/ft_checkpoints/ft_faced_binary_w10s10_pool_last_r16_nomixup_fold_7/lora_adapter
Head weights saved → /home/apasinato/jade-mscthesis/outputs/ft_checkpoints/ft_faced_binary_w10s10_pool_last_r16_nomixup_fold_7/head_weights.pt

#########################################################################################################
  Fold 8/10  |  faced  |  task=binary  |  pooling=last  |  LoRA r=16  |  device=cuda
  train: 111 subjects  |  val: 12 subjects
#########################################################################################################
Building datasets ...  done in 18s  (train=7,992  val=864)

>>> Stage 1: LP warmup  |  trainable params: 2,050

─────────────────────────────────────────────────────────────────────────────────────────────────────────
  Stage: lp  |  lr=0.005  |  max_epochs=20  |  grad_clip=2.0
 Epoch   EpTime   Elapsed    TrLoss    TrAcc    VaAcc   VaBalAcc   VaAUROC    VaF1w          LR
─────────────────────────────────────────────────────────────────────────────────────────────────────────
     1      10s       10s    0.7081   0.5136   0.5046     0.5046    0.6491   0.3435    6.20e-04  (ETA 3m14s)
     2      10s       20s    0.6716   0.5868   0.5694     0.5694    0.6996   0.4906    1.98e-03  (ETA 3m04s)
     3      10s       30s    0.6204   0.6527   0.6863     0.6863    0.7563   0.6863    4.90e-03  (ETA 2m54s)
     4      10s       41s    0.5705   0.7007   0.7315     0.7315    0.8022   0.7312    4.90e-03  (ETA 2m44s)
     5      10s       51s    0.4993   0.7535   0.7708     0.7708    0.8478   0.7705    4.90e-03  (ETA 2m33s)
     6      10s     1m01s    0.4597   0.7733   0.7801     0.7801    0.8687   0.7783    4.90e-03  (ETA 2m23s)
     7      10s     1m11s    0.4400   0.7924   0.7859     0.7859    0.8718   0.7849    4.90e-03  (ETA 2m13s)
     8      10s     1m22s    0.4187   0.8066   0.7917     0.7917    0.8738   0.7911    4.90e-03  (ETA 2m03s)
     9      10s     1m32s    0.4143   0.8121   0.8044     0.8044    0.8764   0.8041    4.90e-03  (ETA 1m53s)
    10      10s     1m42s    0.4120   0.8083   0.7778     0.7778    0.8750   0.7754    4.90e-03  (ETA 1m42s)
    11      10s     1m53s    0.3971   0.8208   0.8044     0.8044    0.8809   0.8037    4.90e-03  (ETA 1m32s)
    12      10s     2m03s    0.4012   0.8178   0.8056     0.8056    0.8804   0.8053    4.90e-03  (ETA 1m22s)
    13      10s     2m13s    0.3918   0.8239   0.8009     0.8009    0.8844   0.8006    4.90e-03  (ETA 1m12s)
    14      10s     2m24s    0.3900   0.8207   0.8102     0.8102    0.8814   0.8094    4.90e-03  (ETA 1m01s)
    15      10s     2m34s    0.3875   0.8221   0.7998     0.7998    0.8850   0.7994    4.90e-03  (ETA 51s)
    16      10s     2m44s    0.3819   0.8256   0.8067     0.8067    0.8860   0.8062    4.90e-03  (ETA 41s)
    17      10s     2m55s    0.3806   0.8297   0.8067     0.8067    0.8867   0.8056    4.90e-03  (ETA 30s)
    18      10s     3m05s    0.3761   0.8283   0.8067     0.8067    0.8880   0.8067    4.90e-03  (ETA 20s)
    19      10s     3m15s    0.3772   0.8325   0.8044     0.8044    0.8898   0.8043    4.90e-03  (ETA 10s)
    20      10s     3m26s    0.3736   0.8321   0.8079     0.8079    0.8911   0.8078    4.90e-03  (done)
─────────────────────────────────────────────────────────────────────────────────────────────────────────
lp complete — 20 epochs | total: 3m26s | best epoch=14 val_acc=0.8102
─────────────────────────────────────────────────────────────────────────────────────────────────────────

>>> Stage 2: LoRA fine-tuning
  Parameters: 1,083,394 trainable / 70,273,026 total (1.54%)  |  LoRA: 1,081,344

─────────────────────────────────────────────────────────────────────────────────────────────────────────
  Stage: ft  |  lr=0.0001  |  max_epochs=200  |  grad_clip=2.0
 Epoch   EpTime   Elapsed    TrLoss    TrAcc    VaAcc   VaBalAcc   VaAUROC    VaF1w          LR
─────────────────────────────────────────────────────────────────────────────────────────────────────────
     1      24s       24s    1.0409   0.5121   0.5347     0.5347    0.5536   0.5347    6.37e-06  (ETA 1h21m31s)
     2      24s       49s    0.7488   0.5405   0.5394     0.5394    0.5699   0.5345    1.66e-05  (ETA 1h21m09s)
     3      24s     1m13s    0.7275   0.5418   0.5648     0.5648    0.6017   0.5609    3.28e-05  (ETA 1h20m46s)
     4      24s     1m38s    0.6892   0.5908   0.5637     0.5637    0.6341   0.5206    5.85e-05  (ETA 1h20m17s)
     5      24s     2m02s    0.6712   0.6016   0.6169     0.6169    0.6572   0.6169    9.92e-05  (ETA 1h19m55s)
     6      24s     2m27s    0.6476   0.6279   0.6319     0.6319    0.6872   0.6211    9.92e-05  (ETA 1h19m31s)
     7      24s     2m52s    0.6220   0.6574   0.6238     0.6238    0.6959   0.6182    9.92e-05  (ETA 1h19m05s)
     8      24s     3m16s    0.5969   0.6826   0.6551     0.6551    0.7224   0.6461    9.92e-05  (ETA 1h18m41s)
     9      24s     3m41s    0.5786   0.6944   0.6574     0.6574    0.7341   0.6536    9.92e-05  (ETA 1h18m18s)
    10      24s     4m05s    0.5672   0.7055   0.6736     0.6736    0.7335   0.6658    9.92e-05  (ETA 1h17m53s)
    11      24s     4m30s    0.5348   0.7304   0.6852     0.6852    0.7530   0.6832    9.92e-05  (ETA 1h17m29s)
    12      24s     4m55s    0.5225   0.7397   0.6481     0.6481    0.7453   0.6291    9.92e-05  (ETA 1h17m03s)
    13      24s     5m19s    0.5043   0.7536   0.6968     0.6968    0.7491   0.6957    9.92e-05  (ETA 1h16m39s)
    14      24s     5m44s    0.4946   0.7516   0.7014     0.7014    0.7592   0.7012    9.92e-05  (ETA 1h16m15s)
    15      24s     6m08s    0.4674   0.7767   0.6806     0.6806    0.7747   0.6766    9.92e-05  (ETA 1h15m49s)
    16      24s     6m33s    0.4603   0.7812   0.7153     0.7153    0.7735   0.7138    9.92e-05  (ETA 1h15m25s)
    17      24s     6m58s    0.4382   0.7970   0.7037     0.7037    0.7612   0.7036    9.92e-05  (ETA 1h14m59s)
    18      24s     7m22s    0.4210   0.8039   0.6991     0.6991    0.7749   0.6959    9.92e-05  (ETA 1h14m34s)
    19      24s     7m47s    0.4169   0.8048   0.7095     0.7095    0.7689   0.7095    9.92e-05  (ETA 1h14m09s)
    20      24s     8m11s    0.4031   0.8154   0.7338     0.7338    0.7865   0.7337    9.92e-05  (ETA 1h13m45s)
    21      24s     8m36s    0.3870   0.8209   0.6562     0.6562    0.7725   0.6394    9.92e-05  (ETA 1h13m20s)
    22      24s     9m00s    0.3778   0.8287   0.6852     0.6852    0.7897   0.6774    9.92e-05  (ETA 1h12m55s)
    23      24s     9m25s    0.3646   0.8375   0.7049     0.7049    0.7840   0.6997    9.92e-05  (ETA 1h12m30s)
    24      24s     9m49s    0.3481   0.8387   0.7245     0.7245    0.7903   0.7242    9.92e-05  (ETA 1h12m05s)
    25      24s    10m14s    0.3388   0.8507   0.7141     0.7141    0.7882   0.7119    9.92e-05  (ETA 1h11m40s)
    26      24s    10m38s    0.3144   0.8592   0.7257     0.7257    0.7892   0.7257    9.92e-05  (ETA 1h11m15s)
    27      24s    11m03s    0.3151   0.8590   0.7153     0.7153    0.7882   0.7133    4.96e-05  (ETA 1h10m50s)
    28      24s    11m27s    0.2665   0.8859   0.7049     0.7049    0.7857   0.7032    4.96e-05  (ETA 1h10m25s)
    29      24s    11m52s    0.2506   0.8944   0.7234     0.7234    0.7908   0.7232    4.96e-05  (ETA 1h10m01s)
    30      24s    12m16s    0.2406   0.8996   0.7257     0.7257    0.7891   0.7257    4.96e-05  (ETA 1h09m36s)
    31      24s    12m41s    0.2445   0.8960   0.7176     0.7176    0.7868   0.7176    4.96e-05  (ETA 1h09m11s)
Early stopping at epoch 31 (patience=10)
─────────────────────────────────────────────────────────────────────────────────────────────────────────
ft complete — 31 epochs | total: 12m41s | best epoch=20 val_acc=0.7338
─────────────────────────────────────────────────────────────────────────────────────────────────────────
LoRA adapter saved → /home/apasinato/jade-mscthesis/outputs/ft_checkpoints/ft_faced_binary_w10s10_pool_last_r16_nomixup_fold_8/lora_adapter
Head weights saved → /home/apasinato/jade-mscthesis/outputs/ft_checkpoints/ft_faced_binary_w10s10_pool_last_r16_nomixup_fold_8/head_weights.pt

#########################################################################################################
  Fold 9/10  |  faced  |  task=binary  |  pooling=last  |  LoRA r=16  |  device=cuda
  train: 111 subjects  |  val: 12 subjects
#########################################################################################################
Building datasets ...  done in 16s  (train=7,992  val=864)

>>> Stage 1: LP warmup  |  trainable params: 2,050

─────────────────────────────────────────────────────────────────────────────────────────────────────────
  Stage: lp  |  lr=0.005  |  max_epochs=20  |  grad_clip=2.0
 Epoch   EpTime   Elapsed    TrLoss    TrAcc    VaAcc   VaBalAcc   VaAUROC    VaF1w          LR
─────────────────────────────────────────────────────────────────────────────────────────────────────────
     1      10s       10s    0.6930   0.5285   0.5220     0.5220    0.6432   0.3941    6.27e-04  (ETA 3m15s)
     2      10s       20s    0.6545   0.6274   0.6157     0.6157    0.7538   0.5781    1.99e-03  (ETA 3m04s)
     3      10s       30s    0.5720   0.7006   0.7280     0.7280    0.8032   0.7276    4.93e-03  (ETA 2m54s)
     4      10s       41s    0.4984   0.7611   0.7477     0.7477    0.8287   0.7469    4.93e-03  (ETA 2m44s)
     5      10s       51s    0.4677   0.7788   0.7616     0.7616    0.8474   0.7610    4.93e-03  (ETA 2m34s)
     6      10s     1m01s    0.4473   0.7874   0.7685     0.7685    0.8572   0.7683    4.93e-03  (ETA 2m24s)
     7      10s     1m12s    0.4353   0.7985   0.7685     0.7685    0.8659   0.7683    4.93e-03  (ETA 2m13s)
     8      10s     1m22s    0.4282   0.8023   0.7639     0.7639    0.8525   0.7631    4.93e-03  (ETA 2m03s)
     9      10s     1m32s    0.4222   0.8087   0.7789     0.7789    0.8614   0.7778    4.93e-03  (ETA 1m53s)
    10      10s     1m43s    0.4119   0.8149   0.7870     0.7870    0.8570   0.7869    4.93e-03  (ETA 1m43s)
    11      10s     1m53s    0.4034   0.8154   0.7882     0.7882    0.8662   0.7874    4.93e-03  (ETA 1m32s)
    12      10s     2m03s    0.4035   0.8163   0.7940     0.7940    0.8612   0.7940    4.93e-03  (ETA 1m22s)
    13      10s     2m14s    0.3997   0.8173   0.7743     0.7743    0.8624   0.7726    4.93e-03  (ETA 1m12s)
    14      10s     2m24s    0.3968   0.8206   0.7951     0.7951    0.8677   0.7951    4.93e-03  (ETA 1m01s)
    15      10s     2m34s    0.3910   0.8266   0.7963     0.7963    0.8717   0.7962    4.93e-03  (ETA 51s)
    16      10s     2m45s    0.3915   0.8263   0.7998     0.7998    0.8689   0.7997    4.93e-03  (ETA 41s)
    17      11s     2m56s    0.3927   0.8273   0.7905     0.7905    0.8750   0.7896    4.93e-03  (ETA 31s)
    18      10s     3m06s    0.3890   0.8255   0.7963     0.7963    0.8757   0.7963    4.93e-03  (ETA 20s)
    19      10s     3m17s    0.3880   0.8261   0.7847     0.7847    0.8760   0.7838    4.93e-03  (ETA 10s)
    20      10s     3m27s    0.3865   0.8268   0.7801     0.7801    0.8728   0.7779    4.93e-03  (done)
─────────────────────────────────────────────────────────────────────────────────────────────────────────
lp complete — 20 epochs | total: 3m27s | best epoch=16 val_acc=0.7998
─────────────────────────────────────────────────────────────────────────────────────────────────────────

>>> Stage 2: LoRA fine-tuning
  Parameters: 1,083,394 trainable / 70,273,026 total (1.54%)  |  LoRA: 1,081,344

─────────────────────────────────────────────────────────────────────────────────────────────────────────
  Stage: ft  |  lr=0.0001  |  max_epochs=200  |  grad_clip=2.0
 Epoch   EpTime   Elapsed    TrLoss    TrAcc    VaAcc   VaBalAcc   VaAUROC    VaF1w          LR
─────────────────────────────────────────────────────────────────────────────────────────────────────────
     1      24s       24s    0.8137   0.5225   0.5081     0.5081    0.5233   0.5077    6.43e-06  (ETA 1h21m31s)
     2      24s       49s    0.7540   0.5302   0.5336     0.5336    0.5488   0.5242    1.67e-05  (ETA 1h21m06s)
     3      24s     1m13s    0.7242   0.5463   0.5718     0.5718    0.5990   0.5710    3.30e-05  (ETA 1h20m42s)
     4      24s     1m38s    0.6926   0.5744   0.5903     0.5903    0.6287   0.5849    5.87e-05  (ETA 1h20m19s)
     5      24s     2m02s    0.6790   0.5930   0.6100     0.6100    0.6378   0.6096    9.96e-05  (ETA 1h19m55s)
     6      24s     2m27s    0.6534   0.6207   0.6157     0.6157    0.6614   0.6017    9.96e-05  (ETA 1h19m32s)
     7      24s     2m52s    0.6310   0.6499   0.6273     0.6273    0.6914   0.6112    9.96e-05  (ETA 1h19m08s)
     8      24s     3m16s    0.5959   0.6771   0.6620     0.6620    0.7130   0.6608    9.96e-05  (ETA 1h18m43s)
     9      24s     3m41s    0.5788   0.7035   0.6528     0.6528    0.7126   0.6475    9.96e-05  (ETA 1h18m21s)
    10      24s     4m06s    0.5572   0.7146   0.6887     0.6887    0.7243   0.6885    9.96e-05  (ETA 1h17m56s)
    11      26s     4m32s    0.5426   0.7281   0.6817     0.6817    0.7383   0.6799    9.96e-05  (ETA 1h17m56s)
    12      24s     4m56s    0.5162   0.7445   0.7037     0.7037    0.7523   0.7037    9.96e-05  (ETA 1h17m30s)
    13      24s     5m21s    0.5005   0.7513   0.6898     0.6898    0.7410   0.6895    9.96e-05  (ETA 1h17m02s)
    14      24s     5m45s    0.4820   0.7618   0.7025     0.7025    0.7553   0.7015    9.96e-05  (ETA 1h16m34s)
    15      24s     6m10s    0.4681   0.7758   0.7095     0.7095    0.7521   0.7094    9.96e-05  (ETA 1h16m09s)
    16      24s     6m35s    0.4600   0.7832   0.7141     0.7141    0.7735   0.7123    9.96e-05  (ETA 1h15m44s)
    17      24s     6m59s    0.4432   0.7874   0.7130     0.7130    0.7736   0.7125    9.96e-05  (ETA 1h15m17s)
    18      24s     7m24s    0.4262   0.8008   0.7130     0.7130    0.7806   0.7125    9.96e-05  (ETA 1h14m51s)
    19      24s     7m48s    0.4111   0.8108   0.7280     0.7280    0.7750   0.7273    9.96e-05  (ETA 1h14m26s)
    20      24s     8m13s    0.4080   0.8131   0.7095     0.7095    0.7726   0.7088    9.96e-05  (ETA 1h13m59s)
    21      24s     8m37s    0.3836   0.8261   0.7164     0.7164    0.7779   0.7164    9.96e-05  (ETA 1h13m33s)
    22      24s     9m02s    0.3713   0.8325   0.6690     0.6690    0.7660   0.6557    9.96e-05  (ETA 1h13m08s)
    23      24s     9m26s    0.3794   0.8302   0.6979     0.6979    0.7774   0.6919    9.96e-05  (ETA 1h12m42s)
    24      24s     9m51s    0.3685   0.8343   0.7303     0.7303    0.7854   0.7299    9.96e-05  (ETA 1h12m17s)
    25      24s    10m16s    0.3335   0.8561   0.7211     0.7211    0.7848   0.7208    9.96e-05  (ETA 1h11m52s)
    26      24s    10m40s    0.3407   0.8495   0.6829     0.6829    0.7902   0.6716    9.96e-05  (ETA 1h11m26s)
    27      24s    11m05s    0.3144   0.8615   0.7060     0.7060    0.7801   0.7058    9.96e-05  (ETA 1h11m01s)
    28      24s    11m29s    0.3217   0.8586   0.7060     0.7060    0.7837   0.7043    9.96e-05  (ETA 1h10m35s)
    29      24s    11m54s    0.2910   0.8715   0.7199     0.7199    0.7877   0.7195    9.96e-05  (ETA 1h10m10s)
    30      24s    12m18s    0.2787   0.8816   0.7141     0.7141    0.7823   0.7128    9.96e-05  (ETA 1h09m45s)
    31      24s    12m43s    0.2639   0.8881   0.7106     0.7106    0.7696   0.7100    4.98e-05  (ETA 1h09m20s)
    32      24s    13m07s    0.2252   0.9085   0.7153     0.7153    0.7800   0.7145    4.98e-05  (ETA 1h08m55s)
    33      24s    13m32s    0.2099   0.9172   0.7188     0.7188    0.7799   0.7187    4.98e-05  (ETA 1h08m30s)
    34      24s    13m56s    0.1974   0.9188   0.7292     0.7292    0.7830   0.7290    4.98e-05  (ETA 1h08m05s)
    35      24s    14m21s    0.1936   0.9218   0.7118     0.7118    0.7754   0.7118    4.98e-05  (ETA 1h07m40s)
Early stopping at epoch 35 (patience=10)
─────────────────────────────────────────────────────────────────────────────────────────────────────────
ft complete — 35 epochs | total: 14m21s | best epoch=24 val_acc=0.7303
─────────────────────────────────────────────────────────────────────────────────────────────────────────
LoRA adapter saved → /home/apasinato/jade-mscthesis/outputs/ft_checkpoints/ft_faced_binary_w10s10_pool_last_r16_nomixup_fold_9/lora_adapter
Head weights saved → /home/apasinato/jade-mscthesis/outputs/ft_checkpoints/ft_faced_binary_w10s10_pool_last_r16_nomixup_fold_9/head_weights.pt

#########################################################################################################
  Fold 10/10  |  faced  |  task=binary  |  pooling=last  |  LoRA r=16  |  device=cuda
  train: 111 subjects  |  val: 12 subjects
#########################################################################################################
Building datasets ...  done in 14s  (train=7,992  val=864)

>>> Stage 1: LP warmup  |  trainable params: 2,050

─────────────────────────────────────────────────────────────────────────────────────────────────────────
  Stage: lp  |  lr=0.005  |  max_epochs=20  |  grad_clip=2.0
 Epoch   EpTime   Elapsed    TrLoss    TrAcc    VaAcc   VaBalAcc   VaAUROC    VaF1w          LR
─────────────────────────────────────────────────────────────────────────────────────────────────────────
     1      10s       10s    0.7002   0.5034   0.5336     0.5336    0.5855   0.4977    6.27e-04  (ETA 3m16s)
     2      10s       20s    0.6882   0.5404   0.5764     0.5764    0.6248   0.5721    1.99e-03  (ETA 3m05s)
     3      10s       30s    0.6679   0.5957   0.6238     0.6238    0.6735   0.6085    4.90e-03  (ETA 2m55s)
     4      10s       41s    0.6240   0.6544   0.6481     0.6481    0.7332   0.6333    4.90e-03  (ETA 2m45s)
     5      10s       51s    0.5971   0.6787   0.6910     0.6910    0.7671   0.6852    4.90e-03  (ETA 2m34s)
     6      10s     1m01s    0.5673   0.7125   0.7245     0.7245    0.7911   0.7235    4.90e-03  (ETA 2m24s)
     7      10s     1m12s    0.5642   0.7088   0.7176     0.7176    0.8044   0.7153    4.90e-03  (ETA 2m14s)
     8      10s     1m22s    0.5490   0.7235   0.7280     0.7280    0.8119   0.7256    4.90e-03  (ETA 2m04s)
     9      10s     1m33s    0.5428   0.7270   0.7419     0.7419    0.8141   0.7418    4.90e-03  (ETA 1m53s)
    10      10s     1m43s    0.5394   0.7276   0.7407     0.7407    0.8206   0.7372    4.90e-03  (ETA 1m43s)
    11      10s     1m53s    0.5338   0.7311   0.7199     0.7199    0.8227   0.7121    4.90e-03  (ETA 1m33s)
    12      10s     2m04s    0.5390   0.7322   0.7257     0.7257    0.8252   0.7180    4.90e-03  (ETA 1m22s)
    13      10s     2m14s    0.5321   0.7336   0.7269     0.7269    0.8262   0.7199    4.90e-03  (ETA 1m12s)
    14      10s     2m24s    0.5264   0.7381   0.7616     0.7616    0.8279   0.7616    4.90e-03  (ETA 1m02s)
    15      10s     2m35s    0.5187   0.7436   0.7350     0.7350    0.8281   0.7298    4.90e-03  (ETA 51s)
    16      10s     2m45s    0.5148   0.7491   0.7106     0.7106    0.8282   0.6978    4.90e-03  (ETA 41s)
    17      10s     2m55s    0.5109   0.7550   0.7488     0.7488    0.8275   0.7470    4.90e-03  (ETA 31s)
    18      10s     3m06s    0.5174   0.7467   0.7396     0.7396    0.8310   0.7376    4.90e-03  (ETA 20s)
    19      10s     3m16s    0.5158   0.7485   0.7616     0.7616    0.8315   0.7602    4.90e-03  (ETA 10s)
    20      10s     3m27s    0.5190   0.7461   0.7569     0.7569    0.8332   0.7562    4.90e-03  (done)
─────────────────────────────────────────────────────────────────────────────────────────────────────────
lp complete — 20 epochs | total: 3m27s | best epoch=14 val_acc=0.7616
─────────────────────────────────────────────────────────────────────────────────────────────────────────

>>> Stage 2: LoRA fine-tuning
  Parameters: 1,083,394 trainable / 70,273,026 total (1.54%)  |  LoRA: 1,081,344

─────────────────────────────────────────────────────────────────────────────────────────────────────────
  Stage: ft  |  lr=0.0001  |  max_epochs=200  |  grad_clip=2.0
 Epoch   EpTime   Elapsed    TrLoss    TrAcc    VaAcc   VaBalAcc   VaAUROC    VaF1w          LR
─────────────────────────────────────────────────────────────────────────────────────────────────────────
     1      24s       24s    0.7437   0.5255   0.5174     0.5174    0.5424   0.5133    6.43e-06  (ETA 1h21m40s)
     2      24s       49s    0.7190   0.5308   0.5336     0.5336    0.5623   0.5074    1.66e-05  (ETA 1h21m16s)
     3      24s     1m13s    0.6930   0.5602   0.5602     0.5602    0.5947   0.5590    3.28e-05  (ETA 1h20m52s)
     4      24s     1m38s    0.6765   0.5843   0.5729     0.5729    0.6118   0.5672    5.85e-05  (ETA 1h20m28s)
     5      24s     2m03s    0.6685   0.6006   0.5833     0.5833    0.6406   0.5727    9.92e-05  (ETA 1h20m04s)
     6      24s     2m27s    0.6502   0.6225   0.6227     0.6227    0.6696   0.6169    9.92e-05  (ETA 1h19m40s)
     7      24s     2m52s    0.6386   0.6313   0.6215     0.6215    0.6831   0.6156    9.92e-05  (ETA 1h19m13s)
     8      24s     3m17s    0.6177   0.6610   0.6354     0.6354    0.6943   0.6353    9.92e-05  (ETA 1h18m49s)
     9      24s     3m41s    0.5990   0.6767   0.6366     0.6366    0.7155   0.6212    9.92e-05  (ETA 1h18m25s)
    10      24s     4m06s    0.5798   0.6926   0.6493     0.6493    0.7317   0.6354    9.92e-05  (ETA 1h18m00s)
    11      24s     4m30s    0.5695   0.7036   0.6736     0.6736    0.7345   0.6713    9.92e-05  (ETA 1h17m35s)
    12      24s     4m55s    0.5519   0.7180   0.6400     0.6400    0.7492   0.6186    9.92e-05  (ETA 1h17m08s)
    13      24s     5m20s    0.5313   0.7305   0.6875     0.6875    0.7605   0.6836    9.92e-05  (ETA 1h16m44s)
    14      24s     5m44s    0.5227   0.7399   0.6863     0.6863    0.7664   0.6783    9.92e-05  (ETA 1h16m18s)
    15      24s     6m09s    0.5019   0.7531   0.7014     0.7014    0.7698   0.6981    9.92e-05  (ETA 1h15m54s)
    16      24s     6m33s    0.4913   0.7578   0.7106     0.7106    0.7804   0.7070    9.92e-05  (ETA 1h15m29s)
    17      24s     6m58s    0.4656   0.7752   0.7049     0.7049    0.7862   0.7014    9.92e-05  (ETA 1h15m04s)
    18      24s     7m23s    0.4610   0.7784   0.7118     0.7118    0.7882   0.7112    9.92e-05  (ETA 1h14m40s)
    19      24s     7m47s    0.4528   0.7833   0.7049     0.7049    0.7960   0.6997    9.92e-05  (ETA 1h14m15s)
    20      24s     8m12s    0.4546   0.7817   0.7014     0.7014    0.7968   0.6959    9.92e-05  (ETA 1h13m49s)
    21      24s     8m36s    0.4230   0.7990   0.7315     0.7315    0.8018   0.7314    9.92e-05  (ETA 1h13m25s)
    22      24s     9m01s    0.4191   0.8046   0.7188     0.7188    0.8006   0.7160    9.92e-05  (ETA 1h13m00s)
    23      24s     9m25s    0.4089   0.8109   0.7211     0.7211    0.7968   0.7208    9.92e-05  (ETA 1h12m35s)
    24      24s     9m50s    0.3864   0.8243   0.7222     0.7222    0.8045   0.7188    9.92e-05  (ETA 1h12m09s)
    25      24s    10m14s    0.3695   0.8306   0.7303     0.7303    0.8055   0.7287    9.92e-05  (ETA 1h11m44s)
    26      24s    10m39s    0.3620   0.8383   0.7269     0.7269    0.8034   0.7268    9.92e-05  (ETA 1h11m19s)
    27      24s    11m04s    0.3435   0.8488   0.7361     0.7361    0.8094   0.7361    9.92e-05  (ETA 1h10m55s)
    28      24s    11m28s    0.3488   0.8413   0.7176     0.7176    0.7973   0.7176    9.92e-05  (ETA 1h10m30s)
    29      24s    11m53s    0.3448   0.8463   0.7257     0.7257    0.7957   0.7257    9.92e-05  (ETA 1h10m05s)
    30      24s    12m17s    0.3308   0.8507   0.7326     0.7326    0.8025   0.7322    9.92e-05  (ETA 1h09m40s)
    31      24s    12m42s    0.3023   0.8655   0.7350     0.7350    0.8060   0.7344    9.92e-05  (ETA 1h09m15s)
    32      24s    13m06s    0.2947   0.8730   0.7234     0.7234    0.8014   0.7201    9.92e-05  (ETA 1h08m50s)
    33      24s    13m31s    0.2740   0.8845   0.7384     0.7384    0.8092   0.7377    9.92e-05  (ETA 1h08m26s)
    34      24s    13m55s    0.2598   0.8885   0.7037     0.7037    0.7902   0.6986    9.92e-05  (ETA 1h08m01s)
    35      24s    14m20s    0.2527   0.8890   0.7211     0.7211    0.7935   0.7210    9.92e-05  (ETA 1h07m36s)
    36      24s    14m44s    0.2452   0.8998   0.7292     0.7292    0.7978   0.7285    9.92e-05  (ETA 1h07m11s)
    37      24s    15m09s    0.2125   0.9130   0.7280     0.7280    0.7954   0.7280    9.92e-05  (ETA 1h06m46s)
    38      24s    15m34s    0.2021   0.9177   0.7222     0.7222    0.7926   0.7221    9.92e-05  (ETA 1h06m21s)
    39      24s    15m58s    0.1897   0.9249   0.7118     0.7118    0.7885   0.7118    9.92e-05  (ETA 1h05m57s)
    40      24s    16m23s    0.1788   0.9262   0.7326     0.7326    0.7918   0.7325    4.96e-05  (ETA 1h05m32s)
    41      24s    16m47s    0.1320   0.9467   0.7072     0.7072    0.7838   0.7034    4.96e-05  (ETA 1h05m07s)
    42      24s    17m12s    0.1218   0.9508   0.7106     0.7106    0.7879   0.7087    4.96e-05  (ETA 1h04m42s)
    43      24s    17m36s    0.1067   0.9588   0.6991     0.6991    0.7743   0.6988    4.96e-05  (ETA 1h04m17s)
    44      24s    18m00s    0.0959   0.9632   0.7083     0.7083    0.7865   0.7070    4.96e-05  (ETA 1h03m52s)
Early stopping at epoch 44 (patience=10)
─────────────────────────────────────────────────────────────────────────────────────────────────────────
ft complete — 44 epochs | total: 18m00s | best epoch=33 val_acc=0.7384
─────────────────────────────────────────────────────────────────────────────────────────────────────────
LoRA adapter saved → /home/apasinato/jade-mscthesis/outputs/ft_checkpoints/ft_faced_binary_w10s10_pool_last_r16_nomixup_fold_10/lora_adapter
Head weights saved → /home/apasinato/jade-mscthesis/outputs/ft_checkpoints/ft_faced_binary_w10s10_pool_last_r16_nomixup_fold_10/head_weights.pt

==========================================================================================
  CROSS-FOLD SUMMARY  (10 folds  |  faced  |  task=binary  |  pool_last  |  LoRA r=16)
==========================================================================================
 Fold    ValAcc   ValBalAcc   ValAUROC    ValF1w   Epochs   BestEp
------------------------------------------------------------------
    1    0.7041      0.7041     0.7469    0.7016        0       11
    2    0.7265      0.7265     0.7965    0.7265        0       14
    3    0.7041      0.7041     0.7555    0.7041        0       30
    4    0.7743      0.7743     0.8467    0.7742        0       26
    5    0.7350      0.7350     0.8050    0.7348        0       22
    6    0.7523      0.7523     0.8277    0.7520        0       32
    7    0.7650      0.7650     0.8322    0.7650        0       21
    8    0.7338      0.7338     0.7865    0.7337        0       20
    9    0.7303      0.7303     0.7854    0.7299        0       24
   10    0.7384      0.7384     0.8092    0.7377        0       33
------------------------------------------------------------------
 Mean    0.7364      0.7364     0.7992    0.7360
  Std    0.0230      0.0230     0.0321    0.0233
==========================================================================================
Aggregate results saved -> /home/apasinato/jade-mscthesis/outputs/ft_checkpoints/summary_faced_binary_w10s10_pool_last_r16_nomixup.json

All folds complete.

=== Complete ===
Exit code: 0
Finished:  Mon Mar 30 18:22:22 CEST 2026
