=== Experiment on DelftBlue ===
Job ID:    9477297
Node:      gpu013
Partition: gpu-a100
Module:    src.approaches.fine_tuning.train_ft
Args:      --dataset thu-ep --task binary --pooling last --no-mixup
Started:   Mon Mar 30 15:22:35 CEST 2026

=== GPU ===
NVIDIA A100 80GB PCIe, 81920 MiB

=== Environment ===
Python:  Python 3.14.3
PyTorch: 2.9.1+cu128
CUDA:    True 12.8

=== Running: python -m src.approaches.fine_tuning.train_ft --dataset thu-ep --task binary --pooling last --no-mixup ===


Dataset: thu-ep  |  subjects: 79
Device: cuda  |  task: binary  |  pooling: last  |  LoRA rank: 16  alpha: 16
Window: 10.0s (2000 pts)  Stride: 10.0s (2000 pts)  Mixup: False  AMP: True
LP: lr=0.005 epochs=20  |  FT: lr=0.0001 epochs=200
Loading REVE model from local path …
flash_attn not found, install it with `pip install flash_attn` if you want to use it
Loading REVE position bank from local path …
  Electrode positions cached for 30 channels.

#########################################################################################################
  Fold 1/10  |  thu-ep  |  task=binary  |  pooling=last  |  LoRA r=16  |  device=cuda
  train: 71 subjects  |  val: 8 subjects
#########################################################################################################
Building datasets ...  done in 29s  (train=5,091  val=576)

>>> Stage 1: LP warmup  |  trainable params: 2,050

─────────────────────────────────────────────────────────────────────────────────────────────────────────
  Stage: lp  |  lr=0.005  |  max_epochs=20  |  grad_clip=2.0
 Epoch   EpTime   Elapsed    TrLoss    TrAcc    VaAcc   VaBalAcc   VaAUROC    VaF1w          LR
─────────────────────────────────────────────────────────────────────────────────────────────────────────
     1      12s       12s    0.6998   0.5105   0.5000     0.5000    0.4581   0.3333    6.19e-04  (ETA 3m53s)
     2       5s       17s    0.6961   0.4975   0.5104     0.5104    0.4972   0.4939    1.97e-03  (ETA 2m38s)
     3       5s       22s    0.7002   0.5038   0.5035     0.5035    0.5281   0.3636    4.89e-03  (ETA 2m09s)
     4       5s       28s    0.7227   0.4981   0.4983     0.4983    0.5521   0.3326    4.89e-03  (ETA 1m52s)
     5       5s       33s    0.6970   0.5137   0.5087     0.5087    0.5442   0.3912    4.89e-03  (ETA 1m39s)
     6       5s       38s    0.6891   0.5406   0.5208     0.5208    0.5531   0.4907    4.89e-03  (ETA 1m29s)
     7       5s       43s    0.6942   0.5305   0.5295     0.5295    0.5487   0.4977    4.89e-03  (ETA 1m21s)
     8       5s       48s    0.6917   0.5325   0.5382     0.5382    0.5650   0.4985    4.89e-03  (ETA 1m13s)
     9       5s       54s    0.6852   0.5380   0.5365     0.5365    0.5591   0.4961    4.89e-03  (ETA 1m06s)
    10       9s     1m03s    0.6833   0.5451   0.5139     0.5139    0.5730   0.4472    4.89e-03  (ETA 1m03s)
    11       9s     1m13s    0.6831   0.5455   0.5365     0.5365    0.5712   0.5179    4.89e-03  (ETA 59s)
    12       5s     1m18s    0.6773   0.5622   0.5573     0.5573    0.5688   0.5519    4.89e-03  (ETA 52s)
    13       5s     1m23s    0.6745   0.5698   0.5521     0.5521    0.5645   0.5404    4.89e-03  (ETA 44s)
    14       5s     1m28s    0.6682   0.5918   0.5417     0.5417    0.5594   0.5302    4.89e-03  (ETA 38s)
    15       5s     1m34s    0.6769   0.5708   0.5642     0.5642    0.5623   0.5624    4.89e-03  (ETA 31s)
    16       5s     1m39s    0.6663   0.5905   0.5278     0.5278    0.5635   0.5106    4.89e-03  (ETA 24s)
    17       5s     1m44s    0.6686   0.5842   0.5382     0.5382    0.5671   0.5180    4.89e-03  (ETA 18s)
    18       5s     1m49s    0.6668   0.5853   0.5660     0.5660    0.5653   0.5621    4.89e-03  (ETA 12s)
    19       5s     1m55s    0.6640   0.5965   0.5226     0.5226    0.5650   0.4948    4.89e-03  (ETA 6s)
    20       5s     2m00s    0.6632   0.5969   0.5625     0.5625    0.5652   0.5620    4.89e-03  (done)
─────────────────────────────────────────────────────────────────────────────────────────────────────────
lp complete — 20 epochs | total: 2m00s | best epoch=18 val_acc=0.5660
─────────────────────────────────────────────────────────────────────────────────────────────────────────

>>> Stage 2: LoRA fine-tuning
  Parameters: 1,083,394 trainable / 70,273,026 total (1.54%)  |  LoRA: 1,081,344

─────────────────────────────────────────────────────────────────────────────────────────────────────────
  Stage: ft  |  lr=0.0001  |  max_epochs=200  |  grad_clip=2.0
 Epoch   EpTime   Elapsed    TrLoss    TrAcc    VaAcc   VaBalAcc   VaAUROC    VaF1w          LR
─────────────────────────────────────────────────────────────────────────────────────────────────────────
     1      20s       20s    0.6603   0.6064   0.5642     0.5642    0.5657   0.5631    6.50e-06  (ETA 1h08m21s)
     2      16s       37s    0.6615   0.6005   0.5642     0.5642    0.5663   0.5618    1.68e-05  (ETA 1h01m19s)
     3      15s       52s    0.6617   0.5965   0.5469     0.5469    0.5653   0.5358    3.31e-05  (ETA 57m09s)
     4      15s     1m07s    0.6597   0.5985   0.5747     0.5747    0.5664   0.5733    5.90e-05  (ETA 55m01s)
     5      15s     1m22s    0.6588   0.5952   0.5747     0.5747    0.5746   0.5716    1.00e-04  (ETA 53m34s)
     6      18s     1m41s    0.6524   0.6152   0.5642     0.5642    0.5715   0.5628    1.00e-04  (ETA 54m28s)
     7      16s     1m57s    0.6494   0.6105   0.5885     0.5885    0.5953   0.5870    1.00e-04  (ETA 53m57s)
     8      15s     2m12s    0.6399   0.6221   0.5851     0.5851    0.5989   0.5825    1.00e-04  (ETA 52m58s)
     9      15s     2m27s    0.6312   0.6413   0.5399     0.5399    0.6110   0.4908    1.00e-04  (ETA 52m10s)
    10      15s     2m42s    0.6252   0.6458   0.5885     0.5885    0.6112   0.5836    1.00e-04  (ETA 51m29s)
    11      15s     2m57s    0.6169   0.6572   0.5851     0.5851    0.6109   0.5849    1.00e-04  (ETA 50m52s)
    12      17s     3m15s    0.6107   0.6675   0.5990     0.5990    0.6231   0.5947    1.00e-04  (ETA 51m00s)
    13      15s     3m30s    0.6079   0.6739   0.5955     0.5955    0.6279   0.5925    1.00e-04  (ETA 50m28s)
    14      15s     3m45s    0.5882   0.6814   0.5990     0.5990    0.6385   0.5909    1.00e-04  (ETA 49m57s)
    15      15s     4m00s    0.5746   0.6983   0.6042     0.6042    0.6324   0.6036    1.00e-04  (ETA 49m30s)
    16      15s     4m15s    0.5663   0.7018   0.5486     0.5486    0.6321   0.4948    1.00e-04  (ETA 49m02s)
    17      15s     4m31s    0.5593   0.7061   0.6111     0.6111    0.6551   0.6053    1.00e-04  (ETA 48m45s)
    18      15s     4m47s    0.5370   0.7285   0.6372     0.6372    0.6657   0.6368    1.00e-04  (ETA 48m26s)
    19      15s     5m02s    0.5196   0.7482   0.5972     0.5972    0.6717   0.5783    1.00e-04  (ETA 48m02s)
    20      15s     5m17s    0.5105   0.7454   0.6007     0.6007    0.6545   0.5916    1.00e-04  (ETA 47m39s)
    21      15s     5m32s    0.5018   0.7582   0.6163     0.6163    0.6638   0.6137    1.00e-04  (ETA 47m16s)
    22      15s     5m47s    0.4856   0.7604   0.5868     0.5868    0.6542   0.5740    1.00e-04  (ETA 46m55s)
    23      15s     6m03s    0.4735   0.7706   0.6181     0.6181    0.6721   0.6109    1.00e-04  (ETA 46m33s)
    24      15s     6m18s    0.4647   0.7826   0.6007     0.6007    0.6637   0.5936    1.00e-04  (ETA 46m12s)
    25      15s     6m33s    0.4495   0.7837   0.6302     0.6302    0.6706   0.6302    5.00e-05  (ETA 45m57s)
    26      15s     6m49s    0.4265   0.8030   0.6111     0.6111    0.6753   0.6046    5.00e-05  (ETA 45m37s)
    27      15s     7m04s    0.4153   0.8079   0.5972     0.5972    0.6643   0.5847    5.00e-05  (ETA 45m21s)
    28      15s     7m20s    0.4084   0.8110   0.6233     0.6233    0.6720   0.6193    5.00e-05  (ETA 45m03s)
    29      15s     7m35s    0.4033   0.8101   0.6059     0.6059    0.6727   0.5944    5.00e-05  (ETA 44m44s)
Early stopping at epoch 29 (patience=10)
─────────────────────────────────────────────────────────────────────────────────────────────────────────
ft complete — 29 epochs | total: 7m35s | best epoch=18 val_acc=0.6372
─────────────────────────────────────────────────────────────────────────────────────────────────────────
LoRA adapter saved → /home/apasinato/jade-mscthesis/outputs/ft_checkpoints/ft_thu-ep_binary_w10s10_pool_last_r16_nomixup_fold_1/lora_adapter
Head weights saved → /home/apasinato/jade-mscthesis/outputs/ft_checkpoints/ft_thu-ep_binary_w10s10_pool_last_r16_nomixup_fold_1/head_weights.pt

#########################################################################################################
  Fold 2/10  |  thu-ep  |  task=binary  |  pooling=last  |  LoRA r=16  |  device=cuda
  train: 71 subjects  |  val: 8 subjects
#########################################################################################################
Building datasets ...  done in 3s  (train=5,106  val=561)

>>> Stage 1: LP warmup  |  trainable params: 2,050

─────────────────────────────────────────────────────────────────────────────────────────────────────────
  Stage: lp  |  lr=0.005  |  max_epochs=20  |  grad_clip=2.0
 Epoch   EpTime   Elapsed    TrLoss    TrAcc    VaAcc   VaBalAcc   VaAUROC    VaF1w          LR
─────────────────────────────────────────────────────────────────────────────────────────────────────────
     1       6s        6s    0.7218   0.4984   0.5027     0.5000    0.5682   0.3395    6.07e-04  (ETA 2m03s)
     2       6s       12s    0.6926   0.5198   0.5437     0.5451    0.6068   0.5073    1.95e-03  (ETA 1m56s)
     3       6s       19s    0.6845   0.5501   0.5579     0.5590    0.6304   0.5401    4.84e-03  (ETA 1m49s)
     4       6s       25s    0.6706   0.5803   0.5561     0.5577    0.6511   0.5139    4.84e-03  (ETA 1m42s)
     5       6s       32s    0.6335   0.6385   0.6221     0.6223    0.6940   0.6215    4.84e-03  (ETA 1m36s)
     6       6s       38s    0.6053   0.6727   0.6524     0.6522    0.7150   0.6518    4.84e-03  (ETA 1m30s)
     7       6s       45s    0.5891   0.6790   0.6702     0.6698    0.7390   0.6681    4.84e-03  (ETA 1m23s)
     8       6s       51s    0.5952   0.6800   0.6791     0.6788    0.7521   0.6774    4.84e-03  (ETA 1m17s)
     9       6s       57s    0.5754   0.7025   0.6970     0.6966    0.7672   0.6955    4.84e-03  (ETA 1m10s)
    10       6s     1m04s    0.5641   0.7099   0.7005     0.7001    0.7750   0.6986    4.84e-03  (ETA 1m04s)
    11       6s     1m10s    0.5796   0.6913   0.7077     0.7083    0.7801   0.7030    4.84e-03  (ETA 57s)
    12       6s     1m17s    0.5568   0.7101   0.7326     0.7329    0.7923   0.7321    4.84e-03  (ETA 51s)
    13       6s     1m23s    0.5573   0.7115   0.7201     0.7206    0.7947   0.7178    4.84e-03  (ETA 45s)
    14       6s     1m30s    0.5506   0.7205   0.7148     0.7140    0.8065   0.7086    4.84e-03  (ETA 38s)
    15       6s     1m36s    0.5402   0.7282   0.7184     0.7192    0.8081   0.7112    4.84e-03  (ETA 32s)
    16       7s     1m43s    0.5343   0.7344   0.7237     0.7245    0.8126   0.7168    4.84e-03  (ETA 25s)
    17       6s     1m50s    0.5412   0.7272   0.7308     0.7309    0.8197   0.7308    4.84e-03  (ETA 19s)
    18       6s     1m56s    0.5316   0.7303   0.7344     0.7351    0.8160   0.7295    4.84e-03  (ETA 12s)
    19       6s     2m03s    0.5461   0.7201   0.7380     0.7386    0.8134   0.7341    4.84e-03  (ETA 6s)
    20       6s     2m09s    0.5330   0.7305   0.7433     0.7433    0.8207   0.7433    4.84e-03  (done)
─────────────────────────────────────────────────────────────────────────────────────────────────────────
lp complete — 20 epochs | total: 2m09s | best epoch=20 val_acc=0.7433
─────────────────────────────────────────────────────────────────────────────────────────────────────────

>>> Stage 2: LoRA fine-tuning
  Parameters: 1,083,394 trainable / 70,273,026 total (1.54%)  |  LoRA: 1,081,344

─────────────────────────────────────────────────────────────────────────────────────────────────────────
  Stage: ft  |  lr=0.0001  |  max_epochs=200  |  grad_clip=2.0
 Epoch   EpTime   Elapsed    TrLoss    TrAcc    VaAcc   VaBalAcc   VaAUROC    VaF1w          LR
─────────────────────────────────────────────────────────────────────────────────────────────────────────
     1      15s       15s    0.6801   0.5689   0.5633     0.5629    0.5909   0.5614    6.50e-06  (ETA 50m31s)
     2      15s       30s    0.6735   0.5748   0.5419     0.5404    0.5940   0.5053    1.68e-05  (ETA 50m06s)
     3      15s       45s    0.6763   0.5711   0.5633     0.5624    0.6004   0.5500    3.31e-05  (ETA 49m55s)
     4      15s     1m00s    0.6655   0.5903   0.5597     0.5584    0.6138   0.5293    5.90e-05  (ETA 49m42s)
     5      15s     1m16s    0.6644   0.5920   0.5793     0.5799    0.6224   0.5750    1.00e-04  (ETA 49m29s)
     6      15s     1m31s    0.6582   0.6018   0.5615     0.5625    0.6311   0.5445    1.00e-04  (ETA 49m16s)
     7      15s     1m46s    0.6476   0.6175   0.5704     0.5712    0.6458   0.5621    1.00e-04  (ETA 49m04s)
     8      17s     2m04s    0.6364   0.6357   0.6114     0.6116    0.6564   0.6111    1.00e-04  (ETA 49m36s)
     9      27s     2m31s    0.6210   0.6451   0.6114     0.6115    0.6613   0.6113    1.00e-04  (ETA 53m35s)
    10      15s     2m46s    0.6141   0.6575   0.5918     0.5925    0.6612   0.5847    1.00e-04  (ETA 52m51s)
    11      15s     3m02s    0.6121   0.6675   0.6043     0.6055    0.6712   0.5824    1.00e-04  (ETA 52m09s)
    12      15s     3m17s    0.5879   0.6812   0.6275     0.6274    0.6762   0.6274    1.00e-04  (ETA 51m34s)
    13      15s     3m32s    0.5926   0.6792   0.6150     0.6146    0.6716   0.6132    1.00e-04  (ETA 50m59s)
    14      16s     3m49s    0.5642   0.7074   0.6096     0.6094    0.6807   0.6086    1.00e-04  (ETA 50m45s)
    15      15s     4m04s    0.5503   0.7182   0.6078     0.6070    0.6675   0.5981    1.00e-04  (ETA 50m20s)
    16      19s     4m24s    0.5383   0.7307   0.6096     0.6093    0.6669   0.6081    1.00e-04  (ETA 50m39s)
    17      15s     4m39s    0.5390   0.7227   0.6203     0.6204    0.6667   0.6203    1.00e-04  (ETA 50m08s)
    18      15s     4m55s    0.5120   0.7440   0.6203     0.6204    0.6689   0.6202    1.00e-04  (ETA 49m47s)
    19      15s     5m10s    0.5044   0.7470   0.6239     0.6244    0.6717   0.6204    5.00e-05  (ETA 49m21s)
    20      15s     5m26s    0.4760   0.7697   0.6328     0.6326    0.6751   0.6324    5.00e-05  (ETA 48m54s)
    21      16s     5m42s    0.4721   0.7730   0.6346     0.6345    0.6796   0.6345    5.00e-05  (ETA 48m37s)
    22      16s     5m58s    0.4618   0.7779   0.6239     0.6245    0.6778   0.6193    5.00e-05  (ETA 48m22s)
    23      15s     6m13s    0.4593   0.7801   0.6292     0.6296    0.6762   0.6277    5.00e-05  (ETA 47m57s)
    24      15s     6m29s    0.4521   0.7838   0.6364     0.6364    0.6760   0.6363    5.00e-05  (ETA 47m37s)
    25      16s     6m46s    0.4490   0.7873   0.6310     0.6315    0.6795   0.6284    5.00e-05  (ETA 47m22s)
    26      15s     7m01s    0.4291   0.7979   0.6328     0.6331    0.6728   0.6317    5.00e-05  (ETA 46m59s)
    27      15s     7m16s    0.4300   0.7991   0.6185     0.6194    0.6733   0.6084    5.00e-05  (ETA 46m36s)
    28      15s     7m31s    0.4244   0.7983   0.6488     0.6487    0.6818   0.6485    5.00e-05  (ETA 46m14s)
    29      15s     7m47s    0.4047   0.8092   0.6275     0.6275    0.6804   0.6274    5.00e-05  (ETA 45m54s)
    30      15s     8m02s    0.4042   0.8098   0.6239     0.6234    0.6820   0.6200    5.00e-05  (ETA 45m33s)
    31      15s     8m17s    0.4047   0.8081   0.6292     0.6292    0.6772   0.6292    5.00e-05  (ETA 45m12s)
    32      15s     8m32s    0.3906   0.8198   0.6310     0.6315    0.6817   0.6279    5.00e-05  (ETA 44m51s)
    33      15s     8m47s    0.3868   0.8216   0.6310     0.6310    0.6778   0.6310    5.00e-05  (ETA 44m31s)
    34      15s     9m03s    0.3811   0.8233   0.6221     0.6218    0.6830   0.6206    5.00e-05  (ETA 44m12s)
    35      15s     9m18s    0.3707   0.8306   0.6185     0.6182    0.6805   0.6173    2.50e-05  (ETA 43m54s)
    36      15s     9m34s    0.3578   0.8406   0.6221     0.6217    0.6809   0.6198    2.50e-05  (ETA 43m35s)
    37      15s     9m49s    0.3483   0.8441   0.6292     0.6294    0.6796   0.6289    2.50e-05  (ETA 43m15s)
    38      15s    10m04s    0.3494   0.8449   0.6346     0.6348    0.6841   0.6337    2.50e-05  (ETA 42m56s)
    39      15s    10m19s    0.3366   0.8559   0.6292     0.6290    0.6810   0.6283    2.50e-05  (ETA 42m37s)
Early stopping at epoch 39 (patience=10)
─────────────────────────────────────────────────────────────────────────────────────────────────────────
ft complete — 39 epochs | total: 10m19s | best epoch=28 val_acc=0.6488
─────────────────────────────────────────────────────────────────────────────────────────────────────────
LoRA adapter saved → /home/apasinato/jade-mscthesis/outputs/ft_checkpoints/ft_thu-ep_binary_w10s10_pool_last_r16_nomixup_fold_2/lora_adapter
Head weights saved → /home/apasinato/jade-mscthesis/outputs/ft_checkpoints/ft_thu-ep_binary_w10s10_pool_last_r16_nomixup_fold_2/head_weights.pt

#########################################################################################################
  Fold 3/10  |  thu-ep  |  task=binary  |  pooling=last  |  LoRA r=16  |  device=cuda
  train: 71 subjects  |  val: 8 subjects
#########################################################################################################
Building datasets ...  done in 21s  (train=5,091  val=576)

>>> Stage 1: LP warmup  |  trainable params: 2,050

─────────────────────────────────────────────────────────────────────────────────────────────────────────
  Stage: lp  |  lr=0.005  |  max_epochs=20  |  grad_clip=2.0
 Epoch   EpTime   Elapsed    TrLoss    TrAcc    VaAcc   VaBalAcc   VaAUROC    VaF1w          LR
─────────────────────────────────────────────────────────────────────────────────────────────────────────
     1       6s        6s    0.7048   0.4911   0.5382     0.5382    0.5633   0.5006    6.19e-04  (ETA 2m05s)
     2       6s       13s    0.6914   0.5292   0.5035     0.5035    0.6755   0.3440    1.97e-03  (ETA 1m57s)
     3       8s       21s    0.6812   0.5614   0.5885     0.5885    0.7086   0.5365    4.84e-03  (ETA 2m03s)
     4       6s       28s    0.6452   0.6246   0.6094     0.6094    0.7609   0.5697    4.84e-03  (ETA 1m52s)
     5       6s       34s    0.6091   0.6598   0.6684     0.6684    0.7560   0.6591    4.84e-03  (ETA 1m43s)
     6       6s       41s    0.6096   0.6623   0.6927     0.6927    0.7592   0.6862    4.84e-03  (ETA 1m35s)
     7       6s       47s    0.5780   0.6902   0.6788     0.6788    0.7554   0.6727    4.84e-03  (ETA 1m28s)
     8       7s       55s    0.5843   0.6822   0.6892     0.6892    0.7477   0.6872    4.84e-03  (ETA 1m22s)
     9       6s     1m01s    0.5780   0.6893   0.6858     0.6858    0.7549   0.6784    4.84e-03  (ETA 1m15s)
    10       6s     1m08s    0.5683   0.7010   0.6944     0.6944    0.7563   0.6939    4.84e-03  (ETA 1m08s)
    11       6s     1m15s    0.5743   0.6946   0.6944     0.6944    0.7589   0.6923    4.84e-03  (ETA 1m01s)
    12       6s     1m21s    0.5639   0.7077   0.6944     0.6944    0.7502   0.6936    4.84e-03  (ETA 54s)
    13       6s     1m27s    0.5640   0.7083   0.6823     0.6823    0.7568   0.6765    4.84e-03  (ETA 47s)
    14       6s     1m34s    0.5576   0.7081   0.7014     0.7014    0.7562   0.7006    4.84e-03  (ETA 40s)
    15       6s     1m40s    0.5590   0.7044   0.7049     0.7049    0.7612   0.7043    4.84e-03  (ETA 33s)
    16       6s     1m47s    0.5618   0.7126   0.6979     0.6979    0.7557   0.6971    4.84e-03  (ETA 26s)
    17       6s     1m53s    0.5520   0.7105   0.7083     0.7083    0.7616   0.7072    4.84e-03  (ETA 20s)
    18       6s     2m00s    0.5476   0.7199   0.6927     0.6927    0.7571   0.6927    4.84e-03  (ETA 13s)
    19       7s     2m07s    0.5463   0.7171   0.7014     0.7014    0.7597   0.7010    4.84e-03  (ETA 6s)
    20       7s     2m14s    0.5586   0.7028   0.6997     0.6997    0.7591   0.6989    4.84e-03  (done)
─────────────────────────────────────────────────────────────────────────────────────────────────────────
lp complete — 20 epochs | total: 2m14s | best epoch=17 val_acc=0.7083
─────────────────────────────────────────────────────────────────────────────────────────────────────────

>>> Stage 2: LoRA fine-tuning
  Parameters: 1,083,394 trainable / 70,273,026 total (1.54%)  |  LoRA: 1,081,344

─────────────────────────────────────────────────────────────────────────────────────────────────────────
  Stage: ft  |  lr=0.0001  |  max_epochs=200  |  grad_clip=2.0
 Epoch   EpTime   Elapsed    TrLoss    TrAcc    VaAcc   VaBalAcc   VaAUROC    VaF1w          LR
─────────────────────────────────────────────────────────────────────────────────────────────────────────
     1      15s       15s    0.7310   0.5223   0.5156     0.5156    0.5243   0.5156    6.40e-06  (ETA 50m40s)
     2      15s       30s    0.7056   0.5419   0.5417     0.5417    0.5288   0.5402    1.66e-05  (ETA 50m18s)
     3      15s       45s    0.7031   0.5425   0.5295     0.5295    0.5377   0.5242    3.29e-05  (ETA 49m57s)
     4      15s     1m00s    0.6937   0.5468   0.5191     0.5191    0.5551   0.4894    5.86e-05  (ETA 49m41s)
     5      16s     1m17s    0.6923   0.5498   0.5312     0.5312    0.5630   0.4780    9.94e-05  (ETA 50m16s)
     6      15s     1m32s    0.6719   0.5871   0.5747     0.5747    0.5802   0.5681    9.94e-05  (ETA 49m52s)
     7      15s     1m47s    0.6641   0.5954   0.5174     0.5174    0.5962   0.4466    9.94e-05  (ETA 49m29s)
     8      15s     2m02s    0.6616   0.6009   0.5174     0.5174    0.6024   0.4160    9.94e-05  (ETA 49m08s)
     9      15s     2m18s    0.6586   0.5958   0.5590     0.5590    0.6135   0.5338    9.94e-05  (ETA 48m50s)
    10      15s     2m33s    0.6351   0.6411   0.6042     0.6042    0.6163   0.6040    9.94e-05  (ETA 48m33s)
    11      15s     2m48s    0.6384   0.6290   0.6076     0.6076    0.6205   0.6047    9.94e-05  (ETA 48m16s)
    12      15s     3m03s    0.6254   0.6455   0.5590     0.5590    0.6207   0.5147    9.94e-05  (ETA 47m59s)
    13      15s     3m19s    0.6192   0.6498   0.6146     0.6146    0.6387   0.6031    9.94e-05  (ETA 47m43s)
    14      15s     3m34s    0.6070   0.6608   0.5955     0.5955    0.6437   0.5768    9.94e-05  (ETA 47m31s)
    15      15s     3m49s    0.6146   0.6596   0.6406     0.6406    0.6487   0.6371    9.94e-05  (ETA 47m15s)
    16      15s     4m05s    0.5816   0.6902   0.6181     0.6181    0.6621   0.6156    9.94e-05  (ETA 46m58s)
    17      15s     4m20s    0.5745   0.6908   0.5938     0.5938    0.6690   0.5519    9.94e-05  (ETA 46m41s)
    18      15s     4m35s    0.5649   0.7012   0.6233     0.6233    0.6673   0.6203    9.94e-05  (ETA 46m24s)
    19      15s     4m50s    0.5487   0.7144   0.6233     0.6233    0.6654   0.6215    9.94e-05  (ETA 46m08s)
    20      15s     5m05s    0.5468   0.7150   0.6441     0.6441    0.6769   0.6425    9.94e-05  (ETA 45m53s)
    21      15s     5m21s    0.5602   0.7042   0.6319     0.6319    0.6660   0.6309    9.94e-05  (ETA 45m36s)
    22      15s     5m36s    0.5317   0.7260   0.6372     0.6372    0.6811   0.6367    9.94e-05  (ETA 45m20s)
    23      15s     5m51s    0.5264   0.7297   0.6267     0.6267    0.6761   0.6057    9.94e-05  (ETA 45m06s)
    24      15s     6m06s    0.5278   0.7321   0.6354     0.6354    0.6816   0.6317    9.94e-05  (ETA 44m51s)
    25      15s     6m22s    0.5111   0.7464   0.6458     0.6458    0.6833   0.6455    9.94e-05  (ETA 44m35s)
    26      15s     6m37s    0.4861   0.7590   0.6007     0.6007    0.6728   0.5844    9.94e-05  (ETA 44m19s)
    27      15s     6m52s    0.5078   0.7476   0.6267     0.6267    0.6792   0.6213    9.94e-05  (ETA 44m03s)
    28      15s     7m08s    0.4887   0.7598   0.6406     0.6406    0.6804   0.6403    9.94e-05  (ETA 43m51s)
    29      15s     7m23s    0.4762   0.7704   0.6215     0.6215    0.6836   0.6195    9.94e-05  (ETA 43m35s)
    30      15s     7m38s    0.4627   0.7753   0.6389     0.6389    0.6911   0.6382    9.94e-05  (ETA 43m19s)
    31      15s     7m54s    0.4420   0.7926   0.6528     0.6528    0.6913   0.6527    9.94e-05  (ETA 43m04s)
    32      15s     8m09s    0.4370   0.7938   0.6389     0.6389    0.6920   0.6376    9.94e-05  (ETA 42m52s)
    33      15s     8m25s    0.4380   0.7886   0.6146     0.6146    0.6758   0.5989    9.94e-05  (ETA 42m37s)
    34      15s     8m40s    0.4495   0.7885   0.6319     0.6319    0.6830   0.6298    9.94e-05  (ETA 42m21s)
    35      15s     8m55s    0.4268   0.8006   0.6354     0.6354    0.6792   0.6349    9.94e-05  (ETA 42m05s)
    36      15s     9m10s    0.4044   0.8163   0.6198     0.6198    0.6839   0.6113    9.94e-05  (ETA 41m49s)
    37      15s     9m26s    0.3900   0.8250   0.6441     0.6441    0.6923   0.6436    9.94e-05  (ETA 41m37s)
    38      15s     9m42s    0.3710   0.8307   0.6406     0.6406    0.6906   0.6399    4.97e-05  (ETA 41m22s)
    39      15s     9m57s    0.3417   0.8499   0.6424     0.6424    0.6904   0.6423    4.97e-05  (ETA 41m06s)
    40      15s    10m12s    0.3308   0.8543   0.6424     0.6424    0.6964   0.6413    4.97e-05  (ETA 40m50s)
    41      15s    10m27s    0.3243   0.8533   0.6424     0.6424    0.6914   0.6421    4.97e-05  (ETA 40m34s)
    42      15s    10m42s    0.3126   0.8629   0.6493     0.6493    0.6913   0.6489    4.97e-05  (ETA 40m18s)
Early stopping at epoch 42 (patience=10)
─────────────────────────────────────────────────────────────────────────────────────────────────────────
ft complete — 42 epochs | total: 10m42s | best epoch=31 val_acc=0.6528
─────────────────────────────────────────────────────────────────────────────────────────────────────────
LoRA adapter saved → /home/apasinato/jade-mscthesis/outputs/ft_checkpoints/ft_thu-ep_binary_w10s10_pool_last_r16_nomixup_fold_3/lora_adapter
Head weights saved → /home/apasinato/jade-mscthesis/outputs/ft_checkpoints/ft_thu-ep_binary_w10s10_pool_last_r16_nomixup_fold_3/head_weights.pt

#########################################################################################################
  Fold 4/10  |  thu-ep  |  task=binary  |  pooling=last  |  LoRA r=16  |  device=cuda
  train: 71 subjects  |  val: 8 subjects
#########################################################################################################
Building datasets ...  done in 15s  (train=5,091  val=576)

>>> Stage 1: LP warmup  |  trainable params: 2,050

─────────────────────────────────────────────────────────────────────────────────────────────────────────
  Stage: lp  |  lr=0.005  |  max_epochs=20  |  grad_clip=2.0
 Epoch   EpTime   Elapsed    TrLoss    TrAcc    VaAcc   VaBalAcc   VaAUROC    VaF1w          LR
─────────────────────────────────────────────────────────────────────────────────────────────────────────
     1       6s        6s    0.7820   0.5087   0.5017     0.5017    0.6261   0.3372    6.07e-04  (ETA 2m07s)
     2       6s       13s    0.6806   0.5716   0.6319     0.6319    0.7730   0.5870    1.95e-03  (ETA 1m58s)
     3       6s       19s    0.6250   0.6747   0.6736     0.6736    0.8082   0.6478    4.84e-03  (ETA 1m50s)
     4       6s       26s    0.5901   0.6920   0.7483     0.7483    0.8312   0.7470    4.84e-03  (ETA 1m44s)
     5       6s       32s    0.5532   0.7097   0.7309     0.7309    0.8389   0.7260    4.84e-03  (ETA 1m37s)
     6       7s       39s    0.5422   0.7270   0.7483     0.7483    0.8354   0.7482    4.84e-03  (ETA 1m33s)
     7       6s       46s    0.5290   0.7376   0.7413     0.7413    0.8452   0.7391    4.84e-03  (ETA 1m26s)
     8       6s       52s    0.5489   0.7209   0.6806     0.6806    0.8480   0.6546    4.84e-03  (ETA 1m19s)
     9       6s       59s    0.5427   0.7272   0.7535     0.7535    0.8466   0.7531    4.84e-03  (ETA 1m12s)
    10       6s     1m05s    0.5096   0.7460   0.7604     0.7604    0.8493   0.7557    4.84e-03  (ETA 1m05s)
    11       6s     1m12s    0.5140   0.7476   0.7587     0.7587    0.8503   0.7554    4.84e-03  (ETA 59s)
    12       6s     1m18s    0.5067   0.7529   0.7396     0.7396    0.8468   0.7379    4.84e-03  (ETA 52s)
    13       6s     1m25s    0.5093   0.7480   0.7396     0.7396    0.8481   0.7354    4.84e-03  (ETA 45s)
    14       6s     1m31s    0.4979   0.7545   0.7552     0.7552    0.8464   0.7537    4.84e-03  (ETA 39s)
    15       6s     1m37s    0.5060   0.7505   0.7517     0.7517    0.8402   0.7503    4.84e-03  (ETA 32s)
    16       6s     1m44s    0.5056   0.7498   0.7587     0.7587    0.8377   0.7577    4.84e-03  (ETA 26s)
    17       9s     1m54s    0.5004   0.7527   0.7639     0.7639    0.8300   0.7637    4.84e-03  (ETA 20s)
    18       6s     2m00s    0.4993   0.7527   0.7639     0.7639    0.8320   0.7634    4.84e-03  (ETA 13s)
    19       6s     2m07s    0.5027   0.7560   0.7500     0.7500    0.8319   0.7458    4.84e-03  (ETA 6s)
    20       6s     2m13s    0.4968   0.7578   0.7587     0.7587    0.8230   0.7565    4.84e-03  (done)
─────────────────────────────────────────────────────────────────────────────────────────────────────────
lp complete — 20 epochs | total: 2m13s | best epoch=17 val_acc=0.7639
─────────────────────────────────────────────────────────────────────────────────────────────────────────

>>> Stage 2: LoRA fine-tuning
  Parameters: 1,083,394 trainable / 70,273,026 total (1.54%)  |  LoRA: 1,081,344

─────────────────────────────────────────────────────────────────────────────────────────────────────────
  Stage: ft  |  lr=0.0001  |  max_epochs=200  |  grad_clip=2.0
 Epoch   EpTime   Elapsed    TrLoss    TrAcc    VaAcc   VaBalAcc   VaAUROC    VaF1w          LR
─────────────────────────────────────────────────────────────────────────────────────────────────────────
     1      15s       15s    0.8584   0.5038   0.4740     0.4740    0.4932   0.4718    6.30e-06  (ETA 50m30s)
     2      15s       30s    0.7125   0.5250   0.4931     0.4931    0.5051   0.4708    1.65e-05  (ETA 50m15s)
     3      15s       45s    0.7042   0.5286   0.5104     0.5104    0.5183   0.4866    3.26e-05  (ETA 50m17s)
     4      15s     1m01s    0.6991   0.5404   0.5139     0.5139    0.5296   0.5129    5.82e-05  (ETA 50m08s)
     5      15s     1m16s    0.6946   0.5423   0.5122     0.5122    0.5491   0.4044    9.87e-05  (ETA 49m45s)
     6      15s     1m31s    0.6956   0.5417   0.5451     0.5451    0.5689   0.5148    9.87e-05  (ETA 49m30s)
     7      15s     1m47s    0.6844   0.5712   0.5312     0.5312    0.5829   0.4512    9.87e-05  (ETA 49m11s)
     8      15s     2m02s    0.6748   0.5820   0.5712     0.5712    0.6003   0.5527    9.87e-05  (ETA 48m56s)
     9      15s     2m17s    0.6639   0.5989   0.5938     0.5938    0.6304   0.5560    9.87e-05  (ETA 48m41s)
    10      15s     2m32s    0.6497   0.6083   0.5816     0.5816    0.6406   0.5516    9.87e-05  (ETA 48m23s)
    11      15s     2m48s    0.6473   0.6258   0.5781     0.5781    0.6506   0.5363    9.87e-05  (ETA 48m07s)
    12      15s     3m03s    0.6374   0.6352   0.6007     0.6007    0.6509   0.5951    9.87e-05  (ETA 47m54s)
    13      15s     3m18s    0.6461   0.6242   0.6111     0.6111    0.6573   0.6090    9.87e-05  (ETA 47m40s)
    14      15s     3m34s    0.6123   0.6576   0.6198     0.6198    0.6576   0.6143    9.87e-05  (ETA 47m24s)
    15      15s     3m49s    0.5955   0.6733   0.5920     0.5920    0.6592   0.5526    9.87e-05  (ETA 47m08s)
    16      15s     4m04s    0.5809   0.6920   0.5955     0.5955    0.6579   0.5827    9.87e-05  (ETA 46m57s)
    17      15s     4m20s    0.5857   0.6871   0.6128     0.6128    0.6669   0.6123    9.87e-05  (ETA 46m40s)
    18      15s     4m35s    0.5591   0.7052   0.6094     0.6094    0.6565   0.6052    9.87e-05  (ETA 46m23s)
    19      15s     4m50s    0.5657   0.7101   0.6076     0.6076    0.6576   0.6071    9.87e-05  (ETA 46m06s)
    20      15s     5m05s    0.5474   0.7205   0.6146     0.6146    0.6637   0.6140    9.87e-05  (ETA 45m50s)
    21      16s     5m21s    0.5462   0.7175   0.6285     0.6285    0.6637   0.6279    9.87e-05  (ETA 45m43s)
    22      15s     5m36s    0.5343   0.7238   0.6007     0.6007    0.6614   0.6005    9.87e-05  (ETA 45m26s)
    23      15s     5m52s    0.5241   0.7352   0.6076     0.6076    0.6582   0.5999    9.87e-05  (ETA 45m10s)
    24      15s     6m07s    0.5104   0.7448   0.5920     0.5920    0.6502   0.5917    9.87e-05  (ETA 44m53s)
    25      15s     6m22s    0.4960   0.7578   0.6111     0.6111    0.6592   0.6053    9.87e-05  (ETA 44m40s)
    26      15s     6m38s    0.4861   0.7659   0.6146     0.6146    0.6542   0.6106    9.87e-05  (ETA 44m24s)
    27      15s     6m53s    0.4807   0.7700   0.5972     0.5972    0.6520   0.5783    9.87e-05  (ETA 44m08s)
    28      15s     7m08s    0.4732   0.7720   0.6111     0.6111    0.6648   0.6077    4.94e-05  (ETA 43m52s)
    29      15s     7m23s    0.4353   0.7967   0.6076     0.6076    0.6519   0.6070    4.94e-05  (ETA 43m36s)
    30      16s     7m40s    0.4272   0.8051   0.6059     0.6059    0.6576   0.6056    4.94e-05  (ETA 43m29s)
    31      22s     8m02s    0.4279   0.8036   0.6198     0.6198    0.6572   0.6165    4.94e-05  (ETA 43m52s)
    32      15s     8m18s    0.4248   0.8002   0.6111     0.6111    0.6575   0.6105    4.94e-05  (ETA 43m37s)
Early stopping at epoch 32 (patience=10)
─────────────────────────────────────────────────────────────────────────────────────────────────────────
ft complete — 32 epochs | total: 8m18s | best epoch=21 val_acc=0.6285
─────────────────────────────────────────────────────────────────────────────────────────────────────────
LoRA adapter saved → /home/apasinato/jade-mscthesis/outputs/ft_checkpoints/ft_thu-ep_binary_w10s10_pool_last_r16_nomixup_fold_4/lora_adapter
Head weights saved → /home/apasinato/jade-mscthesis/outputs/ft_checkpoints/ft_thu-ep_binary_w10s10_pool_last_r16_nomixup_fold_4/head_weights.pt

#########################################################################################################
  Fold 5/10  |  thu-ep  |  task=binary  |  pooling=last  |  LoRA r=16  |  device=cuda
  train: 71 subjects  |  val: 8 subjects
#########################################################################################################
Building datasets ...  done in 15s  (train=5,091  val=576)

>>> Stage 1: LP warmup  |  trainable params: 2,050

─────────────────────────────────────────────────────────────────────────────────────────────────────────
  Stage: lp  |  lr=0.005  |  max_epochs=20  |  grad_clip=2.0
 Epoch   EpTime   Elapsed    TrLoss    TrAcc    VaAcc   VaBalAcc   VaAUROC    VaF1w          LR
─────────────────────────────────────────────────────────────────────────────────────────────────────────
     1       6s        6s    0.7225   0.5213   0.5799     0.5799    0.6101   0.5475    6.07e-04  (ETA 2m04s)
     2       6s       12s    0.6722   0.5893   0.5833     0.5833    0.6510   0.5719    1.95e-03  (ETA 1m56s)
     3       6s       19s    0.6542   0.6097   0.6389     0.6389    0.7019   0.6341    4.84e-03  (ETA 1m49s)
     4       7s       27s    0.6254   0.6451   0.6875     0.6875    0.7534   0.6849    4.84e-03  (ETA 1m49s)
     5       6s       34s    0.6114   0.6594   0.5729     0.5729    0.7737   0.4919    4.84e-03  (ETA 1m42s)
     6       6s       40s    0.5990   0.6759   0.7049     0.7049    0.7789   0.6988    4.84e-03  (ETA 1m34s)
     7       6s       47s    0.5775   0.6922   0.6667     0.6667    0.7825   0.6575    4.84e-03  (ETA 1m27s)
     8       6s       53s    0.5670   0.7044   0.7066     0.7066    0.7844   0.7057    4.84e-03  (ETA 1m20s)
     9       6s       59s    0.5705   0.6967   0.7031     0.7031    0.7854   0.7031    4.84e-03  (ETA 1m13s)
    10       6s     1m06s    0.5621   0.7105   0.7257     0.7257    0.7872   0.7233    4.84e-03  (ETA 1m06s)
    11       6s     1m12s    0.5493   0.7179   0.7031     0.7031    0.7891   0.6980    4.84e-03  (ETA 59s)
    12       6s     1m19s    0.5581   0.7136   0.7066     0.7066    0.7899   0.7050    4.84e-03  (ETA 52s)
    13       6s     1m25s    0.5460   0.7152   0.7274     0.7274    0.7905   0.7269    4.84e-03  (ETA 46s)
    14       6s     1m32s    0.5454   0.7254   0.6840     0.6840    0.7903   0.6671    4.84e-03  (ETA 39s)
    15       6s     1m38s    0.5444   0.7238   0.6823     0.6823    0.7917   0.6771    4.84e-03  (ETA 32s)
    16       6s     1m45s    0.5453   0.7207   0.7118     0.7118    0.7962   0.7084    4.84e-03  (ETA 26s)
    17       6s     1m51s    0.5362   0.7264   0.6927     0.6927    0.7966   0.6882    4.84e-03  (ETA 19s)
    18       6s     1m58s    0.5432   0.7201   0.7205     0.7205    0.7973   0.7143    4.84e-03  (ETA 13s)
    19       6s     2m04s    0.5396   0.7252   0.7222     0.7222    0.7978   0.7220    4.84e-03  (ETA 6s)
    20       6s     2m11s    0.5298   0.7303   0.7205     0.7205    0.7963   0.7204    2.42e-03  (done)
─────────────────────────────────────────────────────────────────────────────────────────────────────────
lp complete — 20 epochs | total: 2m11s | best epoch=13 val_acc=0.7274
─────────────────────────────────────────────────────────────────────────────────────────────────────────

>>> Stage 2: LoRA fine-tuning
  Parameters: 1,083,394 trainable / 70,273,026 total (1.54%)  |  LoRA: 1,081,344

─────────────────────────────────────────────────────────────────────────────────────────────────────────
  Stage: ft  |  lr=0.0001  |  max_epochs=200  |  grad_clip=2.0
 Epoch   EpTime   Elapsed    TrLoss    TrAcc    VaAcc   VaBalAcc   VaAUROC    VaF1w          LR
─────────────────────────────────────────────────────────────────────────────────────────────────────────
     1      15s       15s    0.8150   0.5066   0.5122     0.5122    0.5007   0.5066    6.20e-06  (ETA 50m37s)
     2      15s       30s    0.7224   0.5239   0.5122     0.5122    0.5104   0.5051    1.63e-05  (ETA 50m15s)
     3      15s       46s    0.7149   0.5266   0.5156     0.5156    0.5366   0.5150    3.24e-05  (ETA 50m25s)
     4      15s     1m01s    0.7047   0.5321   0.5486     0.5486    0.5660   0.5474    5.78e-05  (ETA 50m35s)
     5      15s     1m17s    0.6901   0.5510   0.5035     0.5035    0.5888   0.4012    9.81e-05  (ETA 50m10s)
     6      15s     1m32s    0.6953   0.5555   0.5868     0.5868    0.6056   0.5813    9.81e-05  (ETA 49m49s)
     7      15s     1m47s    0.6674   0.5924   0.5799     0.5799    0.6201   0.5716    9.81e-05  (ETA 49m28s)
     8      15s     2m03s    0.6623   0.5989   0.5903     0.5903    0.6272   0.5826    9.81e-05  (ETA 49m17s)
     9      15s     2m18s    0.6523   0.6180   0.6007     0.6007    0.6390   0.5936    9.81e-05  (ETA 49m05s)
    10      15s     2m34s    0.6491   0.6205   0.6094     0.6094    0.6414   0.6070    9.81e-05  (ETA 48m48s)
    11      15s     2m49s    0.6266   0.6431   0.6024     0.6024    0.6444   0.5985    9.81e-05  (ETA 48m30s)
    12      15s     3m04s    0.6132   0.6686   0.5990     0.5990    0.6524   0.5887    9.81e-05  (ETA 48m12s)
    13      15s     3m20s    0.6264   0.6486   0.6215     0.6215    0.6582   0.6195    9.81e-05  (ETA 47m59s)
    14      15s     3m35s    0.6112   0.6604   0.6059     0.6059    0.6579   0.6005    9.81e-05  (ETA 47m47s)
    15      15s     3m51s    0.5866   0.6849   0.5972     0.5972    0.6653   0.5825    9.81e-05  (ETA 47m29s)
    16      15s     4m06s    0.5822   0.6924   0.5920     0.5920    0.6401   0.5893    9.81e-05  (ETA 47m12s)
    17      15s     4m21s    0.5656   0.7081   0.6094     0.6094    0.6673   0.6033    9.81e-05  (ETA 46m55s)
    18      15s     4m37s    0.5649   0.7075   0.5972     0.5972    0.6593   0.5972    9.81e-05  (ETA 46m40s)
    19      15s     4m52s    0.5593   0.7069   0.6163     0.6163    0.6576   0.6157    9.81e-05  (ETA 46m24s)
    20      15s     5m07s    0.5332   0.7278   0.6076     0.6076    0.6631   0.6074    4.90e-05  (ETA 46m07s)
    21      15s     5m22s    0.5118   0.7433   0.6181     0.6181    0.6580   0.6109    4.90e-05  (ETA 45m51s)
    22      15s     5m38s    0.5094   0.7478   0.5955     0.5955    0.6683   0.5851    4.90e-05  (ETA 45m35s)
    23      15s     5m53s    0.4966   0.7588   0.6128     0.6128    0.6723   0.6127    4.90e-05  (ETA 45m18s)
    24      15s     6m08s    0.4947   0.7625   0.6024     0.6024    0.6567   0.5763    4.90e-05  (ETA 45m02s)
Early stopping at epoch 24 (patience=10)
─────────────────────────────────────────────────────────────────────────────────────────────────────────
ft complete — 24 epochs | total: 6m08s | best epoch=13 val_acc=0.6215
─────────────────────────────────────────────────────────────────────────────────────────────────────────
LoRA adapter saved → /home/apasinato/jade-mscthesis/outputs/ft_checkpoints/ft_thu-ep_binary_w10s10_pool_last_r16_nomixup_fold_5/lora_adapter
Head weights saved → /home/apasinato/jade-mscthesis/outputs/ft_checkpoints/ft_thu-ep_binary_w10s10_pool_last_r16_nomixup_fold_5/head_weights.pt

#########################################################################################################
  Fold 6/10  |  thu-ep  |  task=binary  |  pooling=last  |  LoRA r=16  |  device=cuda
  train: 71 subjects  |  val: 8 subjects
#########################################################################################################
Building datasets ...  done in 13s  (train=5,097  val=570)

>>> Stage 1: LP warmup  |  trainable params: 2,050

─────────────────────────────────────────────────────────────────────────────────────────────────────────
  Stage: lp  |  lr=0.005  |  max_epochs=20  |  grad_clip=2.0
 Epoch   EpTime   Elapsed    TrLoss    TrAcc    VaAcc   VaBalAcc   VaAUROC    VaF1w          LR
─────────────────────────────────────────────────────────────────────────────────────────────────────────
     1       6s        6s    0.7110   0.4968   0.5123     0.5071    0.4698   0.3576    6.07e-04  (ETA 2m08s)
     2       6s       13s    0.6974   0.4979   0.5053     0.5000    0.5513   0.3392    1.95e-03  (ETA 1m59s)
     3       6s       19s    0.6934   0.5248   0.5123     0.5167    0.5620   0.4109    4.84e-03  (ETA 1m52s)
     4       6s       26s    0.6840   0.5562   0.5053     0.5000    0.5710   0.3392    4.84e-03  (ETA 1m45s)
     5       8s       34s    0.6938   0.5448   0.5386     0.5389    0.5484   0.5383    4.84e-03  (ETA 1m43s)
     6       6s       41s    0.6708   0.5894   0.5404     0.5364    0.5683   0.4638    4.84e-03  (ETA 1m36s)
     7       6s       47s    0.6716   0.5884   0.5421     0.5445    0.5637   0.5162    4.84e-03  (ETA 1m29s)
     8       6s       54s    0.6793   0.5680   0.5702     0.5717    0.5813   0.5611    4.84e-03  (ETA 1m21s)
     9       6s     1m00s    0.6569   0.6090   0.5772     0.5789    0.5962   0.5659    4.84e-03  (ETA 1m14s)
    10       6s     1m07s    0.6547   0.6088   0.5667     0.5659    0.6092   0.5643    4.84e-03  (ETA 1m07s)
    11       6s     1m13s    0.6680   0.5939   0.5596     0.5599    0.6080   0.5594    4.84e-03  (ETA 1m00s)
    12       6s     1m20s    0.6421   0.6270   0.5877     0.5900    0.6208   0.5680    4.84e-03  (ETA 53s)
    13       6s     1m26s    0.6431   0.6241   0.5947     0.5932    0.6340   0.5862    4.84e-03  (ETA 46s)
    14       6s     1m33s    0.6397   0.6296   0.5561     0.5533    0.6292   0.5221    4.84e-03  (ETA 40s)
    15       6s     1m39s    0.6402   0.6264   0.6088     0.6103    0.6454   0.6005    4.84e-03  (ETA 33s)
    16       6s     1m46s    0.6365   0.6319   0.5877     0.5861    0.6445   0.5776    4.84e-03  (ETA 26s)
    17       6s     1m53s    0.6324   0.6427   0.5947     0.5932    0.6600   0.5862    4.84e-03  (ETA 20s)
    18       6s     1m59s    0.6442   0.6233   0.6018     0.6036    0.6511   0.5886    4.84e-03  (ETA 13s)
    19       6s     2m06s    0.6246   0.6474   0.6263     0.6271    0.6680   0.6241    4.84e-03  (ETA 6s)
    20       6s     2m12s    0.6158   0.6624   0.6070     0.6058    0.6726   0.6018    4.84e-03  (done)
─────────────────────────────────────────────────────────────────────────────────────────────────────────
lp complete — 20 epochs | total: 2m12s | best epoch=19 val_acc=0.6263
─────────────────────────────────────────────────────────────────────────────────────────────────────────

>>> Stage 2: LoRA fine-tuning
  Parameters: 1,083,394 trainable / 70,273,026 total (1.54%)  |  LoRA: 1,081,344

─────────────────────────────────────────────────────────────────────────────────────────────────────────
  Stage: ft  |  lr=0.0001  |  max_epochs=200  |  grad_clip=2.0
 Epoch   EpTime   Elapsed    TrLoss    TrAcc    VaAcc   VaBalAcc   VaAUROC    VaF1w          LR
─────────────────────────────────────────────────────────────────────────────────────────────────────────
     1      15s       15s    0.8930   0.5140   0.4895     0.4934    0.5152   0.4097    6.40e-06  (ETA 50m43s)
     2      15s       30s    0.6984   0.5507   0.5053     0.5049    0.5111   0.5047    1.66e-05  (ETA 50m32s)
     3      17s       47s    0.6842   0.5566   0.5035     0.5048    0.5106   0.4959    3.29e-05  (ETA 52m20s)
     4      16s     1m04s    0.6801   0.5615   0.5158     0.5147    0.5284   0.5102    5.86e-05  (ETA 52m33s)
     5      15s     1m19s    0.6745   0.5688   0.5351     0.5351    0.5492   0.5351    9.94e-05  (ETA 51m48s)
     6      15s     1m35s    0.6676   0.5870   0.5509     0.5481    0.5703   0.5169    9.94e-05  (ETA 51m13s)
     7      16s     1m51s    0.6539   0.6072   0.5544     0.5525    0.5948   0.5399    9.94e-05  (ETA 51m16s)
     8      15s     2m07s    0.6429   0.6245   0.5702     0.5698    0.6131   0.5697    9.94e-05  (ETA 50m50s)
     9      15s     2m22s    0.6283   0.6372   0.5912     0.5898    0.6318   0.5838    9.94e-05  (ETA 50m24s)
    10      15s     2m37s    0.6268   0.6419   0.5982     0.5971    0.6393   0.5938    9.94e-05  (ETA 49m59s)
    11      15s     2m53s    0.6184   0.6419   0.5965     0.5982    0.6359   0.5860    9.94e-05  (ETA 49m34s)
    12      15s     3m09s    0.6056   0.6612   0.5982     0.5963    0.6620   0.5838    9.94e-05  (ETA 49m22s)
    13      15s     3m24s    0.6025   0.6686   0.6053     0.6051    0.6481   0.6052    9.94e-05  (ETA 49m01s)
    14      15s     3m39s    0.5872   0.6822   0.5930     0.5929    0.6453   0.5930    9.94e-05  (ETA 48m39s)
    15      15s     3m55s    0.5850   0.6888   0.5877     0.5882    0.6592   0.5869    9.94e-05  (ETA 48m18s)
    16      15s     4m10s    0.5894   0.6863   0.5649     0.5609    0.6789   0.4892    9.94e-05  (ETA 47m58s)
    17      15s     4m25s    0.5660   0.7028   0.6018     0.6039    0.6628   0.5840    9.94e-05  (ETA 47m39s)
    18      15s     4m41s    0.5483   0.7151   0.6246     0.6245    0.6817   0.6246    9.94e-05  (ETA 47m21s)
    19      15s     4m56s    0.5400   0.7171   0.6333     0.6339    0.6982   0.6323    9.94e-05  (ETA 47m03s)
    20      15s     5m11s    0.5485   0.7136   0.6246     0.6262    0.6793   0.6152    9.94e-05  (ETA 46m44s)
    21      15s     5m26s    0.5225   0.7332   0.6140     0.6135    0.6832   0.6132    9.94e-05  (ETA 46m26s)
    22      15s     5m42s    0.5190   0.7342   0.6316     0.6297    0.7061   0.6186    9.94e-05  (ETA 46m08s)
    23      15s     5m57s    0.5053   0.7485   0.6263     0.6271    0.6911   0.6245    9.94e-05  (ETA 45m51s)
    24      15s     6m12s    0.4926   0.7520   0.6544     0.6542    0.6932   0.6543    9.94e-05  (ETA 45m33s)
    25      15s     6m28s    0.4845   0.7585   0.6386     0.6399    0.6966   0.6332    9.94e-05  (ETA 45m16s)
    26      15s     6m43s    0.4705   0.7810   0.6456     0.6463    0.6977   0.6441    9.94e-05  (ETA 44m59s)
    27      15s     6m58s    0.4517   0.7834   0.6246     0.6254    0.6927   0.6222    9.94e-05  (ETA 44m42s)
    28      15s     7m13s    0.4374   0.7960   0.6263     0.6254    0.6865   0.6237    9.94e-05  (ETA 44m25s)
    29      15s     7m29s    0.4188   0.8007   0.6526     0.6515    0.7020   0.6486    9.94e-05  (ETA 44m08s)
    30      15s     7m44s    0.4304   0.7952   0.6421     0.6427    0.7017   0.6411    9.94e-05  (ETA 43m53s)
    31      15s     7m59s    0.4035   0.8120   0.5965     0.5986    0.6686   0.5800    4.97e-05  (ETA 43m36s)
    32      15s     8m15s    0.3811   0.8315   0.6386     0.6386    0.6929   0.6386    4.97e-05  (ETA 43m19s)
    33      15s     8m30s    0.3782   0.8264   0.6544     0.6538    0.7050   0.6534    4.97e-05  (ETA 43m02s)
    34      15s     8m45s    0.3574   0.8332   0.6596     0.6595    0.6953   0.6596    4.97e-05  (ETA 42m47s)
    35      15s     9m01s    0.3345   0.8540   0.6632     0.6625    0.6990   0.6619    4.97e-05  (ETA 42m31s)
    36      15s     9m16s    0.3436   0.8468   0.6421     0.6429    0.6924   0.6403    4.97e-05  (ETA 42m15s)
    37      15s     9m31s    0.3192   0.8629   0.6070     0.6088    0.6845   0.5953    4.97e-05  (ETA 41m58s)
    38      15s     9m47s    0.3073   0.8686   0.6439     0.6442    0.6966   0.6436    4.97e-05  (ETA 41m42s)
    39      15s    10m02s    0.3048   0.8693   0.6526     0.6530    0.6945   0.6523    4.97e-05  (ETA 41m26s)
    40      16s    10m18s    0.3093   0.8601   0.6439     0.6446    0.6925   0.6423    4.97e-05  (ETA 41m13s)
    41      15s    10m33s    0.2798   0.8780   0.6456     0.6460    0.6877   0.6451    4.97e-05  (ETA 40m57s)
    42      15s    10m49s    0.2793   0.8809   0.6632     0.6625    0.6956   0.6617    2.48e-05  (ETA 40m41s)
    43      15s    11m04s    0.2529   0.8962   0.6544     0.6547    0.6945   0.6542    2.48e-05  (ETA 40m25s)
    44      15s    11m19s    0.2465   0.8995   0.6316     0.6326    0.6909   0.6281    2.48e-05  (ETA 40m10s)
    45      15s    11m35s    0.2403   0.8984   0.6368     0.6379    0.6926   0.6336    2.48e-05  (ETA 39m55s)
    46      15s    11m50s    0.2341   0.9039   0.6456     0.6462    0.6898   0.6447    2.48e-05  (ETA 39m38s)
Early stopping at epoch 46 (patience=10)
─────────────────────────────────────────────────────────────────────────────────────────────────────────
ft complete — 46 epochs | total: 11m50s | best epoch=35 val_acc=0.6632
─────────────────────────────────────────────────────────────────────────────────────────────────────────
LoRA adapter saved → /home/apasinato/jade-mscthesis/outputs/ft_checkpoints/ft_thu-ep_binary_w10s10_pool_last_r16_nomixup_fold_6/lora_adapter
Head weights saved → /home/apasinato/jade-mscthesis/outputs/ft_checkpoints/ft_thu-ep_binary_w10s10_pool_last_r16_nomixup_fold_6/head_weights.pt

#########################################################################################################
  Fold 7/10  |  thu-ep  |  task=binary  |  pooling=last  |  LoRA r=16  |  device=cuda
  train: 71 subjects  |  val: 8 subjects
#########################################################################################################
Building datasets ...  done in 14s  (train=5,091  val=576)

>>> Stage 1: LP warmup  |  trainable params: 2,050

─────────────────────────────────────────────────────────────────────────────────────────────────────────
  Stage: lp  |  lr=0.005  |  max_epochs=20  |  grad_clip=2.0
 Epoch   EpTime   Elapsed    TrLoss    TrAcc    VaAcc   VaBalAcc   VaAUROC    VaF1w          LR
─────────────────────────────────────────────────────────────────────────────────────────────────────────
     1       6s        6s    0.6944   0.5133   0.5278     0.5278    0.6194   0.4182    6.19e-04  (ETA 2m05s)
     2       6s       13s    0.6848   0.5500   0.5469     0.5469    0.6606   0.4386    1.97e-03  (ETA 1m57s)
     3       6s       19s    0.6526   0.6199   0.6076     0.6076    0.6903   0.5739    4.89e-03  (ETA 1m53s)
     4       6s       26s    0.6213   0.6504   0.6389     0.6389    0.7516   0.6079    4.89e-03  (ETA 1m46s)
     5       6s       33s    0.5713   0.6948   0.6875     0.6875    0.7861   0.6873    4.89e-03  (ETA 1m39s)
     6       6s       39s    0.5603   0.7103   0.7066     0.7066    0.8030   0.7007    4.89e-03  (ETA 1m32s)
     7       6s       46s    0.5467   0.7162   0.7274     0.7274    0.8118   0.7211    4.89e-03  (ETA 1m25s)
     8       6s       52s    0.5125   0.7484   0.7066     0.7066    0.8209   0.7028    4.89e-03  (ETA 1m18s)
     9       6s       59s    0.4990   0.7560   0.7587     0.7587    0.8256   0.7559    4.89e-03  (ETA 1m12s)
    10       6s     1m05s    0.5109   0.7476   0.7500     0.7500    0.8310   0.7491    4.89e-03  (ETA 1m05s)
    11       6s     1m12s    0.4864   0.7723   0.7691     0.7691    0.8225   0.7665    4.89e-03  (ETA 58s)
    12       6s     1m18s    0.4769   0.7757   0.7535     0.7535    0.8312   0.7525    4.89e-03  (ETA 52s)
    13       6s     1m24s    0.4750   0.7714   0.7274     0.7274    0.8277   0.7267    4.89e-03  (ETA 45s)
    14       7s     1m31s    0.4798   0.7694   0.6771     0.6771    0.8257   0.6592    4.89e-03  (ETA 39s)
    15       6s     1m38s    0.4780   0.7619   0.7500     0.7500    0.8316   0.7500    4.89e-03  (ETA 32s)
    16       6s     1m45s    0.4653   0.7767   0.7326     0.7326    0.8295   0.7326    4.89e-03  (ETA 26s)
    17       6s     1m51s    0.4580   0.7839   0.7552     0.7552    0.8301   0.7551    4.89e-03  (ETA 19s)
    18       6s     1m58s    0.4519   0.7841   0.7101     0.7101    0.8332   0.7030    2.45e-03  (ETA 13s)
    19       6s     2m04s    0.4416   0.7869   0.7743     0.7743    0.8484   0.7743    2.45e-03  (ETA 6s)
    20       6s     2m11s    0.4294   0.8034   0.7812     0.7812    0.8521   0.7812    2.45e-03  (done)
─────────────────────────────────────────────────────────────────────────────────────────────────────────
lp complete — 20 epochs | total: 2m11s | best epoch=20 val_acc=0.7812
─────────────────────────────────────────────────────────────────────────────────────────────────────────

>>> Stage 2: LoRA fine-tuning
  Parameters: 1,083,394 trainable / 70,273,026 total (1.54%)  |  LoRA: 1,081,344

─────────────────────────────────────────────────────────────────────────────────────────────────────────
  Stage: ft  |  lr=0.0001  |  max_epochs=200  |  grad_clip=2.0
 Epoch   EpTime   Elapsed    TrLoss    TrAcc    VaAcc   VaBalAcc   VaAUROC    VaF1w          LR
─────────────────────────────────────────────────────────────────────────────────────────────────────────
     1      15s       15s    0.8208   0.5176   0.5226     0.5226    0.5283   0.5013    6.30e-06  (ETA 50m44s)
     2      15s       30s    0.7123   0.5472   0.5330     0.5330    0.5348   0.5114    1.65e-05  (ETA 50m35s)
     3      15s       45s    0.6982   0.5463   0.5243     0.5243    0.5432   0.5230    3.26e-05  (ETA 50m14s)
     4      15s     1m01s    0.6898   0.5543   0.5295     0.5295    0.5523   0.5039    5.82e-05  (ETA 49m52s)
     5      15s     1m16s    0.7018   0.5400   0.5208     0.5208    0.5606   0.4808    9.87e-05  (ETA 49m33s)
     6      15s     1m31s    0.6807   0.5626   0.5365     0.5365    0.5830   0.5023    9.87e-05  (ETA 49m27s)
     7      18s     1m50s    0.6582   0.6044   0.5503     0.5503    0.6043   0.5349    9.87e-05  (ETA 50m47s)
     8      17s     2m07s    0.6469   0.6136   0.5712     0.5712    0.6159   0.5521    9.87e-05  (ETA 51m07s)
     9      15s     2m23s    0.6371   0.6337   0.5885     0.5885    0.6188   0.5798    9.87e-05  (ETA 50m37s)
    10      15s     2m38s    0.6290   0.6433   0.5955     0.5955    0.6322   0.5892    9.87e-05  (ETA 50m10s)
    11      15s     2m53s    0.6261   0.6388   0.6059     0.6059    0.6273   0.6023    9.87e-05  (ETA 49m45s)
    12      15s     3m09s    0.6088   0.6665   0.5712     0.5712    0.6262   0.5616    9.87e-05  (ETA 49m22s)
    13      15s     3m24s    0.5888   0.6853   0.5903     0.5903    0.6362   0.5841    9.87e-05  (ETA 48m58s)
    14      15s     3m39s    0.5829   0.6891   0.5833     0.5833    0.6521   0.5771    9.87e-05  (ETA 48m36s)
    15      15s     3m54s    0.5616   0.7111   0.5990     0.5990    0.6312   0.5983    9.87e-05  (ETA 48m14s)
    16      15s     4m09s    0.5537   0.7040   0.5920     0.5920    0.6334   0.5861    9.87e-05  (ETA 47m54s)
    17      15s     4m25s    0.5468   0.7128   0.5990     0.5990    0.6452   0.5985    9.87e-05  (ETA 47m35s)
    18      15s     4m40s    0.5209   0.7372   0.5920     0.5920    0.6364   0.5914    4.94e-05  (ETA 47m18s)
    19      15s     4m55s    0.5036   0.7445   0.5972     0.5972    0.6533   0.5953    4.94e-05  (ETA 46m58s)
    20      15s     5m11s    0.4910   0.7531   0.5833     0.5833    0.6410   0.5817    4.94e-05  (ETA 46m39s)
    21      15s     5m26s    0.4838   0.7604   0.5816     0.5816    0.6381   0.5775    4.94e-05  (ETA 46m23s)
    22      15s     5m41s    0.4816   0.7676   0.5868     0.5868    0.6439   0.5866    4.94e-05  (ETA 46m06s)
Early stopping at epoch 22 (patience=10)
─────────────────────────────────────────────────────────────────────────────────────────────────────────
ft complete — 22 epochs | total: 5m41s | best epoch=11 val_acc=0.6059
─────────────────────────────────────────────────────────────────────────────────────────────────────────
LoRA adapter saved → /home/apasinato/jade-mscthesis/outputs/ft_checkpoints/ft_thu-ep_binary_w10s10_pool_last_r16_nomixup_fold_7/lora_adapter
Head weights saved → /home/apasinato/jade-mscthesis/outputs/ft_checkpoints/ft_thu-ep_binary_w10s10_pool_last_r16_nomixup_fold_7/head_weights.pt

#########################################################################################################
  Fold 8/10  |  thu-ep  |  task=binary  |  pooling=last  |  LoRA r=16  |  device=cuda
  train: 71 subjects  |  val: 8 subjects
#########################################################################################################
Building datasets ...  done in 15s  (train=5,091  val=576)

>>> Stage 1: LP warmup  |  trainable params: 2,050

─────────────────────────────────────────────────────────────────────────────────────────────────────────
  Stage: lp  |  lr=0.005  |  max_epochs=20  |  grad_clip=2.0
 Epoch   EpTime   Elapsed    TrLoss    TrAcc    VaAcc   VaBalAcc   VaAUROC    VaF1w          LR
─────────────────────────────────────────────────────────────────────────────────────────────────────────
     1       6s        6s    0.7279   0.5072   0.5035     0.5035    0.5659   0.3498    6.07e-04  (ETA 2m05s)
     2       6s       13s    0.7017   0.5003   0.5000     0.5000    0.6022   0.3333    1.95e-03  (ETA 1m57s)
     3       6s       19s    0.6966   0.5260   0.5000     0.5000    0.6317   0.3333    4.84e-03  (ETA 1m51s)
     4       6s       26s    0.7026   0.5239   0.5243     0.5243    0.6287   0.4182    4.84e-03  (ETA 1m44s)
     5       6s       33s    0.6852   0.5523   0.5712     0.5712    0.6248   0.5276    4.84e-03  (ETA 1m39s)
     6       9s       42s    0.6786   0.5747   0.6024     0.6024    0.6335   0.5944    4.84e-03  (ETA 1m39s)
     7       8s       51s    0.6857   0.5667   0.5278     0.5278    0.6364   0.4160    4.84e-03  (ETA 1m34s)
     8      10s     1m01s    0.6676   0.5916   0.5538     0.5538    0.6400   0.5190    4.84e-03  (ETA 1m32s)
     9       6s     1m08s    0.6609   0.6011   0.5469     0.5469    0.6375   0.5144    4.84e-03  (ETA 1m23s)
    10       6s     1m14s    0.6601   0.5942   0.5660     0.5660    0.6301   0.5519    4.84e-03  (ETA 1m14s)
    11       6s     1m21s    0.6620   0.5979   0.5903     0.5903    0.6347   0.5902    4.84e-03  (ETA 1m06s)
    12       6s     1m27s    0.6597   0.5940   0.5503     0.5503    0.6340   0.4606    4.84e-03  (ETA 58s)
    13       6s     1m34s    0.6576   0.6052   0.5972     0.5972    0.6286   0.5963    2.42e-03  (ETA 50s)
    14       6s     1m40s    0.6547   0.6095   0.5590     0.5590    0.6342   0.4837    2.42e-03  (ETA 43s)
    15       6s     1m47s    0.6526   0.6121   0.5920     0.5920    0.6378   0.5899    2.42e-03  (ETA 35s)
    16       6s     1m53s    0.6494   0.6158   0.5990     0.5990    0.6330   0.5982    2.42e-03  (ETA 28s)
    17       6s     2m00s    0.6535   0.6103   0.5521     0.5521    0.6350   0.5325    2.42e-03  (ETA 21s)
Early stopping at epoch 17 (patience=10)
─────────────────────────────────────────────────────────────────────────────────────────────────────────
lp complete — 17 epochs | total: 2m00s | best epoch=6 val_acc=0.6024
─────────────────────────────────────────────────────────────────────────────────────────────────────────

>>> Stage 2: LoRA fine-tuning
  Parameters: 1,083,394 trainable / 70,273,026 total (1.54%)  |  LoRA: 1,081,344

─────────────────────────────────────────────────────────────────────────────────────────────────────────
  Stage: ft  |  lr=0.0001  |  max_epochs=200  |  grad_clip=2.0
 Epoch   EpTime   Elapsed    TrLoss    TrAcc    VaAcc   VaBalAcc   VaAUROC    VaF1w          LR
─────────────────────────────────────────────────────────────────────────────────────────────────────────
     1      15s       15s    0.6856   0.5396   0.5382     0.5382    0.5642   0.5214    6.30e-06  (ETA 50m56s)
     2      15s       30s    0.6862   0.5370   0.5295     0.5295    0.5686   0.5283    1.65e-05  (ETA 50m22s)
     3      15s       45s    0.6863   0.5398   0.5764     0.5764    0.5773   0.5685    3.26e-05  (ETA 50m15s)
     4      15s     1m01s    0.6858   0.5488   0.5556     0.5556    0.5879   0.5542    5.82e-05  (ETA 49m53s)
     5      15s     1m16s    0.6794   0.5588   0.5260     0.5260    0.6036   0.4741    9.87e-05  (ETA 49m38s)
     6      15s     1m31s    0.6743   0.5753   0.5868     0.5868    0.6201   0.5576    9.87e-05  (ETA 49m25s)
     7      15s     1m46s    0.6680   0.5879   0.5573     0.5573    0.6315   0.5454    9.87e-05  (ETA 49m08s)
     8      15s     2m02s    0.6616   0.6062   0.5938     0.5938    0.6344   0.5789    9.87e-05  (ETA 48m55s)
     9      15s     2m17s    0.6494   0.6215   0.5486     0.5486    0.6390   0.4909    9.87e-05  (ETA 48m37s)
    10      15s     2m33s    0.6456   0.6150   0.6076     0.6076    0.6423   0.6076    9.87e-05  (ETA 48m30s)
    11      15s     2m48s    0.6383   0.6366   0.5920     0.5920    0.6505   0.5820    9.87e-05  (ETA 48m13s)
    12      15s     3m03s    0.6337   0.6335   0.5816     0.5816    0.6450   0.5299    9.87e-05  (ETA 47m55s)
    13      15s     3m18s    0.6254   0.6405   0.6024     0.6024    0.6461   0.6002    9.87e-05  (ETA 47m39s)
    14      15s     3m33s    0.6092   0.6665   0.5833     0.5833    0.6507   0.5682    9.87e-05  (ETA 47m22s)
    15      15s     3m49s    0.5956   0.6783   0.5851     0.5851    0.6530   0.5624    9.87e-05  (ETA 47m07s)
    16      15s     4m04s    0.5857   0.6855   0.5920     0.5920    0.6444   0.5874    9.87e-05  (ETA 46m53s)
    17      15s     4m20s    0.5650   0.7065   0.6128     0.6128    0.6572   0.6119    9.87e-05  (ETA 46m38s)
    18      15s     4m35s    0.5554   0.7136   0.6215     0.6215    0.6729   0.6187    9.87e-05  (ETA 46m24s)
    19      15s     4m50s    0.5480   0.7203   0.5851     0.5851    0.6488   0.5646    9.87e-05  (ETA 46m07s)
    20      15s     5m05s    0.5211   0.7364   0.6302     0.6302    0.6686   0.6291    9.87e-05  (ETA 45m53s)
    21      15s     5m21s    0.5320   0.7311   0.6111     0.6111    0.6726   0.5990    9.87e-05  (ETA 45m37s)
    22      15s     5m36s    0.5238   0.7382   0.6007     0.6007    0.6556   0.5924    9.87e-05  (ETA 45m21s)
    23      15s     5m51s    0.4987   0.7553   0.5955     0.5955    0.6630   0.5697    9.87e-05  (ETA 45m05s)
    24      15s     6m07s    0.4861   0.7653   0.6111     0.6111    0.6678   0.6066    9.87e-05  (ETA 44m52s)
    25      15s     6m22s    0.4830   0.7594   0.6111     0.6111    0.6829   0.5964    9.87e-05  (ETA 44m40s)
    26      15s     6m38s    0.4536   0.7833   0.5990     0.5990    0.6771   0.5917    9.87e-05  (ETA 44m24s)
    27      15s     6m53s    0.4786   0.7727   0.6059     0.6059    0.6635   0.6057    4.94e-05  (ETA 44m08s)
    28      15s     7m08s    0.4157   0.8053   0.6181     0.6181    0.6834   0.6085    4.94e-05  (ETA 43m52s)
    29      15s     7m24s    0.4111   0.8087   0.6146     0.6146    0.6796   0.6091    4.94e-05  (ETA 43m40s)
    30      15s     7m40s    0.3941   0.8175   0.6233     0.6233    0.6838   0.6228    4.94e-05  (ETA 43m26s)
    31      15s     7m55s    0.3804   0.8291   0.6302     0.6302    0.6873   0.6285    4.94e-05  (ETA 43m10s)
Early stopping at epoch 31 (patience=10)
─────────────────────────────────────────────────────────────────────────────────────────────────────────
ft complete — 31 epochs | total: 7m55s | best epoch=20 val_acc=0.6302
─────────────────────────────────────────────────────────────────────────────────────────────────────────
LoRA adapter saved → /home/apasinato/jade-mscthesis/outputs/ft_checkpoints/ft_thu-ep_binary_w10s10_pool_last_r16_nomixup_fold_8/lora_adapter
Head weights saved → /home/apasinato/jade-mscthesis/outputs/ft_checkpoints/ft_thu-ep_binary_w10s10_pool_last_r16_nomixup_fold_8/head_weights.pt

#########################################################################################################
  Fold 9/10  |  thu-ep  |  task=binary  |  pooling=last  |  LoRA r=16  |  device=cuda
  train: 71 subjects  |  val: 8 subjects
#########################################################################################################
Building datasets ...  done in 11s  (train=5,091  val=576)

>>> Stage 1: LP warmup  |  trainable params: 2,050

─────────────────────────────────────────────────────────────────────────────────────────────────────────
  Stage: lp  |  lr=0.005  |  max_epochs=20  |  grad_clip=2.0
 Epoch   EpTime   Elapsed    TrLoss    TrAcc    VaAcc   VaBalAcc   VaAUROC    VaF1w          LR
─────────────────────────────────────────────────────────────────────────────────────────────────────────
     1       6s        6s    0.7254   0.4932   0.5781     0.5781    0.7219   0.4989    6.07e-04  (ETA 2m05s)
     2       6s       13s    0.6692   0.6085   0.5851     0.5851    0.7464   0.5164    1.95e-03  (ETA 1m57s)
     3       7s       20s    0.6286   0.6513   0.6285     0.6285    0.7558   0.5921    4.84e-03  (ETA 1m54s)
     4       7s       27s    0.6002   0.6733   0.6997     0.6997    0.7673   0.6991    4.84e-03  (ETA 1m48s)
     5       6s       33s    0.5982   0.6806   0.6649     0.6649    0.7680   0.6510    4.84e-03  (ETA 1m41s)
     6       6s       40s    0.5762   0.6936   0.7066     0.7066    0.7775   0.7066    4.84e-03  (ETA 1m34s)
     7       6s       46s    0.5702   0.6948   0.7066     0.7066    0.7803   0.7026    4.84e-03  (ETA 1m27s)
     8       6s       53s    0.5553   0.7122   0.7066     0.7066    0.7862   0.6987    4.84e-03  (ETA 1m20s)
     9       6s       59s    0.5607   0.7050   0.6997     0.6997    0.7808   0.6990    4.84e-03  (ETA 1m13s)
    10       6s     1m06s    0.5544   0.7138   0.6944     0.6944    0.7730   0.6917    4.84e-03  (ETA 1m06s)
    11       6s     1m12s    0.5552   0.7116   0.6875     0.6875    0.7774   0.6825    4.84e-03  (ETA 59s)
    12       6s     1m19s    0.5515   0.7118   0.7274     0.7274    0.7881   0.7239    4.84e-03  (ETA 52s)
    13       6s     1m26s    0.5492   0.7230   0.6997     0.6997    0.7792   0.6984    4.84e-03  (ETA 46s)
    14       6s     1m32s    0.5461   0.7217   0.7153     0.7153    0.7877   0.7152    4.84e-03  (ETA 39s)
    15      15s     1m48s    0.5501   0.7213   0.6997     0.6997    0.7817   0.6955    4.84e-03  (ETA 36s)
    16       8s     1m56s    0.5413   0.7199   0.7153     0.7153    0.7879   0.7151    4.84e-03  (ETA 29s)
    17       6s     2m02s    0.5336   0.7252   0.7049     0.7049    0.7794   0.7049    4.84e-03  (ETA 21s)
    18       6s     2m09s    0.5465   0.7183   0.6684     0.6684    0.7848   0.6546    4.84e-03  (ETA 14s)
    19       6s     2m15s    0.5555   0.7168   0.7188     0.7188    0.7803   0.7172    2.42e-03  (ETA 7s)
    20       6s     2m22s    0.5300   0.7281   0.7222     0.7222    0.7865   0.7185    2.42e-03  (done)
─────────────────────────────────────────────────────────────────────────────────────────────────────────
lp complete — 20 epochs | total: 2m22s | best epoch=12 val_acc=0.7274
─────────────────────────────────────────────────────────────────────────────────────────────────────────

>>> Stage 2: LoRA fine-tuning
  Parameters: 1,083,394 trainable / 70,273,026 total (1.54%)  |  LoRA: 1,081,344

─────────────────────────────────────────────────────────────────────────────────────────────────────────
  Stage: ft  |  lr=0.0001  |  max_epochs=200  |  grad_clip=2.0
 Epoch   EpTime   Elapsed    TrLoss    TrAcc    VaAcc   VaBalAcc   VaAUROC    VaF1w          LR
─────────────────────────────────────────────────────────────────────────────────────────────────────────
     1      15s       15s    0.7167   0.5158   0.5208     0.5208    0.5269   0.5047    6.30e-06  (ETA 50m41s)
     2      15s       30s    0.7033   0.5213   0.5243     0.5243    0.5338   0.5232    1.65e-05  (ETA 50m24s)
     3      15s       46s    0.6994   0.5256   0.5243     0.5243    0.5529   0.4689    3.26e-05  (ETA 50m42s)
     4      15s     1m01s    0.6973   0.5215   0.5573     0.5573    0.5783   0.5331    5.82e-05  (ETA 50m34s)
     5      15s     1m17s    0.6913   0.5425   0.5226     0.5226    0.6148   0.4366    9.87e-05  (ETA 50m07s)
     6      15s     1m32s    0.6835   0.5606   0.5503     0.5503    0.6335   0.4851    9.87e-05  (ETA 49m44s)
     7      15s     1m47s    0.6722   0.5802   0.5712     0.5712    0.6303   0.5621    9.87e-05  (ETA 49m26s)
     8      15s     2m03s    0.6648   0.5897   0.6024     0.6024    0.6396   0.6014    9.87e-05  (ETA 49m13s)
     9      15s     2m18s    0.6500   0.6113   0.6111     0.6111    0.6664   0.6107    9.87e-05  (ETA 48m55s)
    10      15s     2m33s    0.6383   0.6293   0.5955     0.5955    0.6653   0.5945    9.87e-05  (ETA 48m37s)
    11      15s     2m48s    0.6279   0.6451   0.5885     0.5885    0.6476   0.5883    9.87e-05  (ETA 48m19s)
    12      15s     3m04s    0.6222   0.6462   0.6181     0.6181    0.6741   0.6167    9.87e-05  (ETA 48m03s)
    13      15s     3m19s    0.6080   0.6606   0.6302     0.6302    0.6835   0.6302    9.87e-05  (ETA 47m48s)
    14      15s     3m34s    0.5993   0.6739   0.6198     0.6198    0.6680   0.6170    9.87e-05  (ETA 47m31s)
    15      15s     3m49s    0.5873   0.6834   0.6059     0.6059    0.6679   0.6054    9.87e-05  (ETA 47m14s)
    16      15s     4m05s    0.5777   0.6898   0.6476     0.6476    0.7090   0.6458    9.87e-05  (ETA 46m59s)
    17      15s     4m20s    0.5920   0.6726   0.6111     0.6111    0.6668   0.6022    9.87e-05  (ETA 46m43s)
    18      15s     4m35s    0.5661   0.7030   0.6163     0.6163    0.6764   0.5986    9.87e-05  (ETA 46m26s)
    19      15s     4m50s    0.5524   0.7150   0.6215     0.6215    0.6793   0.6215    9.87e-05  (ETA 46m09s)
    20      15s     5m05s    0.5527   0.7183   0.6111     0.6111    0.6742   0.6000    9.87e-05  (ETA 45m53s)
    21      15s     5m21s    0.5289   0.7291   0.6406     0.6406    0.6918   0.6399    9.87e-05  (ETA 45m38s)
    22      15s     5m36s    0.5335   0.7272   0.5990     0.5990    0.6880   0.5685    9.87e-05  (ETA 45m22s)
    23      15s     5m51s    0.5132   0.7435   0.6198     0.6198    0.6835   0.6172    4.94e-05  (ETA 45m06s)
    24      15s     6m06s    0.4939   0.7543   0.6128     0.6128    0.6790   0.6107    4.94e-05  (ETA 44m50s)
    25      15s     6m22s    0.4629   0.7776   0.6215     0.6215    0.6888   0.6133    4.94e-05  (ETA 44m34s)
    26      15s     6m37s    0.4542   0.7837   0.6181     0.6181    0.6757   0.6162    4.94e-05  (ETA 44m18s)
    27      15s     6m52s    0.4401   0.7924   0.6389     0.6389    0.6970   0.6389    4.94e-05  (ETA 44m04s)
Early stopping at epoch 27 (patience=10)
─────────────────────────────────────────────────────────────────────────────────────────────────────────
ft complete — 27 epochs | total: 6m52s | best epoch=16 val_acc=0.6476
─────────────────────────────────────────────────────────────────────────────────────────────────────────
LoRA adapter saved → /home/apasinato/jade-mscthesis/outputs/ft_checkpoints/ft_thu-ep_binary_w10s10_pool_last_r16_nomixup_fold_9/lora_adapter
Head weights saved → /home/apasinato/jade-mscthesis/outputs/ft_checkpoints/ft_thu-ep_binary_w10s10_pool_last_r16_nomixup_fold_9/head_weights.pt

#########################################################################################################
  Fold 10/10  |  thu-ep  |  task=binary  |  pooling=last  |  LoRA r=16  |  device=cuda
  train: 72 subjects  |  val: 7 subjects
#########################################################################################################
Building datasets ...  done in 6s  (train=5,163  val=504)

>>> Stage 1: LP warmup  |  trainable params: 2,050

─────────────────────────────────────────────────────────────────────────────────────────────────────────
  Stage: lp  |  lr=0.005  |  max_epochs=20  |  grad_clip=2.0
 Epoch   EpTime   Elapsed    TrLoss    TrAcc    VaAcc   VaBalAcc   VaAUROC    VaF1w          LR
─────────────────────────────────────────────────────────────────────────────────────────────────────────
     1       6s        6s    0.7312   0.5063   0.5238     0.5238    0.5996   0.4117    6.08e-04  (ETA 2m05s)
     2       6s       13s    0.6875   0.5539   0.5099     0.5099    0.6888   0.3550    1.95e-03  (ETA 1m58s)
     3       6s       19s    0.6796   0.5636   0.6052     0.6052    0.7170   0.5578    4.84e-03  (ETA 1m51s)
     4       6s       26s    0.6737   0.5650   0.6766     0.6766    0.7286   0.6758    4.84e-03  (ETA 1m44s)
     5       6s       32s    0.6511   0.6146   0.6468     0.6468    0.7413   0.6372    4.84e-03  (ETA 1m38s)
     6       6s       39s    0.6309   0.6407   0.6845     0.6845    0.7575   0.6830    4.84e-03  (ETA 1m31s)
     7       6s       45s    0.6166   0.6587   0.6012     0.6012    0.7661   0.5507    4.84e-03  (ETA 1m25s)
     8       6s       52s    0.6140   0.6632   0.6865     0.6865    0.7709   0.6854    4.84e-03  (ETA 1m18s)
     9       6s       58s    0.5976   0.6822   0.6806     0.6806    0.7720   0.6752    4.84e-03  (ETA 1m12s)
    10       6s     1m05s    0.5971   0.6764   0.6349     0.6349    0.7742   0.6072    4.84e-03  (ETA 1m05s)
    11       6s     1m12s    0.6258   0.6502   0.6270     0.6270    0.7711   0.5948    4.84e-03  (ETA 58s)
    12       6s     1m18s    0.5959   0.6709   0.6984     0.6984    0.7672   0.6984    4.84e-03  (ETA 52s)
    13       6s     1m25s    0.5992   0.6750   0.7123     0.7123    0.7671   0.7098    4.84e-03  (ETA 45s)
    14       6s     1m31s    0.5990   0.6758   0.6845     0.6845    0.7666   0.6824    4.84e-03  (ETA 39s)
    15       6s     1m38s    0.5865   0.6918   0.6726     0.6726    0.7647   0.6644    4.84e-03  (ETA 32s)
    16       6s     1m45s    0.5826   0.6891   0.6488     0.6488    0.7604   0.6335    4.84e-03  (ETA 26s)
    17       6s     1m51s    0.5979   0.6703   0.6567     0.6567    0.7643   0.6430    4.84e-03  (ETA 19s)
    18       6s     1m58s    0.5940   0.6783   0.6746     0.6746    0.7629   0.6699    4.84e-03  (ETA 13s)
    19       6s     2m04s    0.5816   0.6893   0.6468     0.6468    0.7630   0.6278    4.84e-03  (ETA 6s)
    20       6s     2m11s    0.5925   0.6816   0.6905     0.6905    0.7585   0.6894    2.42e-03  (done)
─────────────────────────────────────────────────────────────────────────────────────────────────────────
lp complete — 20 epochs | total: 2m11s | best epoch=13 val_acc=0.7123
─────────────────────────────────────────────────────────────────────────────────────────────────────────

>>> Stage 2: LoRA fine-tuning
  Parameters: 1,083,394 trainable / 70,273,026 total (1.54%)  |  LoRA: 1,081,344

─────────────────────────────────────────────────────────────────────────────────────────────────────────
  Stage: ft  |  lr=0.0001  |  max_epochs=200  |  grad_clip=2.0
 Epoch   EpTime   Elapsed    TrLoss    TrAcc    VaAcc   VaBalAcc   VaAUROC    VaF1w          LR
─────────────────────────────────────────────────────────────────────────────────────────────────────────
     1      15s       15s    0.7353   0.5113   0.5020     0.5020    0.4920   0.5014    6.40e-06  (ETA 51m11s)
     2      15s       30s    0.7124   0.5261   0.5119     0.5119    0.5001   0.5099    1.66e-05  (ETA 50m56s)
     3      15s       46s    0.7090   0.5206   0.5119     0.5119    0.5156   0.4826    3.29e-05  (ETA 50m32s)
     4      15s     1m01s    0.6993   0.5301   0.5099     0.5099    0.5348   0.4670    5.82e-05  (ETA 50m15s)
     5      15s     1m17s    0.6936   0.5445   0.5714     0.5714    0.5738   0.5703    9.87e-05  (ETA 50m04s)
     6      15s     1m32s    0.6880   0.5543   0.5833     0.5833    0.6037   0.5736    9.87e-05  (ETA 49m52s)
     7      15s     1m47s    0.6722   0.5853   0.5337     0.5337    0.6367   0.4664    9.87e-05  (ETA 49m35s)
     8      15s     2m03s    0.6695   0.5863   0.6171     0.6171    0.6455   0.6114    9.87e-05  (ETA 49m19s)
     9      15s     2m18s    0.6555   0.6124   0.5952     0.5952    0.6658   0.5800    9.87e-05  (ETA 49m01s)
    10      15s     2m33s    0.6442   0.6268   0.6151     0.6151    0.6624   0.6056    9.87e-05  (ETA 48m45s)
    11      15s     2m49s    0.6441   0.6303   0.5813     0.5813    0.6550   0.5324    9.87e-05  (ETA 48m28s)
    12      15s     3m04s    0.6392   0.6264   0.6171     0.6171    0.6676   0.6128    9.87e-05  (ETA 48m12s)
    13      15s     3m19s    0.6225   0.6444   0.6052     0.6052    0.6611   0.6050    9.87e-05  (ETA 47m56s)
    14      15s     3m35s    0.6120   0.6578   0.5972     0.5972    0.6619   0.5836    9.87e-05  (ETA 47m40s)
    15      15s     3m50s    0.6058   0.6692   0.6171     0.6171    0.6764   0.6152    4.94e-05  (ETA 47m24s)
    16      15s     4m05s    0.5953   0.6833   0.6131     0.6131    0.6720   0.6103    4.94e-05  (ETA 47m08s)
    17      15s     4m21s    0.5815   0.6903   0.6032     0.6032    0.6710   0.5869    4.94e-05  (ETA 46m52s)
    18      15s     4m36s    0.5714   0.7029   0.6151     0.6151    0.6714   0.6143    4.94e-05  (ETA 46m37s)
    19      15s     4m52s    0.5653   0.7011   0.6210     0.6210    0.6764   0.6210    4.94e-05  (ETA 46m23s)
    20      15s     5m07s    0.5630   0.7093   0.5794     0.5794    0.6685   0.5453    4.94e-05  (ETA 46m07s)
    21      15s     5m22s    0.5548   0.7193   0.6190     0.6190    0.6813   0.6171    4.94e-05  (ETA 45m52s)
    22      15s     5m38s    0.5466   0.7207   0.6270     0.6270    0.6749   0.6147    4.94e-05  (ETA 45m37s)
    23      15s     5m53s    0.5362   0.7281   0.6111     0.6111    0.6677   0.6104    4.94e-05  (ETA 45m21s)
    24      15s     6m09s    0.5303   0.7283   0.6032     0.6032    0.6640   0.5918    4.94e-05  (ETA 45m06s)
    25      15s     6m24s    0.5234   0.7416   0.6190     0.6190    0.6673   0.6124    4.94e-05  (ETA 44m50s)
    26      15s     6m39s    0.5208   0.7339   0.6012     0.6012    0.6690   0.6005    4.94e-05  (ETA 44m34s)
    27      15s     6m55s    0.5127   0.7439   0.6171     0.6171    0.6633   0.6164    4.94e-05  (ETA 44m19s)
    28      15s     7m10s    0.5005   0.7529   0.6190     0.6190    0.6684   0.6139    4.94e-05  (ETA 44m04s)
    29      15s     7m25s    0.5005   0.7486   0.6111     0.6111    0.6776   0.5852    2.47e-05  (ETA 43m48s)
    30      15s     7m41s    0.4916   0.7635   0.5972     0.5972    0.6712   0.5804    2.47e-05  (ETA 43m33s)
    31      15s     7m56s    0.4800   0.7685   0.6071     0.6071    0.6705   0.5975    2.47e-05  (ETA 43m17s)
    32      15s     8m11s    0.4707   0.7747   0.6250     0.6250    0.6710   0.6205    2.47e-05  (ETA 43m02s)
    33      15s     8m27s    0.4659   0.7767   0.6250     0.6250    0.6793   0.6211    2.47e-05  (ETA 42m46s)
Early stopping at epoch 33 (patience=10)
─────────────────────────────────────────────────────────────────────────────────────────────────────────
ft complete — 33 epochs | total: 8m27s | best epoch=22 val_acc=0.6270
─────────────────────────────────────────────────────────────────────────────────────────────────────────
LoRA adapter saved → /home/apasinato/jade-mscthesis/outputs/ft_checkpoints/ft_thu-ep_binary_w10s10_pool_last_r16_nomixup_fold_10/lora_adapter
Head weights saved → /home/apasinato/jade-mscthesis/outputs/ft_checkpoints/ft_thu-ep_binary_w10s10_pool_last_r16_nomixup_fold_10/head_weights.pt

==========================================================================================
  CROSS-FOLD SUMMARY  (10 folds  |  thu-ep  |  task=binary  |  pool_last  |  LoRA r=16)
==========================================================================================
 Fold    ValAcc   ValBalAcc   ValAUROC    ValF1w   Epochs   BestEp
------------------------------------------------------------------
    1    0.6372      0.6372     0.6657    0.6368        0       18
    2    0.6488      0.6487     0.6818    0.6485        0       28
    3    0.6528      0.6528     0.6913    0.6527        0       31
    4    0.6285      0.6285     0.6637    0.6279        0       21
    5    0.6215      0.6215     0.6582    0.6195        0       13
    6    0.6632      0.6625     0.6990    0.6619        0       35
    7    0.6059      0.6059     0.6273    0.6023        0       11
    8    0.6302      0.6302     0.6686    0.6291        0       20
    9    0.6476      0.6476     0.7090    0.6458        0       16
   10    0.6270      0.6270     0.6749    0.6147        0       22
------------------------------------------------------------------
 Mean    0.6363      0.6362     0.6740    0.6339
  Std    0.0170      0.0169     0.0232    0.0187
==========================================================================================
Aggregate results saved -> /home/apasinato/jade-mscthesis/outputs/ft_checkpoints/summary_thu-ep_binary_w10s10_pool_last_r16_nomixup.json

All folds complete.

=== Complete ===
Exit code: 0
Finished:  Mon Mar 30 17:12:23 CEST 2026
