=== Experiment on DelftBlue ===
Job ID:    9477209
Node:      gpu019
Partition: gpu-a100
Module:    src.approaches.fine_tuning.train_ft
Args:      --dataset thu-ep --task 9-class --no-mixup
Started:   Mon Mar 30 14:33:57 CEST 2026

=== GPU ===
NVIDIA A100 80GB PCIe, 81920 MiB

=== Environment ===
Python:  Python 3.14.3
PyTorch: 2.9.1+cu128
CUDA:    True 12.8

=== Running: python -m src.approaches.fine_tuning.train_ft --dataset thu-ep --task 9-class --no-mixup ===


Dataset: thu-ep  |  subjects: 79
Device: cuda  |  task: 9-class  |  pooling: no  |  LoRA rank: 16  alpha: 16
Window: 10.0s (2000 pts)  Stride: 10.0s (2000 pts)  Mixup: False  AMP: True
LP: lr=0.005 epochs=20  |  FT: lr=0.0001 epochs=200
Loading REVE model from local path …
flash_attn not found, install it with `pip install flash_attn` if you want to use it
Loading REVE position bank from local path …
  Electrode positions cached for 30 channels.

#########################################################################################################
  Fold 1/10  |  thu-ep  |  task=9-class  |  pooling=no  |  LoRA r=16  |  device=cuda
  train: 71 subjects  |  val: 8 subjects
#########################################################################################################
Building datasets ...  done in 6s  (train=5,940  val=672)

>>> Stage 1: LP warmup  |  trainable params: 1,695,241

─────────────────────────────────────────────────────────────────────────────────────────────────────────
  Stage: lp  |  lr=0.005  |  max_epochs=20  |  grad_clip=2.0
 Epoch   EpTime   Elapsed    TrLoss    TrAcc    VaAcc   VaBalAcc   VaAUROC    VaF1w          LR
─────────────────────────────────────────────────────────────────────────────────────────────────────────
     1      19s       19s    2.8873   0.1131   0.1443     0.1497    0.6666   0.0865    6.02e-04  (ETA 6m03s)
     2       6s       25s   10.8281   0.1152   0.1071     0.1111    0.6620   0.0207    1.92e-03  (ETA 3m47s)
     3      10s       35s   46.5523   0.1195   0.1176     0.1219    0.6062   0.0382    4.78e-03  (ETA 3m23s)
     4      23s       59s   53.3403   0.1308   0.1071     0.1111    0.6612   0.0207    4.78e-03  (ETA 3m56s)
     5      10s     1m09s   23.6693   0.1643   0.1310     0.1358    0.7162   0.0592    4.78e-03  (ETA 3m28s)
     6       6s     1m15s   12.8372   0.2323   0.1756     0.1817    0.7313   0.1139    4.78e-03  (ETA 2m56s)
     7       6s     1m21s    7.8452   0.3106   0.1533     0.1547    0.7354   0.0978    4.78e-03  (ETA 2m32s)
     8       6s     1m28s    5.4545   0.3902   0.2411     0.2438    0.7659   0.1910    4.78e-03  (ETA 2m12s)
     9      20s     1m48s    3.6436   0.4857   0.3170     0.3094    0.7739   0.3007    4.78e-03  (ETA 2m13s)
    10      30s     2m19s    2.2027   0.5852   0.3661     0.3673    0.8116   0.3703    4.78e-03  (ETA 2m19s)
    11      31s     2m50s    1.8438   0.6180   0.3586     0.3522    0.8038   0.3255    4.78e-03  (ETA 2m19s)
    12      25s     3m15s    1.3738   0.6899   0.3199     0.3048    0.7913   0.2763    4.78e-03  (ETA 2m10s)
    13       6s     3m21s    1.1323   0.7251   0.3289     0.3287    0.8049   0.3249    4.78e-03  (ETA 1m48s)
    14       6s     3m28s    0.9809   0.7569   0.3527     0.3603    0.8006   0.3238    4.78e-03  (ETA 1m29s)
    15       6s     3m34s    0.9340   0.7635   0.3170     0.3191    0.8003   0.3188    4.78e-03  (ETA 1m11s)
    16       6s     3m41s    1.1704   0.7593   0.2857     0.2720    0.7818   0.2456    4.78e-03  (ETA 55s)
    17       6s     3m48s    0.7453   0.8104   0.4003     0.3943    0.8137   0.3937    4.78e-03  (ETA 40s)
    18       6s     3m54s    0.3070   0.9049   0.4062     0.4078    0.8059   0.4109    4.78e-03  (ETA 26s)
    19       6s     4m00s    0.1723   0.9426   0.4241     0.4221    0.8230   0.4072    4.78e-03  (ETA 12s)
    20       6s     4m07s    0.1116   0.9609   0.4137     0.4078    0.8176   0.4111    4.78e-03  (done)
─────────────────────────────────────────────────────────────────────────────────────────────────────────
lp complete — 20 epochs | total: 4m07s | best epoch=19 val_acc=0.4241
─────────────────────────────────────────────────────────────────────────────────────────────────────────

>>> Stage 2: LoRA fine-tuning
  Parameters: 2,776,585 trainable / 71,966,217 total (3.86%)  |  LoRA: 1,081,344

─────────────────────────────────────────────────────────────────────────────────────────────────────────
  Stage: ft  |  lr=0.0001  |  max_epochs=200  |  grad_clip=2.0
 Epoch   EpTime   Elapsed    TrLoss    TrAcc    VaAcc   VaBalAcc   VaAUROC    VaF1w          LR
─────────────────────────────────────────────────────────────────────────────────────────────────────────
     1      17s       17s    0.0915   0.9697   0.4375     0.4356    0.8257   0.4296    6.41e-06  (ETA 58m46s)
     2      17s       35s    0.0374   0.9904   0.4390     0.4360    0.8263   0.4304    1.67e-05  (ETA 58m18s)
     3      30s     1m06s    0.0296   0.9926   0.4509     0.4468    0.8285   0.4441    3.29e-05  (ETA 1h12m33s)
     4      37s     1m43s    0.0243   0.9943   0.4449     0.4425    0.8316   0.4336    5.86e-05  (ETA 1h24m53s)
     5      40s     2m24s    0.0188   0.9960   0.4152     0.4113    0.8260   0.4096    9.95e-05  (ETA 1h33m38s)
     6      27s     2m51s    0.0184   0.9961   0.4360     0.4329    0.8267   0.4300    9.95e-05  (ETA 1h32m34s)
     7      17s     3m09s    0.0151   0.9970   0.4405     0.4371    0.8285   0.4298    9.95e-05  (ETA 1h26m58s)
     8      29s     3m39s    0.0101   0.9987   0.4271     0.4213    0.8263   0.4218    9.95e-05  (ETA 1h27m42s)
     9      45s     4m24s    0.0109   0.9987   0.4464     0.4425    0.8295   0.4386    9.95e-05  (ETA 1h33m29s)
    10      30s     4m54s    0.0076   0.9993   0.4509     0.4487    0.8302   0.4482    9.95e-05  (ETA 1h33m24s)
    11      30s     5m25s    0.0075   0.9992   0.4092     0.4055    0.8264   0.4035    9.95e-05  (ETA 1h33m19s)
    12      45s     6m11s    0.0066   0.9997   0.4271     0.4232    0.8270   0.4285    9.95e-05  (ETA 1h36m52s)
    13      41s     6m52s    0.0050   1.0000   0.4360     0.4313    0.8255   0.4351    9.95e-05  (ETA 1h38m49s)
    14      18s     7m10s    0.0049   0.9998   0.4286     0.4244    0.8260   0.4261    9.95e-05  (ETA 1h35m18s)
Early stopping at epoch 14 (patience=10)
─────────────────────────────────────────────────────────────────────────────────────────────────────────
ft complete — 14 epochs | total: 7m10s | best epoch=3 val_acc=0.4509
─────────────────────────────────────────────────────────────────────────────────────────────────────────
LoRA adapter saved → /home/apasinato/jade-mscthesis/outputs/ft_checkpoints/ft_thu-ep_9-class_w10s10_pool_no_r16_nomixup_fold_1/lora_adapter
Head weights saved → /home/apasinato/jade-mscthesis/outputs/ft_checkpoints/ft_thu-ep_9-class_w10s10_pool_no_r16_nomixup_fold_1/head_weights.pt

#########################################################################################################
  Fold 2/10  |  thu-ep  |  task=9-class  |  pooling=no  |  LoRA r=16  |  device=cuda
  train: 71 subjects  |  val: 8 subjects
#########################################################################################################
Building datasets ...  done in 11s  (train=5,955  val=657)

>>> Stage 1: LP warmup  |  trainable params: 1,695,241

─────────────────────────────────────────────────────────────────────────────────────────────────────────
  Stage: lp  |  lr=0.005  |  max_epochs=20  |  grad_clip=2.0
 Epoch   EpTime   Elapsed    TrLoss    TrAcc    VaAcc   VaBalAcc   VaAUROC    VaF1w          LR
─────────────────────────────────────────────────────────────────────────────────────────────────────────
     1       7s        7s    2.7851   0.1174   0.1065     0.1127    0.6241   0.0229    6.03e-04  (ETA 2m26s)
     2       7s       15s   12.5079   0.1192   0.1461     0.1111    0.5849   0.0373    1.92e-03  (ETA 2m16s)
     3       7s       22s   42.9517   0.1298   0.1126     0.1142    0.6031   0.0270    4.78e-03  (ETA 2m08s)
     4       7s       30s   49.9835   0.1313   0.1385     0.1423    0.6288   0.0663    4.78e-03  (ETA 2m01s)
     5       7s       37s   25.6045   0.1684   0.1431     0.1496    0.6265   0.0651    4.78e-03  (ETA 1m53s)
     6       7s       45s   15.3738   0.2217   0.2283     0.2057    0.6917   0.1372    4.78e-03  (ETA 1m46s)
     7       7s       53s    6.5514   0.3305   0.2131     0.1936    0.7064   0.1284    4.78e-03  (ETA 1m38s)
     8       7s     1m00s    5.4702   0.3916   0.2222     0.2190    0.7221   0.1392    4.78e-03  (ETA 1m30s)
     9       7s     1m08s    4.2715   0.4623   0.1918     0.1862    0.7217   0.1492    4.78e-03  (ETA 1m23s)
    10       7s     1m15s    2.4526   0.5730   0.2998     0.2982    0.7543   0.2420    4.78e-03  (ETA 1m15s)
    11      17s     1m32s    1.6400   0.6574   0.2785     0.2706    0.7542   0.2224    4.78e-03  (ETA 1m15s)
    12      34s     2m07s    1.3814   0.6981   0.2359     0.2263    0.7367   0.1650    4.78e-03  (ETA 1m25s)
    13      25s     2m32s    1.1747   0.7285   0.2998     0.3095    0.7538   0.2558    4.78e-03  (ETA 1m22s)
    14      12s     2m45s    1.0159   0.7615   0.3333     0.3299    0.7625   0.2998    4.78e-03  (ETA 1m10s)
    15      21s     3m07s    0.9432   0.7748   0.2953     0.2868    0.7635   0.2610    4.78e-03  (ETA 1m02s)
    16      16s     3m23s    1.2295   0.7642   0.3151     0.3131    0.7596   0.2804    4.78e-03  (ETA 50s)
    17       7s     3m31s    0.5966   0.8445   0.3805     0.3744    0.7731   0.3667    4.78e-03  (ETA 37s)
    18       7s     3m38s    0.5125   0.8589   0.3501     0.3528    0.7692   0.3349    4.78e-03  (ETA 24s)
    19       7s     3m46s    0.3200   0.9090   0.3683     0.3587    0.7645   0.3448    4.78e-03  (ETA 11s)
    20       7s     3m53s    0.1913   0.9365   0.3440     0.3447    0.7727   0.3279    4.78e-03  (done)
─────────────────────────────────────────────────────────────────────────────────────────────────────────
lp complete — 20 epochs | total: 3m53s | best epoch=17 val_acc=0.3805
─────────────────────────────────────────────────────────────────────────────────────────────────────────

>>> Stage 2: LoRA fine-tuning
  Parameters: 2,776,585 trainable / 71,966,217 total (3.86%)  |  LoRA: 1,081,344

─────────────────────────────────────────────────────────────────────────────────────────────────────────
  Stage: ft  |  lr=0.0001  |  max_epochs=200  |  grad_clip=2.0
 Epoch   EpTime   Elapsed    TrLoss    TrAcc    VaAcc   VaBalAcc   VaAUROC    VaF1w          LR
─────────────────────────────────────────────────────────────────────────────────────────────────────────
     1      36s       36s    0.1003   0.9678   0.3729     0.3681    0.7713   0.3571    6.33e-06  (ETA 2h00m22s)
     2      31s     1m08s    0.0723   0.9750   0.3790     0.3755    0.7747   0.3662    1.65e-05  (ETA 1h52m25s)
     3      17s     1m25s    0.0569   0.9819   0.3896     0.3870    0.7769   0.3765    3.27e-05  (ETA 1h33m54s)
     4      18s     1m43s    0.0453   0.9842   0.3881     0.3856    0.7778   0.3746    5.83e-05  (ETA 1h24m53s)
     5      38s     2m22s    0.0345   0.9896   0.3881     0.3846    0.7828   0.3779    9.89e-05  (ETA 1h32m25s)
     6      46s     3m08s    0.0426   0.9877   0.3866     0.3810    0.7807   0.3743    9.89e-05  (ETA 1h41m27s)
     7      19s     3m28s    0.0299   0.9898   0.3729     0.3670    0.7770   0.3590    9.89e-05  (ETA 1h35m40s)
     8      17s     3m45s    0.0225   0.9956   0.3836     0.3783    0.7782   0.3712    9.89e-05  (ETA 1h30m23s)
     9      30s     4m16s    0.0119   0.9987   0.3988     0.3958    0.7841   0.3818    9.89e-05  (ETA 1h30m34s)
    10      46s     5m02s    0.0131   0.9971   0.3866     0.3826    0.7821   0.3751    9.89e-05  (ETA 1h35m47s)
    11      26s     5m29s    0.0089   0.9995   0.3896     0.3843    0.7863   0.3752    9.89e-05  (ETA 1h34m15s)
    12      17s     5m46s    0.0113   0.9983   0.3866     0.3789    0.7812   0.3717    9.89e-05  (ETA 1h30m32s)
    13      21s     6m08s    0.0076   0.9992   0.3881     0.3849    0.7844   0.3797    9.89e-05  (ETA 1h28m22s)
    14      21s     6m30s    0.0066   0.9995   0.3805     0.3758    0.7834   0.3659    9.89e-05  (ETA 1h26m26s)
    15      27s     6m58s    0.0043   0.9997   0.4049     0.3986    0.7899   0.3936    9.89e-05  (ETA 1h25m57s)
    16      38s     7m36s    0.0057   0.9995   0.4049     0.4006    0.7918   0.3951    9.89e-05  (ETA 1h27m32s)
    17      28s     8m04s    0.0073   0.9987   0.4079     0.4045    0.7867   0.3997    9.89e-05  (ETA 1h26m59s)
    18      17s     8m22s    0.0052   0.9993   0.4018     0.3983    0.7891   0.3936    9.89e-05  (ETA 1h24m39s)
    19      17s     8m40s    0.0039   0.9998   0.3851     0.3799    0.7866   0.3740    9.89e-05  (ETA 1h22m34s)
    20      17s     8m57s    0.0051   0.9995   0.3912     0.3824    0.7879   0.3776    9.89e-05  (ETA 1h20m41s)
    21      17s     9m15s    0.0057   0.9997   0.3988     0.3938    0.7926   0.3885    9.89e-05  (ETA 1h18m58s)
    22      27s     9m43s    0.0025   1.0000   0.4003     0.3945    0.7902   0.3949    9.89e-05  (ETA 1h18m43s)
    23      40s    10m23s    0.0026   1.0000   0.4094     0.4063    0.7919   0.4007    9.89e-05  (ETA 1h20m02s)
    24      32s    10m56s    0.0020   1.0000   0.4079     0.4054    0.7926   0.3967    9.89e-05  (ETA 1h20m11s)
    25      30s    11m26s    0.0030   1.0000   0.3988     0.3928    0.7920   0.3902    9.89e-05  (ETA 1h20m04s)
    26      17s    11m43s    0.0019   1.0000   0.4018     0.3977    0.7932   0.3914    9.89e-05  (ETA 1h18m30s)
    27      17s    12m01s    0.0021   1.0000   0.4033     0.3984    0.7922   0.3903    9.89e-05  (ETA 1h17m03s)
    28      17s    12m19s    0.0027   0.9998   0.4094     0.4053    0.7952   0.3993    9.89e-05  (ETA 1h15m40s)
    29      17s    12m36s    0.0018   1.0000   0.4033     0.3995    0.7936   0.3927    9.89e-05  (ETA 1h14m23s)
    30      17s    12m54s    0.0051   0.9992   0.3775     0.3768    0.7938   0.3649    4.95e-05  (ETA 1h13m09s)
    31      17s    13m12s    0.0024   1.0000   0.4155     0.4110    0.7945   0.4047    4.95e-05  (ETA 1h11m59s)
    32      26s    13m38s    0.0009   1.0000   0.4049     0.3995    0.7947   0.3965    4.95e-05  (ETA 1h11m38s)
    33      22s    14m01s    0.0011   1.0000   0.4094     0.4053    0.7933   0.4029    4.95e-05  (ETA 1h10m58s)
    34      17s    14m19s    0.0009   1.0000   0.4064     0.4017    0.7953   0.3993    4.95e-05  (ETA 1h09m54s)
    35      17s    14m36s    0.0010   1.0000   0.4110     0.4064    0.7939   0.4030    4.95e-05  (ETA 1h08m53s)
    36      28s    15m05s    0.0009   1.0000   0.4140     0.4101    0.7954   0.4040    4.95e-05  (ETA 1h08m44s)
    37      38s    15m43s    0.0008   1.0000   0.4049     0.4001    0.7951   0.3972    4.95e-05  (ETA 1h09m16s)
    38      17s    16m00s    0.0008   1.0000   0.4094     0.4044    0.7948   0.4041    2.47e-05  (ETA 1h08m16s)
    39      21s    16m22s    0.0007   1.0000   0.4110     0.4063    0.7956   0.4020    2.47e-05  (ETA 1h07m37s)
    40      20s    16m43s    0.0008   1.0000   0.4064     0.4027    0.7948   0.3976    2.47e-05  (ETA 1h06m52s)
    41      41s    17m24s    0.0011   1.0000   0.4201     0.4140    0.7985   0.4156    2.47e-05  (ETA 1h07m30s)
    42      44s    18m09s    0.0008   1.0000   0.4186     0.4140    0.7975   0.4116    2.47e-05  (ETA 1h08m17s)
    43      36s    18m45s    0.0007   1.0000   0.4064     0.4004    0.7957   0.4006    2.47e-05  (ETA 1h08m28s)
    44      17s    19m02s    0.0007   1.0000   0.4155     0.4117    0.7963   0.4083    2.47e-05  (ETA 1h07m32s)
    45      25s    19m28s    0.0006   1.0000   0.4125     0.4069    0.7965   0.4042    2.47e-05  (ETA 1h07m05s)
    46      39s    20m08s    0.0006   1.0000   0.4170     0.4122    0.7974   0.4096    2.47e-05  (ETA 1h07m24s)
    47      27s    20m36s    0.0007   1.0000   0.4049     0.3987    0.7968   0.3982    2.47e-05  (ETA 1h07m03s)
    48      35s    21m11s    0.0008   1.0000   0.4277     0.4225    0.7972   0.4211    2.47e-05  (ETA 1h07m05s)
    49      22s    21m34s    0.0006   1.0000   0.4079     0.4019    0.7960   0.4010    2.47e-05  (ETA 1h06m27s)
    50      40s    22m14s    0.0005   1.0000   0.4094     0.4048    0.7954   0.4038    2.47e-05  (ETA 1h06m42s)
    51      46s    23m00s    0.0007   1.0000   0.4170     0.4113    0.7966   0.4115    2.47e-05  (ETA 1h07m12s)
    52      22s    23m22s    0.0005   1.0000   0.4125     0.4066    0.7964   0.4061    2.47e-05  (ETA 1h06m32s)
    53      45s    24m07s    0.0006   1.0000   0.4125     0.4093    0.7964   0.4050    2.47e-05  (ETA 1h06m55s)
    54      35s    24m42s    0.0006   1.0000   0.4125     0.4069    0.7978   0.4058    2.47e-05  (ETA 1h06m49s)
    55      17s    25m00s    0.0007   1.0000   0.4155     0.4103    0.7970   0.4073    1.24e-05  (ETA 1h05m55s)
    56      17s    25m18s    0.0006   1.0000   0.4125     0.4068    0.7979   0.4064    1.24e-05  (ETA 1h05m03s)
    57      17s    25m35s    0.0005   1.0000   0.4170     0.4126    0.7970   0.4092    1.24e-05  (ETA 1h04m12s)
    58      26s    26m01s    0.0004   1.0000   0.4170     0.4118    0.7972   0.4108    1.24e-05  (ETA 1h03m44s)
    59      31s    26m33s    0.0006   1.0000   0.4201     0.4145    0.7975   0.4132    1.24e-05  (ETA 1h03m27s)
Early stopping at epoch 59 (patience=10)
─────────────────────────────────────────────────────────────────────────────────────────────────────────
ft complete — 59 epochs | total: 26m33s | best epoch=48 val_acc=0.4277
─────────────────────────────────────────────────────────────────────────────────────────────────────────
LoRA adapter saved → /home/apasinato/jade-mscthesis/outputs/ft_checkpoints/ft_thu-ep_9-class_w10s10_pool_no_r16_nomixup_fold_2/lora_adapter
Head weights saved → /home/apasinato/jade-mscthesis/outputs/ft_checkpoints/ft_thu-ep_9-class_w10s10_pool_no_r16_nomixup_fold_2/head_weights.pt

#########################################################################################################
  Fold 3/10  |  thu-ep  |  task=9-class  |  pooling=no  |  LoRA r=16  |  device=cuda
  train: 71 subjects  |  val: 8 subjects
#########################################################################################################
Building datasets ...  done in 15s  (train=5,940  val=672)

>>> Stage 1: LP warmup  |  trainable params: 1,695,241

─────────────────────────────────────────────────────────────────────────────────────────────────────────
  Stage: lp  |  lr=0.005  |  max_epochs=20  |  grad_clip=2.0
 Epoch   EpTime   Elapsed    TrLoss    TrAcc    VaAcc   VaBalAcc   VaAUROC    VaF1w          LR
─────────────────────────────────────────────────────────────────────────────────────────────────────────
     1      39s       39s    3.1109   0.1224   0.1071     0.1111    0.6541   0.0207    6.02e-04  (ETA 12m39s)
     2      29s     1m09s   10.9595   0.1375   0.1161     0.1204    0.6268   0.0351    1.92e-03  (ETA 10m21s)
     3      18s     1m28s   38.1602   0.1234   0.1741     0.1713    0.6309   0.0987    4.78e-03  (ETA 8m18s)
     4      36s     2m04s   52.5832   0.1468   0.1473     0.1377    0.6814   0.0783    4.78e-03  (ETA 8m16s)
     5      21s     2m25s   19.9052   0.2224   0.2336     0.2392    0.7108   0.1657    4.78e-03  (ETA 7m15s)
     6       7s     2m32s   12.5149   0.3269   0.1920     0.1987    0.7333   0.1307    4.78e-03  (ETA 5m56s)
     7      17s     2m49s    6.4198   0.4446   0.2515     0.2512    0.7745   0.1946    4.78e-03  (ETA 5m15s)
     8      27s     3m16s    3.6537   0.6003   0.3274     0.3391    0.7779   0.3013    4.78e-03  (ETA 4m55s)
     9      32s     3m48s    3.3651   0.6256   0.3452     0.3569    0.7923   0.2888    4.78e-03  (ETA 4m39s)
    10      16s     4m05s    2.3220   0.6978   0.3542     0.3488    0.7882   0.3350    4.78e-03  (ETA 4m05s)
    11      17s     4m22s    1.4491   0.7724   0.3914     0.3796    0.7938   0.3837    4.78e-03  (ETA 3m34s)
    12      11s     4m34s    1.1045   0.8128   0.3318     0.3426    0.7893   0.2847    4.78e-03  (ETA 3m02s)
    13      20s     4m54s    0.9430   0.8375   0.3452     0.3449    0.7782   0.3426    4.78e-03  (ETA 2m38s)
    14      30s     5m24s    1.0112   0.8460   0.3393     0.3422    0.7841   0.3116    4.78e-03  (ETA 2m19s)
    15      25s     5m49s    0.9267   0.8495   0.3601     0.3561    0.7896   0.3311    4.78e-03  (ETA 1m56s)
    16       7s     5m57s    1.1994   0.8377   0.4226     0.4209    0.8053   0.4197    4.78e-03  (ETA 1m29s)
    17      12s     6m10s    0.6092   0.8869   0.3690     0.3754    0.7978   0.3624    4.78e-03  (ETA 1m05s)
    18      11s     6m21s    0.3881   0.9217   0.3765     0.3723    0.7982   0.3672    4.78e-03  (ETA 42s)
    19       8s     6m29s    0.2204   0.9529   0.3943     0.3924    0.8010   0.3653    4.78e-03  (ETA 20s)
    20      10s     6m40s    0.4594   0.9185   0.4062     0.3954    0.7994   0.3885    4.78e-03  (done)
─────────────────────────────────────────────────────────────────────────────────────────────────────────
lp complete — 20 epochs | total: 6m40s | best epoch=16 val_acc=0.4226
─────────────────────────────────────────────────────────────────────────────────────────────────────────

>>> Stage 2: LoRA fine-tuning
  Parameters: 2,776,585 trainable / 71,966,217 total (3.86%)  |  LoRA: 1,081,344

─────────────────────────────────────────────────────────────────────────────────────────────────────────
  Stage: ft  |  lr=0.0001  |  max_epochs=200  |  grad_clip=2.0
 Epoch   EpTime   Elapsed    TrLoss    TrAcc    VaAcc   VaBalAcc   VaAUROC    VaF1w          LR
─────────────────────────────────────────────────────────────────────────────────────────────────────────
     1      18s       18s    1.3810   0.7527   0.4033     0.4024    0.7806   0.4014    6.15e-06  (ETA 1h01m06s)
     2      30s       48s    0.3587   0.9064   0.4271     0.4240    0.7915   0.4230    1.63e-05  (ETA 1h20m21s)
     3      26s     1m14s    0.2014   0.9433   0.4196     0.4167    0.8006   0.4132    3.23e-05  (ETA 1h21m48s)
     4      21s     1m36s    0.1169   0.9646   0.4301     0.4290    0.8073   0.4256    5.76e-05  (ETA 1h18m38s)
     5      27s     2m03s    0.0813   0.9744   0.4167     0.4167    0.8104   0.4047    9.78e-05  (ETA 1h20m28s)
     6      42s     2m45s    0.0499   0.9840   0.4256     0.4225    0.8131   0.4209    9.78e-05  (ETA 1h29m24s)
     7      44s     3m30s    0.0324   0.9891   0.4524     0.4552    0.8172   0.4450    9.78e-05  (ETA 1h36m53s)
     8      27s     3m57s    0.0250   0.9924   0.4286     0.4248    0.8183   0.4205    9.78e-05  (ETA 1h35m09s)
     9      29s     4m27s    0.0255   0.9918   0.4286     0.4255    0.8166   0.4173    9.78e-05  (ETA 1h34m38s)
    10      28s     4m56s    0.0121   0.9963   0.4375     0.4398    0.8192   0.4284    9.78e-05  (ETA 1h33m44s)
    11      44s     5m40s    0.0094   0.9970   0.4226     0.4163    0.8146   0.4174    9.78e-05  (ETA 1h37m22s)
    12      29s     6m09s    0.0059   0.9980   0.4375     0.4398    0.8182   0.4218    9.78e-05  (ETA 1h36m25s)
    13      23s     6m32s    0.0114   0.9955   0.4315     0.4321    0.8166   0.4187    9.78e-05  (ETA 1h34m07s)
    14      30s     7m03s    0.0091   0.9970   0.4539     0.4541    0.8194   0.4459    9.78e-05  (ETA 1h33m39s)
    15      32s     7m35s    0.0028   0.9988   0.4435     0.4464    0.8199   0.4340    9.78e-05  (ETA 1h33m41s)
    16      30s     8m05s    0.0016   0.9998   0.4494     0.4475    0.8215   0.4411    9.78e-05  (ETA 1h33m06s)
    17      45s     8m50s    0.0008   1.0000   0.4658     0.4660    0.8215   0.4598    9.78e-05  (ETA 1h35m15s)
    18      26s     9m17s    0.0005   1.0000   0.4539     0.4564    0.8222   0.4440    9.78e-05  (ETA 1h33m56s)
    19      17s     9m34s    0.0003   1.0000   0.4494     0.4491    0.8215   0.4397    9.78e-05  (ETA 1h31m17s)
    20      30s    10m05s    0.0005   1.0000   0.4554     0.4595    0.8216   0.4479    9.78e-05  (ETA 1h30m50s)
    21      30s    10m35s    0.0004   1.0000   0.4509     0.4541    0.8192   0.4444    9.78e-05  (ETA 1h30m18s)
    22      24s    11m00s    0.0057   0.9976   0.4301     0.4360    0.8186   0.4168    9.78e-05  (ETA 1h29m02s)
    23      32s    11m33s    0.0017   0.9997   0.4390     0.4387    0.8180   0.4270    9.78e-05  (ETA 1h28m53s)
    24      27s    12m00s    0.0004   1.0000   0.4539     0.4525    0.8187   0.4465    4.89e-05  (ETA 1h28m05s)
    25      26s    12m27s    0.0007   1.0000   0.4554     0.4564    0.8206   0.4477    4.89e-05  (ETA 1h27m09s)
    26      33s    13m00s    0.0002   1.0000   0.4539     0.4556    0.8208   0.4442    4.89e-05  (ETA 1h27m00s)
    27      36s    13m36s    0.0001   1.0000   0.4509     0.4533    0.8202   0.4428    4.89e-05  (ETA 1h27m09s)
    28      28s    14m04s    0.0002   1.0000   0.4449     0.4460    0.8197   0.4354    4.89e-05  (ETA 1h26m30s)
Early stopping at epoch 28 (patience=10)
─────────────────────────────────────────────────────────────────────────────────────────────────────────
ft complete — 28 epochs | total: 14m04s | best epoch=17 val_acc=0.4658
─────────────────────────────────────────────────────────────────────────────────────────────────────────
LoRA adapter saved → /home/apasinato/jade-mscthesis/outputs/ft_checkpoints/ft_thu-ep_9-class_w10s10_pool_no_r16_nomixup_fold_3/lora_adapter
Head weights saved → /home/apasinato/jade-mscthesis/outputs/ft_checkpoints/ft_thu-ep_9-class_w10s10_pool_no_r16_nomixup_fold_3/head_weights.pt

#########################################################################################################
  Fold 4/10  |  thu-ep  |  task=9-class  |  pooling=no  |  LoRA r=16  |  device=cuda
  train: 71 subjects  |  val: 8 subjects
#########################################################################################################
Building datasets ...  done in 31s  (train=5,940  val=672)

>>> Stage 1: LP warmup  |  trainable params: 1,695,241

─────────────────────────────────────────────────────────────────────────────────────────────────────────
  Stage: lp  |  lr=0.005  |  max_epochs=20  |  grad_clip=2.0
 Epoch   EpTime   Elapsed    TrLoss    TrAcc    VaAcc   VaBalAcc   VaAUROC    VaF1w          LR
─────────────────────────────────────────────────────────────────────────────────────────────────────────
     1      17s       17s    2.7905   0.1121   0.1071     0.1111    0.6827   0.0207    6.02e-04  (ETA 5m38s)
     2       8s       25s   14.3424   0.1360   0.1101     0.1142    0.6861   0.0261    1.92e-03  (ETA 3m53s)
     3      18s       44s   42.0450   0.1397   0.1443     0.1331    0.5757   0.0591    4.78e-03  (ETA 4m13s)
     4      15s     1m00s   47.6794   0.1603   0.1235     0.1281    0.6665   0.0452    4.78e-03  (ETA 4m01s)
     5       9s     1m10s   21.9679   0.2327   0.1920     0.1910    0.7326   0.1314    4.78e-03  (ETA 3m30s)
     6       8s     1m18s   11.1151   0.3407   0.2634     0.2728    0.7704   0.2036    4.78e-03  (ETA 3m03s)
     7      11s     1m30s    4.1799   0.5461   0.2693     0.2650    0.7809   0.2247    4.78e-03  (ETA 2m48s)
     8      20s     1m50s    2.9747   0.6293   0.2440     0.2427    0.7768   0.1982    4.78e-03  (ETA 2m46s)
     9       7s     1m58s    2.0849   0.6965   0.3021     0.3125    0.7892   0.2404    4.78e-03  (ETA 2m24s)
    10      16s     2m14s    1.6586   0.7414   0.3304     0.3407    0.7843   0.3105    4.78e-03  (ETA 2m14s)
    11      25s     2m39s    0.9808   0.8212   0.3765     0.3827    0.8101   0.3442    4.78e-03  (ETA 2m10s)
    12      22s     3m02s    0.7657   0.8513   0.4226     0.4140    0.8053   0.4078    4.78e-03  (ETA 2m01s)
    13      12s     3m15s    0.8103   0.8576   0.4286     0.4194    0.8141   0.4171    4.78e-03  (ETA 1m45s)
    14      31s     3m46s    0.9655   0.8478   0.3899     0.3870    0.8155   0.3666    4.78e-03  (ETA 1m36s)
    15      25s     4m11s    1.1717   0.8268   0.2783     0.2863    0.7980   0.2391    4.78e-03  (ETA 1m23s)
    16       7s     4m18s    1.0283   0.8591   0.4092     0.4066    0.8048   0.3779    4.78e-03  (ETA 1m04s)
    17       8s     4m27s    0.9167   0.8599   0.3780     0.3881    0.8133   0.3472    4.78e-03  (ETA 47s)
    18      25s     4m53s    0.5079   0.9069   0.3810     0.3827    0.8064   0.3691    4.78e-03  (ETA 32s)
    19      16s     5m09s    0.3846   0.9305   0.3676     0.3700    0.8011   0.3439    4.78e-03  (ETA 16s)
    20      25s     5m34s    0.1792   0.9631   0.3780     0.3723    0.8023   0.3641    2.39e-03  (done)
─────────────────────────────────────────────────────────────────────────────────────────────────────────
lp complete — 20 epochs | total: 5m34s | best epoch=13 val_acc=0.4286
─────────────────────────────────────────────────────────────────────────────────────────────────────────

>>> Stage 2: LoRA fine-tuning
  Parameters: 2,776,585 trainable / 71,966,217 total (3.86%)  |  LoRA: 1,081,344

─────────────────────────────────────────────────────────────────────────────────────────────────────────
  Stage: ft  |  lr=0.0001  |  max_epochs=200  |  grad_clip=2.0
 Epoch   EpTime   Elapsed    TrLoss    TrAcc    VaAcc   VaBalAcc   VaAUROC    VaF1w          LR
─────────────────────────────────────────────────────────────────────────────────────────────────────────
     1      31s       31s    1.8595   0.6857   0.3467     0.3434    0.7644   0.3426    6.15e-06  (ETA 1h45m28s)
     2      17s       49s    0.5789   0.8652   0.3958     0.3931    0.7791   0.3918    1.63e-05  (ETA 1h22m06s)
     3      24s     1m14s    0.2774   0.9239   0.4315     0.4259    0.8001   0.4260    3.23e-05  (ETA 1h21m35s)
     4      40s     1m54s    0.1286   0.9630   0.4658     0.4603    0.8173   0.4573    5.76e-05  (ETA 1h33m34s)
     5      27s     2m21s    0.0703   0.9774   0.4420     0.4352    0.8220   0.4324    9.78e-05  (ETA 1h32m03s)
     6      17s     2m39s    0.0506   0.9842   0.4420     0.4306    0.8203   0.4328    9.78e-05  (ETA 1h25m54s)
     7      28s     3m07s    0.0355   0.9880   0.4390     0.4425    0.8285   0.4332    9.78e-05  (ETA 1h26m09s)
     8      44s     3m51s    0.0196   0.9921   0.4554     0.4510    0.8336   0.4502    9.78e-05  (ETA 1h32m37s)
     9      35s     4m27s    0.0096   0.9971   0.4628     0.4583    0.8353   0.4525    9.78e-05  (ETA 1h34m37s)
    10      25s     4m53s    0.0137   0.9956   0.4464     0.4410    0.8316   0.4448    9.78e-05  (ETA 1h32m49s)
    11      23s     5m17s    0.0066   0.9983   0.4539     0.4552    0.8284   0.4487    9.78e-05  (ETA 1h30m47s)
    12      30s     5m47s    0.0055   0.9985   0.4583     0.4533    0.8289   0.4549    9.78e-05  (ETA 1h30m38s)
    13      25s     6m12s    0.0058   0.9988   0.4658     0.4622    0.8326   0.4600    9.78e-05  (ETA 1h29m22s)
    14      40s     6m52s    0.0033   0.9992   0.4702     0.4637    0.8326   0.4618    9.78e-05  (ETA 1h31m25s)
    15      28s     7m21s    0.0032   0.9998   0.4613     0.4556    0.8326   0.4517    9.78e-05  (ETA 1h30m43s)
    16      28s     7m50s    0.0024   0.9993   0.4554     0.4522    0.8328   0.4469    9.78e-05  (ETA 1h30m06s)
    17      25s     8m15s    0.0048   0.9981   0.4717     0.4633    0.8361   0.4620    9.78e-05  (ETA 1h28m58s)
    18      21s     8m37s    0.0018   0.9997   0.4732     0.4668    0.8361   0.4665    9.78e-05  (ETA 1h27m13s)
    19      32s     9m09s    0.0038   0.9995   0.4464     0.4406    0.8288   0.4447    9.78e-05  (ETA 1h27m19s)
    20      26s     9m36s    0.0078   0.9976   0.4658     0.4645    0.8397   0.4616    9.78e-05  (ETA 1h26m30s)
    21      17s     9m54s    0.0026   0.9993   0.4777     0.4699    0.8393   0.4734    9.78e-05  (ETA 1h24m25s)
    22      17s    10m11s    0.0004   1.0000   0.4777     0.4726    0.8408   0.4754    9.78e-05  (ETA 1h22m29s)
    23      17s    10m29s    0.0002   1.0000   0.4836     0.4769    0.8408   0.4799    9.78e-05  (ETA 1h20m43s)
    24      17s    10m46s    0.0002   1.0000   0.4762     0.4707    0.8406   0.4734    9.78e-05  (ETA 1h19m03s)
    25      17s    11m04s    0.0006   0.9998   0.4673     0.4587    0.8357   0.4610    9.78e-05  (ETA 1h17m29s)
    26      17s    11m21s    0.0032   0.9990   0.4702     0.4657    0.8382   0.4643    9.78e-05  (ETA 1h16m03s)
    27      17s    11m39s    0.0033   0.9988   0.4494     0.4464    0.8371   0.4476    9.78e-05  (ETA 1h14m41s)
    28      17s    11m57s    0.0043   0.9985   0.4836     0.4803    0.8422   0.4788    9.78e-05  (ETA 1h13m24s)
    29      17s    12m14s    0.0006   0.9997   0.4792     0.4730    0.8385   0.4774    9.78e-05  (ETA 1h12m10s)
    30      17s    12m31s    0.0010   0.9997   0.4762     0.4726    0.8395   0.4721    4.89e-05  (ETA 1h11m01s)
    31      17s    12m49s    0.0002   1.0000   0.4821     0.4757    0.8392   0.4782    4.89e-05  (ETA 1h09m55s)
    32      17s    13m07s    0.0006   0.9998   0.4762     0.4699    0.8391   0.4745    4.89e-05  (ETA 1h08m51s)
    33      17s    13m24s    0.0002   1.0000   0.4881     0.4815    0.8408   0.4842    4.89e-05  (ETA 1h07m51s)
    34      17s    13m42s    0.0001   1.0000   0.4881     0.4815    0.8400   0.4842    4.89e-05  (ETA 1h06m53s)
    35      17s    13m59s    0.0001   1.0000   0.4881     0.4826    0.8411   0.4815    4.89e-05  (ETA 1h05m57s)
    36      17s    14m17s    0.0006   0.9998   0.4792     0.4730    0.8413   0.4755    4.89e-05  (ETA 1h05m04s)
    37      17s    14m34s    0.0001   1.0000   0.4836     0.4772    0.8408   0.4797    4.89e-05  (ETA 1h04m12s)
    38      17s    14m52s    0.0001   1.0000   0.4821     0.4769    0.8404   0.4798    4.89e-05  (ETA 1h03m23s)
    39      17s    15m09s    0.0002   1.0000   0.4792     0.4734    0.8393   0.4747    4.89e-05  (ETA 1h02m35s)
    40      17s    15m27s    0.0002   1.0000   0.4792     0.4722    0.8384   0.4750    2.45e-05  (ETA 1h01m49s)
    41      17s    15m44s    0.0001   1.0000   0.4777     0.4718    0.8399   0.4737    2.45e-05  (ETA 1h01m03s)
    42      17s    16m02s    0.0001   1.0000   0.4747     0.4684    0.8388   0.4716    2.45e-05  (ETA 1h00m20s)
    43      17s    16m20s    0.0001   1.0000   0.4777     0.4707    0.8392   0.4739    2.45e-05  (ETA 59m38s)
    44      17s    16m37s    0.0001   1.0000   0.4747     0.4680    0.8390   0.4703    2.45e-05  (ETA 58m57s)
Early stopping at epoch 44 (patience=10)
─────────────────────────────────────────────────────────────────────────────────────────────────────────
ft complete — 44 epochs | total: 16m37s | best epoch=33 val_acc=0.4881
─────────────────────────────────────────────────────────────────────────────────────────────────────────
LoRA adapter saved → /home/apasinato/jade-mscthesis/outputs/ft_checkpoints/ft_thu-ep_9-class_w10s10_pool_no_r16_nomixup_fold_4/lora_adapter
Head weights saved → /home/apasinato/jade-mscthesis/outputs/ft_checkpoints/ft_thu-ep_9-class_w10s10_pool_no_r16_nomixup_fold_4/head_weights.pt

#########################################################################################################
  Fold 5/10  |  thu-ep  |  task=9-class  |  pooling=no  |  LoRA r=16  |  device=cuda
  train: 71 subjects  |  val: 8 subjects
#########################################################################################################
Building datasets ...  done in 0s  (train=5,940  val=672)

>>> Stage 1: LP warmup  |  trainable params: 1,695,241

─────────────────────────────────────────────────────────────────────────────────────────────────────────
  Stage: lp  |  lr=0.005  |  max_epochs=20  |  grad_clip=2.0
 Epoch   EpTime   Elapsed    TrLoss    TrAcc    VaAcc   VaBalAcc   VaAUROC    VaF1w          LR
─────────────────────────────────────────────────────────────────────────────────────────────────────────
     1       7s        7s    3.3393   0.1249   0.2098     0.1863    0.7027   0.1132    5.93e-04  (ETA 2m24s)
     2       7s       15s   10.4443   0.1332   0.1071     0.1111    0.7045   0.0207    1.92e-03  (ETA 2m15s)
     3       7s       22s   36.5011   0.1298   0.1071     0.1111    0.6324   0.0207    4.78e-03  (ETA 2m07s)
     4       7s       30s   43.8206   0.1535   0.2083     0.2149    0.7132   0.1234    4.78e-03  (ETA 2m01s)
     5       7s       37s   24.9310   0.2481   0.1815     0.1802    0.7220   0.1098    4.78e-03  (ETA 1m53s)
     6       7s       45s    9.2046   0.4241   0.3229     0.3237    0.7861   0.2966    4.78e-03  (ETA 1m45s)
     7       7s       52s    5.0621   0.5372   0.3110     0.2940    0.7938   0.2590    4.78e-03  (ETA 1m38s)
     8       7s     1m00s    3.1113   0.6562   0.2515     0.2589    0.7731   0.1948    4.78e-03  (ETA 1m30s)
     9       7s     1m07s    2.2640   0.7145   0.3482     0.3476    0.8098   0.3417    4.78e-03  (ETA 1m22s)
    10       7s     1m15s    1.7879   0.7751   0.3929     0.3993    0.8150   0.3709    4.78e-03  (ETA 1m15s)
    11       7s     1m22s    1.2759   0.8202   0.3571     0.3499    0.8129   0.3293    4.78e-03  (ETA 1m07s)
    12       7s     1m30s    1.0404   0.8485   0.3586     0.3696    0.8091   0.3358    4.78e-03  (ETA 1m00s)
    13       7s     1m37s    0.7231   0.8884   0.4137     0.4190    0.8114   0.4013    4.78e-03  (ETA 52s)
    14       7s     1m45s    1.4043   0.8269   0.3646     0.3750    0.8046   0.3293    4.78e-03  (ETA 45s)
    15       7s     1m53s    0.9572   0.8699   0.3720     0.3777    0.8155   0.3425    4.78e-03  (ETA 37s)
    16       7s     2m00s    1.0396   0.8660   0.3363     0.3306    0.8028   0.3147    4.78e-03  (ETA 30s)
    17      10s     2m10s    0.5308   0.9131   0.4449     0.4414    0.8235   0.4318    4.78e-03  (ETA 23s)
    18      26s     2m37s    0.8128   0.9045   0.4301     0.4286    0.8284   0.4074    4.78e-03  (ETA 17s)
    19      23s     3m00s    0.3886   0.9382   0.3214     0.3295    0.8019   0.3019    4.78e-03  (ETA 9s)
    20      25s     3m26s    0.3466   0.9438   0.3229     0.3341    0.8027   0.2860    4.78e-03  (done)
─────────────────────────────────────────────────────────────────────────────────────────────────────────
lp complete — 20 epochs | total: 3m26s | best epoch=17 val_acc=0.4449
─────────────────────────────────────────────────────────────────────────────────────────────────────────

>>> Stage 2: LoRA fine-tuning
  Parameters: 2,776,585 trainable / 71,966,217 total (3.86%)  |  LoRA: 1,081,344

─────────────────────────────────────────────────────────────────────────────────────────────────────────
  Stage: ft  |  lr=0.0001  |  max_epochs=200  |  grad_clip=2.0
 Epoch   EpTime   Elapsed    TrLoss    TrAcc    VaAcc   VaBalAcc   VaAUROC    VaF1w          LR
─────────────────────────────────────────────────────────────────────────────────────────────────────────
     1      31s       31s    5.5003   0.4934   0.3051     0.3005    0.7536   0.2775    6.07e-06  (ETA 1h43m10s)
     2      22s       53s    0.8331   0.8473   0.3557     0.3615    0.7723   0.3443    1.61e-05  (ETA 1h29m02s)
     3      23s     1m17s    0.2927   0.9303   0.3765     0.3792    0.7900   0.3716    3.20e-05  (ETA 1h25m17s)
     4      21s     1m39s    0.1457   0.9640   0.3854     0.3866    0.8047   0.3777    5.73e-05  (ETA 1h21m18s)
     5      20s     1m59s    0.1024   0.9741   0.3973     0.4028    0.8120   0.3852    9.73e-05  (ETA 1h17m42s)
     6      19s     2m18s    0.0521   0.9850   0.4494     0.4552    0.8236   0.4383    9.73e-05  (ETA 1h14m50s)
     7      26s     2m45s    0.0203   0.9928   0.4226     0.4236    0.8230   0.4108    9.73e-05  (ETA 1h16m01s)
     8      18s     3m04s    0.0314   0.9916   0.4598     0.4660    0.8270   0.4515    9.73e-05  (ETA 1h13m38s)
     9      27s     3m31s    0.0142   0.9951   0.4464     0.4506    0.8234   0.4402    9.73e-05  (ETA 1h14m43s)
    10      32s     4m04s    0.0132   0.9958   0.4524     0.4603    0.8309   0.4472    9.73e-05  (ETA 1h17m17s)
    11      31s     4m36s    0.0041   0.9983   0.4539     0.4564    0.8304   0.4547    9.73e-05  (ETA 1h19m03s)
    12      17s     4m53s    0.0052   0.9978   0.4539     0.4614    0.8296   0.4517    9.73e-05  (ETA 1h16m41s)
    13      23s     5m17s    0.0015   0.9993   0.4643     0.4672    0.8289   0.4593    9.73e-05  (ETA 1h16m02s)
    14      17s     5m34s    0.0087   0.9978   0.4211     0.4290    0.8247   0.4126    9.73e-05  (ETA 1h14m09s)
    15      17s     5m52s    0.0019   0.9993   0.4568     0.4610    0.8308   0.4504    9.73e-05  (ETA 1h12m27s)
    16      17s     6m10s    0.0039   0.9981   0.4539     0.4587    0.8285   0.4446    9.73e-05  (ETA 1h10m55s)
    17      17s     6m27s    0.0008   0.9997   0.4643     0.4691    0.8305   0.4554    9.73e-05  (ETA 1h09m31s)
    18      18s     6m45s    0.0001   1.0000   0.4673     0.4722    0.8305   0.4597    9.73e-05  (ETA 1h08m21s)
    19      17s     7m03s    0.0001   1.0000   0.4539     0.4579    0.8283   0.4473    9.73e-05  (ETA 1h07m11s)
    20      17s     7m20s    0.0001   1.0000   0.4658     0.4703    0.8303   0.4577    9.73e-05  (ETA 1h06m05s)
    21      17s     7m38s    0.0048   0.9987   0.4375     0.4406    0.8254   0.4258    9.73e-05  (ETA 1h05m05s)
    22      17s     7m56s    0.0077   0.9970   0.4435     0.4525    0.8254   0.4309    9.73e-05  (ETA 1h04m11s)
    23      17s     8m13s    0.0054   0.9987   0.4539     0.4606    0.8280   0.4453    9.73e-05  (ETA 1h03m18s)
    24      23s     8m37s    0.0010   0.9997   0.4598     0.4637    0.8281   0.4559    9.73e-05  (ETA 1h03m14s)
    25      33s     9m11s    0.0003   1.0000   0.4568     0.4614    0.8288   0.4488    4.86e-05  (ETA 1h04m18s)
    26      18s     9m29s    0.0009   0.9997   0.4509     0.4576    0.8294   0.4472    4.86e-05  (ETA 1h03m32s)
    27      23s     9m53s    0.0001   1.0000   0.4628     0.4684    0.8299   0.4591    4.86e-05  (ETA 1h03m23s)
    28      27s    10m21s    0.0000   1.0000   0.4702     0.4757    0.8303   0.4635    4.86e-05  (ETA 1h03m36s)
    29      26s    10m47s    0.0000   1.0000   0.4673     0.4738    0.8305   0.4600    4.86e-05  (ETA 1h03m40s)
    30      33s    11m21s    0.0000   1.0000   0.4628     0.4684    0.8292   0.4543    4.86e-05  (ETA 1h04m20s)
    31      21s    11m42s    0.0000   1.0000   0.4643     0.4695    0.8295   0.4552    4.86e-05  (ETA 1h03m51s)
    32      17s    12m00s    0.0000   1.0000   0.4628     0.4684    0.8295   0.4536    4.86e-05  (ETA 1h03m01s)
    33      17s    12m17s    0.0000   1.0000   0.4643     0.4703    0.8292   0.4564    4.86e-05  (ETA 1h02m13s)
    34      17s    12m35s    0.0001   1.0000   0.4643     0.4699    0.8298   0.4588    4.86e-05  (ETA 1h01m27s)
    35      18s    12m54s    0.0001   1.0000   0.4464     0.4514    0.8288   0.4434    2.43e-05  (ETA 1h00m49s)
    36      18s    13m12s    0.0001   1.0000   0.4598     0.4649    0.8298   0.4552    2.43e-05  (ETA 1h00m10s)
    37      17s    13m29s    0.0000   1.0000   0.4673     0.4726    0.8298   0.4621    2.43e-05  (ETA 59m28s)
    38      17s    13m47s    0.0000   1.0000   0.4673     0.4726    0.8305   0.4613    2.43e-05  (ETA 58m47s)
    39      17s    14m04s    0.0000   1.0000   0.4658     0.4711    0.8300   0.4596    2.43e-05  (ETA 58m08s)
Early stopping at epoch 39 (patience=10)
─────────────────────────────────────────────────────────────────────────────────────────────────────────
ft complete — 39 epochs | total: 14m04s | best epoch=28 val_acc=0.4702
─────────────────────────────────────────────────────────────────────────────────────────────────────────
LoRA adapter saved → /home/apasinato/jade-mscthesis/outputs/ft_checkpoints/ft_thu-ep_9-class_w10s10_pool_no_r16_nomixup_fold_5/lora_adapter
Head weights saved → /home/apasinato/jade-mscthesis/outputs/ft_checkpoints/ft_thu-ep_9-class_w10s10_pool_no_r16_nomixup_fold_5/head_weights.pt

#########################################################################################################
  Fold 6/10  |  thu-ep  |  task=9-class  |  pooling=no  |  LoRA r=16  |  device=cuda
  train: 71 subjects  |  val: 8 subjects
#########################################################################################################
Building datasets ...  done in 19s  (train=5,949  val=663)

>>> Stage 1: LP warmup  |  trainable params: 1,695,241

─────────────────────────────────────────────────────────────────────────────────────────────────────────
  Stage: lp  |  lr=0.005  |  max_epochs=20  |  grad_clip=2.0
 Epoch   EpTime   Elapsed    TrLoss    TrAcc    VaAcc   VaBalAcc   VaAUROC    VaF1w          LR
─────────────────────────────────────────────────────────────────────────────────────────────────────────
     1      13s       13s    2.9161   0.1308   0.1086     0.1111    0.6623   0.0213    6.02e-04  (ETA 4m14s)
     2      11s       25s   15.8527   0.1392   0.1357     0.1403    0.6751   0.0471    1.92e-03  (ETA 3m46s)
     3      10s       35s   45.1424   0.1288   0.1448     0.1482    0.6647   0.0769    4.78e-03  (ETA 3m22s)
     4      13s       49s   50.7199   0.1642   0.1388     0.1378    0.6761   0.0692    4.78e-03  (ETA 3m16s)
     5      17s     1m06s   19.0978   0.2676   0.2956     0.2910    0.7444   0.2367    4.78e-03  (ETA 3m19s)
     6       8s     1m14s    8.3623   0.4223   0.3379     0.3380    0.7793   0.3048    4.78e-03  (ETA 2m54s)
     7       8s     1m23s    3.6728   0.5870   0.3801     0.3874    0.8103   0.3680    4.78e-03  (ETA 2m34s)
     8      12s     1m35s    2.7969   0.6667   0.4133     0.4166    0.8075   0.3933    4.78e-03  (ETA 2m23s)
     9      17s     1m53s    2.9851   0.6720   0.3198     0.3170    0.7908   0.2826    4.78e-03  (ETA 2m18s)
    10      17s     2m10s    1.7082   0.7623   0.3363     0.3349    0.7902   0.2978    4.78e-03  (ETA 2m10s)
    11       7s     2m18s    1.1347   0.8275   0.3454     0.3502    0.8070   0.3101    4.78e-03  (ETA 1m53s)
    12      21s     2m40s    0.8230   0.8595   0.3665     0.3678    0.8011   0.3527    4.78e-03  (ETA 1m46s)
    13      16s     2m56s    0.9647   0.8529   0.3650     0.3659    0.8107   0.3561    4.78e-03  (ETA 1m35s)
    14      24s     3m21s    0.8186   0.8743   0.3891     0.3914    0.8053   0.3744    4.78e-03  (ETA 1m26s)
    15       9s     3m31s    0.7520   0.8864   0.3725     0.3592    0.8092   0.3493    2.39e-03  (ETA 1m10s)
    16      10s     3m41s    0.1384   0.9654   0.4087     0.4114    0.8201   0.4063    2.39e-03  (ETA 55s)
    17       8s     3m50s    0.0902   0.9813   0.3725     0.3614    0.8114   0.3651    2.39e-03  (ETA 40s)
    18      20s     4m11s    0.1024   0.9743   0.4012     0.3985    0.8170   0.3814    2.39e-03  (ETA 27s)
    19      12s     4m24s    0.0795   0.9795   0.4133     0.4039    0.8235   0.4070    2.39e-03  (ETA 13s)
Early stopping at epoch 19 (patience=10)
─────────────────────────────────────────────────────────────────────────────────────────────────────────
lp complete — 19 epochs | total: 4m24s | best epoch=8 val_acc=0.4133
─────────────────────────────────────────────────────────────────────────────────────────────────────────

>>> Stage 2: LoRA fine-tuning
  Parameters: 2,776,585 trainable / 71,966,217 total (3.86%)  |  LoRA: 1,081,344

─────────────────────────────────────────────────────────────────────────────────────────────────────────
  Stage: ft  |  lr=0.0001  |  max_epochs=200  |  grad_clip=2.0
 Epoch   EpTime   Elapsed    TrLoss    TrAcc    VaAcc   VaBalAcc   VaAUROC    VaF1w          LR
─────────────────────────────────────────────────────────────────────────────────────────────────────────
     1      17s       17s    2.1552   0.6041   0.3152     0.3058    0.7355   0.3111    6.24e-06  (ETA 58m27s)
     2      17s       35s    0.8004   0.7862   0.3409     0.3347    0.7465   0.3434    1.64e-05  (ETA 58m10s)
     3      17s       52s    0.4813   0.8531   0.3575     0.3480    0.7749   0.3492    3.25e-05  (ETA 57m55s)
     4      17s     1m10s    0.3140   0.9038   0.3922     0.3881    0.7936   0.3905    5.80e-05  (ETA 57m51s)
     5      17s     1m28s    0.2357   0.9227   0.3514     0.3382    0.7978   0.3353    9.84e-05  (ETA 57m32s)
     6      17s     1m46s    0.1855   0.9402   0.4223     0.4156    0.8144   0.4151    9.84e-05  (ETA 57m13s)
     7      17s     2m03s    0.1072   0.9642   0.4223     0.4122    0.8163   0.4231    9.84e-05  (ETA 56m53s)
     8      17s     2m21s    0.0879   0.9687   0.4072     0.3980    0.8187   0.3963    9.84e-05  (ETA 56m35s)
     9      17s     2m39s    0.0764   0.9748   0.4299     0.4308    0.8255   0.4221    9.84e-05  (ETA 56m17s)
    10      17s     2m56s    0.0770   0.9741   0.3937     0.3834    0.8173   0.3870    9.84e-05  (ETA 55m57s)
    11      17s     3m14s    0.0357   0.9874   0.4299     0.4253    0.8199   0.4219    9.84e-05  (ETA 55m37s)
    12      17s     3m31s    0.0279   0.9899   0.4646     0.4674    0.8241   0.4624    9.84e-05  (ETA 55m19s)
    13      17s     3m49s    0.0314   0.9877   0.4299     0.4314    0.8227   0.4224    9.84e-05  (ETA 55m03s)
    14      20s     4m09s    0.0205   0.9926   0.4449     0.4457    0.8233   0.4381    9.84e-05  (ETA 55m19s)
    15      37s     4m47s    0.0196   0.9926   0.4057     0.3975    0.8222   0.3954    9.84e-05  (ETA 59m05s)
    16      17s     5m05s    0.0121   0.9965   0.4374     0.4334    0.8257   0.4271    9.84e-05  (ETA 58m29s)
    17      26s     5m31s    0.0097   0.9968   0.4480     0.4424    0.8253   0.4448    9.84e-05  (ETA 59m27s)
    18      17s     5m49s    0.0117   0.9961   0.4404     0.4355    0.8213   0.4326    9.84e-05  (ETA 58m52s)
    19      18s     6m07s    0.0075   0.9971   0.4570     0.4547    0.8266   0.4520    4.92e-05  (ETA 58m24s)
    20      19s     6m27s    0.0015   0.9998   0.4570     0.4538    0.8271   0.4561    4.92e-05  (ETA 58m08s)
    21      25s     6m53s    0.0009   0.9998   0.4600     0.4571    0.8279   0.4576    4.92e-05  (ETA 58m41s)
    22      18s     7m11s    0.0014   0.9998   0.4540     0.4504    0.8257   0.4530    4.92e-05  (ETA 58m11s)
    23      17s     7m29s    0.0004   1.0000   0.4510     0.4458    0.8266   0.4509    4.92e-05  (ETA 57m37s)
Early stopping at epoch 23 (patience=10)
─────────────────────────────────────────────────────────────────────────────────────────────────────────
ft complete — 23 epochs | total: 7m29s | best epoch=12 val_acc=0.4646
─────────────────────────────────────────────────────────────────────────────────────────────────────────
LoRA adapter saved → /home/apasinato/jade-mscthesis/outputs/ft_checkpoints/ft_thu-ep_9-class_w10s10_pool_no_r16_nomixup_fold_6/lora_adapter
Head weights saved → /home/apasinato/jade-mscthesis/outputs/ft_checkpoints/ft_thu-ep_9-class_w10s10_pool_no_r16_nomixup_fold_6/head_weights.pt

#########################################################################################################
  Fold 7/10  |  thu-ep  |  task=9-class  |  pooling=no  |  LoRA r=16  |  device=cuda
  train: 71 subjects  |  val: 8 subjects
#########################################################################################################
Building datasets ...  done in 20s  (train=5,940  val=672)

>>> Stage 1: LP warmup  |  trainable params: 1,695,241

─────────────────────────────────────────────────────────────────────────────────────────────────────────
  Stage: lp  |  lr=0.005  |  max_epochs=20  |  grad_clip=2.0
 Epoch   EpTime   Elapsed    TrLoss    TrAcc    VaAcc   VaBalAcc   VaAUROC    VaF1w          LR
─────────────────────────────────────────────────────────────────────────────────────────────────────────
     1      13s       13s    2.8187   0.1283   0.1994     0.2068    0.7228   0.1008    6.02e-04  (ETA 4m21s)
     2      13s       27s   15.1683   0.1391   0.1295     0.1343    0.6465   0.0524    1.92e-03  (ETA 4m04s)
     3       7s       34s   44.1497   0.1315   0.1429     0.1111    0.6258   0.0357    4.78e-03  (ETA 3m17s)
     4       7s       42s   50.1730   0.1631   0.2470     0.2353    0.7220   0.1912    4.78e-03  (ETA 2m49s)
     5       7s       49s   14.1244   0.3118   0.3244     0.3183    0.7716   0.2828    4.78e-03  (ETA 2m29s)
     6       7s       57s    8.3210   0.4702   0.1830     0.1894    0.7656   0.1158    4.78e-03  (ETA 2m14s)
     7       7s     1m05s    4.6826   0.5919   0.3036     0.3121    0.7920   0.2870    4.78e-03  (ETA 2m00s)
     8       7s     1m12s    2.7723   0.6990   0.2753     0.2820    0.7893   0.1959    4.78e-03  (ETA 1m48s)
     9       7s     1m20s    2.2871   0.7409   0.3720     0.3677    0.8095   0.3322    4.78e-03  (ETA 1m37s)
    10       7s     1m27s    1.7758   0.7968   0.3378     0.3329    0.7852   0.3084    4.78e-03  (ETA 1m27s)
    11       8s     1m35s    1.2837   0.8478   0.2872     0.2793    0.7685   0.2649    4.78e-03  (ETA 1m18s)
    12       7s     1m43s    1.0112   0.8734   0.3289     0.3275    0.7950   0.3070    4.78e-03  (ETA 1m08s)
    13       7s     1m50s    1.3598   0.8512   0.3631     0.3623    0.8034   0.3607    4.78e-03  (ETA 59s)
    14       7s     1m58s    0.7900   0.8912   0.3110     0.3167    0.7917   0.3022    4.78e-03  (ETA 50s)
    15       7s     2m06s    0.9586   0.8899   0.4077     0.4090    0.8115   0.3967    4.78e-03  (ETA 42s)
    16       7s     2m13s    1.3622   0.8616   0.3333     0.3434    0.8095   0.2891    4.78e-03  (ETA 33s)
    17       7s     2m21s    1.0443   0.8909   0.2961     0.3036    0.7915   0.2387    4.78e-03  (ETA 24s)
    18       7s     2m28s    0.6602   0.9221   0.3497     0.3530    0.8016   0.3184    4.78e-03  (ETA 16s)
    19       7s     2m36s    0.4850   0.9377   0.3943     0.3877    0.8087   0.3801    4.78e-03  (ETA 8s)
    20       7s     2m44s    0.2493   0.9616   0.4003     0.4024    0.8177   0.3818    4.78e-03  (done)
─────────────────────────────────────────────────────────────────────────────────────────────────────────
lp complete — 20 epochs | total: 2m44s | best epoch=15 val_acc=0.4077
─────────────────────────────────────────────────────────────────────────────────────────────────────────

>>> Stage 2: LoRA fine-tuning
  Parameters: 2,776,585 trainable / 71,966,217 total (3.86%)  |  LoRA: 1,081,344

─────────────────────────────────────────────────────────────────────────────────────────────────────────
  Stage: ft  |  lr=0.0001  |  max_epochs=200  |  grad_clip=2.0
 Epoch   EpTime   Elapsed    TrLoss    TrAcc    VaAcc   VaBalAcc   VaAUROC    VaF1w          LR
─────────────────────────────────────────────────────────────────────────────────────────────────────────
     1      17s       17s   20.2487   0.1695   0.2039     0.2110    0.6825   0.1397    6.07e-06  (ETA 58m33s)
     2      17s       35s    3.3911   0.6318   0.2961     0.2959    0.7319   0.2925    1.61e-05  (ETA 58m19s)
     3      17s       53s    0.5498   0.8776   0.3423     0.3441    0.7668   0.3341    3.20e-05  (ETA 58m01s)
     4      19s     1m12s    0.2123   0.9429   0.3571     0.3515    0.7825   0.3530    5.73e-05  (ETA 58m55s)
     5      18s     1m30s    0.1165   0.9670   0.3765     0.3777    0.7876   0.3660    9.73e-05  (ETA 59m07s)
     6      17s     1m48s    0.0607   0.9823   0.4196     0.4228    0.8069   0.4197    9.73e-05  (ETA 58m30s)
     7      29s     2m17s    0.0588   0.9808   0.4137     0.4147    0.8075   0.4115    9.73e-05  (ETA 1h03m20s)
     8      19s     2m37s    0.0266   0.9912   0.4122     0.4070    0.8073   0.4108    9.73e-05  (ETA 1h02m49s)
     9      20s     2m57s    0.0152   0.9948   0.4315     0.4271    0.8195   0.4307    9.73e-05  (ETA 1h02m48s)
    10      19s     3m16s    0.0171   0.9956   0.4256     0.4232    0.8183   0.4260    9.73e-05  (ETA 1h02m16s)
    11      18s     3m34s    0.0091   0.9973   0.4271     0.4309    0.8193   0.4258    9.73e-05  (ETA 1h01m31s)
    12      21s     3m56s    0.0096   0.9968   0.4241     0.4194    0.8162   0.4261    9.73e-05  (ETA 1h01m47s)
    13      19s     4m16s    0.0166   0.9933   0.4330     0.4356    0.8201   0.4322    9.73e-05  (ETA 1h01m27s)
    14      26s     4m43s    0.0079   0.9978   0.4107     0.4066    0.8154   0.4066    9.73e-05  (ETA 1h02m44s)
    15      37s     5m21s    0.0063   0.9971   0.4301     0.4275    0.8237   0.4314    9.73e-05  (ETA 1h06m02s)
    16      30s     5m51s    0.0043   0.9983   0.4315     0.4309    0.8150   0.4352    9.73e-05  (ETA 1h07m20s)
    17      22s     6m14s    0.0028   0.9992   0.4435     0.4425    0.8230   0.4470    9.73e-05  (ETA 1h07m09s)
    18      28s     6m42s    0.0021   0.9990   0.4286     0.4294    0.8192   0.4277    9.73e-05  (ETA 1h07m48s)
    19      17s     6m59s    0.0029   0.9993   0.4315     0.4333    0.8202   0.4330    9.73e-05  (ETA 1h06m40s)
    20      17s     7m17s    0.0021   0.9988   0.4375     0.4367    0.8225   0.4372    9.73e-05  (ETA 1h05m37s)
    21      17s     7m35s    0.0001   1.0000   0.4271     0.4267    0.8206   0.4274    9.73e-05  (ETA 1h04m42s)
    22      20s     7m56s    0.0020   0.9995   0.4360     0.4329    0.8247   0.4390    9.73e-05  (ETA 1h04m12s)
    23      17s     8m13s    0.0042   0.9983   0.4152     0.4124    0.8200   0.4117    9.73e-05  (ETA 1h03m19s)
    24      17s     8m31s    0.0044   0.9983   0.4226     0.4217    0.8210   0.4145    4.86e-05  (ETA 1h02m29s)
    25      17s     8m48s    0.0006   0.9998   0.4271     0.4267    0.8245   0.4295    4.86e-05  (ETA 1h01m42s)
    26      17s     9m06s    0.0000   1.0000   0.4375     0.4367    0.8248   0.4402    4.86e-05  (ETA 1h00m58s)
    27      17s     9m24s    0.0001   1.0000   0.4405     0.4394    0.8243   0.4429    4.86e-05  (ETA 1h00m14s)
    28      17s     9m41s    0.0000   1.0000   0.4330     0.4317    0.8243   0.4354    4.86e-05  (ETA 59m32s)
Early stopping at epoch 28 (patience=10)
─────────────────────────────────────────────────────────────────────────────────────────────────────────
ft complete — 28 epochs | total: 9m41s | best epoch=17 val_acc=0.4435
─────────────────────────────────────────────────────────────────────────────────────────────────────────
LoRA adapter saved → /home/apasinato/jade-mscthesis/outputs/ft_checkpoints/ft_thu-ep_9-class_w10s10_pool_no_r16_nomixup_fold_7/lora_adapter
Head weights saved → /home/apasinato/jade-mscthesis/outputs/ft_checkpoints/ft_thu-ep_9-class_w10s10_pool_no_r16_nomixup_fold_7/head_weights.pt

#########################################################################################################
  Fold 8/10  |  thu-ep  |  task=9-class  |  pooling=no  |  LoRA r=16  |  device=cuda
  train: 71 subjects  |  val: 8 subjects
#########################################################################################################
Building datasets ...  done in 1s  (train=5,940  val=672)

>>> Stage 1: LP warmup  |  trainable params: 1,695,241

─────────────────────────────────────────────────────────────────────────────────────────────────────────
  Stage: lp  |  lr=0.005  |  max_epochs=20  |  grad_clip=2.0
 Epoch   EpTime   Elapsed    TrLoss    TrAcc    VaAcc   VaBalAcc   VaAUROC    VaF1w          LR
─────────────────────────────────────────────────────────────────────────────────────────────────────────
     1       7s        7s    2.9158   0.1305   0.1071     0.1111    0.7183   0.0207    5.93e-04  (ETA 2m26s)
     2       7s       15s   12.9808   0.1539   0.1116     0.1157    0.7148   0.0292    1.92e-03  (ETA 2m17s)
     3       7s       22s   42.8911   0.1396   0.1429     0.1111    0.6117   0.0357    4.78e-03  (ETA 2m10s)
     4       7s       30s   61.6049   0.1505   0.2098     0.1867    0.7457   0.1103    4.78e-03  (ETA 2m02s)
     5       7s       38s   16.5630   0.3042   0.2381     0.2141    0.7712   0.1444    4.78e-03  (ETA 1m54s)
     6      15s       53s    8.8675   0.4335   0.2411     0.2450    0.7709   0.1960    4.78e-03  (ETA 2m04s)
     7      20s     1m13s    4.5473   0.6113   0.4360     0.4414    0.8432   0.4239    4.78e-03  (ETA 2m17s)
     8      27s     1m41s    2.3925   0.7249   0.3110     0.3198    0.8156   0.2668    4.78e-03  (ETA 2m32s)
     9      12s     1m54s    2.2260   0.7446   0.3393     0.3495    0.8231   0.2917    4.78e-03  (ETA 2m19s)
    10       9s     2m03s    1.5599   0.8086   0.4182     0.4140    0.8360   0.3920    4.78e-03  (ETA 2m03s)
    11       9s     2m12s    1.4554   0.8153   0.4152     0.4086    0.8317   0.4063    4.78e-03  (ETA 1m48s)
    12       7s     2m20s    1.4582   0.8475   0.3824     0.3885    0.8298   0.3644    4.78e-03  (ETA 1m33s)
    13       7s     2m28s    1.0741   0.8648   0.3586     0.3569    0.8203   0.3321    4.78e-03  (ETA 1m19s)
    14       7s     2m35s    0.9713   0.8795   0.3690     0.3731    0.8270   0.3345    2.39e-03  (ETA 1m06s)
    15      22s     2m58s    0.2016   0.9668   0.4554     0.4606    0.8397   0.4501    2.39e-03  (ETA 59s)
    16       7s     3m05s    0.1542   0.9685   0.4494     0.4491    0.8414   0.4373    2.39e-03  (ETA 46s)
    17      22s     3m28s    0.1023   0.9768   0.4092     0.4074    0.8352   0.3924    2.39e-03  (ETA 36s)
    18      30s     3m58s    0.1677   0.9682   0.4003     0.3924    0.8295   0.3921    2.39e-03  (ETA 26s)
    19       9s     4m08s    0.0499   0.9889   0.4479     0.4421    0.8370   0.4281    2.39e-03  (ETA 13s)
    20      13s     4m21s    0.0611   0.9850   0.4345     0.4344    0.8366   0.4217    2.39e-03  (done)
─────────────────────────────────────────────────────────────────────────────────────────────────────────
lp complete — 20 epochs | total: 4m21s | best epoch=15 val_acc=0.4554
─────────────────────────────────────────────────────────────────────────────────────────────────────────

>>> Stage 2: LoRA fine-tuning
  Parameters: 2,776,585 trainable / 71,966,217 total (3.86%)  |  LoRA: 1,081,344

─────────────────────────────────────────────────────────────────────────────────────────────────────────
  Stage: ft  |  lr=0.0001  |  max_epochs=200  |  grad_clip=2.0
 Epoch   EpTime   Elapsed    TrLoss    TrAcc    VaAcc   VaBalAcc   VaAUROC    VaF1w          LR
─────────────────────────────────────────────────────────────────────────────────────────────────────────
     1      24s       24s   26.1031   0.1305   0.1741     0.1802    0.7146   0.1089    6.07e-06  (ETA 1h21m25s)
     2      32s       56s    4.4226   0.5776   0.3676     0.3700    0.7873   0.3607    1.61e-05  (ETA 1h33m27s)
     3      30s     1m26s    0.4527   0.8926   0.4107     0.4090    0.8148   0.4090    3.20e-05  (ETA 1h34m55s)
     4      29s     1m56s    0.1602   0.9535   0.4345     0.4321    0.8322   0.4349    5.73e-05  (ETA 1h35m10s)
     5      21s     2m18s    0.0555   0.9806   0.4435     0.4444    0.8340   0.4442    9.73e-05  (ETA 1h29m51s)
     6      28s     2m46s    0.0298   0.9906   0.4494     0.4514    0.8367   0.4511    9.73e-05  (ETA 1h29m56s)
     7      19s     3m06s    0.0260   0.9907   0.4688     0.4699    0.8413   0.4680    9.73e-05  (ETA 1h25m45s)
     8      19s     3m26s    0.0111   0.9963   0.4554     0.4549    0.8371   0.4548    9.73e-05  (ETA 1h22m37s)
     9      18s     3m44s    0.0127   0.9958   0.4598     0.4606    0.8395   0.4610    9.73e-05  (ETA 1h19m26s)
    10      17s     4m02s    0.0074   0.9975   0.4658     0.4649    0.8411   0.4627    9.73e-05  (ETA 1h16m40s)
    11      17s     4m19s    0.0035   0.9985   0.4554     0.4552    0.8372   0.4559    9.73e-05  (ETA 1h14m22s)
    12      17s     4m37s    0.0050   0.9985   0.4568     0.4587    0.8442   0.4588    9.73e-05  (ETA 1h12m23s)
    13      17s     4m54s    0.0084   0.9975   0.4658     0.4676    0.8437   0.4670    9.73e-05  (ETA 1h10m41s)
    14      17s     5m12s    0.0036   0.9985   0.4732     0.4722    0.8412   0.4730    9.73e-05  (ETA 1h09m10s)
    15      17s     5m29s    0.0045   0.9983   0.4673     0.4680    0.8426   0.4736    9.73e-05  (ETA 1h07m49s)
    16      17s     5m47s    0.0025   0.9992   0.4598     0.4626    0.8431   0.4608    9.73e-05  (ETA 1h06m36s)
    17      17s     6m05s    0.0021   0.9992   0.4673     0.4688    0.8414   0.4653    9.73e-05  (ETA 1h05m29s)
    18      17s     6m22s    0.0001   1.0000   0.4628     0.4637    0.8423   0.4635    9.73e-05  (ETA 1h04m27s)
    19      17s     6m40s    0.0000   1.0000   0.4673     0.4688    0.8430   0.4674    9.73e-05  (ETA 1h03m31s)
    20      17s     6m57s    0.0000   1.0000   0.4702     0.4718    0.8443   0.4698    9.73e-05  (ETA 1h02m38s)
    21      17s     7m15s    0.0000   1.0000   0.4673     0.4684    0.8430   0.4671    4.86e-05  (ETA 1h01m49s)
    22      17s     7m32s    0.0000   1.0000   0.4613     0.4622    0.8430   0.4606    4.86e-05  (ETA 1h01m02s)
    23      17s     7m50s    0.0000   1.0000   0.4598     0.4606    0.8431   0.4608    4.86e-05  (ETA 1h00m18s)
    24      17s     8m07s    0.0000   1.0000   0.4702     0.4715    0.8431   0.4716    4.86e-05  (ETA 59m37s)
    25      17s     8m25s    0.0000   1.0000   0.4673     0.4680    0.8426   0.4687    4.86e-05  (ETA 58m57s)
Early stopping at epoch 25 (patience=10)
─────────────────────────────────────────────────────────────────────────────────────────────────────────
ft complete — 25 epochs | total: 8m25s | best epoch=14 val_acc=0.4732
─────────────────────────────────────────────────────────────────────────────────────────────────────────
LoRA adapter saved → /home/apasinato/jade-mscthesis/outputs/ft_checkpoints/ft_thu-ep_9-class_w10s10_pool_no_r16_nomixup_fold_8/lora_adapter
Head weights saved → /home/apasinato/jade-mscthesis/outputs/ft_checkpoints/ft_thu-ep_9-class_w10s10_pool_no_r16_nomixup_fold_8/head_weights.pt

#########################################################################################################
  Fold 9/10  |  thu-ep  |  task=9-class  |  pooling=no  |  LoRA r=16  |  device=cuda
  train: 71 subjects  |  val: 8 subjects
#########################################################################################################
Building datasets ...  done in 14s  (train=5,940  val=672)

>>> Stage 1: LP warmup  |  trainable params: 1,695,241

─────────────────────────────────────────────────────────────────────────────────────────────────────────
  Stage: lp  |  lr=0.005  |  max_epochs=20  |  grad_clip=2.0
 Epoch   EpTime   Elapsed    TrLoss    TrAcc    VaAcc   VaBalAcc   VaAUROC    VaF1w          LR
─────────────────────────────────────────────────────────────────────────────────────────────────────────
     1       7s        7s    2.7913   0.1234   0.1071     0.1111    0.7399   0.0207    6.02e-04  (ETA 2m25s)
     2       7s       15s   13.8791   0.1428   0.1071     0.1111    0.6960   0.0207    1.92e-03  (ETA 2m17s)
     3       7s       22s   41.3400   0.1382   0.1086     0.1127    0.6505   0.0237    4.78e-03  (ETA 2m09s)
     4       7s       30s   53.9443   0.1599   0.2455     0.2546    0.7450   0.1353    4.78e-03  (ETA 2m02s)
     5       7s       38s   17.7914   0.2833   0.2232     0.2284    0.7813   0.1341    4.78e-03  (ETA 1m54s)
     6       7s       45s    7.0733   0.4700   0.2351     0.2431    0.7946   0.1964    4.78e-03  (ETA 1m46s)
     7       7s       53s    4.2016   0.6180   0.3958     0.3897    0.8343   0.3489    4.78e-03  (ETA 1m39s)
     8       7s     1m01s    2.6876   0.6975   0.4182     0.4286    0.8401   0.3833    4.78e-03  (ETA 1m31s)
     9       7s     1m08s    2.2052   0.7476   0.4286     0.4329    0.8413   0.3924    4.78e-03  (ETA 1m23s)
    10       7s     1m16s    1.5205   0.8187   0.3929     0.3866    0.8280   0.3743    4.78e-03  (ETA 1m16s)
    11       7s     1m23s    1.6197   0.8215   0.3929     0.3819    0.8347   0.3642    4.78e-03  (ETA 1m08s)
    12       7s     1m31s    1.3987   0.8421   0.4062     0.4105    0.8320   0.3845    4.78e-03  (ETA 1m01s)
    13       7s     1m39s    0.9935   0.8663   0.3661     0.3530    0.8253   0.3286    4.78e-03  (ETA 53s)
    14       7s     1m46s    1.4209   0.8487   0.3795     0.3823    0.8322   0.3625    4.78e-03  (ETA 45s)
    15       7s     1m54s    1.3237   0.8662   0.3929     0.3777    0.8314   0.3647    4.78e-03  (ETA 38s)
    16       7s     2m02s    0.9776   0.8899   0.3705     0.3561    0.8113   0.3461    2.39e-03  (ETA 30s)
    17       7s     2m09s    0.2756   0.9579   0.4256     0.4309    0.8389   0.4143    2.39e-03  (ETA 22s)
    18       7s     2m17s    0.2317   0.9687   0.4167     0.4043    0.8342   0.3940    2.39e-03  (ETA 15s)
    19       7s     2m24s    0.1866   0.9673   0.4211     0.4124    0.8318   0.3849    2.39e-03  (ETA 7s)
    20       7s     2m32s    0.0874   0.9808   0.4866     0.4961    0.8458   0.4756    2.39e-03  (done)
─────────────────────────────────────────────────────────────────────────────────────────────────────────
lp complete — 20 epochs | total: 2m32s | best epoch=20 val_acc=0.4866
─────────────────────────────────────────────────────────────────────────────────────────────────────────

>>> Stage 2: LoRA fine-tuning
  Parameters: 2,776,585 trainable / 71,966,217 total (3.86%)  |  LoRA: 1,081,344

─────────────────────────────────────────────────────────────────────────────────────────────────────────
  Stage: ft  |  lr=0.0001  |  max_epochs=200  |  grad_clip=2.0
 Epoch   EpTime   Elapsed    TrLoss    TrAcc    VaAcc   VaBalAcc   VaAUROC    VaF1w          LR
─────────────────────────────────────────────────────────────────────────────────────────────────────────
     1      17s       17s   36.1763   0.1165   0.1131     0.1173    0.6978   0.0318    5.98e-06  (ETA 58m45s)
     2      17s       35s    7.5404   0.5224   0.3616     0.3619    0.7805   0.3572    1.60e-05  (ETA 58m28s)
     3      17s       53s    0.4482   0.8983   0.4107     0.4109    0.8097   0.4074    3.18e-05  (ETA 58m10s)
     4      17s     1m10s    0.1340   0.9657   0.4449     0.4452    0.8271   0.4439    5.69e-05  (ETA 57m50s)
     5      17s     1m28s    0.0394   0.9877   0.4568     0.4591    0.8377   0.4549    9.67e-05  (ETA 57m29s)
     6      17s     1m46s    0.0121   0.9956   0.4673     0.4722    0.8433   0.4654    9.67e-05  (ETA 57m09s)
     7      17s     2m03s    0.0050   0.9983   0.4598     0.4618    0.8483   0.4559    9.67e-05  (ETA 56m49s)
     8      17s     2m21s    0.0010   0.9998   0.4673     0.4630    0.8507   0.4716    9.67e-05  (ETA 56m30s)
     9      17s     2m38s    0.0025   0.9990   0.4583     0.4610    0.8477   0.4564    9.67e-05  (ETA 56m12s)
    10      17s     2m56s    0.0019   0.9995   0.4554     0.4576    0.8486   0.4524    9.67e-05  (ETA 55m53s)
    11      17s     3m14s    0.0040   0.9985   0.4449     0.4417    0.8420   0.4449    9.67e-05  (ETA 55m34s)
    12      17s     3m31s    0.0014   0.9997   0.4866     0.4880    0.8477   0.4857    9.67e-05  (ETA 55m16s)
    13      17s     3m49s    0.0163   0.9955   0.4449     0.4506    0.8454   0.4420    9.67e-05  (ETA 54m58s)
    14      17s     4m06s    0.0044   0.9990   0.4390     0.4371    0.8471   0.4373    9.67e-05  (ETA 54m40s)
    15      17s     4m24s    0.0037   0.9983   0.4717     0.4780    0.8482   0.4664    9.67e-05  (ETA 54m22s)
    16      17s     4m42s    0.0030   0.9992   0.4896     0.4961    0.8533   0.4846    9.67e-05  (ETA 54m04s)
    17      17s     4m59s    0.0017   0.9997   0.4747     0.4772    0.8500   0.4720    9.67e-05  (ETA 53m46s)
    18      17s     5m17s    0.0009   0.9998   0.4554     0.4487    0.8480   0.4570    9.67e-05  (ETA 53m28s)
    19      17s     5m34s    0.0049   0.9981   0.4628     0.4576    0.8421   0.4665    9.67e-05  (ETA 53m10s)
    20      17s     5m52s    0.0012   0.9995   0.4494     0.4460    0.8454   0.4452    9.67e-05  (ETA 52m51s)
    21      17s     6m09s    0.0005   1.0000   0.4658     0.4722    0.8472   0.4560    9.67e-05  (ETA 52m33s)
    22      17s     6m27s    0.0002   1.0000   0.4673     0.4676    0.8473   0.4686    9.67e-05  (ETA 52m15s)
    23      17s     6m45s    0.0000   1.0000   0.4688     0.4691    0.8475   0.4711    4.84e-05  (ETA 51m58s)
    24      17s     7m02s    0.0000   1.0000   0.4613     0.4618    0.8478   0.4624    4.84e-05  (ETA 51m40s)
    25      17s     7m20s    0.0000   1.0000   0.4658     0.4668    0.8479   0.4674    4.84e-05  (ETA 51m22s)
    26      17s     7m37s    0.0000   1.0000   0.4658     0.4664    0.8478   0.4671    4.84e-05  (ETA 51m04s)
    27      17s     7m55s    0.0000   1.0000   0.4643     0.4649    0.8477   0.4651    4.84e-05  (ETA 50m46s)
Early stopping at epoch 27 (patience=10)
─────────────────────────────────────────────────────────────────────────────────────────────────────────
ft complete — 27 epochs | total: 7m55s | best epoch=16 val_acc=0.4896
─────────────────────────────────────────────────────────────────────────────────────────────────────────
LoRA adapter saved → /home/apasinato/jade-mscthesis/outputs/ft_checkpoints/ft_thu-ep_9-class_w10s10_pool_no_r16_nomixup_fold_9/lora_adapter
Head weights saved → /home/apasinato/jade-mscthesis/outputs/ft_checkpoints/ft_thu-ep_9-class_w10s10_pool_no_r16_nomixup_fold_9/head_weights.pt

#########################################################################################################
  Fold 10/10  |  thu-ep  |  task=9-class  |  pooling=no  |  LoRA r=16  |  device=cuda
  train: 72 subjects  |  val: 7 subjects
#########################################################################################################
Building datasets ...  done in 0s  (train=6,024  val=588)

>>> Stage 1: LP warmup  |  trainable params: 1,695,241

─────────────────────────────────────────────────────────────────────────────────────────────────────────
  Stage: lp  |  lr=0.005  |  max_epochs=20  |  grad_clip=2.0
 Epoch   EpTime   Elapsed    TrLoss    TrAcc    VaAcc   VaBalAcc   VaAUROC    VaF1w          LR
─────────────────────────────────────────────────────────────────────────────────────────────────────────
     1       7s        7s    3.0249   0.1295   0.1582     0.1640    0.7573   0.0567    6.03e-04  (ETA 2m27s)
     2       7s       15s   17.2628   0.1306   0.1582     0.1640    0.7438   0.0612    1.92e-03  (ETA 2m18s)
     3       7s       23s   50.1740   0.1232   0.1939     0.1843    0.6605   0.1077    4.78e-03  (ETA 2m10s)
     4       7s       30s   54.7122   0.1580   0.1361     0.1393    0.7626   0.0675    4.78e-03  (ETA 2m02s)
     5       7s       38s   22.2948   0.2766   0.2500     0.2500    0.7900   0.2062    4.78e-03  (ETA 1m55s)
     6       7s       46s    9.6472   0.4316   0.3078     0.3170    0.8082   0.2392    4.78e-03  (ETA 1m47s)
     7       7s       53s    3.9004   0.6149   0.3367     0.3161    0.8143   0.2946    4.78e-03  (ETA 1m39s)
     8       7s     1m01s    2.4865   0.7077   0.3044     0.3131    0.8231   0.2247    4.78e-03  (ETA 1m32s)
     9       7s     1m08s    2.0646   0.7573   0.2653     0.2676    0.8186   0.2245    4.78e-03  (ETA 1m24s)
    10       7s     1m16s    2.1851   0.7701   0.4354     0.4347    0.8456   0.4284    4.78e-03  (ETA 1m16s)
    11       7s     1m24s    1.5304   0.8142   0.3231     0.3157    0.8290   0.2854    4.78e-03  (ETA 1m08s)
    12       7s     1m31s    0.9483   0.8690   0.3963     0.3929    0.8357   0.3907    4.78e-03  (ETA 1m01s)
    13       7s     1m39s    1.0412   0.8604   0.3129     0.3082    0.8159   0.2867    4.78e-03  (ETA 53s)
    14       7s     1m47s    1.0397   0.8732   0.4167     0.4211    0.8370   0.4064    4.78e-03  (ETA 46s)
    15       7s     1m55s    0.8597   0.8919   0.3554     0.3589    0.8248   0.2904    4.78e-03  (ETA 38s)
    16       7s     2m02s    0.6831   0.9021   0.3690     0.3783    0.8333   0.3269    4.78e-03  (ETA 30s)
    17       7s     2m10s    0.6697   0.9072   0.4320     0.4449    0.8388   0.4075    2.39e-03  (ETA 23s)
    18       7s     2m18s    0.1035   0.9791   0.4507     0.4458    0.8374   0.4613    2.39e-03  (ETA 15s)
    19       7s     2m25s    0.0348   0.9905   0.4575     0.4599    0.8432   0.4638    2.39e-03  (ETA 7s)
    20       7s     2m33s    0.0095   0.9975   0.4558     0.4608    0.8444   0.4535    2.39e-03  (done)
─────────────────────────────────────────────────────────────────────────────────────────────────────────
lp complete — 20 epochs | total: 2m33s | best epoch=19 val_acc=0.4575
─────────────────────────────────────────────────────────────────────────────────────────────────────────

>>> Stage 2: LoRA fine-tuning
  Parameters: 2,776,585 trainable / 71,966,217 total (3.86%)  |  LoRA: 1,081,344

─────────────────────────────────────────────────────────────────────────────────────────────────────────
  Stage: ft  |  lr=0.0001  |  max_epochs=200  |  grad_clip=2.0
 Epoch   EpTime   Elapsed    TrLoss    TrAcc    VaAcc   VaBalAcc   VaAUROC    VaF1w          LR
─────────────────────────────────────────────────────────────────────────────────────────────────────────
     1      18s       18s   34.6540   0.1134   0.1122     0.1164    0.6996   0.0309    6.08e-06  (ETA 1h00m02s)
     2      17s       36s    8.1529   0.5128   0.3776     0.3761    0.7736   0.3660    1.61e-05  (ETA 59m24s)
     3      17s       53s    0.4506   0.9017   0.4252     0.4242    0.8125   0.4269    3.21e-05  (ETA 58m58s)
     4      17s     1m11s    0.0907   0.9714   0.4558     0.4537    0.8306   0.4565    5.73e-05  (ETA 58m34s)
     5      17s     1m29s    0.0322   0.9880   0.4575     0.4599    0.8325   0.4567    9.73e-05  (ETA 58m11s)
     6      17s     1m47s    0.0209   0.9929   0.4575     0.4555    0.8383   0.4647    9.73e-05  (ETA 57m47s)
     7      17s     2m05s    0.0100   0.9958   0.4473     0.4489    0.8398   0.4480    9.73e-05  (ETA 57m26s)
     8      19s     2m24s    0.0045   0.9980   0.4813     0.4846    0.8410   0.4790    9.73e-05  (ETA 57m51s)
     9      17s     2m42s    0.0037   0.9983   0.4626     0.4603    0.8395   0.4647    9.73e-05  (ETA 57m26s)
    10      17s     3m00s    0.0042   0.9983   0.4728     0.4731    0.8418   0.4742    9.73e-05  (ETA 57m02s)
    11      17s     3m17s    0.0073   0.9967   0.4643     0.4678    0.8448   0.4607    9.73e-05  (ETA 56m39s)
    12      17s     3m35s    0.0027   0.9993   0.4813     0.4806    0.8429   0.4850    9.73e-05  (ETA 56m18s)
    13      17s     3m53s    0.0003   1.0000   0.4728     0.4784    0.8477   0.4702    9.73e-05  (ETA 55m56s)
    14      17s     4m11s    0.0042   0.9988   0.4490     0.4422    0.8337   0.4553    9.73e-05  (ETA 55m36s)
    15      17s     4m28s    0.0012   0.9995   0.4694     0.4727    0.8449   0.4719    4.87e-05  (ETA 55m15s)
    16      17s     4m46s    0.0006   0.9998   0.4762     0.4784    0.8454   0.4806    4.87e-05  (ETA 54m55s)
    17      17s     5m04s    0.0001   1.0000   0.4711     0.4713    0.8432   0.4773    4.87e-05  (ETA 54m36s)
    18      17s     5m22s    0.0001   1.0000   0.4711     0.4722    0.8444   0.4733    4.87e-05  (ETA 54m16s)
    19      17s     5m39s    0.0004   0.9998   0.4830     0.4872    0.8436   0.4803    4.87e-05  (ETA 53m58s)
    20      17s     5m57s    0.0003   0.9998   0.4745     0.4753    0.8446   0.4777    4.87e-05  (ETA 53m38s)
    21      17s     6m15s    0.0000   1.0000   0.4830     0.4846    0.8455   0.4847    4.87e-05  (ETA 53m19s)
    22      17s     6m33s    0.0000   1.0000   0.4949     0.4956    0.8445   0.4978    4.87e-05  (ETA 53m01s)
    23      17s     6m50s    0.0001   1.0000   0.4779     0.4788    0.8439   0.4823    4.87e-05  (ETA 52m42s)
    24      17s     7m08s    0.0000   1.0000   0.4745     0.4753    0.8446   0.4787    4.87e-05  (ETA 52m23s)
    25      17s     7m26s    0.0000   1.0000   0.4779     0.4788    0.8449   0.4821    4.87e-05  (ETA 52m04s)
    26      17s     7m44s    0.0000   1.0000   0.4864     0.4881    0.8450   0.4894    4.87e-05  (ETA 51m46s)
    27      17s     8m01s    0.0000   1.0000   0.4779     0.4793    0.8457   0.4803    4.87e-05  (ETA 51m27s)
    28      17s     8m19s    0.0001   1.0000   0.4813     0.4828    0.8447   0.4842    4.87e-05  (ETA 51m09s)
    29      17s     8m37s    0.0000   1.0000   0.4796     0.4810    0.8450   0.4846    2.43e-05  (ETA 50m50s)
    30      17s     8m55s    0.0000   1.0000   0.4796     0.4810    0.8449   0.4834    2.43e-05  (ETA 50m32s)
    31      17s     9m12s    0.0000   1.0000   0.4796     0.4810    0.8448   0.4839    2.43e-05  (ETA 50m13s)
    32      17s     9m30s    0.0000   1.0000   0.4711     0.4722    0.8448   0.4748    2.43e-05  (ETA 49m55s)
    33      17s     9m48s    0.0000   1.0000   0.4830     0.4841    0.8455   0.4848    2.43e-05  (ETA 49m36s)
Early stopping at epoch 33 (patience=10)
─────────────────────────────────────────────────────────────────────────────────────────────────────────
ft complete — 33 epochs | total: 9m48s | best epoch=22 val_acc=0.4949
─────────────────────────────────────────────────────────────────────────────────────────────────────────
LoRA adapter saved → /home/apasinato/jade-mscthesis/outputs/ft_checkpoints/ft_thu-ep_9-class_w10s10_pool_no_r16_nomixup_fold_10/lora_adapter
Head weights saved → /home/apasinato/jade-mscthesis/outputs/ft_checkpoints/ft_thu-ep_9-class_w10s10_pool_no_r16_nomixup_fold_10/head_weights.pt

==========================================================================================
  CROSS-FOLD SUMMARY  (10 folds  |  thu-ep  |  task=9-class  |  pool_no  |  LoRA r=16)
==========================================================================================
 Fold    ValAcc   ValBalAcc   ValAUROC    ValF1w   Epochs   BestEp
------------------------------------------------------------------
    1    0.4509      0.4468     0.8285    0.4441        0        3
    2    0.4277      0.4225     0.7972    0.4211        0       48
    3    0.4658      0.4660     0.8215    0.4598        0       17
    4    0.4881      0.4815     0.8408    0.4842        0       33
    5    0.4702      0.4757     0.8303    0.4635        0       28
    6    0.4646      0.4674     0.8241    0.4624        0       12
    7    0.4435      0.4425     0.8230    0.4470        0       17
    8    0.4732      0.4722     0.8412    0.4730        0       14
    9    0.4896      0.4961     0.8533    0.4846        0       16
   10    0.4949      0.4956     0.8445    0.4978        0       22
------------------------------------------------------------------
 Mean    0.4668      0.4666     0.8304    0.4637
  Std    0.0215      0.0235     0.0157    0.0226
==========================================================================================
Aggregate results saved -> /home/apasinato/jade-mscthesis/outputs/ft_checkpoints/summary_thu-ep_9-class_w10s10_pool_no_r16_nomixup.json

All folds complete.

=== Complete ===
Exit code: 0
Finished:  Mon Mar 30 17:22:00 CEST 2026
