=== Experiment on DelftBlue ===
Job ID:    9477208
Node:      gpu019
Partition: gpu-a100
Module:    src.approaches.fine_tuning.train_ft
Args:      --dataset thu-ep --task binary --no-mixup
Started:   Mon Mar 30 14:20:41 CEST 2026

=== GPU ===
NVIDIA A100 80GB PCIe, 81920 MiB

=== Environment ===
Python:  Python 3.14.3
PyTorch: 2.9.1+cu128
CUDA:    True 12.8

=== Running: python -m src.approaches.fine_tuning.train_ft --dataset thu-ep --task binary --no-mixup ===


Dataset: thu-ep  |  subjects: 79
Device: cuda  |  task: binary  |  pooling: no  |  LoRA rank: 16  alpha: 16
Window: 10.0s (2000 pts)  Stride: 10.0s (2000 pts)  Mixup: False  AMP: True
LP: lr=0.005 epochs=20  |  FT: lr=0.0001 epochs=200
Loading REVE model from local path …
flash_attn not found, install it with `pip install flash_attn` if you want to use it
Loading REVE position bank from local path …
  Electrode positions cached for 30 channels.

#########################################################################################################
  Fold 1/10  |  thu-ep  |  task=binary  |  pooling=no  |  LoRA r=16  |  device=cuda
  train: 71 subjects  |  val: 8 subjects
#########################################################################################################
Building datasets ...  done in 14s  (train=5,091  val=576)

>>> Stage 1: LP warmup  |  trainable params: 508,930

─────────────────────────────────────────────────────────────────────────────────────────────────────────
  Stage: lp  |  lr=0.005  |  max_epochs=20  |  grad_clip=2.0
 Epoch   EpTime   Elapsed    TrLoss    TrAcc    VaAcc   VaBalAcc   VaAUROC    VaF1w          LR
─────────────────────────────────────────────────────────────────────────────────────────────────────────
     1      51s       51s    1.1875   0.5085   0.5608     0.5608    0.5787   0.5419    5.96e-04  (ETA 16m20s)
     2       9s     1m01s    3.5708   0.5178   0.5000     0.5000    0.5052   0.3333    1.93e-03  (ETA 9m10s)
     3       5s     1m06s    8.3382   0.5121   0.5417     0.5417    0.5746   0.5012    4.79e-03  (ETA 6m16s)
     4       5s     1m11s    7.2160   0.5123   0.5069     0.5069    0.6539   0.3627    4.79e-03  (ETA 4m46s)
     5       5s     1m16s    6.5274   0.5329   0.5278     0.5278    0.6709   0.4093    4.79e-03  (ETA 3m50s)
     6       5s     1m22s    6.0462   0.5384   0.5156     0.5156    0.6417   0.3779    4.79e-03  (ETA 3m11s)
     7       6s     1m28s    5.8231   0.5333   0.5226     0.5226    0.6848   0.4039    4.79e-03  (ETA 2m44s)
     8       5s     1m34s    5.3429   0.5431   0.5208     0.5208    0.7209   0.3958    4.79e-03  (ETA 2m21s)
     9       6s     1m40s    5.1436   0.5492   0.5399     0.5399    0.6970   0.4423    4.79e-03  (ETA 2m02s)
    10      11s     1m51s    4.8532   0.5708   0.5590     0.5590    0.7183   0.4754    4.79e-03  (ETA 1m51s)
    11       6s     1m58s    4.5212   0.5716   0.5677     0.5677    0.7196   0.5078    4.79e-03  (ETA 1m36s)
    12       5s     2m03s    4.2437   0.5975   0.6250     0.6250    0.7488   0.5873    4.79e-03  (ETA 1m22s)
    13       5s     2m08s    4.0731   0.6252   0.6163     0.6163    0.7518   0.5631    4.79e-03  (ETA 1m09s)
    14      17s     2m25s    3.6844   0.6297   0.5712     0.5712    0.7227   0.5131    4.79e-03  (ETA 1m02s)
    15      27s     2m52s    3.4920   0.6366   0.6181     0.6181    0.7436   0.5777    4.79e-03  (ETA 57s)
    16       7s     3m00s    3.2874   0.6443   0.6181     0.6181    0.7615   0.5657    4.79e-03  (ETA 45s)
    17      20s     3m20s    2.9936   0.6698   0.6354     0.6354    0.7508   0.5988    4.79e-03  (ETA 35s)
    18      15s     3m35s    2.8008   0.6785   0.6094     0.6094    0.7414   0.5588    4.79e-03  (ETA 23s)
    19       5s     3m41s    2.6996   0.6843   0.6094     0.6094    0.7293   0.5600    4.79e-03  (ETA 11s)
    20       5s     3m46s    2.4330   0.7014   0.6233     0.6233    0.7408   0.5810    4.79e-03  (done)
─────────────────────────────────────────────────────────────────────────────────────────────────────────
lp complete — 20 epochs | total: 3m46s | best epoch=17 val_acc=0.6354
─────────────────────────────────────────────────────────────────────────────────────────────────────────

>>> Stage 2: LoRA fine-tuning
  Parameters: 1,590,274 trainable / 70,779,906 total (2.25%)  |  LoRA: 1,081,344

─────────────────────────────────────────────────────────────────────────────────────────────────────────
  Stage: ft  |  lr=0.0001  |  max_epochs=200  |  grad_clip=2.0
 Epoch   EpTime   Elapsed    TrLoss    TrAcc    VaAcc   VaBalAcc   VaAUROC    VaF1w          LR
─────────────────────────────────────────────────────────────────────────────────────────────────────────
     1      15s       15s    1.6632   0.7633   0.6736     0.6736    0.7576   0.6711    6.10e-06  (ETA 49m53s)
     2      29s       44s    0.7679   0.8431   0.6806     0.6806    0.7573   0.6796    1.62e-05  (ETA 1h13m51s)
     3      14s       59s    0.7212   0.8470   0.6788     0.6788    0.7589   0.6775    3.21e-05  (ETA 1h05m20s)
     4      27s     1m27s    0.6983   0.8444   0.6927     0.6927    0.7534   0.6926    5.74e-05  (ETA 1h11m05s)
     5      26s     1m53s    0.6691   0.8427   0.6858     0.6858    0.7641   0.6835    9.75e-05  (ETA 1h13m35s)
     6      14s     2m08s    0.5983   0.8525   0.6892     0.6892    0.7632   0.6886    9.75e-05  (ETA 1h09m06s)
     7      15s     2m23s    0.6114   0.8431   0.6927     0.6927    0.7699   0.6927    9.75e-05  (ETA 1h05m50s)
     8      15s     2m38s    0.4777   0.8617   0.6944     0.6944    0.7725   0.6925    9.75e-05  (ETA 1h03m21s)
     9      17s     2m56s    0.5345   0.8544   0.6858     0.6858    0.7709   0.6853    9.75e-05  (ETA 1h02m23s)
    10      15s     3m11s    0.5259   0.8582   0.7031     0.7031    0.7775   0.7031    9.75e-05  (ETA 1h00m46s)
    11      15s     3m27s    0.3954   0.8780   0.6719     0.6719    0.7704   0.6567    9.75e-05  (ETA 59m16s)
    12      26s     3m53s    0.4454   0.8678   0.6736     0.6736    0.7786   0.6593    9.75e-05  (ETA 1h00m56s)
    13      38s     4m31s    0.4125   0.8711   0.6858     0.6858    0.7815   0.6800    9.75e-05  (ETA 1h05m07s)
    14      35s     5m07s    0.4987   0.8568   0.6892     0.6892    0.7801   0.6892    9.75e-05  (ETA 1h08m04s)
    15      32s     5m39s    0.3802   0.8786   0.6858     0.6858    0.7872   0.6847    9.75e-05  (ETA 1h09m48s)
    16      16s     5m56s    0.3167   0.8933   0.6979     0.6979    0.7808   0.6941    9.75e-05  (ETA 1h08m18s)
    17      15s     6m11s    0.2929   0.9020   0.6840     0.6840    0.7851   0.6838    4.87e-05  (ETA 1h06m37s)
    18      26s     6m37s    0.2975   0.8975   0.6736     0.6736    0.7832   0.6577    4.87e-05  (ETA 1h06m59s)
    19      25s     7m02s    0.2655   0.9069   0.6979     0.6979    0.7870   0.6944    4.87e-05  (ETA 1h07m07s)
    20      20s     7m23s    0.2560   0.9069   0.6875     0.6875    0.7849   0.6869    4.87e-05  (ETA 1h06m28s)
    21      15s     7m38s    0.2188   0.9218   0.6979     0.6979    0.7898   0.6978    4.87e-05  (ETA 1h05m10s)
Early stopping at epoch 21 (patience=10)
─────────────────────────────────────────────────────────────────────────────────────────────────────────
ft complete — 21 epochs | total: 7m38s | best epoch=10 val_acc=0.7031
─────────────────────────────────────────────────────────────────────────────────────────────────────────
LoRA adapter saved → /home/apasinato/jade-mscthesis/outputs/ft_checkpoints/ft_thu-ep_binary_w10s10_pool_no_r16_nomixup_fold_1/lora_adapter
Head weights saved → /home/apasinato/jade-mscthesis/outputs/ft_checkpoints/ft_thu-ep_binary_w10s10_pool_no_r16_nomixup_fold_1/head_weights.pt

#########################################################################################################
  Fold 2/10  |  thu-ep  |  task=binary  |  pooling=no  |  LoRA r=16  |  device=cuda
  train: 71 subjects  |  val: 8 subjects
#########################################################################################################
Building datasets ...  done in 21s  (train=5,106  val=561)

>>> Stage 1: LP warmup  |  trainable params: 508,930

─────────────────────────────────────────────────────────────────────────────────────────────────────────
  Stage: lp  |  lr=0.005  |  max_epochs=20  |  grad_clip=2.0
 Epoch   EpTime   Elapsed    TrLoss    TrAcc    VaAcc   VaBalAcc   VaAUROC    VaF1w          LR
─────────────────────────────────────────────────────────────────────────────────────────────────────────
     1      19s       19s    1.4584   0.4978   0.5027     0.5000    0.5677   0.3363    5.96e-04  (ETA 6m14s)
     2      26s       46s    5.7496   0.5016   0.5027     0.5000    0.5455   0.3363    1.93e-03  (ETA 6m59s)
     3      29s     1m15s   15.0819   0.4951   0.5027     0.5000    0.5396   0.3363    4.79e-03  (ETA 7m08s)
     4       6s     1m22s   19.9150   0.5071   0.5027     0.5000    0.5730   0.3363    4.79e-03  (ETA 5m28s)
     5       6s     1m28s   17.0003   0.5108   0.5027     0.5000    0.5946   0.3363    4.79e-03  (ETA 4m25s)
     6       6s     1m34s   14.2725   0.5166   0.5027     0.5000    0.6004   0.3363    4.79e-03  (ETA 3m41s)
     7       6s     1m41s   12.0410   0.5200   0.5009     0.4982    0.5848   0.3355    4.79e-03  (ETA 3m07s)
     8       6s     1m48s   10.5620   0.5241   0.5080     0.5054    0.6113   0.3541    4.79e-03  (ETA 2m42s)
     9      17s     2m05s    8.2726   0.5593   0.5241     0.5217    0.6153   0.4075    4.79e-03  (ETA 2m33s)
    10       6s     2m12s    6.8530   0.5607   0.5187     0.5164    0.6372   0.4067    4.79e-03  (ETA 2m12s)
    11       6s     2m18s    5.8822   0.5752   0.5205     0.5182    0.6392   0.4144    4.79e-03  (ETA 1m53s)
    12       6s     2m24s    4.9137   0.5981   0.5241     0.5217    0.6729   0.4099    4.79e-03  (ETA 1m36s)
    13       6s     2m31s    3.8726   0.6353   0.5597     0.5585    0.6356   0.5376    4.79e-03  (ETA 1m21s)
    14      10s     2m42s    3.3701   0.6455   0.5740     0.5728    0.6627   0.5504    4.79e-03  (ETA 1m09s)
    15      17s     2m59s    2.9598   0.6559   0.5829     0.5816    0.6585   0.5586    4.79e-03  (ETA 59s)
    16      10s     3m10s    2.2476   0.7119   0.6025     0.6015    0.6668   0.5893    4.79e-03  (ETA 47s)
    17       6s     3m16s    2.0700   0.7146   0.6221     0.6215    0.6725   0.6166    4.79e-03  (ETA 34s)
    18       6s     3m23s    1.7380   0.7411   0.6328     0.6321    0.6914   0.6257    4.79e-03  (ETA 22s)
    19       6s     3m29s    1.3732   0.7693   0.6613     0.6617    0.6964   0.6595    4.79e-03  (ETA 11s)
    20      19s     3m49s    0.8099   0.8398   0.6275     0.6284    0.6894   0.6154    4.79e-03  (done)
─────────────────────────────────────────────────────────────────────────────────────────────────────────
lp complete — 20 epochs | total: 3m49s | best epoch=19 val_acc=0.6613
─────────────────────────────────────────────────────────────────────────────────────────────────────────

>>> Stage 2: LoRA fine-tuning
  Parameters: 1,590,274 trainable / 70,779,906 total (2.25%)  |  LoRA: 1,081,344

─────────────────────────────────────────────────────────────────────────────────────────────────────────
  Stage: ft  |  lr=0.0001  |  max_epochs=200  |  grad_clip=2.0
 Epoch   EpTime   Elapsed    TrLoss    TrAcc    VaAcc   VaBalAcc   VaAUROC    VaF1w          LR
─────────────────────────────────────────────────────────────────────────────────────────────────────────
     1      45s       45s    1.2580   0.7951   0.6346     0.6349    0.6627   0.6334    6.10e-06  (ETA 2h29m19s)
     2      31s     1m16s    0.6136   0.8733   0.6399     0.6404    0.6704   0.6374    1.62e-05  (ETA 2h05m41s)
     3      24s     1m40s    0.5305   0.8790   0.6524     0.6528    0.6781   0.6505    3.21e-05  (ETA 1h49m52s)
     4      15s     1m56s    0.4631   0.8868   0.6595     0.6597    0.6790   0.6593    5.74e-05  (ETA 1h35m01s)
     5      15s     2m11s    0.3735   0.9001   0.6578     0.6582    0.6842   0.6554    9.75e-05  (ETA 1h25m38s)
     6      16s     2m28s    0.3464   0.9027   0.6613     0.6619    0.6909   0.6573    9.75e-05  (ETA 1h19m55s)
     7      15s     2m44s    0.3084   0.9078   0.6453     0.6451    0.6985   0.6447    9.75e-05  (ETA 1h15m26s)
     8      16s     3m00s    0.4242   0.8844   0.6578     0.6582    0.6978   0.6558    9.75e-05  (ETA 1h12m07s)
     9      23s     3m24s    0.2300   0.9244   0.6524     0.6525    0.6943   0.6523    9.75e-05  (ETA 1h12m12s)
    10      37s     4m01s    0.2279   0.9252   0.6667     0.6670    0.6933   0.6653    9.75e-05  (ETA 1h16m36s)
    11      35s     4m36s    0.2159   0.9264   0.6649     0.6650    0.6963   0.6646    9.75e-05  (ETA 1h19m18s)
    12      26s     5m03s    0.2085   0.9285   0.6631     0.6632    0.6996   0.6631    9.75e-05  (ETA 1h19m11s)
    13      15s     5m18s    0.1919   0.9350   0.6702     0.6706    0.6953   0.6686    9.75e-05  (ETA 1h16m19s)
    14      28s     5m47s    0.1891   0.9375   0.6684     0.6688    0.6977   0.6669    9.75e-05  (ETA 1h16m52s)
    15      40s     6m27s    0.1899   0.9303   0.6631     0.6634    0.6941   0.6623    9.75e-05  (ETA 1h19m35s)
    16      40s     7m07s    0.1621   0.9422   0.6542     0.6540    0.6916   0.6539    9.75e-05  (ETA 1h21m53s)
    17      26s     7m33s    0.1376   0.9483   0.6595     0.6595    0.7013   0.6595    9.75e-05  (ETA 1h21m24s)
    18      39s     8m13s    0.1323   0.9487   0.6667     0.6668    0.6936   0.6664    9.75e-05  (ETA 1h23m12s)
    19      40s     8m53s    0.1386   0.9479   0.6595     0.6593    0.7031   0.6591    9.75e-05  (ETA 1h24m45s)
    20      24s     9m18s    0.1228   0.9514   0.6542     0.6540    0.7049   0.6538    4.87e-05  (ETA 1h23m43s)
    21      15s     9m33s    0.0993   0.9608   0.6506     0.6504    0.7000   0.6498    4.87e-05  (ETA 1h21m26s)
    22      15s     9m48s    0.1026   0.9624   0.6524     0.6528    0.6973   0.6505    4.87e-05  (ETA 1h19m23s)
    23      15s    10m03s    0.1003   0.9622   0.6613     0.6615    0.6983   0.6610    4.87e-05  (ETA 1h17m26s)
    24      15s    10m18s    0.0828   0.9677   0.6649     0.6650    0.7011   0.6647    4.87e-05  (ETA 1h15m39s)
Early stopping at epoch 24 (patience=10)
─────────────────────────────────────────────────────────────────────────────────────────────────────────
ft complete — 24 epochs | total: 10m18s | best epoch=13 val_acc=0.6702
─────────────────────────────────────────────────────────────────────────────────────────────────────────
LoRA adapter saved → /home/apasinato/jade-mscthesis/outputs/ft_checkpoints/ft_thu-ep_binary_w10s10_pool_no_r16_nomixup_fold_2/lora_adapter
Head weights saved → /home/apasinato/jade-mscthesis/outputs/ft_checkpoints/ft_thu-ep_binary_w10s10_pool_no_r16_nomixup_fold_2/head_weights.pt

#########################################################################################################
  Fold 3/10  |  thu-ep  |  task=binary  |  pooling=no  |  LoRA r=16  |  device=cuda
  train: 71 subjects  |  val: 8 subjects
#########################################################################################################
Building datasets ...  done in 4s  (train=5,091  val=576)

>>> Stage 1: LP warmup  |  trainable params: 508,930

─────────────────────────────────────────────────────────────────────────────────────────────────────────
  Stage: lp  |  lr=0.005  |  max_epochs=20  |  grad_clip=2.0
 Epoch   EpTime   Elapsed    TrLoss    TrAcc    VaAcc   VaBalAcc   VaAUROC    VaF1w          LR
─────────────────────────────────────────────────────────────────────────────────────────────────────────
     1       6s        6s    1.4391   0.4893   0.5260     0.5260    0.5589   0.4234    5.96e-04  (ETA 2m05s)
     2       6s       13s    5.3304   0.5103   0.5260     0.5260    0.5653   0.4647    1.93e-03  (ETA 1m57s)
     3       6s       19s    8.7577   0.5080   0.5000     0.5000    0.5818   0.3333    4.79e-03  (ETA 1m50s)
     4       6s       26s    7.2952   0.5241   0.4983     0.4983    0.5771   0.3356    4.79e-03  (ETA 1m44s)
     5       6s       32s    2.9009   0.5484   0.5521     0.5521    0.6085   0.5310    4.79e-03  (ETA 1m37s)
     6      20s       52s    2.6888   0.5802   0.5833     0.5833    0.6348   0.5778    4.79e-03  (ETA 2m03s)
     7      35s     1m28s    2.3048   0.5820   0.5590     0.5590    0.6528   0.4929    4.79e-03  (ETA 2m43s)
     8      25s     1m53s    2.1476   0.6042   0.5799     0.5799    0.6709   0.5475    4.79e-03  (ETA 2m49s)
     9      12s     2m05s    1.8668   0.6270   0.5885     0.5885    0.6522   0.5639    4.79e-03  (ETA 2m33s)
    10      21s     2m27s    1.7613   0.6364   0.5781     0.5781    0.6876   0.5352    4.79e-03  (ETA 2m27s)
    11      15s     2m43s    1.5371   0.6771   0.6076     0.6076    0.7053   0.5807    4.79e-03  (ETA 2m13s)
    12       6s     2m49s    1.3644   0.6991   0.6076     0.6076    0.7098   0.5791    4.79e-03  (ETA 1m53s)
    13       6s     2m56s    1.2322   0.7156   0.6111     0.6111    0.7049   0.5928    4.79e-03  (ETA 1m34s)
    14       6s     3m02s    1.1742   0.7313   0.6389     0.6389    0.6995   0.6262    4.79e-03  (ETA 1m18s)
    15       6s     3m08s    1.0173   0.7580   0.6233     0.6233    0.7089   0.6065    4.79e-03  (ETA 1m02s)
    16       6s     3m15s    0.9353   0.7672   0.6424     0.6424    0.7140   0.6267    4.79e-03  (ETA 48s)
    17       6s     3m21s    0.8577   0.7871   0.6458     0.6458    0.7271   0.6353    4.79e-03  (ETA 35s)
    18       6s     3m28s    0.7426   0.8087   0.6319     0.6319    0.7193   0.6109    4.79e-03  (ETA 23s)
    19      17s     3m45s    0.6748   0.8238   0.6285     0.6285    0.7070   0.6104    4.79e-03  (ETA 11s)
    20      25s     4m10s    0.6081   0.8266   0.6267     0.6267    0.7171   0.6107    4.79e-03  (done)
─────────────────────────────────────────────────────────────────────────────────────────────────────────
lp complete — 20 epochs | total: 4m10s | best epoch=17 val_acc=0.6458
─────────────────────────────────────────────────────────────────────────────────────────────────────────

>>> Stage 2: LoRA fine-tuning
  Parameters: 1,590,274 trainable / 70,779,906 total (2.25%)  |  LoRA: 1,081,344

─────────────────────────────────────────────────────────────────────────────────────────────────────────
  Stage: ft  |  lr=0.0001  |  max_epochs=200  |  grad_clip=2.0
 Epoch   EpTime   Elapsed    TrLoss    TrAcc    VaAcc   VaBalAcc   VaAUROC    VaF1w          LR
─────────────────────────────────────────────────────────────────────────────────────────────────────────
     1      15s       15s    1.3028   0.7674   0.6510     0.6510    0.6844   0.6450    6.10e-06  (ETA 49m54s)
     2      15s       30s    0.4945   0.8755   0.6441     0.6441    0.6890   0.6406    1.62e-05  (ETA 49m38s)
     3      17s       47s    0.3771   0.8933   0.6372     0.6372    0.6959   0.6345    3.21e-05  (ETA 52m07s)
     4      35s     1m22s    0.2850   0.9148   0.6215     0.6215    0.7052   0.6019    5.74e-05  (ETA 1h07m29s)
     5      44s     2m06s    0.2848   0.9059   0.6580     0.6580    0.7095   0.6524    9.75e-05  (ETA 1h22m32s)
     6      22s     2m29s    0.2292   0.9212   0.6580     0.6580    0.7114   0.6575    9.75e-05  (ETA 1h20m18s)
     7      15s     2m44s    0.3101   0.9063   0.6354     0.6354    0.7111   0.6319    9.75e-05  (ETA 1h15m23s)
     8      20s     3m04s    0.2684   0.9163   0.5955     0.5955    0.7103   0.5612    9.75e-05  (ETA 1h13m52s)
     9      35s     3m39s    0.1986   0.9342   0.6545     0.6545    0.7132   0.6492    9.75e-05  (ETA 1h17m42s)
    10      36s     4m16s    0.1720   0.9421   0.6649     0.6649    0.7182   0.6646    9.75e-05  (ETA 1h21m08s)
    11      14s     4m31s    0.1481   0.9485   0.6372     0.6372    0.7107   0.6279    9.75e-05  (ETA 1h17m40s)
    12      15s     4m46s    0.1699   0.9432   0.6562     0.6562    0.7171   0.6547    9.75e-05  (ETA 1h14m45s)
    13      15s     5m01s    0.1776   0.9338   0.6476     0.6476    0.7150   0.6465    9.75e-05  (ETA 1h12m14s)
    14      30s     5m32s    0.1140   0.9576   0.6493     0.6493    0.7145   0.6446    9.75e-05  (ETA 1h13m35s)
    15      24s     5m56s    0.1024   0.9623   0.6406     0.6406    0.7111   0.6337    9.75e-05  (ETA 1h13m20s)
    16      33s     6m30s    0.0985   0.9641   0.6684     0.6684    0.7208   0.6679    9.75e-05  (ETA 1h14m48s)
    17      32s     7m02s    0.0825   0.9680   0.6545     0.6545    0.7178   0.6528    9.75e-05  (ETA 1h15m47s)
    18      20s     7m22s    0.1437   0.9497   0.6510     0.6510    0.7210   0.6483    9.75e-05  (ETA 1h14m35s)
    19      15s     7m38s    0.0713   0.9703   0.6632     0.6632    0.7243   0.6623    9.75e-05  (ETA 1h12m44s)
    20      15s     7m53s    0.0786   0.9735   0.6562     0.6562    0.7151   0.6561    9.75e-05  (ETA 1h11m00s)
    21      15s     8m08s    0.0558   0.9766   0.6580     0.6580    0.7185   0.6562    9.75e-05  (ETA 1h09m26s)
    22      15s     8m23s    0.0555   0.9768   0.6545     0.6545    0.7185   0.6531    9.75e-05  (ETA 1h07m57s)
    23      23s     8m47s    0.0710   0.9723   0.6493     0.6493    0.7189   0.6489    4.87e-05  (ETA 1h07m39s)
    24      30s     9m17s    0.0415   0.9827   0.6476     0.6476    0.7169   0.6475    4.87e-05  (ETA 1h08m08s)
    25      37s     9m54s    0.0278   0.9884   0.6476     0.6476    0.7180   0.6463    4.87e-05  (ETA 1h09m22s)
    26      31s    10m25s    0.0275   0.9890   0.6528     0.6528    0.7190   0.6528    4.87e-05  (ETA 1h09m48s)
    27      18s    10m44s    0.0390   0.9845   0.6424     0.6424    0.7168   0.6422    4.87e-05  (ETA 1h08m48s)
Early stopping at epoch 27 (patience=10)
─────────────────────────────────────────────────────────────────────────────────────────────────────────
ft complete — 27 epochs | total: 10m44s | best epoch=16 val_acc=0.6684
─────────────────────────────────────────────────────────────────────────────────────────────────────────
LoRA adapter saved → /home/apasinato/jade-mscthesis/outputs/ft_checkpoints/ft_thu-ep_binary_w10s10_pool_no_r16_nomixup_fold_3/lora_adapter
Head weights saved → /home/apasinato/jade-mscthesis/outputs/ft_checkpoints/ft_thu-ep_binary_w10s10_pool_no_r16_nomixup_fold_3/head_weights.pt

#########################################################################################################
  Fold 4/10  |  thu-ep  |  task=binary  |  pooling=no  |  LoRA r=16  |  device=cuda
  train: 71 subjects  |  val: 8 subjects
#########################################################################################################
Building datasets ...  done in 18s  (train=5,091  val=576)

>>> Stage 1: LP warmup  |  trainable params: 508,930

─────────────────────────────────────────────────────────────────────────────────────────────────────────
  Stage: lp  |  lr=0.005  |  max_epochs=20  |  grad_clip=2.0
 Epoch   EpTime   Elapsed    TrLoss    TrAcc    VaAcc   VaBalAcc   VaAUROC    VaF1w          LR
─────────────────────────────────────────────────────────────────────────────────────────────────────────
     1       6s        6s    0.8466   0.5032   0.5000     0.5000    0.5905   0.3333    5.96e-04  (ETA 2m04s)
     2       6s       13s    1.9538   0.4917   0.5000     0.5000    0.5820   0.3333    1.93e-03  (ETA 1m57s)
     3       7s       20s    5.0491   0.4926   0.5000     0.5000    0.5353   0.3333    4.79e-03  (ETA 1m55s)
     4       8s       28s    6.9821   0.5166   0.5000     0.5000    0.6005   0.3333    4.79e-03  (ETA 1m54s)
     5       6s       35s    6.2876   0.5307   0.5052     0.5052    0.6379   0.3448    4.79e-03  (ETA 1m45s)
     6       6s       41s    5.4863   0.5439   0.5104     0.5104    0.6773   0.3589    4.79e-03  (ETA 1m37s)
     7       6s       48s    4.6236   0.5588   0.5295     0.5295    0.6627   0.3958    4.79e-03  (ETA 1m29s)
     8       6s       54s    4.0623   0.5771   0.5260     0.5260    0.7111   0.3887    4.79e-03  (ETA 1m21s)
     9       6s     1m01s    3.4163   0.6125   0.5469     0.5469    0.7068   0.4320    4.79e-03  (ETA 1m14s)
    10       6s     1m07s    2.9653   0.6321   0.5694     0.5694    0.6992   0.4894    4.79e-03  (ETA 1m07s)
    11       6s     1m14s    2.5945   0.6684   0.6024     0.6024    0.7168   0.5659    4.79e-03  (ETA 1m00s)
    12      11s     1m25s    2.2677   0.6987   0.5781     0.5781    0.7175   0.5272    4.79e-03  (ETA 57s)
    13      27s     1m53s    1.9953   0.7146   0.5990     0.5990    0.7521   0.5421    4.79e-03  (ETA 1m01s)
    14      10s     2m04s    1.6900   0.7484   0.6128     0.6128    0.7532   0.5715    4.79e-03  (ETA 53s)
    15       6s     2m11s    1.4230   0.7753   0.6267     0.6267    0.7591   0.5878    4.79e-03  (ETA 43s)
    16       6s     2m17s    1.2405   0.7924   0.6406     0.6406    0.7656   0.6184    4.79e-03  (ETA 34s)
    17       6s     2m24s    1.0011   0.8214   0.6354     0.6354    0.7282   0.6146    4.79e-03  (ETA 25s)
    18       6s     2m30s    0.9284   0.8321   0.6424     0.6424    0.7615   0.6192    4.79e-03  (ETA 16s)
    19      17s     2m47s    0.7843   0.8556   0.6510     0.6510    0.7353   0.6433    4.79e-03  (ETA 8s)
    20      26s     3m13s    0.7444   0.8560   0.6771     0.6771    0.7537   0.6670    4.79e-03  (done)
─────────────────────────────────────────────────────────────────────────────────────────────────────────
lp complete — 20 epochs | total: 3m13s | best epoch=20 val_acc=0.6771
─────────────────────────────────────────────────────────────────────────────────────────────────────────

>>> Stage 2: LoRA fine-tuning
  Parameters: 1,590,274 trainable / 70,779,906 total (2.25%)  |  LoRA: 1,081,344

─────────────────────────────────────────────────────────────────────────────────────────────────────────
  Stage: ft  |  lr=0.0001  |  max_epochs=200  |  grad_clip=2.0
 Epoch   EpTime   Elapsed    TrLoss    TrAcc    VaAcc   VaBalAcc   VaAUROC    VaF1w          LR
─────────────────────────────────────────────────────────────────────────────────────────────────────────
     1      27s       27s   15.9313   0.5087   0.5347     0.5347    0.6525   0.4602    5.90e-06  (ETA 1h29m37s)
     2      15s       42s    1.4154   0.8154   0.6580     0.6580    0.7358   0.6530    1.59e-05  (ETA 1h09m23s)
     3      24s     1m06s    0.4056   0.9081   0.6875     0.6875    0.7582   0.6849    3.16e-05  (ETA 1h12m42s)
     4      20s     1m26s    0.2762   0.9277   0.6806     0.6806    0.7543   0.6779    5.66e-05  (ETA 1h10m44s)
     5      36s     2m02s    0.2535   0.9322   0.6823     0.6823    0.7494   0.6823    9.62e-05  (ETA 1h19m55s)
     6      40s     2m43s    0.2298   0.9421   0.6649     0.6649    0.7491   0.6564    9.62e-05  (ETA 1h28m13s)
     7      31s     3m14s    0.2034   0.9493   0.6719     0.6719    0.7563   0.6627    9.62e-05  (ETA 1h29m30s)
     8      23s     3m38s    0.1246   0.9641   0.6719     0.6719    0.7512   0.6704    9.62e-05  (ETA 1h27m17s)
     9      15s     3m54s    0.1789   0.9519   0.6840     0.6840    0.7498   0.6814    9.62e-05  (ETA 1h22m50s)
    10      27s     4m22s    0.1912   0.9491   0.6719     0.6719    0.7525   0.6557    9.62e-05  (ETA 1h23m00s)
    11      29s     4m51s    0.1328   0.9617   0.6788     0.6788    0.7455   0.6785    9.62e-05  (ETA 1h23m32s)
    12      27s     5m19s    0.1118   0.9643   0.6858     0.6858    0.7484   0.6857    9.62e-05  (ETA 1h23m28s)
    13      35s     5m54s    0.1354   0.9648   0.6441     0.6441    0.7463   0.6139    9.62e-05  (ETA 1h25m02s)
    14      22s     6m17s    0.1141   0.9662   0.6597     0.6597    0.7463   0.6573    9.62e-05  (ETA 1h23m37s)
Early stopping at epoch 14 (patience=10)
─────────────────────────────────────────────────────────────────────────────────────────────────────────
ft complete — 14 epochs | total: 6m17s | best epoch=3 val_acc=0.6875
─────────────────────────────────────────────────────────────────────────────────────────────────────────
LoRA adapter saved → /home/apasinato/jade-mscthesis/outputs/ft_checkpoints/ft_thu-ep_binary_w10s10_pool_no_r16_nomixup_fold_4/lora_adapter
Head weights saved → /home/apasinato/jade-mscthesis/outputs/ft_checkpoints/ft_thu-ep_binary_w10s10_pool_no_r16_nomixup_fold_4/head_weights.pt

#########################################################################################################
  Fold 5/10  |  thu-ep  |  task=binary  |  pooling=no  |  LoRA r=16  |  device=cuda
  train: 71 subjects  |  val: 8 subjects
#########################################################################################################
Building datasets ...  done in 16s  (train=5,091  val=576)

>>> Stage 1: LP warmup  |  trainable params: 508,930

─────────────────────────────────────────────────────────────────────────────────────────────────────────
  Stage: lp  |  lr=0.005  |  max_epochs=20  |  grad_clip=2.0
 Epoch   EpTime   Elapsed    TrLoss    TrAcc    VaAcc   VaBalAcc   VaAUROC    VaF1w          LR
─────────────────────────────────────────────────────────────────────────────────────────────────────────
     1      30s       30s    0.9736   0.5241   0.5573     0.5573    0.5989   0.5198    5.96e-04  (ETA 9m36s)
     2      20s       50s    1.0795   0.5252   0.4983     0.4983    0.6518   0.3326    1.93e-03  (ETA 7m33s)
     3       6s       56s    2.4882   0.5087   0.5000     0.5000    0.5878   0.3333    4.79e-03  (ETA 5m22s)
     4       6s     1m03s    3.4882   0.5258   0.5278     0.5278    0.6474   0.4182    4.79e-03  (ETA 4m14s)
     5      20s     1m23s    3.0414   0.5529   0.5347     0.5347    0.6606   0.4309    4.79e-03  (ETA 4m11s)
     6      30s     1m54s    2.7209   0.5586   0.5486     0.5486    0.6761   0.4538    4.79e-03  (ETA 4m26s)
     7      25s     2m19s    2.5067   0.5797   0.5503     0.5503    0.6677   0.4530    4.79e-03  (ETA 4m18s)
     8      15s     2m34s    2.3826   0.5863   0.5816     0.5816    0.6669   0.5249    4.79e-03  (ETA 3m52s)
     9      11s     2m46s    1.9885   0.6319   0.5990     0.5990    0.6941   0.5571    4.79e-03  (ETA 3m23s)
    10       6s     2m52s    1.8473   0.6519   0.5747     0.5747    0.6795   0.5012    4.79e-03  (ETA 2m52s)
    11       8s     3m00s    1.6720   0.6794   0.6198     0.6198    0.6924   0.5901    4.79e-03  (ETA 2m28s)
    12       6s     3m07s    1.5416   0.6971   0.5938     0.5938    0.7103   0.5418    4.79e-03  (ETA 2m04s)
    13       6s     3m13s    1.3858   0.7152   0.6267     0.6267    0.7107   0.6022    4.79e-03  (ETA 1m44s)
    14       6s     3m20s    1.2618   0.7384   0.6372     0.6372    0.7185   0.6147    4.79e-03  (ETA 1m25s)
    15       9s     3m29s    1.1815   0.7490   0.6302     0.6302    0.7005   0.6066    4.79e-03  (ETA 1m09s)
    16       8s     3m38s    1.1261   0.7576   0.6250     0.6250    0.7129   0.5910    4.79e-03  (ETA 54s)
    17      30s     4m08s    0.9842   0.7743   0.6059     0.6059    0.7109   0.5595    4.79e-03  (ETA 43s)
    18      16s     4m24s    0.9528   0.7859   0.6076     0.6076    0.6859   0.5682    4.79e-03  (ETA 29s)
    19      16s     4m41s    0.8236   0.8091   0.6319     0.6319    0.7007   0.6164    4.79e-03  (ETA 14s)
    20      35s     5m16s    0.7611   0.8222   0.6285     0.6285    0.7056   0.5991    4.79e-03  (done)
─────────────────────────────────────────────────────────────────────────────────────────────────────────
lp complete — 20 epochs | total: 5m16s | best epoch=14 val_acc=0.6372
─────────────────────────────────────────────────────────────────────────────────────────────────────────

>>> Stage 2: LoRA fine-tuning
  Parameters: 1,590,274 trainable / 70,779,906 total (2.25%)  |  LoRA: 1,081,344

─────────────────────────────────────────────────────────────────────────────────────────────────────────
  Stage: ft  |  lr=0.0001  |  max_epochs=200  |  grad_clip=2.0
 Epoch   EpTime   Elapsed    TrLoss    TrAcc    VaAcc   VaBalAcc   VaAUROC    VaF1w          LR
─────────────────────────────────────────────────────────────────────────────────────────────────────────
     1      38s       38s    4.2159   0.6189   0.6233     0.6233    0.6987   0.6232    6.10e-06  (ETA 2h06m10s)
     2      25s     1m04s    0.4819   0.8688   0.6562     0.6562    0.7168   0.6562    1.62e-05  (ETA 1h45m39s)
     3      29s     1m34s    0.3187   0.9002   0.6476     0.6476    0.7144   0.6459    3.21e-05  (ETA 1h42m54s)
     4      24s     1m58s    0.3687   0.8898   0.6545     0.6545    0.7107   0.6541    5.74e-05  (ETA 1h36m51s)
     5      38s     2m36s    0.3327   0.8981   0.6233     0.6233    0.7125   0.6040    9.75e-05  (ETA 1h41m55s)
     6      37s     3m13s    0.3491   0.8904   0.6372     0.6372    0.7160   0.6371    9.75e-05  (ETA 1h44m28s)
     7      28s     3m42s    0.3119   0.8965   0.6632     0.6632    0.7161   0.6540    9.75e-05  (ETA 1h42m20s)
     8      32s     4m14s    0.2456   0.9096   0.6424     0.6424    0.7163   0.6394    9.75e-05  (ETA 1h41m53s)
     9      43s     4m57s    0.2335   0.9157   0.6528     0.6528    0.7204   0.6524    9.75e-05  (ETA 1h45m19s)
    10      19s     5m17s    0.2331   0.9148   0.6458     0.6458    0.7182   0.6443    9.75e-05  (ETA 1h40m29s)
    11      24s     5m41s    0.2103   0.9220   0.6267     0.6267    0.7080   0.6118    9.75e-05  (ETA 1h37m45s)
    12      18s     6m00s    0.3019   0.9024   0.6458     0.6458    0.7040   0.6458    9.75e-05  (ETA 1h34m00s)
    13      17s     6m17s    0.1679   0.9352   0.6597     0.6597    0.7138   0.6596    9.75e-05  (ETA 1h30m23s)
    14      17s     6m34s    0.2383   0.9169   0.6493     0.6493    0.7226   0.6393    4.87e-05  (ETA 1h27m20s)
    15      29s     7m03s    0.1423   0.9442   0.6580     0.6580    0.7128   0.6578    4.87e-05  (ETA 1h27m06s)
    16      17s     7m20s    0.1512   0.9393   0.6597     0.6597    0.7167   0.6594    4.87e-05  (ETA 1h24m28s)
    17      16s     7m37s    0.1206   0.9507   0.6597     0.6597    0.7133   0.6581    4.87e-05  (ETA 1h21m59s)
    18      22s     7m59s    0.1151   0.9542   0.6510     0.6510    0.7128   0.6496    4.87e-05  (ETA 1h20m50s)
Early stopping at epoch 18 (patience=10)
─────────────────────────────────────────────────────────────────────────────────────────────────────────
ft complete — 18 epochs | total: 7m59s | best epoch=7 val_acc=0.6632
─────────────────────────────────────────────────────────────────────────────────────────────────────────
LoRA adapter saved → /home/apasinato/jade-mscthesis/outputs/ft_checkpoints/ft_thu-ep_binary_w10s10_pool_no_r16_nomixup_fold_5/lora_adapter
Head weights saved → /home/apasinato/jade-mscthesis/outputs/ft_checkpoints/ft_thu-ep_binary_w10s10_pool_no_r16_nomixup_fold_5/head_weights.pt

#########################################################################################################
  Fold 6/10  |  thu-ep  |  task=binary  |  pooling=no  |  LoRA r=16  |  device=cuda
  train: 71 subjects  |  val: 8 subjects
#########################################################################################################
Building datasets ...  done in 18s  (train=5,097  val=570)

>>> Stage 1: LP warmup  |  trainable params: 508,930

─────────────────────────────────────────────────────────────────────────────────────────────────────────
  Stage: lp  |  lr=0.005  |  max_epochs=20  |  grad_clip=2.0
 Epoch   EpTime   Elapsed    TrLoss    TrAcc    VaAcc   VaBalAcc   VaAUROC    VaF1w          LR
─────────────────────────────────────────────────────────────────────────────────────────────────────────
     1      19s       19s    1.2110   0.4977   0.4789     0.4840    0.5506   0.3204    5.96e-04  (ETA 6m14s)
     2      30s       50s    2.2184   0.5087   0.5053     0.5000    0.5499   0.3392    1.93e-03  (ETA 7m34s)
     3      29s     1m20s    5.0089   0.5036   0.5053     0.5000    0.5554   0.3392    4.79e-03  (ETA 7m36s)
     4      21s     1m41s    7.0979   0.5174   0.5140     0.5089    0.5737   0.3584    4.79e-03  (ETA 6m46s)
     5      19s     2m01s    6.4798   0.5462   0.5456     0.5409    0.5912   0.4278    4.79e-03  (ETA 6m03s)
     6       6s     2m07s    5.8513   0.5360   0.5930     0.5888    0.6172   0.5175    4.79e-03  (ETA 4m58s)
     7      20s     2m28s    5.4617   0.5280   0.5860     0.5817    0.6335   0.5025    4.79e-03  (ETA 4m36s)
     8      31s     2m59s    4.5290   0.5756   0.5737     0.5694    0.6483   0.4868    4.79e-03  (ETA 4m29s)
     9      29s     3m28s    4.0477   0.5902   0.5596     0.5552    0.6258   0.4623    4.79e-03  (ETA 4m15s)
    10      14s     3m42s    3.7451   0.6106   0.5877     0.5839    0.6457   0.5227    4.79e-03  (ETA 3m42s)
    11       6s     3m49s    3.3682   0.6253   0.5947     0.5909    0.6542   0.5308    4.79e-03  (ETA 3m08s)
    12      16s     4m06s    3.0068   0.6429   0.5825     0.5785    0.6766   0.5144    4.79e-03  (ETA 2m44s)
    13      21s     4m27s    2.7363   0.6578   0.6123     0.6089    0.6619   0.5670    4.79e-03  (ETA 2m24s)
    14      29s     4m56s    2.5066   0.6753   0.6263     0.6231    0.6660   0.5878    4.79e-03  (ETA 2m07s)
    15      12s     5m09s    2.2431   0.7039   0.6053     0.6018    0.6755   0.5581    4.79e-03  (ETA 1m43s)
    16      25s     5m34s    2.0628   0.7167   0.6281     0.6251    0.6930   0.5957    4.79e-03  (ETA 1m23s)
    17      30s     6m04s    1.9350   0.7283   0.6228     0.6197    0.6969   0.5859    4.79e-03  (ETA 1m04s)
    18      30s     6m34s    1.6909   0.7436   0.6140     0.6113    0.6888   0.5857    4.79e-03  (ETA 43s)
    19      16s     6m50s    1.5013   0.7608   0.6088     0.6056    0.6864   0.5705    4.79e-03  (ETA 21s)
    20       6s     6m57s    1.4561   0.7683   0.6211     0.6187    0.6966   0.6012    4.79e-03  (done)
─────────────────────────────────────────────────────────────────────────────────────────────────────────
lp complete — 20 epochs | total: 6m57s | best epoch=16 val_acc=0.6281
─────────────────────────────────────────────────────────────────────────────────────────────────────────

>>> Stage 2: LoRA fine-tuning
  Parameters: 1,590,274 trainable / 70,779,906 total (2.25%)  |  LoRA: 1,081,344

─────────────────────────────────────────────────────────────────────────────────────────────────────────
  Stage: ft  |  lr=0.0001  |  max_epochs=200  |  grad_clip=2.0
 Epoch   EpTime   Elapsed    TrLoss    TrAcc    VaAcc   VaBalAcc   VaAUROC    VaF1w          LR
─────────────────────────────────────────────────────────────────────────────────────────────────────────
     1      15s       15s    1.0560   0.8334   0.6368     0.6367    0.6725   0.6367    6.20e-06  (ETA 50m18s)
     2      27s       42s    0.7322   0.8609   0.6544     0.6540    0.6811   0.6539    1.63e-05  (ETA 1h09m45s)
     3      27s     1m09s    0.5968   0.8713   0.6316     0.6318    0.6836   0.6314    3.24e-05  (ETA 1h16m24s)
     4      15s     1m24s    0.5440   0.8729   0.6456     0.6456    0.6856   0.6456    5.78e-05  (ETA 1h09m21s)
     5      23s     1m48s    0.4767   0.8827   0.6333     0.6340    0.6909   0.6319    9.81e-05  (ETA 1h10m45s)
     6      29s     2m18s    0.4734   0.8846   0.6474     0.6470    0.6849   0.6469    9.81e-05  (ETA 1h14m28s)
     7      24s     2m42s    0.3909   0.8892   0.6579     0.6579    0.6990   0.6579    9.81e-05  (ETA 1h14m42s)
     8      21s     3m03s    0.3532   0.8956   0.6509     0.6496    0.7071   0.6455    9.81e-05  (ETA 1h13m27s)
     9      28s     3m31s    0.3396   0.8997   0.6456     0.6465    0.7020   0.6434    9.81e-05  (ETA 1h14m52s)
    10      36s     4m07s    0.3346   0.9001   0.6474     0.6484    0.7047   0.6442    9.81e-05  (ETA 1h18m25s)
    11      33s     4m41s    0.2909   0.9074   0.6439     0.6452    0.7054   0.6378    9.81e-05  (ETA 1h20m36s)
    12      38s     5m19s    0.2409   0.9215   0.6439     0.6426    0.7071   0.6384    9.81e-05  (ETA 1h23m30s)
    13      28s     5m48s    0.2756   0.9117   0.6579     0.6570    0.7092   0.6555    9.81e-05  (ETA 1h23m30s)
    14      24s     6m12s    0.2049   0.9241   0.6509     0.6510    0.7060   0.6508    4.90e-05  (ETA 1h22m30s)
    15      20s     6m32s    0.1644   0.9411   0.6649     0.6654    0.7100   0.6641    4.90e-05  (ETA 1h20m43s)
    16      19s     6m52s    0.1982   0.9282   0.6632     0.6630    0.7093   0.6631    4.90e-05  (ETA 1h19m02s)
    17      22s     7m14s    0.1656   0.9421   0.6632     0.6637    0.7081   0.6623    4.90e-05  (ETA 1h17m58s)
    18      27s     7m42s    0.1641   0.9427   0.6649     0.6654    0.7061   0.6642    4.90e-05  (ETA 1h17m54s)
    19      33s     8m15s    0.1544   0.9417   0.6596     0.6594    0.7099   0.6594    4.90e-05  (ETA 1h18m39s)
    20      43s     8m59s    0.1730   0.9376   0.6684     0.6687    0.7088   0.6683    4.90e-05  (ETA 1h20m52s)
    21      34s     9m34s    0.1784   0.9341   0.6667     0.6669    0.7108   0.6666    4.90e-05  (ETA 1h21m33s)
    22      21s     9m55s    0.1356   0.9511   0.6579     0.6573    0.7126   0.6568    4.90e-05  (ETA 1h20m17s)
    23      31s    10m26s    0.1213   0.9527   0.6719     0.6718    0.7139   0.6719    4.90e-05  (ETA 1h20m21s)
    24      16s    10m42s    0.1243   0.9521   0.6561     0.6553    0.7124   0.6536    4.90e-05  (ETA 1h18m33s)
    25      41s    11m24s    0.1408   0.9480   0.6702     0.6707    0.7124   0.6694    4.90e-05  (ETA 1h19m50s)
    26      24s    11m48s    0.1357   0.9513   0.6439     0.6421    0.7144   0.6335    4.90e-05  (ETA 1h19m04s)
    27      27s    12m16s    0.1702   0.9392   0.6649     0.6645    0.7095   0.6643    4.90e-05  (ETA 1h18m36s)
    28      35s    12m51s    0.1051   0.9596   0.6614     0.6610    0.7142   0.6609    4.90e-05  (ETA 1h18m57s)
    29      33s    13m24s    0.1183   0.9561   0.6632     0.6632    0.7104   0.6632    4.90e-05  (ETA 1h19m03s)
    30      17s    13m42s    0.1070   0.9568   0.6509     0.6517    0.7094   0.6488    2.45e-05  (ETA 1h17m39s)
    31      28s    14m10s    0.0929   0.9613   0.6649     0.6652    0.7117   0.6648    2.45e-05  (ETA 1h17m15s)
    32      39s    14m49s    0.1026   0.9580   0.6579     0.6575    0.7120   0.6574    2.45e-05  (ETA 1h17m49s)
    33      34s    15m24s    0.0776   0.9684   0.6614     0.6620    0.7093   0.6605    2.45e-05  (ETA 1h17m58s)
    34      26s    15m50s    0.0890   0.9635   0.6596     0.6595    0.7076   0.6595    2.45e-05  (ETA 1h17m22s)
Early stopping at epoch 34 (patience=10)
─────────────────────────────────────────────────────────────────────────────────────────────────────────
ft complete — 34 epochs | total: 15m50s | best epoch=23 val_acc=0.6719
─────────────────────────────────────────────────────────────────────────────────────────────────────────
LoRA adapter saved → /home/apasinato/jade-mscthesis/outputs/ft_checkpoints/ft_thu-ep_binary_w10s10_pool_no_r16_nomixup_fold_6/lora_adapter
Head weights saved → /home/apasinato/jade-mscthesis/outputs/ft_checkpoints/ft_thu-ep_binary_w10s10_pool_no_r16_nomixup_fold_6/head_weights.pt

#########################################################################################################
  Fold 7/10  |  thu-ep  |  task=binary  |  pooling=no  |  LoRA r=16  |  device=cuda
  train: 71 subjects  |  val: 8 subjects
#########################################################################################################
Building datasets ...  done in 9s  (train=5,091  val=576)

>>> Stage 1: LP warmup  |  trainable params: 508,930

─────────────────────────────────────────────────────────────────────────────────────────────────────────
  Stage: lp  |  lr=0.005  |  max_epochs=20  |  grad_clip=2.0
 Epoch   EpTime   Elapsed    TrLoss    TrAcc    VaAcc   VaBalAcc   VaAUROC    VaF1w          LR
─────────────────────────────────────────────────────────────────────────────────────────────────────────
     1       7s        7s    1.2885   0.5093   0.5035     0.5035    0.5914   0.3498    5.96e-04  (ETA 2m23s)
     2      31s       38s    1.0843   0.5044   0.5000     0.5000    0.6515   0.3333    1.93e-03  (ETA 5m47s)
     3      16s       55s    2.3717   0.5078   0.5000     0.5000    0.6387   0.3333    4.79e-03  (ETA 5m12s)
     4       6s     1m01s    3.4385   0.5215   0.5000     0.5000    0.5972   0.3333    4.79e-03  (ETA 4m07s)
     5       6s     1m08s    3.0172   0.5245   0.4983     0.4983    0.6239   0.3416    4.79e-03  (ETA 3m25s)
     6      15s     1m24s    2.7792   0.5567   0.5000     0.5000    0.6468   0.3333    4.79e-03  (ETA 3m16s)
     7      30s     1m54s    2.3752   0.5677   0.5382     0.5382    0.6361   0.4559    4.79e-03  (ETA 3m32s)
     8      15s     2m10s    2.0642   0.6130   0.5312     0.5312    0.6590   0.4308    4.79e-03  (ETA 3m15s)
     9       7s     2m17s    1.8212   0.6376   0.5677     0.5677    0.6706   0.5130    4.79e-03  (ETA 2m48s)
    10      23s     2m41s    1.5140   0.6828   0.5538     0.5538    0.6736   0.4862    4.79e-03  (ETA 2m41s)
    11      19s     3m01s    1.3606   0.6975   0.5694     0.5694    0.6852   0.5205    4.79e-03  (ETA 2m28s)
    12       6s     3m07s    1.2232   0.7266   0.5799     0.5799    0.6814   0.5387    4.79e-03  (ETA 2m05s)
    13       6s     3m14s    1.0812   0.7462   0.5851     0.5851    0.6760   0.5518    4.79e-03  (ETA 1m44s)
    14       6s     3m21s    0.8803   0.7818   0.5764     0.5764    0.6928   0.5380    4.79e-03  (ETA 1m26s)
    15       6s     3m27s    0.8010   0.8020   0.5868     0.5868    0.6959   0.5632    4.79e-03  (ETA 1m09s)
    16      17s     3m44s    0.6923   0.8165   0.5955     0.5955    0.7006   0.5712    4.79e-03  (ETA 56s)
    17      11s     3m56s    0.6231   0.8405   0.5885     0.5885    0.6828   0.5675    4.79e-03  (ETA 41s)
    18      30s     4m26s    0.5018   0.8605   0.6042     0.6042    0.6839   0.5849    4.79e-03  (ETA 29s)
    19       6s     4m33s    0.4503   0.8719   0.5990     0.5990    0.6844   0.5841    4.79e-03  (ETA 14s)
    20       6s     4m39s    0.3968   0.8869   0.5903     0.5903    0.6749   0.5736    4.79e-03  (done)
─────────────────────────────────────────────────────────────────────────────────────────────────────────
lp complete — 20 epochs | total: 4m39s | best epoch=18 val_acc=0.6042
─────────────────────────────────────────────────────────────────────────────────────────────────────────

>>> Stage 2: LoRA fine-tuning
  Parameters: 1,590,274 trainable / 70,779,906 total (2.25%)  |  LoRA: 1,081,344

─────────────────────────────────────────────────────────────────────────────────────────────────────────
  Stage: ft  |  lr=0.0001  |  max_epochs=200  |  grad_clip=2.0
 Epoch   EpTime   Elapsed    TrLoss    TrAcc    VaAcc   VaBalAcc   VaAUROC    VaF1w          LR
─────────────────────────────────────────────────────────────────────────────────────────────────────────
     1      15s       15s    0.8057   0.8387   0.5868     0.5868    0.6170   0.5868    6.30e-06  (ETA 49m56s)
     2      15s       30s    0.4973   0.8788   0.5990     0.5990    0.6402   0.5990    1.63e-05  (ETA 50m56s)
     3      15s       46s    0.2621   0.9191   0.5938     0.5938    0.6525   0.5937    3.24e-05  (ETA 50m33s)
     4      15s     1m01s    0.2249   0.9309   0.6181     0.6181    0.6590   0.6169    5.78e-05  (ETA 50m06s)
     5      15s     1m16s    0.2519   0.9258   0.6163     0.6163    0.6635   0.6162    9.75e-05  (ETA 49m39s)
     6      15s     1m31s    0.2373   0.9269   0.6128     0.6128    0.6745   0.6124    9.75e-05  (ETA 49m16s)
     7      15s     1m46s    0.1443   0.9546   0.6267     0.6267    0.6763   0.6242    9.75e-05  (ETA 48m58s)
     8      15s     2m02s    0.1291   0.9619   0.6319     0.6319    0.6805   0.6292    9.75e-05  (ETA 48m54s)
     9      15s     2m17s    0.1562   0.9497   0.6337     0.6337    0.6782   0.6287    9.75e-05  (ETA 48m34s)
    10      15s     2m32s    0.1059   0.9646   0.6198     0.6198    0.6776   0.6180    9.75e-05  (ETA 48m15s)
    11      15s     2m47s    0.1128   0.9656   0.6233     0.6233    0.6794   0.6219    9.75e-05  (ETA 47m57s)
    12      15s     3m02s    0.0950   0.9686   0.5885     0.5885    0.6780   0.5727    9.75e-05  (ETA 47m39s)
    13      15s     3m17s    0.1070   0.9646   0.6319     0.6319    0.6811   0.6284    9.75e-05  (ETA 47m22s)
    14      15s     3m32s    0.0650   0.9745   0.6076     0.6076    0.6732   0.6047    9.75e-05  (ETA 47m05s)
    15      15s     3m47s    0.0962   0.9658   0.6267     0.6267    0.6757   0.6238    9.75e-05  (ETA 46m48s)
    16      15s     4m03s    0.0874   0.9731   0.6372     0.6372    0.6794   0.6336    9.75e-05  (ETA 46m34s)
    17      15s     4m18s    0.0697   0.9749   0.6215     0.6215    0.6796   0.6215    9.75e-05  (ETA 46m19s)
    18      15s     4m33s    0.0999   0.9654   0.6285     0.6285    0.6745   0.6257    9.75e-05  (ETA 46m02s)
    19      15s     4m48s    0.0846   0.9725   0.5781     0.5781    0.6767   0.5504    9.75e-05  (ETA 45m48s)
    20      15s     5m03s    0.0480   0.9821   0.6233     0.6233    0.6792   0.6232    9.75e-05  (ETA 45m31s)
    21      15s     5m19s    0.0676   0.9739   0.6285     0.6285    0.6771   0.6276    9.75e-05  (ETA 45m19s)
    22      15s     5m34s    0.0299   0.9882   0.6319     0.6319    0.6782   0.6300    9.75e-05  (ETA 45m03s)
    23      15s     5m49s    0.0216   0.9931   0.6302     0.6302    0.6828   0.6293    4.87e-05  (ETA 44m47s)
    24      15s     6m04s    0.0265   0.9890   0.6215     0.6215    0.6781   0.6215    4.87e-05  (ETA 44m31s)
    25      15s     6m19s    0.0154   0.9947   0.6233     0.6233    0.6791   0.6222    4.87e-05  (ETA 44m17s)
    26      15s     6m34s    0.0163   0.9947   0.6233     0.6233    0.6783   0.6231    4.87e-05  (ETA 44m03s)
    27      15s     6m50s    0.0116   0.9965   0.6233     0.6233    0.6790   0.6226    4.87e-05  (ETA 43m47s)
Early stopping at epoch 27 (patience=10)
─────────────────────────────────────────────────────────────────────────────────────────────────────────
ft complete — 27 epochs | total: 6m50s | best epoch=16 val_acc=0.6372
─────────────────────────────────────────────────────────────────────────────────────────────────────────
LoRA adapter saved → /home/apasinato/jade-mscthesis/outputs/ft_checkpoints/ft_thu-ep_binary_w10s10_pool_no_r16_nomixup_fold_7/lora_adapter
Head weights saved → /home/apasinato/jade-mscthesis/outputs/ft_checkpoints/ft_thu-ep_binary_w10s10_pool_no_r16_nomixup_fold_7/head_weights.pt

#########################################################################################################
  Fold 8/10  |  thu-ep  |  task=binary  |  pooling=no  |  LoRA r=16  |  device=cuda
  train: 71 subjects  |  val: 8 subjects
#########################################################################################################
Building datasets ...  done in 0s  (train=5,091  val=576)

>>> Stage 1: LP warmup  |  trainable params: 508,930

─────────────────────────────────────────────────────────────────────────────────────────────────────────
  Stage: lp  |  lr=0.005  |  max_epochs=20  |  grad_clip=2.0
 Epoch   EpTime   Elapsed    TrLoss    TrAcc    VaAcc   VaBalAcc   VaAUROC    VaF1w          LR
─────────────────────────────────────────────────────────────────────────────────────────────────────────
     1       6s        6s    1.0856   0.4956   0.5000     0.5000    0.5788   0.3333    5.96e-04  (ETA 2m06s)
     2       6s       13s    3.6458   0.4926   0.5000     0.5000    0.5355   0.3333    1.93e-03  (ETA 1m58s)
     3       6s       19s    9.3769   0.5070   0.5000     0.5000    0.5793   0.3333    4.79e-03  (ETA 1m51s)
     4       6s       26s   13.1130   0.5009   0.5000     0.5000    0.5000   0.3333    4.79e-03  (ETA 1m44s)
     5       6s       32s   11.1828   0.5146   0.5052     0.5052    0.6529   0.3507    4.79e-03  (ETA 1m38s)
     6       6s       39s    9.3392   0.5398   0.5226     0.5226    0.6678   0.3944    4.79e-03  (ETA 1m31s)
     7       6s       46s    7.5672   0.5594   0.5087     0.5087    0.5884   0.3552    4.79e-03  (ETA 1m25s)
     8       6s       52s    6.6976   0.5714   0.5677     0.5677    0.7145   0.4814    4.79e-03  (ETA 1m18s)
     9       6s       59s    5.7628   0.5885   0.6059     0.6059    0.7162   0.5537    4.79e-03  (ETA 1m12s)
    10       6s     1m05s    4.4394   0.6421   0.5365     0.5365    0.6452   0.4256    4.79e-03  (ETA 1m05s)
    11       6s     1m12s    3.8720   0.6661   0.5972     0.5972    0.7261   0.5381    4.79e-03  (ETA 59s)
    12       6s     1m18s    3.3981   0.6895   0.6458     0.6458    0.7550   0.6170    4.79e-03  (ETA 52s)
    13       6s     1m25s    2.6735   0.7221   0.5799     0.5799    0.6831   0.5111    4.79e-03  (ETA 45s)
    14       6s     1m31s    2.2872   0.7586   0.6580     0.6580    0.7316   0.6387    4.79e-03  (ETA 39s)
    15       6s     1m38s    2.2651   0.7631   0.5799     0.5799    0.7103   0.5126    4.79e-03  (ETA 32s)
    16       6s     1m45s    1.7245   0.7920   0.6389     0.6389    0.7610   0.6062    4.79e-03  (ETA 26s)
    17       6s     1m51s    1.5745   0.8014   0.6771     0.6771    0.7647   0.6603    4.79e-03  (ETA 19s)
    18       6s     1m58s    1.2028   0.8379   0.5920     0.5920    0.7273   0.5416    4.79e-03  (ETA 13s)
    19       6s     2m04s    0.9876   0.8552   0.6979     0.6979    0.7658   0.6914    4.79e-03  (ETA 6s)
    20       6s     2m11s    2.8669   0.7409   0.6736     0.6736    0.7647   0.6617    4.79e-03  (done)
─────────────────────────────────────────────────────────────────────────────────────────────────────────
lp complete — 20 epochs | total: 2m11s | best epoch=19 val_acc=0.6979
─────────────────────────────────────────────────────────────────────────────────────────────────────────

>>> Stage 2: LoRA fine-tuning
  Parameters: 1,590,274 trainable / 70,779,906 total (2.25%)  |  LoRA: 1,081,344

─────────────────────────────────────────────────────────────────────────────────────────────────────────
  Stage: ft  |  lr=0.0001  |  max_epochs=200  |  grad_clip=2.0
 Epoch   EpTime   Elapsed    TrLoss    TrAcc    VaAcc   VaBalAcc   VaAUROC    VaF1w          LR
─────────────────────────────────────────────────────────────────────────────────────────────────────────
     1      25s       25s    1.5172   0.7977   0.6337     0.6337    0.6730   0.6301    6.10e-06  (ETA 1h25m40s)
     2      38s     1m03s    0.8622   0.8541   0.6701     0.6701    0.7206   0.6668    1.62e-05  (ETA 1h45m22s)
     3      39s     1m43s    0.4276   0.9069   0.6892     0.6892    0.7475   0.6892    3.21e-05  (ETA 1h53m04s)
     4      17s     2m00s    0.4033   0.9116   0.6562     0.6562    0.7436   0.6491    5.70e-05  (ETA 1h38m35s)
     5      17s     2m18s    0.3120   0.9259   0.7049     0.7049    0.7620   0.7043    9.68e-05  (ETA 1h29m51s)
     6      15s     2m33s    0.1874   0.9507   0.7101     0.7101    0.7628   0.7091    9.68e-05  (ETA 1h22m51s)
     7      20s     2m54s    0.1943   0.9503   0.6997     0.6997    0.7669   0.6990    9.68e-05  (ETA 1h20m04s)
     8      27s     3m21s    0.3580   0.9305   0.6597     0.6597    0.7634   0.6487    9.68e-05  (ETA 1h20m32s)
     9      21s     3m43s    0.1179   0.9668   0.6962     0.6962    0.7625   0.6953    9.68e-05  (ETA 1h18m55s)
    10      21s     4m04s    0.1333   0.9644   0.7118     0.7118    0.7674   0.7094    9.68e-05  (ETA 1h17m31s)
    11      19s     4m24s    0.1069   0.9698   0.6997     0.6997    0.7660   0.6992    9.68e-05  (ETA 1h15m45s)
    12      28s     4m53s    0.0796   0.9725   0.7118     0.7118    0.7616   0.7116    9.68e-05  (ETA 1h16m38s)
    13      34s     5m28s    0.0833   0.9733   0.7049     0.7049    0.7713   0.7026    9.68e-05  (ETA 1h18m43s)
    14      31s     6m00s    0.0983   0.9733   0.7014     0.7014    0.7683   0.7014    9.68e-05  (ETA 1h19m47s)
    15      16s     6m16s    0.0861   0.9770   0.7066     0.7066    0.7660   0.7066    9.68e-05  (ETA 1h17m28s)
    16      15s     6m32s    0.0953   0.9743   0.7031     0.7031    0.7758   0.7031    9.68e-05  (ETA 1h15m10s)
    17      15s     6m47s    0.0578   0.9817   0.7066     0.7066    0.7723   0.7063    4.84e-05  (ETA 1h13m04s)
    18      15s     7m02s    0.0292   0.9900   0.6806     0.6806    0.7652   0.6785    4.84e-05  (ETA 1h11m10s)
    19      15s     7m17s    0.0311   0.9886   0.6944     0.6944    0.7653   0.6890    4.84e-05  (ETA 1h09m27s)
    20      15s     7m32s    0.0321   0.9894   0.6979     0.6979    0.7729   0.6979    4.84e-05  (ETA 1h07m52s)
    21      14s     7m47s    0.0227   0.9910   0.6962     0.6962    0.7684   0.6949    4.84e-05  (ETA 1h06m24s)
Early stopping at epoch 21 (patience=10)
─────────────────────────────────────────────────────────────────────────────────────────────────────────
ft complete — 21 epochs | total: 7m47s | best epoch=10 val_acc=0.7118
─────────────────────────────────────────────────────────────────────────────────────────────────────────
LoRA adapter saved → /home/apasinato/jade-mscthesis/outputs/ft_checkpoints/ft_thu-ep_binary_w10s10_pool_no_r16_nomixup_fold_8/lora_adapter
Head weights saved → /home/apasinato/jade-mscthesis/outputs/ft_checkpoints/ft_thu-ep_binary_w10s10_pool_no_r16_nomixup_fold_8/head_weights.pt

#########################################################################################################
  Fold 9/10  |  thu-ep  |  task=binary  |  pooling=no  |  LoRA r=16  |  device=cuda
  train: 71 subjects  |  val: 8 subjects
#########################################################################################################
Building datasets ...  done in 7s  (train=5,091  val=576)

>>> Stage 1: LP warmup  |  trainable params: 508,930

─────────────────────────────────────────────────────────────────────────────────────────────────────────
  Stage: lp  |  lr=0.005  |  max_epochs=20  |  grad_clip=2.0
 Epoch   EpTime   Elapsed    TrLoss    TrAcc    VaAcc   VaBalAcc   VaAUROC    VaF1w          LR
─────────────────────────────────────────────────────────────────────────────────────────────────────────
     1       6s        6s    1.2802   0.4958   0.5000     0.5000    0.5875   0.3333    5.96e-04  (ETA 2m09s)
     2       6s       13s    3.5437   0.5089   0.5000     0.5000    0.5697   0.3333    1.93e-03  (ETA 1m59s)
     3       6s       20s    9.2651   0.5127   0.5000     0.5000    0.5000   0.3333    4.79e-03  (ETA 1m53s)
     4       6s       26s   13.1147   0.5248   0.5000     0.5000    0.5307   0.3333    4.79e-03  (ETA 1m46s)
     5       6s       33s   11.5822   0.5247   0.5000     0.5000    0.5893   0.3333    4.79e-03  (ETA 1m39s)
     6       6s       39s   10.6434   0.5009   0.5139     0.5139    0.5847   0.3635    4.79e-03  (ETA 1m32s)
     7       6s       46s    9.3254   0.5178   0.5660     0.5660    0.6179   0.4994    4.79e-03  (ETA 1m25s)
     8       6s       52s    8.0627   0.5321   0.5243     0.5243    0.6589   0.3852    4.79e-03  (ETA 1m18s)
     9       6s       59s    6.7779   0.5561   0.5764     0.5764    0.6625   0.4927    4.79e-03  (ETA 1m12s)
    10       6s     1m05s    5.7017   0.5938   0.6024     0.6024    0.6810   0.5408    4.79e-03  (ETA 1m05s)
    11       6s     1m12s    4.8701   0.6097   0.5382     0.5382    0.7139   0.4177    4.79e-03  (ETA 59s)
    12       6s     1m18s    4.1714   0.6447   0.6198     0.6198    0.7304   0.5706    4.79e-03  (ETA 52s)
    13       6s     1m25s    3.7391   0.6523   0.6441     0.6441    0.7512   0.6114    4.79e-03  (ETA 45s)
    14      13s     1m38s    3.1041   0.6875   0.5469     0.5469    0.7457   0.4320    4.79e-03  (ETA 42s)
    15      17s     1m56s    2.7324   0.7115   0.6615     0.6615    0.7577   0.6489    4.79e-03  (ETA 38s)
    16      18s     2m15s    2.3611   0.7370   0.6632     0.6632    0.7836   0.6380    4.79e-03  (ETA 33s)
    17       9s     2m25s    1.9893   0.7678   0.5660     0.5660    0.7881   0.4672    4.79e-03  (ETA 25s)
    18      13s     2m38s    1.7925   0.7682   0.6771     0.6771    0.7601   0.6580    4.79e-03  (ETA 17s)
    19      17s     2m55s    1.2437   0.8303   0.7014     0.7014    0.7943   0.6989    4.79e-03  (ETA 9s)
    20       6s     3m02s    3.7170   0.6885   0.5399     0.5399    0.6814   0.4188    4.79e-03  (done)
─────────────────────────────────────────────────────────────────────────────────────────────────────────
lp complete — 20 epochs | total: 3m02s | best epoch=19 val_acc=0.7014
─────────────────────────────────────────────────────────────────────────────────────────────────────────

>>> Stage 2: LoRA fine-tuning
  Parameters: 1,590,274 trainable / 70,779,906 total (2.25%)  |  LoRA: 1,081,344

─────────────────────────────────────────────────────────────────────────────────────────────────────────
  Stage: ft  |  lr=0.0001  |  max_epochs=200  |  grad_clip=2.0
 Epoch   EpTime   Elapsed    TrLoss    TrAcc    VaAcc   VaBalAcc   VaAUROC    VaF1w          LR
─────────────────────────────────────────────────────────────────────────────────────────────────────────
     1      19s       19s    2.6539   0.7116   0.6944     0.6944    0.7846   0.6915    5.90e-06  (ETA 1h05m57s)
     2      25s       45s    0.9467   0.8446   0.6962     0.6962    0.7705   0.6962    1.59e-05  (ETA 1h14m36s)
     3      24s     1m09s    0.4638   0.8992   0.6979     0.6979    0.7563   0.6977    3.16e-05  (ETA 1h16m01s)
     4      16s     1m25s    0.4459   0.9067   0.7101     0.7101    0.7782   0.7100    5.66e-05  (ETA 1h10m09s)
     5      19s     1m45s    0.3819   0.9112   0.6823     0.6823    0.7855   0.6696    9.62e-05  (ETA 1h08m20s)
     6      20s     2m05s    0.3690   0.9148   0.6927     0.6927    0.7836   0.6897    9.62e-05  (ETA 1h07m45s)
     7      15s     2m20s    0.2456   0.9364   0.6510     0.6510    0.7818   0.6301    9.62e-05  (ETA 1h04m46s)
     8      15s     2m36s    0.2270   0.9409   0.6858     0.6858    0.7739   0.6812    9.62e-05  (ETA 1h02m24s)
     9      15s     2m51s    0.2034   0.9462   0.7170     0.7170    0.7734   0.7150    9.62e-05  (ETA 1h00m31s)
    10      15s     3m06s    0.2078   0.9454   0.6441     0.6441    0.7772   0.6207    9.62e-05  (ETA 58m58s)
    11      15s     3m21s    0.1607   0.9554   0.7014     0.7014    0.7845   0.6996    9.62e-05  (ETA 57m38s)
    12      15s     3m36s    0.1428   0.9603   0.6649     0.6649    0.7845   0.6510    9.62e-05  (ETA 56m29s)
    13      15s     3m51s    0.1244   0.9619   0.6944     0.6944    0.7664   0.6921    9.62e-05  (ETA 55m30s)
    14      15s     4m06s    0.1686   0.9517   0.6615     0.6615    0.7727   0.6516    9.62e-05  (ETA 54m35s)
    15      15s     4m21s    0.1088   0.9633   0.6997     0.6997    0.7687   0.6991    9.62e-05  (ETA 53m47s)
    16      15s     4m36s    0.0874   0.9711   0.7014     0.7014    0.7860   0.7005    4.81e-05  (ETA 53m04s)
    17      15s     4m52s    0.0792   0.9754   0.6823     0.6823    0.7663   0.6803    4.81e-05  (ETA 52m24s)
    18      15s     5m07s    0.0761   0.9747   0.6962     0.6962    0.7706   0.6958    4.81e-05  (ETA 51m46s)
    19      21s     5m28s    0.0641   0.9790   0.6736     0.6736    0.7632   0.6687    4.81e-05  (ETA 52m11s)
    20      23s     5m52s    0.0733   0.9747   0.7014     0.7014    0.7731   0.7013    4.81e-05  (ETA 52m48s)
Early stopping at epoch 20 (patience=10)
─────────────────────────────────────────────────────────────────────────────────────────────────────────
ft complete — 20 epochs | total: 5m52s | best epoch=9 val_acc=0.7170
─────────────────────────────────────────────────────────────────────────────────────────────────────────
LoRA adapter saved → /home/apasinato/jade-mscthesis/outputs/ft_checkpoints/ft_thu-ep_binary_w10s10_pool_no_r16_nomixup_fold_9/lora_adapter
Head weights saved → /home/apasinato/jade-mscthesis/outputs/ft_checkpoints/ft_thu-ep_binary_w10s10_pool_no_r16_nomixup_fold_9/head_weights.pt

#########################################################################################################
  Fold 10/10  |  thu-ep  |  task=binary  |  pooling=no  |  LoRA r=16  |  device=cuda
  train: 72 subjects  |  val: 7 subjects
#########################################################################################################
Building datasets ...  done in 6s  (train=5,163  val=504)

>>> Stage 1: LP warmup  |  trainable params: 508,930

─────────────────────────────────────────────────────────────────────────────────────────────────────────
  Stage: lp  |  lr=0.005  |  max_epochs=20  |  grad_clip=2.0
 Epoch   EpTime   Elapsed    TrLoss    TrAcc    VaAcc   VaBalAcc   VaAUROC    VaF1w          LR
─────────────────────────────────────────────────────────────────────────────────────────────────────────
     1       8s        8s    1.0087   0.5123   0.5000     0.5000    0.5381   0.3333    5.97e-04  (ETA 2m50s)
     2       6s       15s    2.4988   0.5249   0.5000     0.5000    0.6723   0.3333    1.93e-03  (ETA 2m20s)
     3      11s       27s   12.3981   0.5144   0.5000     0.5000    0.6946   0.3333    4.79e-03  (ETA 2m34s)
     4      17s       44s   13.3509   0.5226   0.5000     0.5000    0.7021   0.3333    4.79e-03  (ETA 2m57s)
     5      17s     1m02s   14.2347   0.5189   0.5000     0.5000    0.5858   0.3333    4.79e-03  (ETA 3m07s)
     6       6s     1m09s    9.8102   0.5514   0.6250     0.6250    0.6652   0.6249    4.79e-03  (ETA 2m41s)
     7      18s     1m27s    9.7505   0.5859   0.5000     0.5000    0.5000   0.3333    4.79e-03  (ETA 2m42s)
     8      20s     1m48s   17.2221   0.5576   0.5000     0.5000    0.6442   0.3333    4.79e-03  (ETA 2m42s)
     9      24s     2m13s   16.1760   0.5423   0.5000     0.5000    0.7186   0.3333    4.79e-03  (ETA 2m42s)
    10       9s     2m23s   16.7056   0.5117   0.6369     0.6369    0.7218   0.5979    4.79e-03  (ETA 2m23s)
    11      10s     2m33s   15.0201   0.5251   0.5020     0.5020    0.5000   0.3377    4.79e-03  (ETA 2m05s)
    12       8s     2m42s   13.7812   0.5392   0.5020     0.5020    0.5020   0.3377    4.79e-03  (ETA 1m48s)
    13      20s     3m03s   12.5240   0.5435   0.5020     0.5020    0.5000   0.3377    4.79e-03  (ETA 1m38s)
    14      11s     3m14s   11.2174   0.5601   0.5337     0.5337    0.6481   0.4202    4.79e-03  (ETA 1m23s)
    15       6s     3m21s   10.2851   0.5673   0.5536     0.5536    0.7547   0.4425    4.79e-03  (ETA 1m07s)
    16       6s     3m28s    9.5608   0.5679   0.5040     0.5040    0.7641   0.3421    4.79e-03  (ETA 52s)
    17       6s     3m34s    8.5334   0.5904   0.5159     0.5159    0.7579   0.3677    2.40e-03  (ETA 37s)
    18       6s     3m41s    1.8045   0.8079   0.6766     0.6766    0.7452   0.6763    2.40e-03  (ETA 24s)
    19       6s     3m47s    1.3114   0.8342   0.6687     0.6687    0.7601   0.6590    2.40e-03  (ETA 11s)
    20       6s     3m54s    1.4768   0.8307   0.6548     0.6548    0.7314   0.6418    2.40e-03  (done)
─────────────────────────────────────────────────────────────────────────────────────────────────────────
lp complete — 20 epochs | total: 3m54s | best epoch=18 val_acc=0.6766
─────────────────────────────────────────────────────────────────────────────────────────────────────────

>>> Stage 2: LoRA fine-tuning
  Parameters: 1,590,274 trainable / 70,779,906 total (2.25%)  |  LoRA: 1,081,344

─────────────────────────────────────────────────────────────────────────────────────────────────────────
  Stage: ft  |  lr=0.0001  |  max_epochs=200  |  grad_clip=2.0
 Epoch   EpTime   Elapsed    TrLoss    TrAcc    VaAcc   VaBalAcc   VaAUROC    VaF1w          LR
─────────────────────────────────────────────────────────────────────────────────────────────────────────
     1      15s       15s    2.6542   0.7252   0.6270     0.6270    0.6958   0.6269    6.01e-06  (ETA 50m32s)
     2      15s       30s    1.2221   0.8125   0.6250     0.6250    0.7145   0.6245    1.60e-05  (ETA 50m26s)
     3      15s       45s    0.9202   0.8377   0.6587     0.6587    0.7253   0.6587    3.19e-05  (ETA 50m09s)
     4      15s     1m01s    0.7751   0.8487   0.6607     0.6607    0.7329   0.6542    5.70e-05  (ETA 49m51s)
     5      15s     1m16s    0.6296   0.8693   0.6746     0.6746    0.7387   0.6745    9.69e-05  (ETA 49m36s)
     6      15s     1m31s    0.6325   0.8687   0.6647     0.6647    0.7471   0.6617    9.69e-05  (ETA 49m18s)
     7      15s     1m46s    0.6748   0.8644   0.6310     0.6310    0.7378   0.6029    9.69e-05  (ETA 49m01s)
     8      15s     2m01s    0.6002   0.8696   0.6667     0.6667    0.7419   0.6655    9.69e-05  (ETA 48m44s)
     9      15s     2m17s    0.5480   0.8770   0.6687     0.6687    0.7471   0.6655    9.69e-05  (ETA 48m28s)
    10      15s     2m32s    0.4448   0.8929   0.6786     0.6786    0.7426   0.6786    9.69e-05  (ETA 48m14s)
    11      15s     2m48s    0.4225   0.8927   0.6587     0.6587    0.7449   0.6553    9.69e-05  (ETA 48m06s)
    12      15s     3m03s    0.4429   0.8892   0.6647     0.6647    0.7451   0.6643    9.69e-05  (ETA 47m54s)
    13      15s     3m18s    0.3924   0.8970   0.6746     0.6746    0.7379   0.6743    9.69e-05  (ETA 47m37s)
    14      24s     3m43s    0.3729   0.9034   0.6349     0.6349    0.7415   0.6229    9.69e-05  (ETA 49m28s)
    15      25s     4m09s    0.3194   0.9123   0.6587     0.6587    0.7488   0.6524    9.69e-05  (ETA 51m11s)
    16      15s     4m24s    0.2812   0.9208   0.6667     0.6667    0.7503   0.6646    9.69e-05  (ETA 50m46s)
    17      21s     4m46s    0.2719   0.9194   0.6964     0.6964    0.7512   0.6959    9.69e-05  (ETA 51m27s)
    18      20s     5m07s    0.2714   0.9198   0.6925     0.6925    0.7516   0.6925    9.69e-05  (ETA 51m47s)
    19      21s     5m29s    0.2691   0.9250   0.6786     0.6786    0.7503   0.6748    9.69e-05  (ETA 52m17s)
    20      17s     5m46s    0.2740   0.9206   0.6766     0.6766    0.7464   0.6764    9.69e-05  (ETA 52m02s)
    21      27s     6m14s    0.2055   0.9380   0.6944     0.6944    0.7573   0.6937    9.69e-05  (ETA 53m13s)
    22      15s     6m30s    0.2070   0.9341   0.6825     0.6825    0.7537   0.6801    9.69e-05  (ETA 52m37s)
    23      20s     6m50s    0.2345   0.9289   0.6429     0.6429    0.7499   0.6362    9.69e-05  (ETA 52m41s)
    24      15s     7m06s    0.1719   0.9421   0.6885     0.6885    0.7510   0.6885    4.84e-05  (ETA 52m07s)
    25      17s     7m24s    0.1573   0.9475   0.6885     0.6885    0.7492   0.6881    4.84e-05  (ETA 51m50s)
    26      15s     7m39s    0.1304   0.9537   0.6786     0.6786    0.7541   0.6771    4.84e-05  (ETA 51m17s)
    27      15s     7m55s    0.1158   0.9564   0.6885     0.6885    0.7510   0.6884    4.84e-05  (ETA 50m43s)
    28      15s     8m10s    0.1330   0.9520   0.6488     0.6488    0.7544   0.6409    4.84e-05  (ETA 50m11s)
Early stopping at epoch 28 (patience=10)
─────────────────────────────────────────────────────────────────────────────────────────────────────────
ft complete — 28 epochs | total: 8m10s | best epoch=17 val_acc=0.6964
─────────────────────────────────────────────────────────────────────────────────────────────────────────
LoRA adapter saved → /home/apasinato/jade-mscthesis/outputs/ft_checkpoints/ft_thu-ep_binary_w10s10_pool_no_r16_nomixup_fold_10/lora_adapter
Head weights saved → /home/apasinato/jade-mscthesis/outputs/ft_checkpoints/ft_thu-ep_binary_w10s10_pool_no_r16_nomixup_fold_10/head_weights.pt

==========================================================================================
  CROSS-FOLD SUMMARY  (10 folds  |  thu-ep  |  task=binary  |  pool_no  |  LoRA r=16)
==========================================================================================
 Fold    ValAcc   ValBalAcc   ValAUROC    ValF1w   Epochs   BestEp
------------------------------------------------------------------
    1    0.7031      0.7031     0.7775    0.7031        0       10
    2    0.6702      0.6706     0.6953    0.6686        0       13
    3    0.6684      0.6684     0.7208    0.6679        0       16
    4    0.6875      0.6875     0.7582    0.6849        0        3
    5    0.6632      0.6632     0.7161    0.6540        0        7
    6    0.6719      0.6718     0.7139    0.6719        0       23
    7    0.6372      0.6372     0.6794    0.6336        0       16
    8    0.7118      0.7118     0.7674    0.7094        0       10
    9    0.7170      0.7170     0.7734    0.7150        0        9
   10    0.6964      0.6964     0.7512    0.6959        0       17
------------------------------------------------------------------
 Mean    0.6827      0.6827     0.7353    0.6804
  Std    0.0249      0.0249     0.0346    0.0260
==========================================================================================
Aggregate results saved -> /home/apasinato/jade-mscthesis/outputs/ft_checkpoints/summary_thu-ep_binary_w10s10_pool_no_r16_nomixup.json

All folds complete.

=== Complete ===
Exit code: 0
Finished:  Mon Mar 30 16:34:44 CEST 2026
