=== Experiment on DelftBlue ===
Job ID:    9477207
Node:      gpu013
Partition: gpu-a100
Module:    src.approaches.fine_tuning.train_ft
Args:      --dataset faced --task 9-class --no-mixup
Started:   Mon Mar 30 14:18:40 CEST 2026

=== GPU ===
NVIDIA A100 80GB PCIe, 81920 MiB

=== Environment ===
Python:  Python 3.14.3
PyTorch: 2.9.1+cu128
CUDA:    True 12.8

=== Running: python -m src.approaches.fine_tuning.train_ft --dataset faced --task 9-class --no-mixup ===


Dataset: faced  |  subjects: 123
Device: cuda  |  task: 9-class  |  pooling: no  |  LoRA rank: 16  alpha: 16
Window: 10.0s (2000 pts)  Stride: 10.0s (2000 pts)  Mixup: False  AMP: True
LP: lr=0.005 epochs=20  |  FT: lr=0.0001 epochs=200
Loading REVE model from local path …
flash_attn not found, install it with `pip install flash_attn` if you want to use it
Loading REVE position bank from local path …
  Electrode positions cached for 32 channels.

#########################################################################################################
  Fold 1/10  |  faced  |  task=9-class  |  pooling=no  |  LoRA r=16  |  device=cuda
  train: 110 subjects  |  val: 13 subjects
#########################################################################################################
Building datasets ...  done in 20s  (train=9,240  val=1,092)

>>> Stage 1: LP warmup  |  trainable params: 1,807,881

─────────────────────────────────────────────────────────────────────────────────────────────────────────
  Stage: lp  |  lr=0.005  |  max_epochs=20  |  grad_clip=2.0
 Epoch   EpTime   Elapsed    TrLoss    TrAcc    VaAcc   VaBalAcc   VaAUROC    VaF1w          LR
─────────────────────────────────────────────────────────────────────────────────────────────────────────
     1      14s       14s    2.8756   0.1390   0.1410     0.1455    0.6898   0.0616    6.16e-04  (ETA 4m33s)
     2       9s       24s   11.6618   0.1534   0.1374     0.1425    0.6970   0.0642    1.96e-03  (ETA 3m39s)
     3       9s       34s   37.7978   0.1474   0.1832     0.1774    0.6932   0.1157    4.85e-03  (ETA 3m14s)
     4       9s       44s   29.2853   0.2014   0.1502     0.1557    0.7486   0.0835    4.85e-03  (ETA 2m56s)
     5       9s       54s   12.1687   0.3134   0.2610     0.2688    0.7785   0.2140    4.85e-03  (ETA 2m42s)
     6       9s     1m04s    8.1382   0.4092   0.3132     0.3115    0.8031   0.2771    4.85e-03  (ETA 2m29s)
     7       9s     1m13s    5.0131   0.5102   0.3306     0.3362    0.8082   0.3066    4.85e-03  (ETA 2m17s)
     8       9s     1m23s    4.0998   0.5697   0.3727     0.3720    0.8064   0.3771    4.85e-03  (ETA 2m05s)
     9       9s     1m33s    3.0387   0.6402   0.3379     0.3374    0.8170   0.3081    4.85e-03  (ETA 1m54s)
    10      12s     1m46s    2.2061   0.6935   0.4524     0.4509    0.8347   0.4395    4.85e-03  (ETA 1m46s)
    11      11s     1m58s    1.9117   0.7312   0.3984     0.4034    0.8299   0.3742    4.85e-03  (ETA 1m37s)
    12       9s     2m08s    1.6475   0.7688   0.4322     0.4326    0.8311   0.4265    4.85e-03  (ETA 1m25s)
    13       9s     2m18s    1.5282   0.7935   0.4386     0.4414    0.8211   0.4338    4.85e-03  (ETA 1m14s)
    14       9s     2m28s    1.2134   0.8348   0.5073     0.5064    0.8439   0.4932    4.85e-03  (ETA 1m03s)
    15       9s     2m38s    1.1152   0.8420   0.4496     0.4428    0.8353   0.4320    4.85e-03  (ETA 52s)
    16       9s     2m48s    1.0763   0.8531   0.4835     0.4881    0.8432   0.4786    4.85e-03  (ETA 42s)
    17      10s     2m58s    0.8233   0.8845   0.5082     0.5109    0.8455   0.5014    4.85e-03  (ETA 31s)
    18      10s     3m08s    0.5537   0.9316   0.4753     0.4656    0.8239   0.4795    4.85e-03  (ETA 20s)
    19       9s     3m18s    0.3587   0.9697   0.4973     0.5081    0.8476   0.4886    4.85e-03  (ETA 10s)
    20       9s     3m28s    0.3517   0.9676   0.4606     0.4563    0.8357   0.4514    4.85e-03  (done)
─────────────────────────────────────────────────────────────────────────────────────────────────────────
lp complete — 20 epochs | total: 3m28s | best epoch=17 val_acc=0.5082
─────────────────────────────────────────────────────────────────────────────────────────────────────────

>>> Stage 2: LoRA fine-tuning
  Parameters: 2,889,225 trainable / 72,078,857 total (4.01%)  |  LoRA: 1,081,344

─────────────────────────────────────────────────────────────────────────────────────────────────────────
  Stage: ft  |  lr=0.0001  |  max_epochs=200  |  grad_clip=2.0
 Epoch   EpTime   Elapsed    TrLoss    TrAcc    VaAcc   VaBalAcc   VaAUROC    VaF1w          LR
─────────────────────────────────────────────────────────────────────────────────────────────────────────
     1      28s       28s    0.4660   0.9463   0.5348     0.5340    0.8457   0.5342    6.33e-06  (ETA 1h34m17s)
     2      28s       56s    0.3509   0.9738   0.5293     0.5302    0.8500   0.5285    1.65e-05  (ETA 1h33m39s)
     3      28s     1m25s    0.3109   0.9780   0.5339     0.5321    0.8536   0.5313    3.27e-05  (ETA 1h33m11s)
     4      28s     1m53s    0.2486   0.9824   0.5375     0.5363    0.8559   0.5346    5.83e-05  (ETA 1h32m53s)
     5      28s     2m22s    0.1640   0.9827   0.5256     0.5223    0.8547   0.5238    9.89e-05  (ETA 1h32m31s)
     6      28s     2m50s    0.1158   0.9854   0.5430     0.5392    0.8585   0.5444    9.89e-05  (ETA 1h32m05s)
     7      28s     3m19s    0.0888   0.9892   0.5549     0.5558    0.8590   0.5581    9.89e-05  (ETA 1h31m37s)
     8      28s     3m48s    0.0791   0.9904   0.5275     0.5264    0.8575   0.5249    9.89e-05  (ETA 1h31m12s)
     9      28s     4m16s    0.0632   0.9912   0.5430     0.5425    0.8588   0.5418    9.89e-05  (ETA 1h30m41s)
    10      28s     4m44s    0.0585   0.9934   0.5311     0.5335    0.8598   0.5289    9.89e-05  (ETA 1h30m10s)
    11      28s     5m13s    0.0503   0.9940   0.5357     0.5332    0.8596   0.5353    9.89e-05  (ETA 1h29m41s)
    12      28s     5m41s    0.0442   0.9946   0.5284     0.5290    0.8601   0.5237    9.89e-05  (ETA 1h29m13s)
    13      28s     6m10s    0.0417   0.9946   0.5394     0.5389    0.8596   0.5359    9.89e-05  (ETA 1h28m44s)
    14      28s     6m38s    0.0389   0.9952   0.5458     0.5463    0.8602   0.5447    4.95e-05  (ETA 1h28m14s)
    15      28s     7m06s    0.0314   0.9965   0.5504     0.5491    0.8602   0.5483    4.95e-05  (ETA 1h27m45s)
    16      28s     7m35s    0.0271   0.9966   0.5522     0.5518    0.8600   0.5510    4.95e-05  (ETA 1h27m16s)
    17      28s     8m03s    0.0237   0.9969   0.5495     0.5506    0.8609   0.5470    4.95e-05  (ETA 1h26m47s)
    18      28s     8m32s    0.0238   0.9963   0.5449     0.5437    0.8609   0.5419    4.95e-05  (ETA 1h26m21s)
Early stopping at epoch 18 (patience=10)
─────────────────────────────────────────────────────────────────────────────────────────────────────────
ft complete — 18 epochs | total: 8m32s | best epoch=7 val_acc=0.5549
─────────────────────────────────────────────────────────────────────────────────────────────────────────
LoRA adapter saved → /home/apasinato/jade-mscthesis/outputs/ft_checkpoints/ft_faced_9-class_w10s10_pool_no_r16_nomixup_fold_1/lora_adapter
Head weights saved → /home/apasinato/jade-mscthesis/outputs/ft_checkpoints/ft_faced_9-class_w10s10_pool_no_r16_nomixup_fold_1/head_weights.pt

#########################################################################################################
  Fold 2/10  |  faced  |  task=9-class  |  pooling=no  |  LoRA r=16  |  device=cuda
  train: 110 subjects  |  val: 13 subjects
#########################################################################################################
Building datasets ...  done in 19s  (train=9,240  val=1,092)

>>> Stage 1: LP warmup  |  trainable params: 1,807,881

─────────────────────────────────────────────────────────────────────────────────────────────────────────
  Stage: lp  |  lr=0.005  |  max_epochs=20  |  grad_clip=2.0
 Epoch   EpTime   Elapsed    TrLoss    TrAcc    VaAcc   VaBalAcc   VaAUROC    VaF1w          LR
─────────────────────────────────────────────────────────────────────────────────────────────────────────
     1      12s       12s    2.9115   0.1443   0.1117     0.1159    0.6699   0.0295    6.16e-04  (ETA 3m53s)
     2      12s       24s   12.9319   0.1515   0.1410     0.1462    0.6969   0.0502    1.96e-03  (ETA 3m40s)
     3      12s       36s   34.3974   0.1396   0.1456     0.1510    0.6346   0.0676    4.85e-03  (ETA 3m27s)
     4      12s       48s   32.3057   0.1929   0.2179     0.2260    0.7541   0.1369    4.85e-03  (ETA 3m14s)
     5      12s     1m00s   15.4632   0.3018   0.2775     0.2837    0.7968   0.1908    4.85e-03  (ETA 3m02s)
     6      12s     1m12s    6.9989   0.4350   0.3837     0.3920    0.8223   0.3325    4.85e-03  (ETA 2m49s)
     7      12s     1m24s    5.0813   0.5174   0.3883     0.3832    0.8372   0.3673    4.85e-03  (ETA 2m37s)
     8      12s     1m37s    3.6889   0.6023   0.4167     0.4081    0.8347   0.4028    4.85e-03  (ETA 2m25s)
     9      12s     1m49s    2.9048   0.6631   0.3883     0.4017    0.8375   0.3382    4.85e-03  (ETA 2m13s)
    10      12s     2m01s    2.2094   0.7155   0.4048     0.4038    0.8286   0.3909    4.85e-03  (ETA 2m01s)
    11      12s     2m13s    1.7789   0.7566   0.3773     0.3794    0.8464   0.3524    4.85e-03  (ETA 1m49s)
    12      12s     2m25s    1.6349   0.7782   0.4112     0.4141    0.8367   0.3819    4.85e-03  (ETA 1m37s)
    13      12s     2m37s    1.4239   0.8027   0.4652     0.4649    0.8372   0.4627    4.85e-03  (ETA 1m25s)
    14      12s     2m49s    1.2345   0.8331   0.4304     0.4392    0.8245   0.4210    4.85e-03  (ETA 1m12s)
    15      12s     3m02s    1.0354   0.8577   0.3974     0.4038    0.8322   0.3662    4.85e-03  (ETA 1m00s)
    16      12s     3m14s    0.6918   0.9196   0.4936     0.4948    0.8369   0.4875    4.85e-03  (ETA 48s)
    17      12s     3m26s    0.6427   0.9246   0.4551     0.4599    0.8409   0.4460    4.85e-03  (ETA 36s)
    18      12s     3m38s    0.5167   0.9397   0.4212     0.4278    0.8387   0.4322    4.85e-03  (ETA 24s)
    19      12s     3m51s    0.4696   0.9464   0.4899     0.4924    0.8443   0.4942    4.85e-03  (ETA 12s)
    20      12s     4m03s    0.3815   0.9654   0.4808     0.4815    0.8402   0.4769    4.85e-03  (done)
─────────────────────────────────────────────────────────────────────────────────────────────────────────
lp complete — 20 epochs | total: 4m03s | best epoch=16 val_acc=0.4936
─────────────────────────────────────────────────────────────────────────────────────────────────────────

>>> Stage 2: LoRA fine-tuning
  Parameters: 2,889,225 trainable / 72,078,857 total (4.01%)  |  LoRA: 1,081,344

─────────────────────────────────────────────────────────────────────────────────────────────────────────
  Stage: ft  |  lr=0.0001  |  max_epochs=200  |  grad_clip=2.0
 Epoch   EpTime   Elapsed    TrLoss    TrAcc    VaAcc   VaBalAcc   VaAUROC    VaF1w          LR
─────────────────────────────────────────────────────────────────────────────────────────────────────────
     1      28s       28s    0.6550   0.9081   0.4817     0.4846    0.8296   0.4822    6.28e-06  (ETA 1h34m20s)
     2      28s       57s    0.3907   0.9676   0.4844     0.4877    0.8358   0.4845    1.64e-05  (ETA 1h34m29s)
     3      28s     1m25s    0.3547   0.9765   0.4927     0.4976    0.8399   0.4927    3.26e-05  (ETA 1h33m55s)
     4      28s     1m54s    0.2962   0.9776   0.4982     0.4995    0.8423   0.5017    5.81e-05  (ETA 1h33m19s)
     5      28s     2m23s    0.2273   0.9814   0.5009     0.5052    0.8445   0.4996    9.86e-05  (ETA 1h32m58s)
     6      28s     2m51s    0.1760   0.9839   0.5101     0.5131    0.8477   0.5128    9.86e-05  (ETA 1h32m27s)
     7      28s     3m20s    0.1440   0.9877   0.5119     0.5147    0.8487   0.5122    9.86e-05  (ETA 1h31m54s)
     8      28s     3m48s    0.0992   0.9910   0.5110     0.5133    0.8504   0.5094    9.86e-05  (ETA 1h31m24s)
     9      28s     4m16s    0.0862   0.9902   0.5092     0.5128    0.8505   0.5084    9.86e-05  (ETA 1h30m52s)
    10      28s     4m45s    0.0701   0.9921   0.5174     0.5169    0.8509   0.5223    9.86e-05  (ETA 1h30m21s)
    11      28s     5m13s    0.0565   0.9939   0.5137     0.5176    0.8523   0.5116    9.86e-05  (ETA 1h29m50s)
    12      28s     5m42s    0.0607   0.9950   0.5137     0.5159    0.8503   0.5139    9.86e-05  (ETA 1h29m19s)
    13      28s     6m10s    0.0483   0.9948   0.5082     0.5093    0.8521   0.5090    9.86e-05  (ETA 1h28m51s)
    14      28s     6m39s    0.0446   0.9951   0.5128     0.5142    0.8521   0.5145    9.86e-05  (ETA 1h28m24s)
    15      28s     7m07s    0.0357   0.9955   0.5156     0.5188    0.8525   0.5164    9.86e-05  (ETA 1h27m54s)
    16      28s     7m36s    0.0446   0.9956   0.5119     0.5140    0.8521   0.5131    9.86e-05  (ETA 1h27m24s)
    17      28s     8m04s    0.0313   0.9949   0.5183     0.5214    0.8538   0.5163    9.86e-05  (ETA 1h26m54s)
    18      28s     8m33s    0.0331   0.9953   0.5110     0.5138    0.8521   0.5104    9.86e-05  (ETA 1h26m29s)
    19      28s     9m01s    0.0341   0.9952   0.5082     0.5100    0.8557   0.5080    9.86e-05  (ETA 1h25m59s)
    20      28s     9m29s    0.0302   0.9951   0.5174     0.5207    0.8555   0.5158    9.86e-05  (ETA 1h25m29s)
    21      28s     9m58s    0.0312   0.9961   0.5211     0.5242    0.8554   0.5211    9.86e-05  (ETA 1h25m00s)
    22      28s    10m26s    0.0286   0.9965   0.5183     0.5202    0.8559   0.5198    9.86e-05  (ETA 1h24m30s)
    23      28s    10m55s    0.0305   0.9960   0.5128     0.5145    0.8560   0.5094    9.86e-05  (ETA 1h24m01s)
    24      28s    11m23s    0.0277   0.9960   0.5183     0.5202    0.8553   0.5198    9.86e-05  (ETA 1h23m32s)
    25      28s    11m52s    0.0368   0.9952   0.5220     0.5235    0.8557   0.5226    9.86e-05  (ETA 1h23m05s)
    26      28s    12m20s    0.0345   0.9950   0.5147     0.5171    0.8572   0.5119    9.86e-05  (ETA 1h22m36s)
    27      28s    12m48s    0.0248   0.9970   0.5183     0.5185    0.8564   0.5224    9.86e-05  (ETA 1h22m06s)
    28      28s    13m17s    0.0223   0.9973   0.5165     0.5202    0.8565   0.5160    9.86e-05  (ETA 1h21m39s)
    29      29s    13m47s    0.0278   0.9961   0.5211     0.5237    0.8554   0.5213    9.86e-05  (ETA 1h21m16s)
    30      28s    14m15s    0.0242   0.9969   0.5201     0.5221    0.8568   0.5213    9.86e-05  (ETA 1h20m47s)
    31      28s    14m44s    0.0237   0.9969   0.5211     0.5237    0.8559   0.5225    9.86e-05  (ETA 1h20m19s)
    32      30s    15m14s    0.0163   0.9968   0.5229     0.5261    0.8586   0.5224    9.86e-05  (ETA 1h20m00s)
    33      36s    15m50s    0.0280   0.9962   0.5147     0.5185    0.8594   0.5121    9.86e-05  (ETA 1h20m11s)
    34      28s    16m19s    0.0247   0.9964   0.5293     0.5311    0.8586   0.5305    9.86e-05  (ETA 1h19m40s)
    35      28s    16m47s    0.0233   0.9966   0.5275     0.5297    0.8590   0.5271    9.86e-05  (ETA 1h19m09s)
    36      28s    17m16s    0.0158   0.9977   0.5266     0.5280    0.8590   0.5279    9.86e-05  (ETA 1h18m40s)
    37      29s    17m45s    0.0240   0.9966   0.5156     0.5169    0.8576   0.5172    9.86e-05  (ETA 1h18m13s)
    38      29s    18m14s    0.0230   0.9972   0.5156     0.5185    0.8582   0.5159    9.86e-05  (ETA 1h17m45s)
    39      28s    18m42s    0.0203   0.9975   0.5247     0.5268    0.8575   0.5253    9.86e-05  (ETA 1h17m14s)
    40      28s    19m11s    0.0218   0.9971   0.5238     0.5252    0.8574   0.5255    9.86e-05  (ETA 1h16m44s)
    41      29s    19m40s    0.0166   0.9969   0.5128     0.5166    0.8583   0.5091    4.93e-05  (ETA 1h16m17s)
    42      28s    20m08s    0.0130   0.9973   0.5247     0.5273    0.8595   0.5263    4.93e-05  (ETA 1h15m47s)
    43      28s    20m37s    0.0104   0.9977   0.5266     0.5302    0.8591   0.5259    4.93e-05  (ETA 1h15m16s)
    44      28s    21m05s    0.0084   0.9983   0.5256     0.5287    0.8593   0.5254    4.93e-05  (ETA 1h14m46s)
    45      28s    21m34s    0.0067   0.9988   0.5211     0.5237    0.8605   0.5219    4.93e-05  (ETA 1h14m17s)
Early stopping at epoch 45 (patience=10)
─────────────────────────────────────────────────────────────────────────────────────────────────────────
ft complete — 45 epochs | total: 21m34s | best epoch=34 val_acc=0.5293
─────────────────────────────────────────────────────────────────────────────────────────────────────────
LoRA adapter saved → /home/apasinato/jade-mscthesis/outputs/ft_checkpoints/ft_faced_9-class_w10s10_pool_no_r16_nomixup_fold_2/lora_adapter
Head weights saved → /home/apasinato/jade-mscthesis/outputs/ft_checkpoints/ft_faced_9-class_w10s10_pool_no_r16_nomixup_fold_2/head_weights.pt

#########################################################################################################
  Fold 3/10  |  faced  |  task=9-class  |  pooling=no  |  LoRA r=16  |  device=cuda
  train: 110 subjects  |  val: 13 subjects
#########################################################################################################
Building datasets ...  done in 10s  (train=9,240  val=1,092)

>>> Stage 1: LP warmup  |  trainable params: 1,807,881

─────────────────────────────────────────────────────────────────────────────────────────────────────────
  Stage: lp  |  lr=0.005  |  max_epochs=20  |  grad_clip=2.0
 Epoch   EpTime   Elapsed    TrLoss    TrAcc    VaAcc   VaBalAcc   VaAUROC    VaF1w          LR
─────────────────────────────────────────────────────────────────────────────────────────────────────────
     1      12s       12s    2.9749   0.1434   0.1364     0.1413    0.6894   0.0534    6.16e-04  (ETA 3m48s)
     2      12s       24s   13.1172   0.1509   0.1749     0.1534    0.6879   0.0863    1.96e-03  (ETA 3m36s)
     3      12s       36s   28.2494   0.1598   0.1996     0.2070    0.6985   0.1268    4.85e-03  (ETA 3m25s)
     4      12s       48s   31.8891   0.2079   0.2518     0.2374    0.7473   0.1803    4.85e-03  (ETA 3m13s)
     5      12s     1m00s   12.9756   0.3437   0.2509     0.2588    0.7422   0.2233    4.85e-03  (ETA 3m02s)
     6      12s     1m12s    6.4560   0.4998   0.3315     0.3269    0.7788   0.3029    4.85e-03  (ETA 2m50s)
     7      12s     1m25s    4.6108   0.5882   0.3736     0.3716    0.7919   0.3510    4.85e-03  (ETA 2m37s)
     8      12s     1m37s    3.3495   0.6684   0.3004     0.3089    0.7856   0.2751    4.85e-03  (ETA 2m25s)
     9      12s     1m49s    2.2561   0.7474   0.4002     0.4088    0.7947   0.3890    4.85e-03  (ETA 2m13s)
    10      12s     2m01s    1.7548   0.7972   0.3837     0.3894    0.7919   0.3590    4.85e-03  (ETA 2m01s)
    11      13s     2m15s    1.5993   0.8147   0.4341     0.4335    0.8021   0.4293    4.85e-03  (ETA 1m50s)
    12      15s     2m30s    1.5501   0.8262   0.3837     0.3782    0.7897   0.3775    4.85e-03  (ETA 1m40s)
    13      12s     2m42s    1.3725   0.8406   0.4222     0.4247    0.7914   0.4139    4.85e-03  (ETA 1m27s)
    14      12s     2m54s    1.1325   0.8564   0.3874     0.3827    0.7946   0.3627    4.85e-03  (ETA 1m14s)
    15      12s     3m06s    0.9583   0.8787   0.4130     0.4005    0.7989   0.3995    4.85e-03  (ETA 1m02s)
    16      12s     3m18s    0.8010   0.9209   0.4322     0.4266    0.8045   0.4216    4.85e-03  (ETA 49s)
    17      12s     3m31s    0.6729   0.9466   0.4066     0.4041    0.7903   0.3933    4.85e-03  (ETA 37s)
    18      12s     3m43s    0.6040   0.9387   0.4533     0.4518    0.8061   0.4463    4.85e-03  (ETA 24s)
    19      12s     3m56s    0.5959   0.9366   0.4057     0.4072    0.7966   0.3960    4.85e-03  (ETA 12s)
    20      12s     4m08s    0.4473   0.9598   0.4341     0.4278    0.7918   0.4302    4.85e-03  (done)
─────────────────────────────────────────────────────────────────────────────────────────────────────────
lp complete — 20 epochs | total: 4m08s | best epoch=18 val_acc=0.4533
─────────────────────────────────────────────────────────────────────────────────────────────────────────

>>> Stage 2: LoRA fine-tuning
  Parameters: 2,889,225 trainable / 72,078,857 total (4.01%)  |  LoRA: 1,081,344

─────────────────────────────────────────────────────────────────────────────────────────────────────────
  Stage: ft  |  lr=0.0001  |  max_epochs=200  |  grad_clip=2.0
 Epoch   EpTime   Elapsed    TrLoss    TrAcc    VaAcc   VaBalAcc   VaAUROC    VaF1w          LR
─────────────────────────────────────────────────────────────────────────────────────────────────────────
     1      28s       28s    1.0600   0.8732   0.4332     0.4302    0.7879   0.4301    6.22e-06  (ETA 1h34m38s)
     2      28s       57s    0.4557   0.9630   0.4304     0.4278    0.7922   0.4323    1.64e-05  (ETA 1h34m06s)
     3      28s     1m25s    0.3919   0.9753   0.4460     0.4435    0.7987   0.4458    3.24e-05  (ETA 1h33m26s)
     4      28s     1m53s    0.3001   0.9827   0.4551     0.4506    0.8015   0.4563    5.79e-05  (ETA 1h32m58s)
     5      28s     2m22s    0.2125   0.9843   0.4670     0.4623    0.8061   0.4664    9.82e-05  (ETA 1h32m28s)
     6      28s     2m50s    0.1568   0.9878   0.4515     0.4523    0.8055   0.4518    9.82e-05  (ETA 1h31m54s)
     7      28s     3m18s    0.1233   0.9866   0.4579     0.4544    0.8051   0.4575    9.82e-05  (ETA 1h31m23s)
     8      28s     3m47s    0.0886   0.9907   0.4570     0.4516    0.8069   0.4566    9.82e-05  (ETA 1h30m53s)
     9      28s     4m15s    0.0716   0.9932   0.4625     0.4608    0.8077   0.4636    9.82e-05  (ETA 1h30m21s)
    10      34s     4m49s    0.0635   0.9937   0.4615     0.4573    0.8075   0.4643    9.82e-05  (ETA 1h31m44s)
    11      28s     5m18s    0.0381   0.9951   0.4652     0.4634    0.8078   0.4646    9.82e-05  (ETA 1h31m06s)
    12      28s     5m46s    0.0478   0.9948   0.4643     0.4613    0.8087   0.4653    9.82e-05  (ETA 1h30m27s)
    13      28s     6m14s    0.0473   0.9947   0.4679     0.4630    0.8064   0.4675    9.82e-05  (ETA 1h29m52s)
    14      28s     6m43s    0.0395   0.9961   0.4560     0.4532    0.8062   0.4559    9.82e-05  (ETA 1h29m16s)
    15      28s     7m11s    0.0383   0.9953   0.4606     0.4585    0.8091   0.4650    9.82e-05  (ETA 1h28m40s)
    16      28s     7m39s    0.0380   0.9960   0.4597     0.4539    0.8078   0.4596    9.82e-05  (ETA 1h28m08s)
    17      28s     8m08s    0.0336   0.9965   0.4551     0.4551    0.8098   0.4552    9.82e-05  (ETA 1h27m34s)
    18      28s     8m36s    0.0282   0.9957   0.4643     0.4623    0.8100   0.4658    9.82e-05  (ETA 1h27m00s)
    19      28s     9m05s    0.0313   0.9970   0.4634     0.4594    0.8091   0.4653    9.82e-05  (ETA 1h26m34s)
    20      28s     9m33s    0.0331   0.9962   0.4652     0.4611    0.8093   0.4679    4.91e-05  (ETA 1h26m01s)
    21      28s    10m01s    0.0208   0.9979   0.4661     0.4623    0.8100   0.4677    4.91e-05  (ETA 1h25m29s)
    22      30s    10m31s    0.0148   0.9973   0.4661     0.4637    0.8107   0.4661    4.91e-05  (ETA 1h25m12s)
    23      28s    11m00s    0.0221   0.9976   0.4634     0.4589    0.8100   0.4660    4.91e-05  (ETA 1h24m40s)
    24      28s    11m28s    0.0209   0.9977   0.4606     0.4570    0.8104   0.4620    4.91e-05  (ETA 1h24m08s)
Early stopping at epoch 24 (patience=10)
─────────────────────────────────────────────────────────────────────────────────────────────────────────
ft complete — 24 epochs | total: 11m28s | best epoch=13 val_acc=0.4679
─────────────────────────────────────────────────────────────────────────────────────────────────────────
LoRA adapter saved → /home/apasinato/jade-mscthesis/outputs/ft_checkpoints/ft_faced_9-class_w10s10_pool_no_r16_nomixup_fold_3/lora_adapter
Head weights saved → /home/apasinato/jade-mscthesis/outputs/ft_checkpoints/ft_faced_9-class_w10s10_pool_no_r16_nomixup_fold_3/head_weights.pt

#########################################################################################################
  Fold 4/10  |  faced  |  task=9-class  |  pooling=no  |  LoRA r=16  |  device=cuda
  train: 111 subjects  |  val: 12 subjects
#########################################################################################################
Building datasets ...  done in 32s  (train=9,324  val=1,008)

>>> Stage 1: LP warmup  |  trainable params: 1,807,881

─────────────────────────────────────────────────────────────────────────────────────────────────────────
  Stage: lp  |  lr=0.005  |  max_epochs=20  |  grad_clip=2.0
 Epoch   EpTime   Elapsed    TrLoss    TrAcc    VaAcc   VaBalAcc   VaAUROC    VaF1w          LR
─────────────────────────────────────────────────────────────────────────────────────────────────────────
     1      12s       12s    3.0438   0.1337   0.1121     0.1163    0.7093   0.0298    6.16e-04  (ETA 3m48s)
     2      12s       24s   11.8870   0.1573   0.1984     0.1955    0.7035   0.1100    1.96e-03  (ETA 3m36s)
     3      12s       36s   31.3422   0.1503   0.1071     0.1111    0.6691   0.0207    4.86e-03  (ETA 3m26s)
     4      12s       48s   33.6029   0.2020   0.2649     0.2600    0.7701   0.2167    4.86e-03  (ETA 3m14s)
     5      12s     1m00s   11.8743   0.3648   0.3284     0.3169    0.8152   0.2767    4.86e-03  (ETA 3m02s)
     6      12s     1m12s    6.6131   0.4980   0.3532     0.3483    0.8252   0.3308    4.86e-03  (ETA 2m50s)
     7      12s     1m24s    4.4149   0.5905   0.4683     0.4630    0.8458   0.4543    4.86e-03  (ETA 2m37s)
     8      12s     1m37s    3.1972   0.6759   0.4167     0.4048    0.8351   0.3951    4.86e-03  (ETA 2m25s)
     9      12s     1m49s    2.5983   0.7210   0.4524     0.4506    0.8425   0.4465    4.86e-03  (ETA 2m13s)
    10      19s     2m08s    2.1417   0.7617   0.4048     0.3974    0.8321   0.3826    4.86e-03  (ETA 2m08s)
    11      12s     2m20s    1.5813   0.8179   0.3909     0.3945    0.8416   0.3706    4.86e-03  (ETA 1m55s)
    12      12s     2m32s    1.7235   0.8091   0.4712     0.4668    0.8523   0.4527    4.86e-03  (ETA 1m41s)
    13      12s     2m44s    1.4060   0.8458   0.4077     0.4053    0.8341   0.3845    4.86e-03  (ETA 1m28s)
    14      15s     3m00s    1.1627   0.8738   0.4325     0.4198    0.8422   0.4139    4.86e-03  (ETA 1m17s)
    15      12s     3m13s    1.0331   0.8840   0.4722     0.4712    0.8468   0.4605    4.86e-03  (ETA 1m04s)
    16      12s     3m25s    0.8789   0.9053   0.4712     0.4691    0.8448   0.4700    4.86e-03  (ETA 51s)
    17      12s     3m37s    0.6185   0.9387   0.4673     0.4663    0.8572   0.4574    4.86e-03  (ETA 38s)
    18      12s     3m49s    0.4560   0.9568   0.4444     0.4468    0.8509   0.4443    4.86e-03  (ETA 25s)
    19      12s     4m01s    0.5325   0.9382   0.4782     0.4866    0.8558   0.4709    4.86e-03  (ETA 12s)
    20      12s     4m14s    0.4551   0.9604   0.4514     0.4632    0.8422   0.4407    4.86e-03  (done)
─────────────────────────────────────────────────────────────────────────────────────────────────────────
lp complete — 20 epochs | total: 4m14s | best epoch=19 val_acc=0.4782
─────────────────────────────────────────────────────────────────────────────────────────────────────────

>>> Stage 2: LoRA fine-tuning
  Parameters: 2,889,225 trainable / 72,078,857 total (4.01%)  |  LoRA: 1,081,344

─────────────────────────────────────────────────────────────────────────────────────────────────────────
  Stage: ft  |  lr=0.0001  |  max_epochs=200  |  grad_clip=2.0
 Epoch   EpTime   Elapsed    TrLoss    TrAcc    VaAcc   VaBalAcc   VaAUROC    VaF1w          LR
─────────────────────────────────────────────────────────────────────────────────────────────────────────
     1      28s       28s    1.5151   0.8111   0.4712     0.4735    0.8403   0.4705    6.22e-06  (ETA 1h35m00s)
     2      28s       57s    0.5194   0.9552   0.4921     0.4933    0.8474   0.4944    1.64e-05  (ETA 1h34m52s)
     3      29s     1m27s    0.4286   0.9716   0.5079     0.5123    0.8557   0.5099    3.24e-05  (ETA 1h35m17s)
     4      28s     1m55s    0.3472   0.9809   0.5258     0.5314    0.8588   0.5237    5.79e-05  (ETA 1h34m42s)
     5      28s     2m24s    0.2343   0.9853   0.5169     0.5167    0.8619   0.5157    9.83e-05  (ETA 1h33m54s)
     6      31s     2m56s    0.1539   0.9871   0.5288     0.5273    0.8610   0.5240    9.83e-05  (ETA 1h34m56s)
     7      28s     3m24s    0.1032   0.9880   0.5149     0.5165    0.8631   0.5147    9.83e-05  (ETA 1h34m01s)
     8      28s     3m52s    0.0797   0.9943   0.5218     0.5285    0.8619   0.5237    9.83e-05  (ETA 1h33m11s)
     9      28s     4m21s    0.0646   0.9931   0.5268     0.5267    0.8615   0.5300    9.83e-05  (ETA 1h32m35s)
    10      28s     4m50s    0.0504   0.9945   0.5218     0.5283    0.8629   0.5223    9.83e-05  (ETA 1h31m55s)
    11      28s     5m18s    0.0436   0.9946   0.5248     0.5247    0.8634   0.5234    9.83e-05  (ETA 1h31m15s)
    12      28s     5m47s    0.0406   0.9951   0.5367     0.5370    0.8646   0.5371    9.83e-05  (ETA 1h30m38s)
    13      28s     6m15s    0.0438   0.9945   0.5198     0.5242    0.8631   0.5223    9.83e-05  (ETA 1h30m02s)
    14      28s     6m43s    0.0409   0.9958   0.5317     0.5345    0.8642   0.5328    9.83e-05  (ETA 1h29m26s)
    15      28s     7m12s    0.0310   0.9961   0.5268     0.5267    0.8632   0.5291    9.83e-05  (ETA 1h28m55s)
    16      28s     7m41s    0.0332   0.9964   0.5407     0.5442    0.8653   0.5406    9.83e-05  (ETA 1h28m27s)
    17      28s     8m09s    0.0388   0.9954   0.5308     0.5327    0.8642   0.5314    9.83e-05  (ETA 1h27m54s)
    18      28s     8m38s    0.0294   0.9968   0.5417     0.5458    0.8646   0.5448    9.83e-05  (ETA 1h27m21s)
    19      28s     9m06s    0.0266   0.9960   0.5308     0.5309    0.8628   0.5370    9.83e-05  (ETA 1h26m49s)
    20      28s     9m35s    0.0284   0.9967   0.5278     0.5291    0.8643   0.5294    9.83e-05  (ETA 1h26m21s)
    21      28s    10m04s    0.0239   0.9964   0.5099     0.5054    0.8624   0.5092    9.83e-05  (ETA 1h25m49s)
    22      28s    10m32s    0.0288   0.9955   0.5248     0.5293    0.8632   0.5265    9.83e-05  (ETA 1h25m17s)
    23      28s    11m00s    0.0284   0.9970   0.5169     0.5188    0.8653   0.5180    9.83e-05  (ETA 1h24m46s)
    24      28s    11m29s    0.0254   0.9955   0.5238     0.5273    0.8656   0.5212    9.83e-05  (ETA 1h24m15s)
    25      28s    11m57s    0.0253   0.9959   0.5248     0.5237    0.8632   0.5288    4.91e-05  (ETA 1h23m45s)
    26      28s    12m26s    0.0193   0.9972   0.5427     0.5445    0.8659   0.5452    4.91e-05  (ETA 1h23m17s)
    27      28s    12m55s    0.0173   0.9980   0.5397     0.5422    0.8662   0.5420    4.91e-05  (ETA 1h22m46s)
    28      28s    13m23s    0.0168   0.9976   0.5397     0.5419    0.8657   0.5418    4.91e-05  (ETA 1h22m15s)
    29      28s    13m51s    0.0123   0.9982   0.5427     0.5430    0.8649   0.5457    4.91e-05  (ETA 1h21m45s)
    30      29s    14m21s    0.0167   0.9977   0.5357     0.5386    0.8654   0.5387    4.91e-05  (ETA 1h21m19s)
    31      28s    14m49s    0.0157   0.9980   0.5367     0.5376    0.8645   0.5403    4.91e-05  (ETA 1h20m48s)
    32      28s    15m17s    0.0146   0.9981   0.5367     0.5388    0.8646   0.5401    4.91e-05  (ETA 1h20m18s)
    33      31s    15m49s    0.0109   0.9983   0.5427     0.5460    0.8664   0.5448    2.46e-05  (ETA 1h20m05s)
    34      28s    16m18s    0.0097   0.9984   0.5407     0.5432    0.8659   0.5431    2.46e-05  (ETA 1h19m35s)
    35      28s    16m46s    0.0089   0.9986   0.5377     0.5396    0.8660   0.5407    2.46e-05  (ETA 1h19m05s)
    36      28s    17m15s    0.0073   0.9985   0.5377     0.5394    0.8663   0.5400    2.46e-05  (ETA 1h18m35s)
    37      28s    17m43s    0.0086   0.9983   0.5476     0.5481    0.8660   0.5499    2.46e-05  (ETA 1h18m05s)
    38      30s    18m13s    0.0071   0.9985   0.5387     0.5414    0.8667   0.5406    2.46e-05  (ETA 1h17m43s)
    39      29s    18m43s    0.0109   0.9983   0.5317     0.5350    0.8647   0.5346    2.46e-05  (ETA 1h17m16s)
    40      28s    19m11s    0.0100   0.9982   0.5446     0.5458    0.8670   0.5469    2.46e-05  (ETA 1h16m46s)
    41      28s    19m40s    0.0115   0.9981   0.5417     0.5435    0.8666   0.5438    2.46e-05  (ETA 1h16m16s)
    42      29s    20m10s    0.0084   0.9986   0.5417     0.5440    0.8660   0.5450    2.46e-05  (ETA 1h15m52s)
    43      29s    20m39s    0.0090   0.9981   0.5377     0.5412    0.8662   0.5404    2.46e-05  (ETA 1h15m25s)
    44      28s    21m07s    0.0069   0.9987   0.5397     0.5419    0.8656   0.5426    1.23e-05  (ETA 1h14m55s)
    45      28s    21m36s    0.0078   0.9987   0.5357     0.5378    0.8658   0.5381    1.23e-05  (ETA 1h14m24s)
    46      28s    22m04s    0.0080   0.9987   0.5427     0.5453    0.8662   0.5446    1.23e-05  (ETA 1h13m54s)
    47      28s    22m33s    0.0091   0.9988   0.5427     0.5453    0.8662   0.5450    1.23e-05  (ETA 1h13m24s)
    48      28s    23m01s    0.0061   0.9991   0.5407     0.5414    0.8659   0.5432    1.23e-05  (ETA 1h12m54s)
Early stopping at epoch 48 (patience=10)
─────────────────────────────────────────────────────────────────────────────────────────────────────────
ft complete — 48 epochs | total: 23m01s | best epoch=37 val_acc=0.5476
─────────────────────────────────────────────────────────────────────────────────────────────────────────
LoRA adapter saved → /home/apasinato/jade-mscthesis/outputs/ft_checkpoints/ft_faced_9-class_w10s10_pool_no_r16_nomixup_fold_4/lora_adapter
Head weights saved → /home/apasinato/jade-mscthesis/outputs/ft_checkpoints/ft_faced_9-class_w10s10_pool_no_r16_nomixup_fold_4/head_weights.pt

#########################################################################################################
  Fold 5/10  |  faced  |  task=9-class  |  pooling=no  |  LoRA r=16  |  device=cuda
  train: 111 subjects  |  val: 12 subjects
#########################################################################################################
Building datasets ...  done in 22s  (train=9,324  val=1,008)

>>> Stage 1: LP warmup  |  trainable params: 1,807,881

─────────────────────────────────────────────────────────────────────────────────────────────────────────
  Stage: lp  |  lr=0.005  |  max_epochs=20  |  grad_clip=2.0
 Epoch   EpTime   Elapsed    TrLoss    TrAcc    VaAcc   VaBalAcc   VaAUROC    VaF1w          LR
─────────────────────────────────────────────────────────────────────────────────────────────────────────
     1      12s       12s    3.0644   0.1402   0.1161     0.1204    0.7168   0.0388    6.16e-04  (ETA 3m48s)
     2      12s       24s   10.7781   0.1642   0.2024     0.1821    0.7318   0.1111    1.96e-03  (ETA 3m38s)
     3      12s       36s   33.5554   0.1536   0.1637     0.1698    0.7042   0.0711    4.86e-03  (ETA 3m26s)
     4      12s       48s   26.2327   0.2393   0.2788     0.2685    0.7607   0.1922    4.86e-03  (ETA 3m14s)
     5      12s     1m00s   10.4283   0.3965   0.4087     0.4177    0.8088   0.3871    4.86e-03  (ETA 3m02s)
     6      12s     1m12s    6.3055   0.5326   0.3343     0.3426    0.8226   0.2948    4.86e-03  (ETA 2m49s)
     7      12s     1m24s    4.9354   0.5968   0.3175     0.3261    0.8131   0.2935    4.86e-03  (ETA 2m37s)
     8      12s     1m36s    3.5160   0.6781   0.3571     0.3513    0.8145   0.2938    4.86e-03  (ETA 2m25s)
     9      12s     1m49s    3.2211   0.7015   0.3819     0.3935    0.8252   0.3506    4.86e-03  (ETA 2m13s)
    10      12s     2m01s    2.2112   0.7789   0.4325     0.4339    0.8369   0.4156    4.86e-03  (ETA 2m01s)
    11      12s     2m13s    1.7922   0.8259   0.3452     0.3290    0.8152   0.3217    4.86e-03  (ETA 1m49s)
    12      12s     2m25s    1.7081   0.8328   0.3661     0.3771    0.8217   0.3519    4.86e-03  (ETA 1m37s)
    13      12s     2m38s    1.2039   0.8650   0.4514     0.4470    0.8393   0.4476    4.86e-03  (ETA 1m25s)
    14      12s     2m50s    1.5694   0.8533   0.4097     0.4084    0.8319   0.3796    4.86e-03  (ETA 1m12s)
    15      12s     3m02s    1.3826   0.8723   0.4425     0.4375    0.8344   0.4230    4.86e-03  (ETA 1m00s)
    16      12s     3m14s    0.9011   0.9165   0.4315     0.4383    0.8398   0.4262    4.86e-03  (ETA 48s)
    17      12s     3m26s    0.7425   0.9296   0.3929     0.3925    0.8285   0.3835    4.86e-03  (ETA 36s)
    18      12s     3m39s    0.6404   0.9346   0.4554     0.4534    0.8405   0.4455    4.86e-03  (ETA 24s)
    19      12s     3m51s    0.4958   0.9605   0.4444     0.4447    0.8357   0.4413    4.86e-03  (ETA 12s)
    20      12s     4m03s    0.4716   0.9536   0.4474     0.4401    0.8303   0.4384    4.86e-03  (done)
─────────────────────────────────────────────────────────────────────────────────────────────────────────
lp complete — 20 epochs | total: 4m03s | best epoch=18 val_acc=0.4554
─────────────────────────────────────────────────────────────────────────────────────────────────────────

>>> Stage 2: LoRA fine-tuning
  Parameters: 2,889,225 trainable / 72,078,857 total (4.01%)  |  LoRA: 1,081,344

─────────────────────────────────────────────────────────────────────────────────────────────────────────
  Stage: ft  |  lr=0.0001  |  max_epochs=200  |  grad_clip=2.0
 Epoch   EpTime   Elapsed    TrLoss    TrAcc    VaAcc   VaBalAcc   VaAUROC    VaF1w          LR
─────────────────────────────────────────────────────────────────────────────────────────────────────────
     1      29s       29s    1.0768   0.8580   0.4365     0.4316    0.8132   0.4346    6.28e-06  (ETA 1h37m48s)
     2      28s       58s    0.4928   0.9503   0.4514     0.4450    0.8262   0.4502    1.64e-05  (ETA 1h35m43s)
     3      28s     1m26s    0.3614   0.9729   0.4603     0.4565    0.8364   0.4599    3.26e-05  (ETA 1h34m41s)
     4      28s     1m54s    0.2763   0.9819   0.4504     0.4460    0.8387   0.4456    5.81e-05  (ETA 1h33m51s)
     5      28s     2m23s    0.1944   0.9872   0.4633     0.4568    0.8398   0.4655    9.86e-05  (ETA 1h33m17s)
     6      31s     2m55s    0.1473   0.9873   0.4762     0.4707    0.8431   0.4791    9.86e-05  (ETA 1h34m21s)
     7      28s     3m23s    0.1073   0.9891   0.4821     0.4833    0.8491   0.4787    9.86e-05  (ETA 1h33m32s)
     8      28s     3m51s    0.0919   0.9913   0.4762     0.4712    0.8417   0.4804    9.86e-05  (ETA 1h32m46s)
     9      28s     4m20s    0.0648   0.9924   0.4683     0.4606    0.8414   0.4714    9.86e-05  (ETA 1h32m04s)
    10      28s     4m48s    0.0477   0.9947   0.4782     0.4727    0.8450   0.4817    9.86e-05  (ETA 1h31m29s)
    11      28s     5m17s    0.0454   0.9945   0.4712     0.4689    0.8452   0.4715    9.86e-05  (ETA 1h30m56s)
    12      28s     5m45s    0.0444   0.9947   0.4802     0.4761    0.8473   0.4810    9.86e-05  (ETA 1h30m19s)
    13      28s     6m14s    0.0369   0.9962   0.4821     0.4756    0.8447   0.4846    9.86e-05  (ETA 1h29m44s)
    14      28s     6m42s    0.0424   0.9950   0.4812     0.4787    0.8502   0.4815    4.93e-05  (ETA 1h29m11s)
    15      28s     7m11s    0.0285   0.9970   0.4712     0.4671    0.8476   0.4718    4.93e-05  (ETA 1h28m39s)
    16      28s     7m39s    0.0272   0.9971   0.4841     0.4807    0.8489   0.4853    4.93e-05  (ETA 1h28m08s)
    17      28s     8m08s    0.0248   0.9976   0.4861     0.4815    0.8475   0.4873    4.93e-05  (ETA 1h27m36s)
    18      28s     8m36s    0.0220   0.9972   0.4891     0.4856    0.8494   0.4894    4.93e-05  (ETA 1h27m05s)
    19      28s     9m05s    0.0239   0.9973   0.4950     0.4933    0.8510   0.4973    4.93e-05  (ETA 1h26m34s)
    20      28s     9m33s    0.0197   0.9972   0.4772     0.4738    0.8502   0.4778    4.93e-05  (ETA 1h26m03s)
    21      28s    10m02s    0.0179   0.9975   0.4802     0.4753    0.8492   0.4799    4.93e-05  (ETA 1h25m32s)
    22      28s    10m30s    0.0191   0.9977   0.4772     0.4722    0.8481   0.4792    4.93e-05  (ETA 1h25m01s)
    23      28s    10m58s    0.0175   0.9980   0.4841     0.4812    0.8496   0.4860    4.93e-05  (ETA 1h24m30s)
    24      28s    11m27s    0.0178   0.9981   0.4851     0.4825    0.8507   0.4854    4.93e-05  (ETA 1h24m00s)
    25      30s    11m57s    0.0217   0.9971   0.4861     0.4838    0.8509   0.4859    4.93e-05  (ETA 1h23m45s)
    26      28s    12m26s    0.0205   0.9976   0.4871     0.4828    0.8489   0.4903    2.47e-05  (ETA 1h23m14s)
    27      28s    12m54s    0.0116   0.9985   0.4831     0.4797    0.8494   0.4854    2.47e-05  (ETA 1h22m43s)
    28      28s    13m23s    0.0142   0.9981   0.4931     0.4923    0.8515   0.4947    2.47e-05  (ETA 1h22m13s)
    29      28s    13m51s    0.0146   0.9977   0.4792     0.4738    0.8481   0.4820    2.47e-05  (ETA 1h21m43s)
    30      28s    14m19s    0.0111   0.9982   0.4821     0.4784    0.8487   0.4839    2.47e-05  (ETA 1h21m12s)
Early stopping at epoch 30 (patience=10)
─────────────────────────────────────────────────────────────────────────────────────────────────────────
ft complete — 30 epochs | total: 14m19s | best epoch=19 val_acc=0.4950
─────────────────────────────────────────────────────────────────────────────────────────────────────────
LoRA adapter saved → /home/apasinato/jade-mscthesis/outputs/ft_checkpoints/ft_faced_9-class_w10s10_pool_no_r16_nomixup_fold_5/lora_adapter
Head weights saved → /home/apasinato/jade-mscthesis/outputs/ft_checkpoints/ft_faced_9-class_w10s10_pool_no_r16_nomixup_fold_5/head_weights.pt

#########################################################################################################
  Fold 6/10  |  faced  |  task=9-class  |  pooling=no  |  LoRA r=16  |  device=cuda
  train: 111 subjects  |  val: 12 subjects
#########################################################################################################
Building datasets ...  done in 19s  (train=9,324  val=1,008)

>>> Stage 1: LP warmup  |  trainable params: 1,807,881

─────────────────────────────────────────────────────────────────────────────────────────────────────────
  Stage: lp  |  lr=0.005  |  max_epochs=20  |  grad_clip=2.0
 Epoch   EpTime   Elapsed    TrLoss    TrAcc    VaAcc   VaBalAcc   VaAUROC    VaF1w          LR
─────────────────────────────────────────────────────────────────────────────────────────────────────────
     1      12s       12s    3.0507   0.1443   0.1349     0.1399    0.7436   0.0567    6.16e-04  (ETA 3m49s)
     2      12s       24s   13.4984   0.1500   0.1260     0.1307    0.7300   0.0455    1.96e-03  (ETA 3m37s)
     3      12s       36s   40.3577   0.1522   0.1210     0.1255    0.6607   0.0464    4.86e-03  (ETA 3m28s)
     4      12s       48s   26.2083   0.2454   0.2252     0.2335    0.7919   0.1500    4.86e-03  (ETA 3m15s)
     5      12s     1m01s   10.5478   0.3970   0.2758     0.2765    0.8219   0.2747    4.86e-03  (ETA 3m03s)
     6      12s     1m13s    5.4668   0.5507   0.3254     0.3331    0.8299   0.2755    4.86e-03  (ETA 2m50s)
     7      12s     1m25s    4.8406   0.6057   0.4821     0.4866    0.8640   0.4596    4.86e-03  (ETA 2m38s)
     8      12s     1m37s    3.3825   0.6796   0.4792     0.4825    0.8638   0.4798    4.86e-03  (ETA 2m26s)
     9      12s     1m49s    2.2882   0.7692   0.4931     0.5028    0.8670   0.4883    4.86e-03  (ETA 2m14s)
    10      12s     2m01s    1.9040   0.8018   0.3978     0.3819    0.8451   0.3847    4.86e-03  (ETA 2m01s)
    11      12s     2m14s    1.4288   0.8460   0.4087     0.4097    0.8577   0.3652    4.86e-03  (ETA 1m49s)
    12      12s     2m26s    1.5311   0.8386   0.4752     0.4838    0.8680   0.4757    4.86e-03  (ETA 1m37s)
    13      12s     2m38s    1.2290   0.8734   0.4593     0.4691    0.8602   0.4266    4.86e-03  (ETA 1m25s)
    14      12s     2m51s    1.2656   0.8677   0.5139     0.5103    0.8616   0.5152    4.86e-03  (ETA 1m13s)
    15      12s     3m03s    1.1548   0.8858   0.5020     0.5067    0.8702   0.5003    4.86e-03  (ETA 1m01s)
    16      12s     3m15s    0.7554   0.9424   0.5000     0.5090    0.8592   0.4931    4.86e-03  (ETA 48s)
    17      12s     3m27s    0.7203   0.9352   0.4802     0.4864    0.8589   0.4699    4.86e-03  (ETA 36s)
    18      12s     3m39s    0.4951   0.9635   0.5268     0.5342    0.8748   0.5225    4.86e-03  (ETA 24s)
    19      12s     3m52s    0.4818   0.9609   0.4782     0.4918    0.8628   0.4639    4.86e-03  (ETA 12s)
    20      13s     4m05s    0.4095   0.9635   0.5397     0.5450    0.8703   0.5380    4.86e-03  (done)
─────────────────────────────────────────────────────────────────────────────────────────────────────────
lp complete — 20 epochs | total: 4m05s | best epoch=20 val_acc=0.5397
─────────────────────────────────────────────────────────────────────────────────────────────────────────

>>> Stage 2: LoRA fine-tuning
  Parameters: 2,889,225 trainable / 72,078,857 total (4.01%)  |  LoRA: 1,081,344

─────────────────────────────────────────────────────────────────────────────────────────────────────────
  Stage: ft  |  lr=0.0001  |  max_epochs=200  |  grad_clip=2.0
 Epoch   EpTime   Elapsed    TrLoss    TrAcc    VaAcc   VaBalAcc   VaAUROC    VaF1w          LR
─────────────────────────────────────────────────────────────────────────────────────────────────────────
     1      28s       28s    2.1306   0.7218   0.4772     0.4823    0.8314   0.4719    6.22e-06  (ETA 1h35m10s)
     2      28s       57s    0.4462   0.9502   0.4901     0.4974    0.8463   0.4836    1.64e-05  (ETA 1h34m31s)
     3      29s     1m26s    0.3143   0.9739   0.5050     0.5116    0.8593   0.4994    3.24e-05  (ETA 1h34m29s)
     4      35s     2m01s    0.2102   0.9833   0.5317     0.5404    0.8665   0.5288    5.79e-05  (ETA 1h39m18s)
     5      28s     2m30s    0.1120   0.9905   0.5516     0.5594    0.8723   0.5451    9.83e-05  (ETA 1h37m32s)
     6      28s     2m58s    0.0808   0.9902   0.5367     0.5437    0.8714   0.5359    9.83e-05  (ETA 1h36m11s)
     7      28s     3m26s    0.0617   0.9926   0.5198     0.5252    0.8722   0.5135    9.83e-05  (ETA 1h35m05s)
     8      28s     3m55s    0.0493   0.9945   0.5437     0.5463    0.8746   0.5449    9.83e-05  (ETA 1h34m12s)
     9      28s     4m24s    0.0377   0.9950   0.5476     0.5504    0.8746   0.5473    9.83e-05  (ETA 1h33m24s)
    10      28s     4m52s    0.0348   0.9956   0.5317     0.5381    0.8740   0.5294    9.83e-05  (ETA 1h32m37s)
    11      28s     5m21s    0.0316   0.9964   0.5496     0.5550    0.8746   0.5524    9.83e-05  (ETA 1h31m55s)
    12      28s     5m49s    0.0307   0.9962   0.5506     0.5566    0.8759   0.5464    9.83e-05  (ETA 1h31m15s)
    13      28s     6m18s    0.0260   0.9972   0.5486     0.5527    0.8767   0.5485    9.83e-05  (ETA 1h30m38s)
    14      28s     6m46s    0.0316   0.9955   0.5427     0.5450    0.8734   0.5435    9.83e-05  (ETA 1h30m03s)
    15      28s     7m15s    0.0225   0.9967   0.5506     0.5558    0.8773   0.5498    9.83e-05  (ETA 1h29m26s)
    16      29s     7m44s    0.0235   0.9970   0.5427     0.5484    0.8756   0.5387    9.83e-05  (ETA 1h29m00s)
Early stopping at epoch 16 (patience=10)
─────────────────────────────────────────────────────────────────────────────────────────────────────────
ft complete — 16 epochs | total: 7m44s | best epoch=5 val_acc=0.5516
─────────────────────────────────────────────────────────────────────────────────────────────────────────
LoRA adapter saved → /home/apasinato/jade-mscthesis/outputs/ft_checkpoints/ft_faced_9-class_w10s10_pool_no_r16_nomixup_fold_6/lora_adapter
Head weights saved → /home/apasinato/jade-mscthesis/outputs/ft_checkpoints/ft_faced_9-class_w10s10_pool_no_r16_nomixup_fold_6/head_weights.pt

#########################################################################################################
  Fold 7/10  |  faced  |  task=9-class  |  pooling=no  |  LoRA r=16  |  device=cuda
  train: 111 subjects  |  val: 12 subjects
#########################################################################################################
Building datasets ...  done in 30s  (train=9,324  val=1,008)

>>> Stage 1: LP warmup  |  trainable params: 1,807,881

─────────────────────────────────────────────────────────────────────────────────────────────────────────
  Stage: lp  |  lr=0.005  |  max_epochs=20  |  grad_clip=2.0
 Epoch   EpTime   Elapsed    TrLoss    TrAcc    VaAcc   VaBalAcc   VaAUROC    VaF1w          LR
─────────────────────────────────────────────────────────────────────────────────────────────────────────
     1      12s       12s    2.8912   0.1427   0.1111     0.1152    0.7604   0.0286    6.16e-04  (ETA 3m48s)
     2      12s       24s   12.9279   0.1505   0.1091     0.1132    0.7179   0.0247    1.96e-03  (ETA 3m36s)
     3      15s       39s   43.4755   0.1481   0.1706     0.1770    0.7537   0.0626    4.86e-03  (ETA 3m46s)
     4      12s       52s   28.1450   0.2224   0.3264     0.3241    0.8166   0.2826    4.86e-03  (ETA 3m28s)
     5      12s     1m04s   10.2030   0.3869   0.2321     0.2374    0.7974   0.1704    4.86e-03  (ETA 3m12s)
     6      12s     1m16s    6.4110   0.5178   0.4444     0.4496    0.8536   0.4313    4.86e-03  (ETA 2m57s)
     7      12s     1m28s    4.3564   0.6075   0.4355     0.4221    0.8557   0.4045    4.86e-03  (ETA 2m44s)
     8      12s     1m40s    2.8568   0.7011   0.4593     0.4524    0.8599   0.4334    4.86e-03  (ETA 2m30s)
     9      12s     1m52s    2.5792   0.7408   0.4077     0.4030    0.8507   0.3960    4.86e-03  (ETA 2m17s)
    10      12s     2m04s    1.9066   0.7855   0.4474     0.4522    0.8587   0.4395    4.86e-03  (ETA 2m04s)
    11      12s     2m17s    1.6856   0.8111   0.4653     0.4720    0.8606   0.4508    4.86e-03  (ETA 1m52s)
    12      12s     2m29s    1.5612   0.8271   0.4702     0.4648    0.8617   0.4577    4.86e-03  (ETA 1m39s)
    13      12s     2m41s    1.3912   0.8542   0.4752     0.4730    0.8587   0.4598    4.86e-03  (ETA 1m26s)
    14      12s     2m53s    1.0945   0.8847   0.5248     0.5242    0.8727   0.5230    4.86e-03  (ETA 1m14s)
    15      13s     3m07s    1.1683   0.8835   0.4990     0.4992    0.8675   0.4836    4.86e-03  (ETA 1m02s)
    16      12s     3m19s    0.7212   0.9366   0.4960     0.4967    0.8688   0.4911    4.86e-03  (ETA 49s)
    17      12s     3m31s    0.6288   0.9453   0.4831     0.4815    0.8665   0.4726    4.86e-03  (ETA 37s)
    18      12s     3m43s    0.5255   0.9514   0.5298     0.5311    0.8676   0.5308    4.86e-03  (ETA 24s)
    19      12s     3m56s    0.4961   0.9671   0.5516     0.5502    0.8700   0.5513    4.86e-03  (ETA 12s)
    20      12s     4m08s    0.4155   0.9633   0.5357     0.5352    0.8732   0.5333    4.86e-03  (done)
─────────────────────────────────────────────────────────────────────────────────────────────────────────
lp complete — 20 epochs | total: 4m08s | best epoch=19 val_acc=0.5516
─────────────────────────────────────────────────────────────────────────────────────────────────────────

>>> Stage 2: LoRA fine-tuning
  Parameters: 2,889,225 trainable / 72,078,857 total (4.01%)  |  LoRA: 1,081,344

─────────────────────────────────────────────────────────────────────────────────────────────────────────
  Stage: ft  |  lr=0.0001  |  max_epochs=200  |  grad_clip=2.0
 Epoch   EpTime   Elapsed    TrLoss    TrAcc    VaAcc   VaBalAcc   VaAUROC    VaF1w          LR
─────────────────────────────────────────────────────────────────────────────────────────────────────────
     1      28s       28s    2.4029   0.7024   0.5159     0.5136    0.8494   0.5163    6.22e-06  (ETA 1h35m24s)
     2      28s       57s    0.4448   0.9508   0.5298     0.5293    0.8625   0.5252    1.64e-05  (ETA 1h34m35s)
     3      28s     1m25s    0.3105   0.9780   0.5486     0.5489    0.8691   0.5501    3.24e-05  (ETA 1h33m57s)
     4      28s     1m54s    0.2319   0.9861   0.5615     0.5604    0.8727   0.5608    5.79e-05  (ETA 1h33m25s)
     5      29s     2m23s    0.1729   0.9896   0.5456     0.5478    0.8752   0.5457    9.83e-05  (ETA 1h33m26s)
     6      28s     2m52s    0.1023   0.9925   0.5823     0.5815    0.8782   0.5836    9.83e-05  (ETA 1h32m47s)
     7      28s     3m20s    0.0794   0.9922   0.5625     0.5635    0.8782   0.5616    9.83e-05  (ETA 1h32m11s)
     8      28s     3m49s    0.0541   0.9939   0.5635     0.5615    0.8767   0.5653    9.83e-05  (ETA 1h31m37s)
     9      28s     4m17s    0.0522   0.9943   0.5635     0.5628    0.8787   0.5644    9.83e-05  (ETA 1h31m04s)
    10      28s     4m45s    0.0474   0.9942   0.5774     0.5790    0.8802   0.5767    9.83e-05  (ETA 1h30m31s)
    11      28s     5m14s    0.0441   0.9945   0.5714     0.5702    0.8785   0.5737    9.83e-05  (ETA 1h30m03s)
    12      28s     5m42s    0.0361   0.9957   0.5714     0.5754    0.8806   0.5666    9.83e-05  (ETA 1h29m31s)
    13      28s     6m11s    0.0432   0.9956   0.5694     0.5694    0.8792   0.5677    9.83e-05  (ETA 1h29m00s)
    14      28s     6m39s    0.0349   0.9960   0.5734     0.5720    0.8791   0.5730    9.83e-05  (ETA 1h28m30s)
    15      28s     7m08s    0.0286   0.9961   0.5744     0.5751    0.8800   0.5729    9.83e-05  (ETA 1h28m00s)
    16      28s     7m36s    0.0273   0.9967   0.5665     0.5664    0.8786   0.5672    9.83e-05  (ETA 1h27m31s)
    17      28s     8m05s    0.0348   0.9966   0.5774     0.5779    0.8813   0.5766    4.91e-05  (ETA 1h27m01s)
Early stopping at epoch 17 (patience=10)
─────────────────────────────────────────────────────────────────────────────────────────────────────────
ft complete — 17 epochs | total: 8m05s | best epoch=6 val_acc=0.5823
─────────────────────────────────────────────────────────────────────────────────────────────────────────
LoRA adapter saved → /home/apasinato/jade-mscthesis/outputs/ft_checkpoints/ft_faced_9-class_w10s10_pool_no_r16_nomixup_fold_7/lora_adapter
Head weights saved → /home/apasinato/jade-mscthesis/outputs/ft_checkpoints/ft_faced_9-class_w10s10_pool_no_r16_nomixup_fold_7/head_weights.pt

#########################################################################################################
  Fold 8/10  |  faced  |  task=9-class  |  pooling=no  |  LoRA r=16  |  device=cuda
  train: 111 subjects  |  val: 12 subjects
#########################################################################################################
Building datasets ...  done in 29s  (train=9,324  val=1,008)

>>> Stage 1: LP warmup  |  trainable params: 1,807,881

─────────────────────────────────────────────────────────────────────────────────────────────────────────
  Stage: lp  |  lr=0.005  |  max_epochs=20  |  grad_clip=2.0
 Epoch   EpTime   Elapsed    TrLoss    TrAcc    VaAcc   VaBalAcc   VaAUROC    VaF1w          LR
─────────────────────────────────────────────────────────────────────────────────────────────────────────
     1      12s       12s    3.0785   0.1352   0.1399     0.1427    0.7245   0.0706    6.16e-04  (ETA 3m48s)
     2      12s       24s   12.5127   0.1431   0.1071     0.1111    0.7329   0.0207    1.96e-03  (ETA 3m37s)
     3      12s       36s   31.6529   0.1523   0.2173     0.2253    0.6792   0.1450    4.86e-03  (ETA 3m25s)
     4      13s       49s   30.4793   0.2411   0.2153     0.2117    0.7788   0.1453    4.86e-03  (ETA 3m19s)
     5      12s     1m02s   11.3238   0.3968   0.3938     0.4038    0.8413   0.3660    4.86e-03  (ETA 3m06s)
     6      12s     1m14s    6.4705   0.5292   0.4028     0.3974    0.8420   0.3561    4.86e-03  (ETA 2m53s)
     7      12s     1m26s    4.8865   0.6045   0.4355     0.4249    0.8545   0.3839    4.86e-03  (ETA 2m40s)
     8      12s     1m38s    3.0584   0.6941   0.4355     0.4285    0.8556   0.3905    4.86e-03  (ETA 2m27s)
     9      12s     1m50s    2.8361   0.7344   0.4454     0.4347    0.8580   0.4099    4.86e-03  (ETA 2m15s)
    10      12s     2m02s    2.0186   0.7911   0.4742     0.4699    0.8584   0.4583    4.86e-03  (ETA 2m02s)
    11      12s     2m15s    1.6581   0.8249   0.4901     0.4925    0.8661   0.4793    4.86e-03  (ETA 1m50s)
    12      12s     2m27s    1.6961   0.8170   0.4058     0.4069    0.8469   0.3867    4.86e-03  (ETA 1m38s)
    13      12s     2m39s    1.5733   0.8390   0.4722     0.4776    0.8599   0.4671    4.86e-03  (ETA 1m25s)
    14      12s     2m51s    1.3314   0.8688   0.3988     0.4092    0.8515   0.3640    4.86e-03  (ETA 1m13s)
    15      12s     3m03s    1.1047   0.8817   0.4762     0.4751    0.8601   0.4589    4.86e-03  (ETA 1m01s)
    16      12s     3m16s    0.9151   0.8996   0.4663     0.4686    0.8601   0.4717    4.86e-03  (ETA 49s)
    17      12s     3m29s    0.8022   0.9186   0.5119     0.5087    0.8703   0.4963    4.86e-03  (ETA 36s)
    18      12s     3m41s    0.7231   0.9373   0.4990     0.4925    0.8654   0.4709    4.86e-03  (ETA 24s)
    19      12s     3m53s    0.6025   0.9642   0.5000     0.5021    0.8631   0.4766    4.86e-03  (ETA 12s)
    20      12s     4m05s    0.4264   0.9722   0.5040     0.5080    0.8670   0.4978    4.86e-03  (done)
─────────────────────────────────────────────────────────────────────────────────────────────────────────
lp complete — 20 epochs | total: 4m05s | best epoch=17 val_acc=0.5119
─────────────────────────────────────────────────────────────────────────────────────────────────────────

>>> Stage 2: LoRA fine-tuning
  Parameters: 2,889,225 trainable / 72,078,857 total (4.01%)  |  LoRA: 1,081,344

─────────────────────────────────────────────────────────────────────────────────────────────────────────
  Stage: ft  |  lr=0.0001  |  max_epochs=200  |  grad_clip=2.0
 Epoch   EpTime   Elapsed    TrLoss    TrAcc    VaAcc   VaBalAcc   VaAUROC    VaF1w          LR
─────────────────────────────────────────────────────────────────────────────────────────────────────────
     1      28s       28s    5.3830   0.5863   0.4444     0.4396    0.8362   0.4235    6.28e-06  (ETA 1h34m50s)
     2      28s       57s    0.7444   0.9176   0.4950     0.4884    0.8541   0.4827    1.64e-05  (ETA 1h34m19s)
     3      28s     1m26s    0.4298   0.9713   0.5456     0.5463    0.8699   0.5390    3.26e-05  (ETA 1h34m16s)
     4      28s     1m54s    0.3411   0.9841   0.5397     0.5347    0.8727   0.5345    5.81e-05  (ETA 1h33m32s)
     5      28s     2m22s    0.2663   0.9869   0.5317     0.5239    0.8727   0.5290    9.86e-05  (ETA 1h32m56s)
     6      28s     2m51s    0.1992   0.9862   0.5466     0.5463    0.8775   0.5388    9.86e-05  (ETA 1h32m22s)
     7      28s     3m19s    0.1496   0.9898   0.5575     0.5553    0.8771   0.5468    9.86e-05  (ETA 1h31m51s)
     8      31s     3m51s    0.1299   0.9921   0.5536     0.5478    0.8768   0.5463    9.86e-05  (ETA 1h32m27s)
     9      29s     4m20s    0.1000   0.9934   0.5317     0.5278    0.8737   0.5275    9.86e-05  (ETA 1h32m11s)
    10      28s     4m48s    0.0876   0.9926   0.5526     0.5540    0.8780   0.5495    9.86e-05  (ETA 1h31m30s)
    11      28s     5m17s    0.0654   0.9946   0.5565     0.5545    0.8778   0.5506    9.86e-05  (ETA 1h30m53s)
    12      28s     5m45s    0.0545   0.9946   0.5526     0.5512    0.8798   0.5489    9.86e-05  (ETA 1h30m17s)
    13      28s     6m14s    0.0467   0.9946   0.5526     0.5525    0.8785   0.5436    9.86e-05  (ETA 1h29m44s)
    14      28s     6m42s    0.0447   0.9941   0.5536     0.5530    0.8774   0.5456    4.93e-05  (ETA 1h29m12s)
    15      28s     7m11s    0.0331   0.9964   0.5565     0.5550    0.8792   0.5523    4.93e-05  (ETA 1h28m39s)
    16      28s     7m39s    0.0275   0.9968   0.5675     0.5676    0.8807   0.5633    4.93e-05  (ETA 1h28m07s)
    17      28s     8m08s    0.0283   0.9968   0.5546     0.5532    0.8793   0.5474    4.93e-05  (ETA 1h27m34s)
    18      28s     8m36s    0.0258   0.9969   0.5605     0.5592    0.8797   0.5534    4.93e-05  (ETA 1h27m02s)
    19      29s     9m06s    0.0273   0.9962   0.5526     0.5494    0.8795   0.5474    4.93e-05  (ETA 1h26m45s)
    20      28s     9m34s    0.0291   0.9970   0.5476     0.5471    0.8785   0.5437    4.93e-05  (ETA 1h26m13s)
    21      28s    10m03s    0.0227   0.9974   0.5605     0.5594    0.8791   0.5518    4.93e-05  (ETA 1h25m41s)
    22      28s    10m31s    0.0279   0.9965   0.5645     0.5643    0.8788   0.5597    4.93e-05  (ETA 1h25m10s)
    23      28s    11m00s    0.0257   0.9964   0.5516     0.5486    0.8777   0.5472    2.47e-05  (ETA 1h24m39s)
    24      28s    11m28s    0.0178   0.9977   0.5546     0.5538    0.8800   0.5481    2.47e-05  (ETA 1h24m11s)
    25      29s    11m57s    0.0168   0.9984   0.5565     0.5556    0.8803   0.5500    2.47e-05  (ETA 1h23m45s)
    26      28s    12m26s    0.0208   0.9966   0.5585     0.5581    0.8802   0.5526    2.47e-05  (ETA 1h23m14s)
    27      28s    12m54s    0.0185   0.9973   0.5575     0.5576    0.8802   0.5512    2.47e-05  (ETA 1h22m43s)
Early stopping at epoch 27 (patience=10)
─────────────────────────────────────────────────────────────────────────────────────────────────────────
ft complete — 27 epochs | total: 12m54s | best epoch=16 val_acc=0.5675
─────────────────────────────────────────────────────────────────────────────────────────────────────────
LoRA adapter saved → /home/apasinato/jade-mscthesis/outputs/ft_checkpoints/ft_faced_9-class_w10s10_pool_no_r16_nomixup_fold_8/lora_adapter
Head weights saved → /home/apasinato/jade-mscthesis/outputs/ft_checkpoints/ft_faced_9-class_w10s10_pool_no_r16_nomixup_fold_8/head_weights.pt

#########################################################################################################
  Fold 9/10  |  faced  |  task=9-class  |  pooling=no  |  LoRA r=16  |  device=cuda
  train: 111 subjects  |  val: 12 subjects
#########################################################################################################
Building datasets ...  done in 27s  (train=9,324  val=1,008)

>>> Stage 1: LP warmup  |  trainable params: 1,807,881

─────────────────────────────────────────────────────────────────────────────────────────────────────────
  Stage: lp  |  lr=0.005  |  max_epochs=20  |  grad_clip=2.0
 Epoch   EpTime   Elapsed    TrLoss    TrAcc    VaAcc   VaBalAcc   VaAUROC    VaF1w          LR
─────────────────────────────────────────────────────────────────────────────────────────────────────────
     1      12s       12s    3.0668   0.1507   0.1171     0.1211    0.6732   0.0491    6.16e-04  (ETA 3m49s)
     2      12s       24s   13.4295   0.1588   0.1448     0.1502    0.7001   0.0820    1.96e-03  (ETA 3m37s)
     3      12s       36s   37.2370   0.1623   0.1875     0.1932    0.6947   0.1194    4.86e-03  (ETA 3m26s)
     4      12s       48s   20.5019   0.2562   0.2371     0.2441    0.7684   0.1654    4.86e-03  (ETA 3m14s)
     5      12s     1m00s    9.5500   0.4248   0.3512     0.3557    0.7869   0.3132    4.86e-03  (ETA 3m02s)
     6      12s     1m12s    5.2174   0.5635   0.3929     0.4028    0.7946   0.3609    4.86e-03  (ETA 2m49s)
     7      12s     1m24s    4.0319   0.6350   0.3909     0.3858    0.7935   0.3631    4.86e-03  (ETA 2m37s)
     8      12s     1m37s    2.9245   0.7013   0.4534     0.4581    0.7994   0.4473    4.86e-03  (ETA 2m25s)
     9      12s     1m49s    2.0051   0.7733   0.4663     0.4624    0.8003   0.4643    4.86e-03  (ETA 2m13s)
    10      12s     2m01s    1.6477   0.8037   0.3681     0.3670    0.7803   0.3665    4.86e-03  (ETA 2m01s)
    11      12s     2m13s    1.2455   0.8369   0.3968     0.3958    0.7945   0.3592    4.86e-03  (ETA 1m49s)
    12      12s     2m26s    1.6124   0.8259   0.3849     0.3789    0.7929   0.3603    4.86e-03  (ETA 1m37s)
    13      12s     2m38s    1.2917   0.8525   0.3175     0.3043    0.7744   0.2934    4.86e-03  (ETA 1m25s)
    14      12s     2m50s    1.2321   0.8544   0.4643     0.4691    0.8048   0.4495    4.86e-03  (ETA 1m13s)
    15      12s     3m02s    0.6280   0.9102   0.4573     0.4586    0.8001   0.4544    4.86e-03  (ETA 1m00s)
    16      12s     3m15s    0.5547   0.9286   0.3730     0.3688    0.7879   0.3713    2.43e-03  (ETA 48s)
    17      12s     3m27s    0.1611   0.9725   0.4742     0.4745    0.8086   0.4699    2.43e-03  (ETA 36s)
    18      12s     3m39s    0.0364   0.9896   0.4792     0.4797    0.8056   0.4784    2.43e-03  (ETA 24s)
    19      12s     3m51s    0.0484   0.9870   0.4643     0.4743    0.8042   0.4508    2.43e-03  (ETA 12s)
    20      12s     4m04s    0.0219   0.9929   0.4901     0.4923    0.8081   0.4869    2.43e-03  (done)
─────────────────────────────────────────────────────────────────────────────────────────────────────────
lp complete — 20 epochs | total: 4m04s | best epoch=20 val_acc=0.4901
─────────────────────────────────────────────────────────────────────────────────────────────────────────

>>> Stage 2: LoRA fine-tuning
  Parameters: 2,889,225 trainable / 72,078,857 total (4.01%)  |  LoRA: 1,081,344

─────────────────────────────────────────────────────────────────────────────────────────────────────────
  Stage: ft  |  lr=0.0001  |  max_epochs=200  |  grad_clip=2.0
 Epoch   EpTime   Elapsed    TrLoss    TrAcc    VaAcc   VaBalAcc   VaAUROC    VaF1w          LR
─────────────────────────────────────────────────────────────────────────────────────────────────────────
     1      28s       28s    9.9568   0.4215   0.3323     0.3336    0.7568   0.3013    6.22e-06  (ETA 1h35m05s)
     2      28s       57s    0.3557   0.9301   0.4355     0.4396    0.7803   0.4387    1.64e-05  (ETA 1h34m26s)
     3      28s     1m25s    0.0589   0.9836   0.4593     0.4655    0.7935   0.4591    3.24e-05  (ETA 1h33m54s)
     4      28s     1m54s    0.0179   0.9950   0.4583     0.4666    0.7978   0.4553    5.79e-05  (ETA 1h33m18s)
     5      28s     2m22s    0.0076   0.9975   0.4762     0.4807    0.8014   0.4749    9.83e-05  (ETA 1h32m47s)
     6      28s     2m51s    0.0045   0.9985   0.4940     0.4969    0.8041   0.4954    9.83e-05  (ETA 1h32m17s)
     7      28s     3m19s    0.0079   0.9975   0.4921     0.4959    0.8071   0.4924    9.83e-05  (ETA 1h31m46s)
     8      28s     3m48s    0.0014   0.9995   0.4881     0.4969    0.8089   0.4831    9.83e-05  (ETA 1h31m15s)
     9      28s     4m16s    0.0039   0.9988   0.4752     0.4769    0.8054   0.4731    9.83e-05  (ETA 1h30m45s)
    10      28s     4m45s    0.0062   0.9975   0.4841     0.4882    0.8078   0.4841    9.83e-05  (ETA 1h30m15s)
    11      28s     5m13s    0.0020   0.9994   0.4851     0.4877    0.8062   0.4866    9.83e-05  (ETA 1h29m45s)
    12      28s     5m41s    0.0014   0.9995   0.4970     0.5005    0.8098   0.4947    9.83e-05  (ETA 1h29m17s)
    13      28s     6m10s    0.0027   0.9992   0.4752     0.4792    0.8071   0.4720    9.83e-05  (ETA 1h28m47s)
    14      28s     6m38s    0.0009   0.9998   0.4851     0.4887    0.8072   0.4852    9.83e-05  (ETA 1h28m18s)
    15      28s     7m07s    0.0018   0.9996   0.4613     0.4650    0.8078   0.4619    9.83e-05  (ETA 1h27m48s)
    16      28s     7m35s    0.0014   0.9996   0.4821     0.4856    0.8090   0.4824    9.83e-05  (ETA 1h27m19s)
    17      28s     8m04s    0.0011   0.9997   0.4901     0.4931    0.8084   0.4901    9.83e-05  (ETA 1h26m50s)
    18      28s     8m32s    0.0013   0.9992   0.4980     0.5026    0.8104   0.4975    9.83e-05  (ETA 1h26m22s)
    19      28s     9m00s    0.0001   1.0000   0.4851     0.4900    0.8083   0.4833    9.83e-05  (ETA 1h25m53s)
    20      28s     9m29s    0.0004   1.0000   0.4861     0.4882    0.8063   0.4837    9.83e-05  (ETA 1h25m24s)
    21      28s     9m57s    0.0018   0.9994   0.4812     0.4851    0.8075   0.4787    9.83e-05  (ETA 1h24m55s)
    22      28s    10m26s    0.0030   0.9988   0.4931     0.4946    0.8109   0.4959    9.83e-05  (ETA 1h24m27s)
    23      28s    10m54s    0.0034   0.9991   0.4792     0.4848    0.8088   0.4810    9.83e-05  (ETA 1h23m58s)
    24      28s    11m23s    0.0001   1.0000   0.5000     0.5059    0.8111   0.4997    9.83e-05  (ETA 1h23m30s)
    25      28s    11m51s    0.0003   0.9999   0.4911     0.4943    0.8116   0.4897    9.83e-05  (ETA 1h23m03s)
    26      28s    12m20s    0.0005   0.9999   0.4921     0.4959    0.8099   0.4901    9.83e-05  (ETA 1h22m35s)
    27      28s    12m48s    0.0012   0.9995   0.4802     0.4833    0.8092   0.4809    9.83e-05  (ETA 1h22m06s)
    28      28s    13m17s    0.0000   1.0000   0.4931     0.4967    0.8106   0.4937    9.83e-05  (ETA 1h21m37s)
    29      28s    13m45s    0.0000   1.0000   0.4940     0.4979    0.8108   0.4939    9.83e-05  (ETA 1h21m08s)
    30      28s    14m14s    0.0000   1.0000   0.4980     0.5018    0.8108   0.4976    9.83e-05  (ETA 1h20m39s)
    31      28s    14m42s    0.0001   1.0000   0.5000     0.5021    0.8111   0.5005    4.91e-05  (ETA 1h20m10s)
    32      28s    15m10s    0.0000   1.0000   0.4931     0.4982    0.8114   0.4925    4.91e-05  (ETA 1h19m42s)
    33      28s    15m39s    0.0015   0.9999   0.4970     0.5015    0.8117   0.4953    4.91e-05  (ETA 1h19m13s)
    34      28s    16m07s    0.0000   1.0000   0.4980     0.5026    0.8115   0.4977    4.91e-05  (ETA 1h18m44s)
    35      28s    16m36s    0.0000   1.0000   0.5000     0.5041    0.8113   0.4997    4.91e-05  (ETA 1h18m16s)
Early stopping at epoch 35 (patience=10)
─────────────────────────────────────────────────────────────────────────────────────────────────────────
ft complete — 35 epochs | total: 16m36s | best epoch=24 val_acc=0.5000
─────────────────────────────────────────────────────────────────────────────────────────────────────────
LoRA adapter saved → /home/apasinato/jade-mscthesis/outputs/ft_checkpoints/ft_faced_9-class_w10s10_pool_no_r16_nomixup_fold_9/lora_adapter
Head weights saved → /home/apasinato/jade-mscthesis/outputs/ft_checkpoints/ft_faced_9-class_w10s10_pool_no_r16_nomixup_fold_9/head_weights.pt

#########################################################################################################
  Fold 10/10  |  faced  |  task=9-class  |  pooling=no  |  LoRA r=16  |  device=cuda
  train: 111 subjects  |  val: 12 subjects
#########################################################################################################
Building datasets ...  done in 18s  (train=9,324  val=1,008)

>>> Stage 1: LP warmup  |  trainable params: 1,807,881

─────────────────────────────────────────────────────────────────────────────────────────────────────────
  Stage: lp  |  lr=0.005  |  max_epochs=20  |  grad_clip=2.0
 Epoch   EpTime   Elapsed    TrLoss    TrAcc    VaAcc   VaBalAcc   VaAUROC    VaF1w          LR
─────────────────────────────────────────────────────────────────────────────────────────────────────────
     1      12s       12s    3.0356   0.1415   0.1131     0.1173    0.7279   0.0308    6.16e-04  (ETA 3m49s)
     2      12s       24s   12.8178   0.1532   0.1071     0.1111    0.7006   0.0207    1.96e-03  (ETA 3m37s)
     3      12s       36s   39.6313   0.1588   0.1806     0.1528    0.6979   0.0867    4.86e-03  (ETA 3m25s)
     4      12s       48s   26.6285   0.2424   0.1329     0.1368    0.7678   0.0592    4.86e-03  (ETA 3m13s)
     5      12s     1m00s   10.1116   0.4305   0.3929     0.3945    0.8475   0.3242    4.86e-03  (ETA 3m01s)
     6      12s     1m12s    7.8234   0.5311   0.4306     0.4365    0.8567   0.4002    4.86e-03  (ETA 2m49s)
     7      12s     1m24s    4.3006   0.6589   0.4157     0.4234    0.8549   0.3909    4.86e-03  (ETA 2m37s)
     8      12s     1m36s    2.8294   0.7380   0.4296     0.4347    0.8545   0.4004    4.86e-03  (ETA 2m25s)
     9      12s     1m48s    2.2931   0.7878   0.4812     0.4820    0.8585   0.4809    4.86e-03  (ETA 2m13s)
    10      12s     2m00s    2.0712   0.8190   0.4831     0.4887    0.8643   0.4773    4.86e-03  (ETA 2m00s)
    11      12s     2m13s    1.7029   0.8347   0.5109     0.5105    0.8717   0.5000    4.86e-03  (ETA 1m48s)
    12      12s     2m25s    1.6207   0.8428   0.4514     0.4468    0.8590   0.4148    4.86e-03  (ETA 1m36s)
    13      12s     2m37s    1.4093   0.8758   0.4087     0.4020    0.8541   0.3719    4.86e-03  (ETA 1m24s)
    14      12s     2m49s    1.1119   0.8900   0.5129     0.5077    0.8600   0.5081    4.86e-03  (ETA 1m12s)
    15      12s     3m01s    0.9310   0.9152   0.4395     0.4244    0.8404   0.4573    4.86e-03  (ETA 1m00s)
    16      12s     3m13s    0.9469   0.9274   0.4444     0.4591    0.8579   0.4059    4.86e-03  (ETA 48s)
    17      12s     3m26s    0.8009   0.9341   0.4940     0.4985    0.8609   0.4825    4.86e-03  (ETA 36s)
    18      12s     3m38s    0.6178   0.9529   0.5159     0.5159    0.8645   0.5134    4.86e-03  (ETA 24s)
    19      12s     3m50s    0.5564   0.9598   0.5139     0.5195    0.8694   0.5122    4.86e-03  (ETA 12s)
    20      12s     4m02s    0.5268   0.9498   0.5139     0.5136    0.8673   0.5103    4.86e-03  (done)
─────────────────────────────────────────────────────────────────────────────────────────────────────────
lp complete — 20 epochs | total: 4m02s | best epoch=18 val_acc=0.5159
─────────────────────────────────────────────────────────────────────────────────────────────────────────

>>> Stage 2: LoRA fine-tuning
  Parameters: 2,889,225 trainable / 72,078,857 total (4.01%)  |  LoRA: 1,081,344

─────────────────────────────────────────────────────────────────────────────────────────────────────────
  Stage: ft  |  lr=0.0001  |  max_epochs=200  |  grad_clip=2.0
 Epoch   EpTime   Elapsed    TrLoss    TrAcc    VaAcc   VaBalAcc   VaAUROC    VaF1w          LR
─────────────────────────────────────────────────────────────────────────────────────────────────────────
     1      28s       28s    9.9181   0.4380   0.3810     0.3737    0.7997   0.3456    6.22e-06  (ETA 1h34m52s)
     2      28s       57s    0.7963   0.8962   0.4940     0.4887    0.8336   0.4944    1.64e-05  (ETA 1h34m27s)
     3      28s     1m25s    0.3526   0.9655   0.5159     0.5147    0.8535   0.5173    3.24e-05  (ETA 1h33m53s)
     4      28s     1m54s    0.2401   0.9867   0.5327     0.5345    0.8669   0.5323    5.79e-05  (ETA 1h33m19s)
     5      28s     2m22s    0.1861   0.9903   0.5397     0.5435    0.8689   0.5403    9.83e-05  (ETA 1h32m48s)
     6      28s     2m51s    0.1316   0.9909   0.5407     0.5386    0.8697   0.5361    9.83e-05  (ETA 1h32m18s)
     7      28s     3m19s    0.1089   0.9909   0.5347     0.5360    0.8719   0.5336    9.83e-05  (ETA 1h31m47s)
     8      28s     3m48s    0.0783   0.9935   0.5417     0.5388    0.8705   0.5427    9.83e-05  (ETA 1h31m18s)
     9      28s     4m16s    0.0678   0.9942   0.5466     0.5471    0.8704   0.5454    9.83e-05  (ETA 1h30m49s)
    10      28s     4m45s    0.0653   0.9931   0.5327     0.5327    0.8719   0.5324    9.83e-05  (ETA 1h30m19s)
    11      28s     5m13s    0.0597   0.9955   0.5655     0.5669    0.8779   0.5654    9.83e-05  (ETA 1h29m50s)
    12      28s     5m42s    0.0478   0.9952   0.5526     0.5545    0.8748   0.5478    9.83e-05  (ETA 1h29m20s)
    13      28s     6m10s    0.0537   0.9941   0.5377     0.5414    0.8705   0.5378    9.83e-05  (ETA 1h28m51s)
    14      28s     6m39s    0.0447   0.9951   0.5317     0.5303    0.8755   0.5297    9.83e-05  (ETA 1h28m21s)
    15      28s     7m07s    0.0505   0.9935   0.5387     0.5363    0.8736   0.5359    9.83e-05  (ETA 1h27m52s)
    16      28s     7m35s    0.0422   0.9951   0.5476     0.5494    0.8728   0.5442    9.83e-05  (ETA 1h27m23s)
    17      28s     8m04s    0.0466   0.9960   0.5407     0.5368    0.8734   0.5401    9.83e-05  (ETA 1h26m54s)
    18      28s     8m32s    0.0344   0.9960   0.5337     0.5322    0.8730   0.5320    4.91e-05  (ETA 1h26m25s)
    19      28s     9m01s    0.0321   0.9966   0.5585     0.5579    0.8742   0.5592    4.91e-05  (ETA 1h25m56s)
    20      28s     9m29s    0.0361   0.9966   0.5546     0.5553    0.8757   0.5537    4.91e-05  (ETA 1h25m27s)
    21      28s     9m58s    0.0282   0.9964   0.5496     0.5512    0.8758   0.5495    4.91e-05  (ETA 1h24m58s)
    22      28s    10m26s    0.0264   0.9966   0.5595     0.5594    0.8759   0.5596    4.91e-05  (ETA 1h24m29s)
Early stopping at epoch 22 (patience=10)
─────────────────────────────────────────────────────────────────────────────────────────────────────────
ft complete — 22 epochs | total: 10m26s | best epoch=11 val_acc=0.5655
─────────────────────────────────────────────────────────────────────────────────────────────────────────
LoRA adapter saved → /home/apasinato/jade-mscthesis/outputs/ft_checkpoints/ft_faced_9-class_w10s10_pool_no_r16_nomixup_fold_10/lora_adapter
Head weights saved → /home/apasinato/jade-mscthesis/outputs/ft_checkpoints/ft_faced_9-class_w10s10_pool_no_r16_nomixup_fold_10/head_weights.pt

==========================================================================================
  CROSS-FOLD SUMMARY  (10 folds  |  faced  |  task=9-class  |  pool_no  |  LoRA r=16)
==========================================================================================
 Fold    ValAcc   ValBalAcc   ValAUROC    ValF1w   Epochs   BestEp
------------------------------------------------------------------
    1    0.5549      0.5558     0.8590    0.5581        0        7
    2    0.5293      0.5311     0.8586    0.5305        0       34
    3    0.4679      0.4630     0.8064    0.4675        0       13
    4    0.5476      0.5481     0.8660    0.5499        0       37
    5    0.4950      0.4933     0.8510    0.4973        0       19
    6    0.5516      0.5594     0.8723    0.5451        0        5
    7    0.5823      0.5815     0.8782    0.5836        0        6
    8    0.5675      0.5676     0.8807    0.5633        0       16
    9    0.5000      0.5059     0.8111    0.4997        0       24
   10    0.5655      0.5669     0.8779    0.5654        0       11
------------------------------------------------------------------
 Mean    0.5362      0.5373     0.8561    0.5361
  Std    0.0371      0.0383     0.0268    0.0368
==========================================================================================
Aggregate results saved -> /home/apasinato/jade-mscthesis/outputs/ft_checkpoints/summary_faced_9-class_w10s10_pool_no_r16_nomixup.json

All folds complete.

=== Complete ===
Exit code: 0
Finished:  Mon Mar 30 17:22:33 CEST 2026
