Traceback (most recent call last):
  File "<frozen runpy>", line 198, in _run_module_as_main
  File "<frozen runpy>", line 88, in _run_code
  File "/home/apasinato/jade-mscthesis/src/approaches/fine_tuning/train_ft.py", line 45, in <module>
    from src.approaches.linear_probing.model import (
        load_reve_and_positions, evaluate_model,
    )
  File "/home/apasinato/jade-mscthesis/src/approaches/linear_probing/model.py", line 33, in <module>
    from transformers import AutoModel
  File "<frozen importlib._bootstrap>", line 1423, in _handle_fromlist
  File "/home/apasinato/jade-mscthesis/.venv/lib/python3.14/site-packages/transformers/utils/import_utils.py", line 2302, in __getattr__
    module = self._get_module(self._class_to_module[name])
  File "/home/apasinato/jade-mscthesis/.venv/lib/python3.14/site-packages/transformers/utils/import_utils.py", line 2332, in _get_module
    raise e
  File "/home/apasinato/jade-mscthesis/.venv/lib/python3.14/site-packages/transformers/utils/import_utils.py", line 2330, in _get_module
    return importlib.import_module("." + module_name, self.__name__)
           ~~~~~~~~~~~~~~~~~~~~~~~^^^^^^^^^^^^^^^^^^^^^^^^^^^^^^^^^^
  File "/home/apasinato/.local/share/uv/python/cpython-3.14.3-linux-x86_64-gnu/lib/python3.14/importlib/__init__.py", line 88, in import_module
    return _bootstrap._gcd_import(name[level:], package, level)
           ~~~~~~~~~~~~~~~~~~~~~~^^^^^^^^^^^^^^^^^^^^^^^^^^^^^^
  File "/home/apasinato/jade-mscthesis/.venv/lib/python3.14/site-packages/transformers/models/__init__.py", line 382, in <module>
    sys.modules[__name__] = _LazyModule(__name__, _file, define_import_structure(_file), module_spec=__spec__)
                                                         ~~~~~~~~~~~~~~~~~~~~~~~^^^^^^^
  File "/home/apasinato/jade-mscthesis/.venv/lib/python3.14/site-packages/transformers/utils/import_utils.py", line 2851, in define_import_structure
    import_structure = create_import_structure_from_path(module_path)
  File "/home/apasinato/jade-mscthesis/.venv/lib/python3.14/site-packages/transformers/utils/import_utils.py", line 2564, in create_import_structure_from_path
    import_structure[f] = create_import_structure_from_path(os.path.join(module_path, f))
                          ~~~~~~~~~~~~~~~~~~~~~~~~~~~~~~~~~^^^^^^^^^^^^^^^^^^^^^^^^^^^^^^
  File "/home/apasinato/jade-mscthesis/.venv/lib/python3.14/site-packages/transformers/utils/import_utils.py", line 2588, in create_import_structure_from_path
    with open(os.path.join(directory, module_name), encoding="utf-8") as f:
         ~~~~^^^^^^^^^^^^^^^^^^^^^^^^^^^^^^^^^^^^^^^^^^^^^^^^^^^^^^^^
FileNotFoundError: [Errno 2] No such file or directory: '/home/apasinato/jade-mscthesis/.venv/lib/python3.14/site-packages/transformers/models/dpr/configuration_dpr.py'
